TMS320C6x COFF Assembler         Version 4.10     Fri Apr 05 16:22:05 2024
Copyright (c) 1996-2001 Texas Instruments Incorporated
temp\main.asm                                                        PAGE    1

       1                    ;******************************************************************************
       2                    ;* TMS320C6x ANSI C Codegen                                      Version 4.10 *
       3                    ;* Date/Time created: Fri Apr 05 16:22:05 2024                                *
       4                    ;******************************************************************************
       5                    
       6                    ;******************************************************************************
       7                    ;* GLOBAL FILE PARAMETERS                                                     *
       8                    ;*                                                                            *
       9                    ;*   Architecture      : TMS320C670x                                          *
      10                    ;*   Optimization      : Disabled                                             *
      11                    ;*   Optimizing for    : Compile time, Ease of Development                    *
      12                    ;*                       Based on options: no -o, no -ms                      *
      13                    ;*   Endian            : Little                                               *
      14                    ;*   Interrupt Thrshld : Disabled                                             *
      15                    ;*   Memory Model      : Large                                                *
      16                    ;*   Calls to RTS      : Far                                                  *
      17                    ;*   Pipelining        : Disabled                                             *
      18                    ;*   Memory Aliases    : Presume are aliases (pessimistic)                    *
      19                    ;*   Debug Info        : No Debug Info                                        *
      20                    ;*                                                                            *
      21                    ;******************************************************************************
      22                    
      23                            .asg    A15, FP
      24                            .asg    B14, DP
      25                            .asg    B15, SP
      26                            .global $bss
      27                    
      28                            .global _TINTCnt
      29 00000000           _TINTCnt:       .usect  .far,4,4
      30                    
      31 00000000                   .sect   ".cinit"
      32                            .align  8
      33 00000000 00000004          .field          4,32
      34 00000004 00000004-         .field          _timerCheckCnt+0,32
      35 00000008 00000000          .field          0,32                    ; _timerCheckCnt @ 0
      36 00000000                   .sect   ".text"
      37                            .global _timerCheckCnt
      38 00000004           _timerCheckCnt: .usect  .far,4,4
      39                    
      40 0000000c                   .sect   ".cinit"
      41                            .align  8
      42 00000010 00000004          .field          4,32
      43 00000014 00000008-         .field          _overshoot+0,32
      44 00000018 00000000          .word   000000000h              ; _overshoot @ 0
      45 00000000                   .sect   ".text"
      46                            .global _overshoot
      47 00000008           _overshoot:     .usect  .far,4,4
      48                    
      49 0000001c                   .sect   ".cinit"
      50                            .align  8
      51 00000020 00000004          .field          4,32
      52 00000024 0000000C-         .field          _overshootPercent+0,32
      53 00000028 00000000          .word   000000000h              ; _overshootPercent @ 0
      54 00000000                   .sect   ".text"
      55                            .global _overshootPercent
TMS320C6x COFF Assembler         Version 4.10     Fri Apr 05 16:22:05 2024
Copyright (c) 1996-2001 Texas Instruments Incorporated
temp\main.asm                                                        PAGE    2

      56 0000000c           _overshootPercent:      .usect  .far,4,4
      57                            .global _currPos
      58 00000010           _currPos:       .usect  .far,4,4
      59                    
      60 0000002c                   .sect   ".cinit"
      61                            .align  8
      62 00000030 00000004          .field          4,32
      63 00000034 00000014-         .field          _R+0,32
      64 00000038 43340000          .word   043340000h              ; _R @ 0
      65 00000000                   .sect   ".text"
      66                            .global _R
      67 00000014           _R:     .usect  .far,4,4
      68                    ;       acp6x -q -D_FAR_RTS=1 --large_model=3 --version=6701 -m --i_output_file C:\Users\user\AppData\
      69 00000000                   .sect   ".text"
      70                            .global _InitEXINTF
      71                    
      72                    ;******************************************************************************
      73                    ;* FUNCTION NAME: _InitEXINTF                                                 *
      74                    ;*                                                                            *
      75                    ;*   Regs Modified     : A0,A3,A4,B4,B5,B6                                    *
      76                    ;*   Regs Used         : A0,A3,A4,B3,B4,B5,B6                                 *
      77                    ;*   Local Frame Size  : 0 Args + 0 Auto + 0 Save = 0 byte                    *
      78                    ;******************************************************************************
      79 00000000           _InitEXINTF:
      80                    ;** --------------------------------------------------------------------------*
      81 00000000 000008C0             ZERO    .D1     A0                ; |18| 
      82 00000004 0000C068             MVKH    .S1     0x1800000,A0      ; |18| 
      83 00000008 02000264             LDW     .D1T1   *A0,A4            ; |18| 
      84 0000000c 0280042A             MVKL    .S2     0x1800008,B5      ; |21| 
      85 00000010 030290AA             MVKL    .S2     0x21520521,B6     ; |33| 
      86 00000014 000C0362             B       .S2     B3                ; |43| 
      87                    
      88 00000018 0200082B             MVKL    .S2     0x1800010,B4      ; |33| 
      89 0000001c 018190A8  ||         MVKL    .S1     0xd00321,A3       ; |21| 
      90                    
      91 00000020 021065C9             CLR     .S1     A4,3,5,A4         ; |18| 
      92 00000024 0280C06A  ||         MVKH    .S2     0x1800008,B5      ; |21| 
      93                    
      94 00000028 02000275             STW     .D1T1   A4,*A0            ; |18| 
      95 0000002c 0310A96B  ||         MVKH    .S2     0x21520521,B6     ; |33| 
      96 00000030 01806868  ||         MVKH    .S1     0xd00321,A3       ; |21| 
      97                    
      98 00000034 019402F5             STW     .D2T1   A3,*B5            ; |21| 
      99 00000038 0200C06A  ||         MVKH    .S2     0x1800010,B4      ; |33| 
     100                    
     101 0000003c 031002F6             STW     .D2T2   B6,*B4            ; |33| 
     102                               ; BRANCH OCCURS                   ; |43| 
     103                    
     104                    
     105 00000040                   .sect   ".text"
     106                            .global _InitTimer
     107                    
     108                    ;******************************************************************************
     109                    ;* FUNCTION NAME: _InitTimer                                                  *
     110                    ;*                                                                            *
TMS320C6x COFF Assembler         Version 4.10     Fri Apr 05 16:22:05 2024
Copyright (c) 1996-2001 Texas Instruments Incorporated
temp\main.asm                                                        PAGE    3

     111                    ;*   Regs Modified     : A0,A3,B4,B5                                          *
     112                    ;*   Regs Used         : A0,A3,B3,B4,B5                                       *
     113                    ;*   Local Frame Size  : 0 Args + 0 Auto + 0 Save = 0 byte                    *
     114                    ;******************************************************************************
     115 00000040           _InitTimer:
     116                    ;** --------------------------------------------------------------------------*
     117 00000040 020008C2             ZERO    .D2     B4                ; |48| 
     118 00000044 0200CA6A             MVKH    .S2     0x1940000,B4      ; |48| 
     119 00000048 029002E6             LDW     .D2T2   *B4,B5            ; |48| 
     120 0000004c 00000228             MVKL    .S1     0x1940004,A0      ; |51| 
     121 00000050 0000CA68             MVKH    .S1     0x1940004,A0      ; |51| 
     122 00000054 018008C0             ZERO    .D1     A3                ; |54| 
     123 00000058 0180CA68             MVKH    .S1     0x1940000,A3      ; |54| 
     124 0000005c 0295098A             SET     .S2     B5,8,9,B5         ; |48| 
     125                    
     126 00000060 0227102B             MVK     .S2     20000,B4          ; |51| 
     127 00000064 029002F6  ||         STW     .D2T2   B5,*B4            ; |48| 
     128                    
     129 00000068 02000276             STW     .D1T2   B4,*A0            ; |51| 
     130 0000006c 000C0264             LDW     .D1T1   *A3,A0            ; |54| 
     131 00000070 000C0362             B       .S2     B3                ; |55| 
     132 00000074 00004000             NOP             3
     133 00000078 0000C788             SET     .S1     A0,6,7,A0         ; |54| 
     134 0000007c 000C0274             STW     .D1T1   A0,*A3            ; |54| 
     135                               ; BRANCH OCCURS                   ; |55| 
     136                    
     137                    
     138 00000080                   .sect   ".text"
     139                            .global _InitINT
     140                    
     141                    ;******************************************************************************
     142                    ;* FUNCTION NAME: _InitINT                                                    *
     143                    ;*                                                                            *
     144                    ;*   Regs Modified     : A0,B4                                                *
     145                    ;*   Regs Used         : A0,B3,B4                                             *
     146                    ;*   Local Frame Size  : 0 Args + 0 Auto + 0 Save = 0 byte                    *
     147                    ;******************************************************************************
     148 00000080           _InitINT:
     149                    ;** --------------------------------------------------------------------------*
     150 00000080 021003E2             MVC     .S2     IER,B4            ; |60| 
     151 00000084 00202128             MVK     .S1     16450,A0          ; |60| 
     152 00000088 020096E2             OR      .S2X    A0,B4,B4          ; |60| 
     153 0000008c 021003A2             MVC     .S2     B4,IER            ; |60| 
     154 00000090 000C0362             B       .S2     B3                ; |61| 
     155 00000094 00008000             NOP             5
     156                               ; BRANCH OCCURS                   ; |61| 
     157                    
     158                    
     159 00000098                   .sect   ".text"
     160                            .global _GIE
     161                    
     162                    ;******************************************************************************
     163                    ;* FUNCTION NAME: _GIE                                                        *
     164                    ;*                                                                            *
     165                    ;*   Regs Modified     : B4                                                   *
TMS320C6x COFF Assembler         Version 4.10     Fri Apr 05 16:22:05 2024
Copyright (c) 1996-2001 Texas Instruments Incorporated
temp\main.asm                                                        PAGE    4

     166                    ;*   Regs Used         : B3,B4                                                *
     167                    ;*   Local Frame Size  : 0 Args + 0 Auto + 0 Save = 0 byte                    *
     168                    ;******************************************************************************
     169 00000098           _GIE:
     170                    ;** --------------------------------------------------------------------------*
     171 00000098 020403E2             MVC     .S2     CSR,B4            ; |66| 
     172 0000009c 021026A2             OR      .S2     1,B4,B4           ; |66| 
     173 000000a0 009003A2             MVC     .S2     B4,CSR            ; |66| 
     174 000000a4 000C0362             B       .S2     B3                ; |67| 
     175 000000a8 00008000             NOP             5
     176                               ; BRANCH OCCURS                   ; |67| 
     177                    
     178                    
     179 000000ac                   .sect   ".text"
     180                            .global _delay_us
     181                    
     182                    ;******************************************************************************
     183                    ;* FUNCTION NAME: _delay_us                                                   *
     184                    ;*                                                                            *
     185                    ;*   Regs Modified     : B0,B4,B5,B6,SP                                       *
     186                    ;*   Regs Used         : A4,B0,B3,B4,B5,B6,SP                                 *
     187                    ;*   Local Frame Size  : 0 Args + 4 Auto + 0 Save = 4 byte                    *
     188                    ;******************************************************************************
     189 000000ac           _delay_us:
     190                    ;** --------------------------------------------------------------------------*
     191 000000ac 021011A2             MV      .S2X    A4,B4             ; |71| 
     192 000000b0 02908CA2             SHL     .S2     B4,4,B5           ; |74| 
     193                    
     194 000000b4 020425E3             ZERO    .S2     B4                ; |74| 
     195 000000b8 02949AC2  ||         SUBAH   .D2     B5,B4,B5          ; |74| 
     196                    
     197 000000bc 00148BFA             CMPLTU  .L2     B4,B5,B0          ; |74| 
     198 000000c0 30000710     [!B0]   B       .S1     L2                ; |74| 
     199 000000c4 07BD09C2             SUB     .D2     SP,8,SP           ; |71| 
     200 000000c8 023C22F4             STW     .D2T1   A4,*+SP(4)        ; |71| 
     201 000000cc 22BC22E6     [ B0]   LDW     .D2T2   *+SP(4),B5        ; |74| 
     202 000000d0 00002000             NOP             2
     203                               ; BRANCH OCCURS                   ; |74| 
     204                    ;** --------------------------------------------------------------------------*
     205 000000d4 00002000             NOP             2
     206                    ;*----------------------------------------------------------------------------*
     207                    ;*   SOFTWARE PIPELINE INFORMATION
     208                    ;*      Disqualified loop: software pipelining disabled
     209                    ;*----------------------------------------------------------------------------*
     210 000000d8           L1:    
     211 000000d8 03148CA2             SHL     .S2     B5,4,B6           ; |74| 
     212                    
     213 000000e0 0298BAC3             SUBAH   .D2     B6,B5,B5          ; |74| 
     214 000000e4 021021A2  ||         ADD     .S2     1,B4,B4           ; |74| 
     215                    
     216 000000e8 00148BFA             CMPLTU  .L2     B4,B5,B0          ; |74| 
     217 000000ec 2FFFFF10     [ B0]   B       .S1     L1                ; |74| 
     218 000000f0 22BC22E6     [ B0]   LDW     .D2T2   *+SP(4),B5        ; |74| 
     219 000000f4 00006000             NOP             4
     220                               ; BRANCH OCCURS                   ; |74| 
TMS320C6x COFF Assembler         Version 4.10     Fri Apr 05 16:22:05 2024
Copyright (c) 1996-2001 Texas Instruments Incorporated
temp\main.asm                                                        PAGE    5

     221                    ;** --------------------------------------------------------------------------*
     222 000000f8           L2:    
     223 000000f8 000C0362             B       .S2     B3                ; |75| 
     224 000000fc 07BD0942             ADD     .D2     8,SP,SP           ; |75| 
     225 00000100 00006000             NOP             4
     226                               ; BRANCH OCCURS                   ; |75| 
     227                    
     228                    
     229 00000104                   .sect   ".text"
     230                            .global _delay_ms
     231                    
     232                    ;******************************************************************************
     233                    ;* FUNCTION NAME: _delay_ms                                                   *
     234                    ;*                                                                            *
     235                    ;*   Regs Modified     : A4,B0,B3,B4,B5,B6,B7,B9,SP                           *
     236                    ;*   Regs Used         : A4,B0,B3,B4,B5,B6,B7,B9,SP                           *
     237                    ;*   Local Frame Size  : 0 Args + 4 Auto + 0 Save = 4 byte                    *
     238                    ;******************************************************************************
     239 00000104           _delay_ms:
     240                    ;** --------------------------------------------------------------------------*
     241 00000104 038008C2             ZERO    .D2     B7                ; |82| 
     242 00000108 0010FBFA             CMPLTU  .L2X    B7,A4,B0
     243 0000010c 30000B10     [!B0]   B       .S1     L4                ; |82| 
     244 00000110 07BD09C2             SUB     .D2     SP,8,SP           ; |79| 
     245 00000114 023C22F4             STW     .D2T1   A4,*+SP(4)        ; |79| 
     246 00000118 048C005A             MV      .L2     B3,B9             ; |79| 
     247 0000011c 2200562A'    [ B0]   MVKL    .S2     _delay_us,B4      ; |83| 
     248 00000120 2200006A'    [ B0]   MVKH    .S2     _delay_us,B4      ; |83| 
     249                               ; BRANCH OCCURS                   ; |82| 
     250                    ;*----------------------------------------------------------------------------*
     251                    ;*   SOFTWARE PIPELINE INFORMATION
     252                    ;*      Disqualified loop: software pipelining disabled
     253                    ;*----------------------------------------------------------------------------*
     254 00000124           L3:    
     255 00000124 00100362             B       .S2     B4                ; |83| 
     256 00000128 01809C2A'            MVKL    .S2     RL0,B3            ; |83| 
     257 0000012c 0180006A'            MVKH    .S2     RL0,B3            ; |83| 
     258 00000130 0201F428             MVK     .S1     0x3e8,A4          ; |83| 
     259 00000134 00002000             NOP             2
     260 00000138           RL0:       ; CALL OCCURS                     ; |83| 
     261 00000138 023C22E6             LDW     .D2T2   *+SP(4),B4        ; |84| 
     262 0000013c 039C2942             ADD     .D2     1,B7,B7           ; |84| 
     263 00000140 00004000             NOP             3
     264 00000144 0010EBFA             CMPLTU  .L2     B7,B4,B0          ; |84| 
     265 00000148 2FFFFC90     [ B0]   B       .S1     L3                ; |84| 
     266 0000014c 2200562A'    [ B0]   MVKL    .S2     _delay_us,B4      ; |83| 
     267 00000150 2200006A'    [ B0]   MVKH    .S2     _delay_us,B4      ; |83| 
     268 00000154 00004000             NOP             3
     269                               ; BRANCH OCCURS                   ; |84| 
     270                    ;** --------------------------------------------------------------------------*
     271 00000158           L4:    
     272 00000158 00240362             B       .S2     B9                ; |85| 
     273 0000015c 07BD0942             ADD     .D2     8,SP,SP           ; |85| 
     274 00000160 00006000             NOP             4
     275                               ; BRANCH OCCURS                   ; |85| 
TMS320C6x COFF Assembler         Version 4.10     Fri Apr 05 16:22:05 2024
Copyright (c) 1996-2001 Texas Instruments Incorporated
temp\main.asm                                                        PAGE    6

     276                    
     277                    
     278 00000164                   .sect   ".text"
     279                            .global _WaitTFlag
     280                    
     281                    ;******************************************************************************
     282                    ;* FUNCTION NAME: _WaitTFlag                                                  *
     283                    ;*                                                                            *
     284                    ;*   Regs Modified     : A0,A1,A3                                             *
     285                    ;*   Regs Used         : A0,A1,A3,B3                                          *
     286                    ;*   Local Frame Size  : 0 Args + 0 Auto + 0 Save = 0 byte                    *
     287                    ;******************************************************************************
     288 00000164           _WaitTFlag:
     289                    ;** --------------------------------------------------------------------------*
     290 00000164 00000028!            MVKL    .S1     _TFlag,A0         ; |90| 
     291 00000168 00000068!            MVKH    .S1     _TFlag,A0         ; |90| 
     292 0000016c 00800264             LDW     .D1T1   *A0,A1            ; |90| 
     293 00000170 00006000             NOP             4
     294 00000174 80000810     [ A1]   B       .S1     L6                ; |90| 
     295 00000178 90000028!    [!A1]   MVKL    .S1     _TFlag,A0         ; |90| 
     296 0000017c 90000068!    [!A1]   MVKH    .S1     _TFlag,A0         ; |90| 
     297 00000180 90800264     [!A1]   LDW     .D1T1   *A0,A1            ; |90| 
     298 00000184 00002000             NOP             2
     299                               ; BRANCH OCCURS                   ; |90| 
     300                    ;*----------------------------------------------------------------------------*
     301                    ;*   SOFTWARE PIPELINE INFORMATION
     302                    ;*      Disqualified loop: software pipelining disabled
     303                    ;*----------------------------------------------------------------------------*
     304 00000188           L5:    
     305 00000188 00002000             NOP             2
     306 0000018c 90000110     [!A1]   B       .S1     L5                ; |90| 
     307 00000190 90000028!    [!A1]   MVKL    .S1     _TFlag,A0         ; |90| 
     308 00000194 90000068!    [!A1]   MVKH    .S1     _TFlag,A0         ; |90| 
     309 00000198 90800264     [!A1]   LDW     .D1T1   *A0,A1            ; |90| 
     310 0000019c 00002000             NOP             2
     311                               ; BRANCH OCCURS                   ; |90| 
     312                    ;** --------------------------------------------------------------------------*
     313 000001a0           L6:    
     314 000001a0 000C0362             B       .S2     B3                ; |92| 
     315 000001a4 00000028!            MVKL    .S1     _TFlag,A0         ; |91| 
     316 000001a8 00000068!            MVKH    .S1     _TFlag,A0         ; |91| 
     317 000001ac 018008C0             ZERO    .D1     A3                ; |91| 
     318 000001b0 01800274             STW     .D1T1   A3,*A0            ; |91| 
     319 000001b4 00000000             NOP             1
     320                               ; BRANCH OCCURS                   ; |92| 
     321                    
     322                    
     323 000001b8                   .sect   ".text"
     324                            .global _WaitTFlagCnt
     325                    
     326                    ;******************************************************************************
     327                    ;* FUNCTION NAME: _WaitTFlagCnt                                               *
     328                    ;*                                                                            *
     329                    ;*   Regs Modified     : A0,A1,A3,B0,B3,B4,B5,B9,SP                           *
     330                    ;*   Regs Used         : A0,A1,A3,A4,B0,B3,B4,B5,B9,SP                        *
TMS320C6x COFF Assembler         Version 4.10     Fri Apr 05 16:22:05 2024
Copyright (c) 1996-2001 Texas Instruments Incorporated
temp\main.asm                                                        PAGE    7

     331                    ;*   Local Frame Size  : 0 Args + 8 Auto + 0 Save = 8 byte                    *
     332                    ;******************************************************************************
     333 000001b8           _WaitTFlagCnt:
     334                    ;** --------------------------------------------------------------------------*
     335                    
     336 000001b8 07BD09C3             SUB     .D2     SP,8,SP           ; |96| 
     337 000001bc 00000028! ||         MVKL    .S1     _TFlag,A0         ; |99| 
     338                    
     339 000001c0 023C22F5             STW     .D2T1   A4,*+SP(4)        ; |96| 
     340 000001c4 00000069! ||         MVKH    .S1     _TFlag,A0         ; |99| 
     341 000001c8 018428C0  ||         ZERO    .D1     A3                ; |99| 
     342                    
     343 000001cc 01800274             STW     .D1T1   A3,*A0            ; |99| 
     344 000001d0 02BC22E6             LDW     .D2T2   *+SP(4),B5        ; |101| 
     345 000001d4 020008C2             ZERO    .D2     B4                ; |101| 
     346 000001d8 023C42F6             STW     .D2T2   B4,*+SP(8)        ; |101| 
     347 000001dc 048C01A2             MV      .S2     B3,B9             ; |96| 
     348 000001e0 00000000             NOP             1
     349 000001e4 00148BFA             CMPLTU  .L2     B4,B5,B0          ; |101| 
     350 000001e8 30000A10     [!B0]   B       .S1     L8                ; |101| 
     351 000001ec 2000B228'    [ B0]   MVKL    .S1     _WaitTFlag,A0     ; |102| 
     352 000001f0 20000068'    [ B0]   MVKH    .S1     _WaitTFlag,A0     ; |102| 
     353 000001f4 00004000             NOP             3
     354                               ; BRANCH OCCURS                   ; |101| 
     355                    ;*----------------------------------------------------------------------------*
     356                    ;*   SOFTWARE PIPELINE INFORMATION
     357                    ;*      Disqualified loop: software pipelining disabled
     358                    ;*----------------------------------------------------------------------------*
     359 000001f8           L7:    
     360 000001f8 00001362             B       .S2X    A0                ; |102| 
     361 000001fc 0181042A'            MVKL    .S2     RL2,B3            ; |102| 
     362 00000200 0180006A'            MVKH    .S2     RL2,B3            ; |102| 
     363 00000204 00004000             NOP             3
     364 00000208           RL2:       ; CALL OCCURS                     ; |102| 
     365 00000208 023C42E6             LDW     .D2T2   *+SP(8),B4        ; |103| 
     366 0000020c 02BC22E6             LDW     .D2T2   *+SP(4),B5        ; |103| 
     367 00000210 00004000             NOP             3
     368 00000214 02102942             ADD     .D2     1,B4,B4           ; |103| 
     369 00000218 00148BFA             CMPLTU  .L2     B4,B5,B0          ; |103| 
     370 0000021c 2FFFFF10     [ B0]   B       .S1     L7                ; |103| 
     371 00000220 023C42F6             STW     .D2T2   B4,*+SP(8)        ; |103| 
     372 00000224 2000B228'    [ B0]   MVKL    .S1     _WaitTFlag,A0     ; |102| 
     373 00000228 20000068'    [ B0]   MVKH    .S1     _WaitTFlag,A0     ; |102| 
     374 0000022c 00002000             NOP             2
     375                               ; BRANCH OCCURS                   ; |103| 
     376                    ;** --------------------------------------------------------------------------*
     377 00000230           L8:    
     378 00000230 00240362             B       .S2     B9                ; |104| 
     379 00000234 07BD0942             ADD     .D2     8,SP,SP           ; |104| 
     380 00000238 00006000             NOP             4
     381                               ; BRANCH OCCURS                   ; |104| 
     382                    
     383                    
     384 0000023c                   .sect   ".text"
     385                            .global _PWMOut
TMS320C6x COFF Assembler         Version 4.10     Fri Apr 05 16:22:05 2024
Copyright (c) 1996-2001 Texas Instruments Incorporated
temp\main.asm                                                        PAGE    8

     386                    
     387                    ;******************************************************************************
     388                    ;* FUNCTION NAME: _PWMOut                                                     *
     389                    ;*                                                                            *
     390                    ;*   Regs Modified     : A0,A1,A2,A3,A4,A5,A6,A7,A8,A9,B0,B1,B2,B3,B4,B5,B6,  *
     391                    ;*                           B7,B8,B9,SP                                      *
     392                    ;*   Regs Used         : A0,A1,A2,A3,A4,A5,A6,A7,A8,A9,B0,B1,B2,B3,B4,B5,B6,  *
     393                    ;*                           B7,B8,B9,SP                                      *
     394                    ;*   Local Frame Size  : 0 Args + 8 Auto + 4 Save = 12 byte                   *
     395                    ;******************************************************************************
     396 0000023c           _PWMOut:
     397                    ;** --------------------------------------------------------------------------*
     398 0000023c 021011A2             MV      .S2X    A4,B4             ; |107| 
     399 00000240 021000A2             SPDP    .S2     B4,B5:B4          ; |110| 
     400 00000244 038008C2             ZERO    .D2     B7                ; |110| 
     401                    
     402 00000248 03E024EB             MVKH    .S2     0xc0490000,B7     ; |110| 
     403 0000024c 030428C2  ||         ZERO    .D2     B6                ; |110| 
     404                    
     405 00000250 00188AA2             CMPLTDP .S2     B5:B4,B7:B6,B0    ; |110| 
     406 00000254 01BC94F6             STW     .D2T2   B3,*SP--(16)      ; |107| 
     407 00000258 020005E2             ZERO    .S2     B4                ; |111| 
     408                    
     409 00000260 0261246B             MVKH    .S2     0xc2480000,B4     ; |111| 
     410 00000264 023C22F4  ||         STW     .D2T1   A4,*+SP(4)        ; |107| 
     411                    
     412 00000268 223C22F6     [ B0]   STW     .D2T2   B4,*+SP(4)        ; |111| 
     413 0000026c 023C22E6             LDW     .D2T2   *+SP(4),B4        ; |114| 
     414 00000270 008008C0             ZERO    .D1     A1                ; |114| 
     415 00000274 00A024E8             MVKH    .S1     0x40490000,A1     ; |114| 
     416 00000278 01816C2A'            MVKL    .S2     RL4,B3            ; |117| 
     417 0000027c 0180006A'            MVKH    .S2     RL4,B3            ; |117| 
     418 00000280 021000A2             SPDP    .S2     B4,B5:B4          ; |114| 
     419 00000284 000008C0             ZERO    .D1     A0                ; |114| 
     420 00000288 00901AA0             CMPGTDP .S1X    B5:B4,A1:A0,A1    ; |114| 
     421 0000028c 0321246A             MVKH    .S2     0x42480000,B6     ; |115| 
     422 00000290 833C22F6     [ A1]   STW     .D2T2   B6,*+SP(4)        ; |115| 
     423 00000294 023C22E6             LDW     .D2T2   *+SP(4),B4        ; |117| 
     424 00000298 00212468             MVKH    .S1     0x42480000,A0     ; |117| 
     425 0000029c 00004000             NOP             3
     426 000002a0 0280921A             ADDSP   .L2X    A0,B4,B5          ; |117| 
     427 000002a4 0278002A             MVKL    .S2     0x457ff000,B4     ; |117| 
     428 000002a8 0222BFEA             MVKH    .S2     0x457ff000,B4     ; |117| 
     429 000002ac 00000028!            MVKL    .S1     __divd,A0         ; |117| 
     430 000002b0 02148E02             MPYSP   .M2     B4,B5,B4          ; |117| 
     431 000002b4 00000068!            MVKH    .S1     __divd,A0         ; |117| 
     432 000002b8 028008C2             ZERO    .D2     B5                ; |117| 
     433 000002bc 00001362             B       .S2X    A0                ; |117| 
     434 000002c0 031000A2             SPDP    .S2     B4,B7:B6          ; |117| 
     435 000002c4 020008C2             ZERO    .D2     B4                ; |117| 
     436 000002c8 00000000             NOP             1
     437 000002cc 029C11A0             MV      .S1X    B7,A5             ; |117| 
     438                    
     439 000002d0 02A02CEB             MVKH    .S2     0x40590000,B5     ; |117| 
     440 000002d4 021811A0  ||         MV      .S1X    B6,A4             ; |117| 
TMS320C6x COFF Assembler         Version 4.10     Fri Apr 05 16:22:05 2024
Copyright (c) 1996-2001 Texas Instruments Incorporated
temp\main.asm                                                        PAGE    9

     441                    
     442 000002d8           RL4:       ; CALL OCCURS                     ; |117| 
     443 000002d8 00148138             DPSP    .L1     A5:A4,A0          ; |117| 
     444 000002dc 00004000             NOP             3
     445 000002e0 020011A2             MV      .S2X    A0,B4             ; |117| 
     446 000002e4 0210017A             SPTRUNC .L2     B4,B4             ; |119| 
     447 000002e8 003C42F4             STW     .D2T1   A0,*+SP(8)        ; |117| 
     448 000002ec 00004228             MVKL    .S1     0x2000084,A0      ; |119| 
     449 000002f0 00010068             MVKH    .S1     0x2000084,A0      ; |119| 
     450 000002f4 02000276             STW     .D1T2   B4,*A0            ; |119| 
     451 000002f8 023C22E4             LDW     .D2T1   *+SP(4),A4        ; |121| 
     452 000002fc 01BC92E6             LDW     .D2T2   *++SP(16),B3      ; |122| 
     453 00000300 00006000             NOP             4
     454 00000304 000C0362             B       .S2     B3                ; |122| 
     455 00000308 00008000             NOP             5
     456                               ; BRANCH OCCURS                   ; |122| 
     457                    
     458                    
     459 0000030c                   .sect   ".text"
     460                            .global _GetAngle
     461                    
     462                    ;******************************************************************************
     463                    ;* FUNCTION NAME: _GetAngle                                                   *
     464                    ;*                                                                            *
     465                    ;*   Regs Modified     : A0,A1,A3,A4,B4,B5,B6,SP                              *
     466                    ;*   Regs Used         : A0,A1,A3,A4,B3,B4,B5,B6,SP                           *
     467                    ;*   Local Frame Size  : 0 Args + 12 Auto + 0 Save = 12 byte                  *
     468                    ;******************************************************************************
     469 0000030c           _GetAngle:
     470                    ;** --------------------------------------------------------------------------*
     471 0000030c 0201062A             MVKL    .S2     0x200020c,B4      ; |130| 
     472 00000310 0201006A             MVKH    .S2     0x200020c,B4      ; |130| 
     473 00000314 021002E6             LDW     .D2T2   *B4,B4            ; |130| 
     474 00000318 00006000             NOP             4
     475                    
     476 00000320 0212100B             EXTU    .S2     B4,16,16,B4       ; |130| 
     477 00000324 000428C1  ||         ZERO    .D1     A0                ; |134| 
     478 00000328 01BFFFA9  ||         MVK     .S1     32767,A3          ; |133| 
     479 0000032c 07BE09C2  ||         SUB     .D2     SP,16,SP          ; |124| 
     480                    
     481 00000330 023C22F7             STW     .D2T2   B4,*+SP(4)        ; |130| 
     482 00000334 00907AF9  ||         CMPGT   .L1X    B4,A3,A1
     483 00000338 031001A3  ||         MV      .S2     B4,B6             ; |130| 
     484 0000033c 000000E8  ||         MVKH    .S1     0x10000,A0        ; |134| 
     485                    
     486 00000340 933C42F7     [!A1]   STW     .D2T2   B6,*+SP(8)        ; |133| 
     487 00000344 020090FA  ||         SUB     .L2X    B4,A0,B4          ; |134| 
     488                    
     489 00000348 823C42F6     [ A1]   STW     .D2T2   B4,*+SP(8)        ; |134| 
     490 0000034c 023C42E6             LDW     .D2T2   *+SP(8),B4        ; |137| 
     491 00000350 00006000             NOP             4
     492 00000354 0210073A             INTDP   .L2     B4,B5:B4          ; |137| 
     493 00000358 00002000             NOP             2
     494 0000035c 008008C0             ZERO    .D1     A1                ; |137| 
     495                    
TMS320C6x COFF Assembler         Version 4.10     Fri Apr 05 16:22:05 2024
Copyright (c) 1996-2001 Texas Instruments Incorporated
temp\main.asm                                                        PAGE   10

     496 00000360 009FDC69             MVKH    .S1     0x3fb80000,A1     ; |137| 
     497 00000364 000848C0  ||         ZERO    .D1     A0                ; |137| 
     498                    
     499 00000368 00101700             MPYDP   .M1X    A1:A0,B5:B4,A1:A0 ; |137| 
     500 0000036c 0000E000             NOP             8
     501 00000370 000C0362             B       .S2     B3                ; |139| 
     502 00000374 00040138             DPSP    .L1     A1:A0,A0          ; |137| 
     503 00000378 00004000             NOP             3
     504                    
     505 00000380 07800853             ADDK    .S2     16,SP             ; |139| 
     506 00000384 003C62F5  ||         STW     .D2T1   A0,*+SP(12)       ; |137| 
     507 00000388 02000940  ||         MV      .D1     A0,A4             ; |137| 
     508                    
     509                               ; BRANCH OCCURS                   ; |139| 
     510                    
     511                    
     512 0000038c                   .sect   ".text"
     513                            .global _main
     514                    
     515                    ;******************************************************************************
     516                    ;* FUNCTION NAME: _main                                                       *
     517                    ;*                                                                            *
     518                    ;*   Regs Modified     : A0,A1,A2,A3,A4,A5,A6,A7,A8,A9,B0,B1,B2,B3,B4,B5,B6,  *
     519                    ;*                           B7,B8,B9,SP                                      *
     520                    ;*   Regs Used         : A0,A1,A2,A3,A4,A5,A6,A7,A8,A9,B0,B1,B2,B3,B4,B5,B6,  *
     521                    ;*                           B7,B8,B9,SP                                      *
     522                    ;*   Local Frame Size  : 24 Args + 0 Auto + 4 Save = 28 byte                  *
     523                    ;******************************************************************************
     524 0000038c           _main:
     525                    ;** --------------------------------------------------------------------------*
     526 0000038c 00000028'            MVKL    .S1     _InitEXINTF,A0    ; |150| 
     527 00000390 00000068'            MVKH    .S1     _InitEXINTF,A0    ; |150| 
     528 00000394 00001362             B       .S2X    A0                ; |150| 
     529 00000398 01BD14F6             STW     .D2T2   B3,*SP--(32)      ; |149| 
     530 0000039c 0181D42A'            MVKL    .S2     RL8,B3            ; |150| 
     531 000003a0 0180006A'            MVKH    .S2     RL8,B3            ; |150| 
     532 000003a4 00002000             NOP             2
     533 000003a8           RL8:       ; CALL OCCURS                     ; |150| 
     534 000003a8 00002028'            MVKL    .S1     _InitTimer,A0     ; |151| 
     535 000003ac 00000068'            MVKH    .S1     _InitTimer,A0     ; |151| 
     536 000003b0 00001362             B       .S2X    A0                ; |151| 
     537 000003b4 0181E02A'            MVKL    .S2     RL10,B3           ; |151| 
     538 000003b8 0180006A'            MVKH    .S2     RL10,B3           ; |151| 
     539 000003bc 00004000             NOP             3
     540 000003c0           RL10:      ; CALL OCCURS                     ; |151| 
     541 000003c0 0200002A!            MVKL    .S2     _InitUART,B4      ; |152| 
     542 000003c4 0200006A!            MVKH    .S2     _InitUART,B4      ; |152| 
     543 000003c8 00100362             B       .S2     B4                ; |152| 
     544 000003cc 0181EC2A'            MVKL    .S2     RL12,B3           ; |152| 
     545 000003d0 0180006A'            MVKH    .S2     RL12,B3           ; |152| 
     546 000003d4 00004000             NOP             3
     547 000003d8           RL12:      ; CALL OCCURS                     ; |152| 
     548 000003d8 00004028'            MVKL    .S1     _InitINT,A0       ; |153| 
     549 000003dc 00000068'            MVKH    .S1     _InitINT,A0       ; |153| 
     550 000003e0 00001362             B       .S2X    A0                ; |153| 
TMS320C6x COFF Assembler         Version 4.10     Fri Apr 05 16:22:05 2024
Copyright (c) 1996-2001 Texas Instruments Incorporated
temp\main.asm                                                        PAGE   11

     551 000003e4 0181F82A'            MVKL    .S2     RL14,B3           ; |153| 
     552 000003e8 0180006A'            MVKH    .S2     RL14,B3           ; |153| 
     553 000003ec 00004000             NOP             3
     554 000003f0           RL14:      ; CALL OCCURS                     ; |153| 
     555 000003f0 00000028!            MVKL    .S1     _InitUSBMon,A0    ; |154| 
     556 000003f4 00000068!            MVKH    .S1     _InitUSBMon,A0    ; |154| 
     557 000003f8 00001362             B       .S2X    A0                ; |154| 
     558 000003fc 0182042A'            MVKL    .S2     RL16,B3           ; |154| 
     559 00000400 0180006A'            MVKH    .S2     RL16,B3           ; |154| 
     560 00000404 00004000             NOP             3
     561 00000408           RL16:      ; CALL OCCURS                     ; |154| 
     562 00000408 00000028!            MVKL    .S1     _sprintf,A0       ; |156| 
     563                    
     564 0000040c 00000069!            MVKH    .S1     _sprintf,A0       ; |156| 
     565 00000410 0280002A! ||         MVKL    .S2     _tmp_string,B5    ; |156| 
     566                    
     567 00000414 00001362             B       .S2X    A0                ; |156| 
     568 00000418 01821A2A'            MVKL    .S2     RL18,B3           ; |156| 
     569 0000041c 0280006A!            MVKH    .S2     _tmp_string,B5    ; |156| 
     570 00000420 0200002A+            MVKL    .S2     SL1+0,B4          ; |156| 
     571 00000424 0200006A+            MVKH    .S2     SL1+0,B4          ; |156| 
     572                    
     573 00000428 0180006B'            MVKH    .S2     RL18,B3           ; |156| 
     574 0000042c 021411A1  ||         MV      .S1X    B5,A4             ; |156| 
     575 00000430 023C22F6  ||         STW     .D2T2   B4,*+SP(4)        ; |156| 
     576                    
     577 00000434           RL18:      ; CALL OCCURS                     ; |156| 
     578 00000434 00000028!            MVKL    .S1     _Report,A0        ; |156| 
     579 00000438 00000068!            MVKH    .S1     _Report,A0        ; |156| 
     580 0000043c 00001362             B       .S2X    A0                ; |156| 
     581 00000440 0182262A'            MVKL    .S2     RL20,B3           ; |156| 
     582 00000444 0180006A'            MVKH    .S2     RL20,B3           ; |156| 
     583 00000448 00004000             NOP             3
     584 0000044c           RL20:      ; CALL OCCURS                     ; |156| 
     585 0000044c 0003F428             MVK     .S1     2024,A0           ; |157| 
     586                    
     587 00000450 00000029!            MVKL    .S1     _sprintf,A0       ; |157| 
     588 00000454 003C42F4  ||         STW     .D2T1   A0,*+SP(8)        ; |157| 
     589                    
     590 00000458 00000069!            MVKH    .S1     _sprintf,A0       ; |157| 
     591 0000045c 020002AA+ ||         MVKL    .S2     SL2+0,B4          ; |157| 
     592                    
     593 00000460 00001362             B       .S2X    A0                ; |157| 
     594 00000464 0200006A+            MVKH    .S2     SL2+0,B4          ; |157| 
     595 00000468 0280002A!            MVKL    .S2     _tmp_string,B5    ; |157| 
     596 0000046c 0280006A!            MVKH    .S2     _tmp_string,B5    ; |157| 
     597 00000470 0182402A'            MVKL    .S2     RL22,B3           ; |157| 
     598                    
     599 00000474 023C22F7             STW     .D2T2   B4,*+SP(4)        ; |157| 
     600 00000478 0180006B' ||         MVKH    .S2     RL22,B3           ; |157| 
     601 0000047c 021411A0  ||         MV      .S1X    B5,A4             ; |157| 
     602                    
     603 00000480           RL22:      ; CALL OCCURS                     ; |157| 
     604 00000480 00000028!            MVKL    .S1     _Report,A0        ; |157| 
     605 00000484 00000068!            MVKH    .S1     _Report,A0        ; |157| 
TMS320C6x COFF Assembler         Version 4.10     Fri Apr 05 16:22:05 2024
Copyright (c) 1996-2001 Texas Instruments Incorporated
temp\main.asm                                                        PAGE   12

     606 00000488 00001362             B       .S2X    A0                ; |157| 
     607 0000048c 01824C2A'            MVKL    .S2     RL24,B3           ; |157| 
     608 00000490 0180006A'            MVKH    .S2     RL24,B3           ; |157| 
     609 00000494 00004000             NOP             3
     610 00000498           RL24:      ; CALL OCCURS                     ; |157| 
     611 00000498 02800F2A+            MVKL    .S2     SL3+0,B5          ; |158| 
     612 0000049c 0280006A+            MVKH    .S2     SL3+0,B5          ; |158| 
     613 000004a0 0201FE2A             MVKL    .S2     0x20003fc,B4      ; |158| 
     614                    
     615 000004a4 0201006B             MVKH    .S2     0x20003fc,B4      ; |158| 
     616 000004a8 02BC22F6  ||         STW     .D2T2   B5,*+SP(4)        ; |158| 
     617                    
     618 000004ac 021002E6             LDW     .D2T2   *B4,B4            ; |158| 
     619 000004b0 0001FE28             MVKL    .S1     0x20003fc,A0      ; |158| 
     620 000004b4 00010068             MVKH    .S1     0x20003fc,A0      ; |158| 
     621 000004b8 0182762A'            MVKL    .S2     RL26,B3           ; |158| 
     622 000004bc 02000028!            MVKL    .S1     _tmp_string,A4    ; |158| 
     623 000004c0 0212180A             EXTU    .S2     B4,16,24,B4       ; |158| 
     624 000004c4 023C42F6             STW     .D2T2   B4,*+SP(8)        ; |158| 
     625                    
     626 000004c8 00000029!            MVKL    .S1     _sprintf,A0       ; |158| 
     627 000004cc 01800264  ||         LDW     .D1T1   *A0,A3            ; |158| 
     628                    
     629 000004d0 00000068!            MVKH    .S1     _sprintf,A0       ; |158| 
     630 000004d4 00001362             B       .S2X    A0                ; |158| 
     631 000004d8 0180006A'            MVKH    .S2     RL26,B3           ; |158| 
     632 000004dc 02000068!            MVKH    .S1     _tmp_string,A4    ; |158| 
     633 000004e0 018F1808             EXTU    .S1     A3,24,24,A3       ; |158| 
     634 000004e4 01BC62F4             STW     .D2T1   A3,*+SP(12)       ; |158| 
     635 000004e8 00000000             NOP             1
     636 000004ec           RL26:      ; CALL OCCURS                     ; |158| 
     637 000004ec 00000028!            MVKL    .S1     _Report,A0        ; |158| 
     638 000004f0 00000068!            MVKH    .S1     _Report,A0        ; |158| 
     639 000004f4 00001362             B       .S2X    A0                ; |158| 
     640 000004f8 0182822A'            MVKL    .S2     RL28,B3           ; |158| 
     641 000004fc 0180006A'            MVKH    .S2     RL28,B3           ; |158| 
     642 00000500 00004000             NOP             3
     643 00000504           RL28:      ; CALL OCCURS                     ; |158| 
     644                    ;** --------------------------------------------------------------------------*
     645 00000504 00004C28'            MVKL    .S1     _GIE,A0           ; |162| 
     646 00000508 00000068'            MVKH    .S1     _GIE,A0           ; |162| 
     647 0000050c 00001362             B       .S2X    A0                ; |162| 
     648 00000510 0200002A!            MVKL    .S2     _TFlag,B4         ; |160| 
     649 00000514 0182942A'            MVKL    .S2     RL30,B3           ; |162| 
     650 00000518 0200006A!            MVKH    .S2     _TFlag,B4         ; |160| 
     651 0000051c 028008C2             ZERO    .D2     B5                ; |160| 
     652                    
     653 00000520 029002F7             STW     .D2T2   B5,*B4            ; |160| 
     654 00000524 0180006A' ||         MVKH    .S2     RL30,B3           ; |162| 
     655                    
     656 00000528           RL30:      ; CALL OCCURS                     ; |162| 
     657 00000528 0300402A             MVKL    .S2     0x2000080,B6      ; |166| 
     658 0000052c 038000AA             MVK     .S2     1,B7              ; |166| 
     659 00000530 0280262A             MVKL    .S2     0x200004c,B5      ; |164| 
     660 00000534 0281006A             MVKH    .S2     0x200004c,B5      ; |164| 
TMS320C6x COFF Assembler         Version 4.10     Fri Apr 05 16:22:05 2024
Copyright (c) 1996-2001 Texas Instruments Incorporated
temp\main.asm                                                        PAGE   13

     661                    
     662 00000538 0200462B             MVKL    .S2     0x200008c,B4      ; |165| 
     663 0000053c 000000A8  ||         MVK     .S1     1,A0              ; |164| 
     664                    
     665 00000540 001402F5             STW     .D2T1   A0,*B5            ; |164| 
     666 00000544 0201006A  ||         MVKH    .S2     0x200008c,B4      ; |165| 
     667                    
     668 00000548 00000029-            MVKL    .S1     _TINTCnt,A0       ; |169| 
     669 0000054c 001002F5  ||         STW     .D2T1   A0,*B4            ; |165| 
     670 00000550 0301006A  ||         MVKH    .S2     0x2000080,B6      ; |166| 
     671                    
     672 00000554 039802F7             STW     .D2T2   B7,*B6            ; |166| 
     673 00000558 00000069- ||         MVKH    .S1     _TINTCnt,A0       ; |169| 
     674 0000055c 018428C0  ||         ZERO    .D1     A3                ; |169| 
     675                    
     676 00000560 01800274             STW     .D1T1   A3,*A0            ; |169| 
     677                    ;*----------------------------------------------------------------------------*
     678                    ;*   SOFTWARE PIPELINE INFORMATION
     679                    ;*      Disqualified loop: software pipelining disabled
     680                    ;*----------------------------------------------------------------------------*
     681 00000564           L9:    
     682 00000564 0200262A             MVKL    .S2     0x200004c,B4      ; |172| 
     683                    
     684 00000568 0201006B             MVKH    .S2     0x200004c,B4      ; |172| 
     685 0000056c 00018628' ||         MVKL    .S1     _GetAngle,A0      ; |173| 
     686                    
     687 00000570 029002E7             LDW     .D2T2   *B4,B5            ; |172| 
     688 00000574 00000068' ||         MVKH    .S1     _GetAngle,A0      ; |173| 
     689                    
     690 00000578 00001362             B       .S2X    A0                ; |173| 
     691 0000057c 0182C82A'            MVKL    .S2     RL32,B3           ; |173| 
     692 00000580 0180006A'            MVKH    .S2     RL32,B3           ; |173| 
     693 00000584 00000000             NOP             1
     694 00000588 019432A0             XOR     .S1X    1,B5,A3           ; |172| 
     695 0000058c 019002F4             STW     .D2T1   A3,*B4            ; |172| 
     696 00000590           RL32:      ; CALL OCCURS                     ; |173| 
     697 00000590 00000828-            MVKL    .S1     _currPos,A0       ; |173| 
     698 00000594 00000068-            MVKH    .S1     _currPos,A0       ; |173| 
     699                    
     700 00000598 01800A29-            MVKL    .S1     _R,A3             ; |175| 
     701 0000059c 0200042A- ||         MVKL    .S2     _overshoot,B4     ; |175| 
     702                    
     703 000005a0 01800069-            MVKH    .S1     _R,A3             ; |175| 
     704 000005a4 0200006B- ||         MVKH    .S2     _overshoot,B4     ; |175| 
     705 000005a8 02000274  ||         STW     .D1T1   A4,*A0            ; |173| 
     706                    
     707 000005ac 0280002B!            MVKL    .S2     __divf,B5         ; |175| 
     708 000005b0 021002E7  ||         LDW     .D2T2   *B4,B4            ; |175| 
     709 000005b4 000C0264  ||         LDW     .D1T1   *A3,A0            ; |175| 
     710                    
     711 000005b8 03000A2A-            MVKL    .S2     _R,B6             ; |175| 
     712 000005bc 0280006A!            MVKH    .S2     __divf,B5         ; |175| 
     713 000005c0 0300006A-            MVKH    .S2     _R,B6             ; |175| 
     714 000005c4 00140362             B       .S2     B5                ; |175| 
     715                    
TMS320C6x COFF Assembler         Version 4.10     Fri Apr 05 16:22:05 2024
Copyright (c) 1996-2001 Texas Instruments Incorporated
temp\main.asm                                                        PAGE   14

     716 000005c8 021802E7             LDW     .D2T2   *B6,B4            ; |175| 
     717 000005cc 020092B8  ||         SUBSP   .L1X    B4,A0,A4          ; |175| 
     718                    
     719 000005d0 0182EE2A'            MVKL    .S2     RL34,B3           ; |175| 
     720 000005d4 0180006A'            MVKH    .S2     RL34,B3           ; |175| 
     721 000005d8 00002000             NOP             2
     722 000005dc           RL34:      ; CALL OCCURS                     ; |175| 
     723 000005dc 000008C0             ZERO    .D1     A0                ; |175| 
     724 000005e0 00216468             MVKH    .S1     0x42c80000,A0     ; |175| 
     725 000005e4 01900E00             MPYSP   .M1     A0,A4,A3          ; |175| 
     726 000005e8 00000628-            MVKL    .S1     _overshootPercent,A0 ; |175| 
     727 000005ec 0200022A-            MVKL    .S2     _timerCheckCnt,B4 ; |179| 
     728 000005f0 00000068-            MVKH    .S1     _overshootPercent,A0 ; |175| 
     729                    
     730 000005f4 0200006B-            MVKH    .S2     _timerCheckCnt,B4 ; |179| 
     731 000005f8 01800274  ||         STW     .D1T1   A3,*A0            ; |175| 
     732                    
     733 000005fc 029002E6             LDW     .D2T2   *B4,B5            ; |179| 
     734 00000600 000018A8+            MVKL    .S1     SL4+0,A0          ; |180| 
     735 00000604 00000068+            MVKH    .S1     SL4+0,A0          ; |180| 
     736 00000608 02000028!            MVKL    .S1     _tmp_string,A4    ; |180| 
     737 0000060c 0183242A'            MVKL    .S2     RL36,B3           ; |180| 
     738 00000610 02942942             ADD     .D2     1,B5,B5           ; |179| 
     739 00000614 029002F6             STW     .D2T2   B5,*B4            ; |179| 
     740 00000618 003C22F4             STW     .D2T1   A0,*+SP(4)        ; |180| 
     741                    
     742 00000620 00000029!            MVKL    .S1     _sprintf,A0       ; |180| 
     743 00000624 0200022A- ||         MVKL    .S2     _timerCheckCnt,B4 ; |180| 
     744                    
     745 00000628 00000069!            MVKH    .S1     _sprintf,A0       ; |180| 
     746 0000062c 0200006A- ||         MVKH    .S2     _timerCheckCnt,B4 ; |180| 
     747                    
     748 00000630 021002E7             LDW     .D2T2   *B4,B4            ; |180| 
     749 00000634 00001362  ||         B       .S2X    A0                ; |180| 
     750                    
     751 00000638 02000068!            MVKH    .S1     _tmp_string,A4    ; |180| 
     752 0000063c 0180006A'            MVKH    .S2     RL36,B3           ; |180| 
     753 00000640 00002000             NOP             2
     754 00000644 023C42F6             STW     .D2T2   B4,*+SP(8)        ; |180| 
     755 00000648           RL36:      ; CALL OCCURS                     ; |180| 
     756 00000648 00000028!            MVKL    .S1     _Report,A0        ; |180| 
     757 0000064c 00000068!            MVKH    .S1     _Report,A0        ; |180| 
     758 00000650 00001362             B       .S2X    A0                ; |180| 
     759 00000654 0183302A'            MVKL    .S2     RL38,B3           ; |180| 
     760 00000658 0180006A'            MVKH    .S2     RL38,B3           ; |180| 
     761 0000065c 00004000             NOP             3
     762 00000660           RL38:      ; CALL OCCURS                     ; |180| 
     763 00000660 0201862A'            MVKL    .S2     _GetAngle,B4      ; |182| 
     764 00000664 0200006A'            MVKH    .S2     _GetAngle,B4      ; |182| 
     765 00000668 00100362             B       .S2     B4                ; |182| 
     766 0000066c 01833C2A'            MVKL    .S2     RL42,B3           ; |182| 
     767 00000670 0180006A'            MVKH    .S2     RL42,B3           ; |182| 
     768 00000674 00004000             NOP             3
     769 00000678           RL42:      ; CALL OCCURS                     ; |182| 
     770 00000678 031000A0             SPDP    .S1     A4,A7:A6          ; |182| 
TMS320C6x COFF Assembler         Version 4.10     Fri Apr 05 16:22:05 2024
Copyright (c) 1996-2001 Texas Instruments Incorporated
temp\main.asm                                                        PAGE   15

     771 0000067c 01835A2A'            MVKL    .S2     RL44,B3           ; |182| 
     772 00000680 01980940             MV      .D1     A6,A3             ; |182| 
     773                    
     774 00000684 01800029!            MVKL    .S1     _sprintf,A3       ; |182| 
     775 00000688 01BC42F4  ||         STW     .D2T1   A3,*+SP(8)        ; |182| 
     776                    
     777 0000068c 01800068!            MVKH    .S1     _sprintf,A3       ; |182| 
     778 00000690 000C1362             B       .S2X    A3                ; |182| 
     779 00000694 02000028!            MVKL    .S1     _tmp_string,A4    ; |182| 
     780 00000698 001C0940             MV      .D1     A7,A0             ; |182| 
     781 0000069c 028026A8+            MVKL    .S1     SL5+0,A5          ; |182| 
     782                    
     783 000006a0 02800069+            MVKH    .S1     SL5+0,A5          ; |182| 
     784 000006a4 003C62F4  ||         STW     .D2T1   A0,*+SP(12)       ; |182| 
     785                    
     786 000006a8 02000069!            MVKH    .S1     _tmp_string,A4    ; |182| 
     787 000006ac 0180006B' ||         MVKH    .S2     RL44,B3           ; |182| 
     788 000006b0 02BC22F4  ||         STW     .D2T1   A5,*+SP(4)        ; |182| 
     789                    
     790 000006b4           RL44:      ; CALL OCCURS                     ; |182| 
     791 000006b4 0200002A!            MVKL    .S2     _Report,B4        ; |182| 
     792 000006b8 0200006A!            MVKH    .S2     _Report,B4        ; |182| 
     793 000006bc 00100362             B       .S2     B4                ; |182| 
     794 000006c0 0183662A'            MVKL    .S2     RL46,B3           ; |182| 
     795 000006c4 0180006A'            MVKH    .S2     RL46,B3           ; |182| 
     796 000006c8 00004000             NOP             3
     797 000006cc           RL46:      ; CALL OCCURS                     ; |182| 
     798 000006cc 00010628             MVKL    .S1     0x200020c,A0      ; |185| 
     799 000006d0 018031A8+            MVKL    .S1     SL6+0,A3          ; |185| 
     800 000006d4 01800068+            MVKH    .S1     SL6+0,A3          ; |185| 
     801                    
     802 000006d8 01BC22F5             STW     .D2T1   A3,*+SP(4)        ; |185| 
     803 000006dc 00010068  ||         MVKH    .S1     0x200020c,A0      ; |185| 
     804                    
     805 000006e0 00000029!            MVKL    .S1     _sprintf,A0       ; |185| 
     806 000006e4 01800264  ||         LDW     .D1T1   *A0,A3            ; |185| 
     807                    
     808 000006e8 00000068!            MVKH    .S1     _sprintf,A0       ; |185| 
     809 000006ec 00001362             B       .S2X    A0                ; |185| 
     810 000006f0 0200002A!            MVKL    .S2     _tmp_string,B4    ; |185| 
     811 000006f4 0200006A!            MVKH    .S2     _tmp_string,B4    ; |185| 
     812 000006f8 018E1008             EXTU    .S1     A3,16,16,A3       ; |185| 
     813 000006fc 0183862A'            MVKL    .S2     RL48,B3           ; |185| 
     814                    
     815 00000700 0180006B'            MVKH    .S2     RL48,B3           ; |185| 
     816 00000704 021011A1  ||         MV      .S1X    B4,A4             ; |185| 
     817 00000708 01BC42F4  ||         STW     .D2T1   A3,*+SP(8)        ; |185| 
     818                    
     819 0000070c           RL48:      ; CALL OCCURS                     ; |185| 
     820 0000070c 0200002A!            MVKL    .S2     _Report,B4        ; |185| 
     821 00000710 0200006A!            MVKH    .S2     _Report,B4        ; |185| 
     822 00000714 00100362             B       .S2     B4                ; |185| 
     823 00000718 0183922A'            MVKL    .S2     RL50,B3           ; |185| 
     824 0000071c 0180006A'            MVKH    .S2     RL50,B3           ; |185| 
     825 00000720 00004000             NOP             3
TMS320C6x COFF Assembler         Version 4.10     Fri Apr 05 16:22:05 2024
Copyright (c) 1996-2001 Texas Instruments Incorporated
temp\main.asm                                                        PAGE   16

     826 00000724           RL50:      ; CALL OCCURS                     ; |185| 
     827 00000724 02000A2A-            MVKL    .S2     _R,B4             ; |188| 
     828 00000728 0200006A-            MVKH    .S2     _R,B4             ; |188| 
     829 0000072c 021002E6             LDW     .D2T2   *B4,B4            ; |188| 
     830 00000730 00C00028             MVKL    .S1     0x40668000,A1     ; |188| 
     831 00000734 00A03368             MVKH    .S1     0x40668000,A1     ; |188| 
     832 00000738 00002000             NOP             2
     833 0000073c 021000A2             SPDP    .S2     B4,B5:B4          ; |188| 
     834 00000740 000008C0             ZERO    .D1     A0                ; |188| 
     835 00000744 00009A22             CMPEQDP .S2X    B5:B4,A1:A0,B0    ; |188| 
     836 00000748 00000000             NOP             1
     837 0000074c 30001810     [!B0]   B       .S1     L10               ; |188| 
     838                    
     839 00000750 20000A29-    [ B0]   MVKL    .S1     _R,A0             ; |189| 
     840 00000754 22803D2A+ || [ B0]   MVKL    .S2     SL7+0,B5          ; |190| 
     841                    
     842 00000760 230428C3     [ B0]   ZERO    .D2     B6                ; |189| 
     843 00000764 2200042B- || [ B0]   MVKL    .S2     _overshoot,B4     ; |190| 
     844 00000768 20000068- || [ B0]   MVKH    .S1     _R,A0             ; |189| 
     845                    
     846 0000076c 30000A29-    [!B0]   MVKL    .S1     _R,A0             ; |192| 
     847 00000770 2280006B+ || [ B0]   MVKH    .S2     SL7+0,B5          ; |190| 
     848 00000774 23000276  || [ B0]   STW     .D1T2   B6,*A0            ; |189| 
     849                    
     850 00000780 30000069-    [!B0]   MVKH    .S1     _R,A0             ; |192| 
     851 00000784 2200006B- || [ B0]   MVKH    .S2     _overshoot,B4     ; |190| 
     852 00000788 22BC22F6  || [ B0]   STW     .D2T2   B5,*+SP(4)        ; |190| 
     853                    
     854 0000078c 30000265     [!B0]   LDW     .D1T1   *A0,A0            ; |192| 
     855 00000790 221002E6  || [ B0]   LDW     .D2T2   *B4,B4            ; |190| 
     856                    
     857                               ; BRANCH OCCURS                   ; |188| 
     858                    ;** --------------------------------------------------------------------------*
     859 00000794 0183F02A'            MVKL    .S2     RL52,B3           ; |190| 
     860 00000798 02000028!            MVKL    .S1     _tmp_string,A4    ; |190| 
     861 0000079c 0180006A'            MVKH    .S2     RL52,B3           ; |190| 
     862 000007a0 02000068!            MVKH    .S1     _tmp_string,A4    ; |190| 
     863 000007a4 021000A2             SPDP    .S2     B4,B5:B4          ; |190| 
     864 000007a8 00000628-            MVKL    .S1     _overshootPercent,A0 ; |190| 
     865 000007ac 023C42F6             STW     .D2T2   B4,*+SP(8)        ; |190| 
     866                    
     867 000007b0 00000069-            MVKH    .S1     _overshootPercent,A0 ; |190| 
     868 000007b4 02BC62F6  ||         STW     .D2T2   B5,*+SP(12)       ; |190| 
     869                    
     870 000007b8 00000264             LDW     .D1T1   *A0,A0            ; |190| 
     871 000007bc 00006000             NOP             4
     872 000007c0 000000A0             SPDP    .S1     A0,A1:A0          ; |190| 
     873 000007c4 00000000             NOP             1
     874                    
     875 000007c8 00000029!            MVKL    .S1     _sprintf,A0       ; |190| 
     876 000007cc 003C82F4  ||         STW     .D2T1   A0,*+SP(16)       ; |190| 
     877                    
     878 000007d0 00000068!            MVKH    .S1     _sprintf,A0       ; |190| 
     879 000007d4 00001362             B       .S2X    A0                ; |190| 
     880 000007d8 00BCA2F4             STW     .D2T1   A1,*+SP(20)       ; |190| 
TMS320C6x COFF Assembler         Version 4.10     Fri Apr 05 16:22:05 2024
Copyright (c) 1996-2001 Texas Instruments Incorporated
temp\main.asm                                                        PAGE   17

     881 000007dc 00006000             NOP             4
     882 000007e0           RL52:      ; CALL OCCURS                     ; |190| 
     883 000007e0 0200002A!            MVKL    .S2     _Report,B4        ; |190| 
     884 000007e4 0200006A!            MVKH    .S2     _Report,B4        ; |190| 
     885 000007e8 00100362             B       .S2     B4                ; |190| 
     886 000007ec 0183FC2A'            MVKL    .S2     RL54,B3           ; |190| 
     887 000007f0 0180006A'            MVKH    .S2     RL54,B3           ; |190| 
     888 000007f4 00004000             NOP             3
     889 000007f8           RL54:      ; CALL OCCURS                     ; |190| 
     890 000007f8 00000910             B       .S1     L11               ; |191| 
     891 000007fc 00008000             NOP             5
     892                               ; BRANCH OCCURS                   ; |191| 
     893                    ;** --------------------------------------------------------------------------*
     894 00000800           L10:    
     895 00000800 00006000             NOP             4
     896 00000804 000000A0             SPDP    .S1     A0,A1:A0          ; |192| 
     897 00000808 020004F8             ZERO    .L1     A5:A4             ; |192| 
     898 0000080c 00900A20             CMPEQDP .S1     A1:A0,A5:A4,A1    ; |192| 
     899 00000810 00000000             NOP             1
     900 00000814 82000A2A-    [ A1]   MVKL    .S2     _R,B4             ; |192| 
     901                    
     902 00000818 8200006B-    [ A1]   MVKH    .S2     _R,B4             ; |192| 
     903 0000081c 828428C2  || [ A1]   ZERO    .D2     B5                ; |192| 
     904                    
     905 00000820 82A19A6A     [ A1]   MVKH    .S2     0x43340000,B5     ; |192| 
     906 00000824 829002F6     [ A1]   STW     .D2T2   B5,*B4            ; |192| 
     907                    ;** --------------------------------------------------------------------------*
     908 00000828           L11:    
     909 00000828 0200002A!            MVKL    .S2     _sprintf,B4       ; |194| 
     910 0000082c 0200006A!            MVKH    .S2     _sprintf,B4       ; |194| 
     911 00000830 00100362             B       .S2     B4                ; |194| 
     912 00000834 00004CA8+            MVKL    .S1     SL8+0,A0          ; |194| 
     913 00000838 02000028!            MVKL    .S1     _tmp_string,A4    ; |194| 
     914 0000083c 00000068+            MVKH    .S1     SL8+0,A0          ; |194| 
     915 00000840 0184282A'            MVKL    .S2     RL56,B3           ; |194| 
     916                    
     917 00000844 003C22F5             STW     .D2T1   A0,*+SP(4)        ; |194| 
     918 00000848 0180006B' ||         MVKH    .S2     RL56,B3           ; |194| 
     919 0000084c 02000068! ||         MVKH    .S1     _tmp_string,A4    ; |194| 
     920                    
     921 00000850           RL56:      ; CALL OCCURS                     ; |194| 
     922 00000850 00000028!            MVKL    .S1     _Report,A0        ; |194| 
     923 00000854 00000068!            MVKH    .S1     _Report,A0        ; |194| 
     924 00000858 00001362             B       .S2X    A0                ; |194| 
     925 0000085c 0184342A'            MVKL    .S2     RL58,B3           ; |194| 
     926 00000860 0180006A'            MVKH    .S2     RL58,B3           ; |194| 
     927 00000864 00004000             NOP             3
     928 00000868           RL58:      ; CALL OCCURS                     ; |194| 
     929 00000868 0200DC2A'            MVKL    .S2     _WaitTFlagCnt,B4  ; |195| 
     930 0000086c 0200006A'            MVKH    .S2     _WaitTFlagCnt,B4  ; |195| 
     931 00000870 00100362             B       .S2     B4                ; |195| 
     932 00000874 0184422A'            MVKL    .S2     RL60,B3           ; |195| 
     933 00000878 0203E828             MVK     .S1     0x7d0,A4          ; |195| 
     934 0000087c 0180006A'            MVKH    .S2     RL60,B3           ; |195| 
     935 00000880 00002000             NOP             2
TMS320C6x COFF Assembler         Version 4.10     Fri Apr 05 16:22:05 2024
Copyright (c) 1996-2001 Texas Instruments Incorporated
temp\main.asm                                                        PAGE   18

     936 00000884           RL60:      ; CALL OCCURS                     ; |195| 
     937 00000884 0FFF9C90             B       .S1     L9                ; |197| 
     938 00000888 00008000             NOP             5
     939                               ; BRANCH OCCURS                   ; |197| 
     940                    
     941                    
     942                    ;******************************************************************************
     943                    ;* STRINGS                                                                    *
     944                    ;******************************************************************************
     945 00000000                   .sect   ".const"
     946 00000000 0000000D  SL1:    .string 13,10,13,10,0
         00000001 0000000A 
         00000002 0000000D 
         00000003 0000000A 
         00000004 00000000 
     947 00000005 0000004D  SL2:    .string "Mechatronics Course %d",13,10,0
         00000006 00000065 
         00000007 00000063 
         00000008 00000068 
         00000009 00000061 
         0000000a 00000074 
         0000000b 00000072 
         0000000c 0000006F 
         0000000d 0000006E 
         0000000e 00000069 
         0000000f 00000063 
         00000010 00000073 
         00000011 00000020 
         00000012 00000043 
         00000013 0000006F 
         00000014 00000075 
         00000015 00000072 
         00000016 00000073 
         00000017 00000065 
         00000018 00000020 
         00000019 00000025 
         0000001a 00000064 
         0000001b 0000000D 
         0000001c 0000000A 
         0000001d 00000000 
     948 0000001e 00000046  SL3:    .string "FPGA Ver%2x.%02x",13,10,0
         0000001f 00000050 
         00000020 00000047 
         00000021 00000041 
         00000022 00000020 
         00000023 00000056 
         00000024 00000065 
         00000025 00000072 
         00000026 00000025 
         00000027 00000032 
         00000028 00000078 
         00000029 0000002E 
         0000002a 00000025 
         0000002b 00000030 
         0000002c 00000032 
TMS320C6x COFF Assembler         Version 4.10     Fri Apr 05 16:22:05 2024
Copyright (c) 1996-2001 Texas Instruments Incorporated
temp\main.asm                                                        PAGE   19

         0000002d 00000078 
         0000002e 0000000D 
         0000002f 0000000A 
         00000030 00000000 
     949 00000031 0000003D  SL4:    .string "==== Timer Check: %d ====",13,10,0
         00000032 0000003D 
         00000033 0000003D 
         00000034 0000003D 
         00000035 00000020 
         00000036 00000054 
         00000037 00000069 
         00000038 0000006D 
         00000039 00000065 
         0000003a 00000072 
         0000003b 00000020 
         0000003c 00000043 
         0000003d 00000068 
         0000003e 00000065 
         0000003f 00000063 
         00000040 0000006B 
         00000041 0000003A 
         00000042 00000020 
         00000043 00000025 
         00000044 00000064 
         00000045 00000020 
         00000046 0000003D 
         00000047 0000003D 
         00000048 0000003D 
         00000049 0000003D 
         0000004a 0000000D 
         0000004b 0000000A 
         0000004c 00000000 
     950 0000004d 00000063  SL5:    .string "current pos: %6.2f ",13,10,0
         0000004e 00000075 
         0000004f 00000072 
         00000050 00000072 
         00000051 00000065 
         00000052 0000006E 
         00000053 00000074 
         00000054 00000020 
         00000055 00000070 
         00000056 0000006F 
         00000057 00000073 
         00000058 0000003A 
         00000059 00000020 
         0000005a 00000025 
         0000005b 00000036 
         0000005c 0000002E 
         0000005d 00000032 
         0000005e 00000066 
         0000005f 00000020 
         00000060 0000000D 
         00000061 0000000A 
         00000062 00000000 
     951 00000063 00000045  SL6:    .string "Encoder bit: 0x%04x ",13,10,0
TMS320C6x COFF Assembler         Version 4.10     Fri Apr 05 16:22:05 2024
Copyright (c) 1996-2001 Texas Instruments Incorporated
temp\main.asm                                                        PAGE   20

         00000064 0000006E 
         00000065 00000063 
         00000066 0000006F 
         00000067 00000064 
         00000068 00000065 
         00000069 00000072 
         0000006a 00000020 
         0000006b 00000062 
         0000006c 00000069 
         0000006d 00000074 
         0000006e 0000003A 
         0000006f 00000020 
         00000070 00000030 
         00000071 00000078 
         00000072 00000025 
         00000073 00000030 
         00000074 00000034 
         00000075 00000078 
         00000076 00000020 
         00000077 0000000D 
         00000078 0000000A 
         00000079 00000000 
     952 0000007a 0000004F  SL7:    .string "Overshoot: %6.2f ( %.2f%% ) ",13,10,0
         0000007b 00000076 
         0000007c 00000065 
         0000007d 00000072 
         0000007e 00000073 
         0000007f 00000068 
         00000080 0000006F 
         00000081 0000006F 
         00000082 00000074 
         00000083 0000003A 
         00000084 00000020 
         00000085 00000025 
         00000086 00000036 
         00000087 0000002E 
         00000088 00000032 
         00000089 00000066 
         0000008a 00000020 
         0000008b 00000028 
         0000008c 00000020 
         0000008d 00000025 
         0000008e 0000002E 
         0000008f 00000032 
         00000090 00000066 
         00000091 00000025 
         00000092 00000025 
         00000093 00000020 
         00000094 00000029 
         00000095 00000020 
         00000096 0000000D 
         00000097 0000000A 
         00000098 00000000 
     953 00000099 0000000D  SL8:    .string 13,10,0
         0000009a 0000000A 
TMS320C6x COFF Assembler         Version 4.10     Fri Apr 05 16:22:05 2024
Copyright (c) 1996-2001 Texas Instruments Incorporated
temp\main.asm                                                        PAGE   21

         0000009b 00000000 
     954                    ;******************************************************************************
     955                    ;* UNDEFINED EXTERNAL REFERENCES                                              *
     956                    ;******************************************************************************
     957                            .global _sprintf
     958                            .global _InitUART
     959                            .global _Report
     960                            .global _InitUSBMon
     961                            .global _tmp_string
     962                            .global _TFlag
     963                            .global __divd
     964                            .global __divf

No Assembly Errors, No Assembly Warnings
