TMS320C6x COFF Assembler         Version 4.10     Fri Jun 07 17:50:58 2024
Copyright (c) 1996-2001 Texas Instruments Incorporated
temp\interrupt.asm                                                   PAGE    1

       1                    ;******************************************************************************
       2                    ;* TMS320C6x ANSI C Codegen                                      Version 4.10 *
       3                    ;* Date/Time created: Fri Jun 07 17:50:58 2024                                *
       4                    ;******************************************************************************
       5                    
       6                    ;******************************************************************************
       7                    ;* GLOBAL FILE PARAMETERS                                                     *
       8                    ;*                                                                            *
       9                    ;*   Architecture      : TMS320C670x                                          *
      10                    ;*   Optimization      : Disabled                                             *
      11                    ;*   Optimizing for    : Compile time, Ease of Development                    *
      12                    ;*                       Based on options: no -o, no -ms                      *
      13                    ;*   Endian            : Little                                               *
      14                    ;*   Interrupt Thrshld : Disabled                                             *
      15                    ;*   Memory Model      : Large                                                *
      16                    ;*   Calls to RTS      : Far                                                  *
      17                    ;*   Pipelining        : Disabled                                             *
      18                    ;*   Memory Aliases    : Presume are aliases (pessimistic)                    *
      19                    ;*   Debug Info        : No Debug Info                                        *
      20                    ;*                                                                            *
      21                    ;******************************************************************************
      22                    
      23                            .asg    A15, FP
      24                            .asg    B14, DP
      25                            .asg    B15, SP
      26                            .global $bss
      27                    
      28                    
      29 00000000                   .sect   ".cinit"
      30                            .align  8
      31 00000000 00000004          .field          4,32
      32 00000004 00000000-         .field          _TFlag+0,32
      33 00000008 00000000          .field          0,32                    ; _TFlag @ 0
      34 00000000                   .sect   ".text"
      35                            .global _TFlag
      36 00000000           _TFlag: .usect  .far,4,4
      37                            .global _y_pend
      38 00000004           _y_pend:        .usect  .far,4,4
      39                            .global _err_pend
      40 00000008           _err_pend:      .usect  .far,4,4
      41                            .global _u_pend
      42 0000000c           _u_pend:        .usect  .far,4,4
      43                    
      44 0000000c                   .sect   ".cinit"
      45                            .align  8
      46 00000010 00000004          .field          4,32
      47 00000014 00000010-         .field          _prevErr_pend+0,32
      48 00000018 00000000          .word   000000000h              ; _prevErr_pend @ 0
      49 00000000                   .sect   ".text"
      50                            .global _prevErr_pend
      51 00000010           _prevErr_pend:  .usect  .far,4,4
      52                    
      53 0000001c                   .sect   ".cinit"
      54                            .align  8
      55 00000020 00000004          .field          4,32
TMS320C6x COFF Assembler         Version 4.10     Fri Jun 07 17:50:58 2024
Copyright (c) 1996-2001 Texas Instruments Incorporated
temp\interrupt.asm                                                   PAGE    2

      56 00000024 00000014-         .field          _sumErr_pend+0,32
      57 00000028 C3480000          .word   0c3480000h              ; _sumErr_pend @ 0
      58 00000000                   .sect   ".text"
      59                            .global _sumErr_pend
      60 00000014           _sumErr_pend:   .usect  .far,4,4
      61                            .global _y_cart
      62 00000018           _y_cart:        .usect  .far,4,4
      63                            .global _err_cart
      64 0000001c           _err_cart:      .usect  .far,4,4
      65                            .global _u_cart
      66 00000020           _u_cart:        .usect  .far,4,4
      67                    
      68 0000002c                   .sect   ".cinit"
      69                            .align  8
      70 00000030 00000004          .field          4,32
      71 00000034 00000024-         .field          _prevErr_cart+0,32
      72 00000038 00000000          .word   000000000h              ; _prevErr_cart @ 0
      73 00000000                   .sect   ".text"
      74                            .global _prevErr_cart
      75 00000024           _prevErr_cart:  .usect  .far,4,4
      76                    
      77 0000003c                   .sect   ".cinit"
      78                            .align  8
      79 00000040 00000004          .field          4,32
      80 00000044 00000028-         .field          _sumErr_cart+0,32
      81 00000048 00000000          .word   000000000h              ; _sumErr_cart @ 0
      82 00000000                   .sect   ".text"
      83                            .global _sumErr_cart
      84 00000028           _sumErr_cart:   .usect  .far,4,4
      85                    ;       acp6x -q -D_FAR_RTS=1 --large_model=3 --version=6701 -m --i_output_file C:\Users\opqrs\AppData
      86 00000000                   .sect   ".text"
      87                            .global _ISRextint4
      88                    
      89                    ;******************************************************************************
      90                    ;* FUNCTION NAME: _ISRextint4                                                 *
      91                    ;*                                                                            *
      92                    ;*   Regs Modified     :                                                      *
      93                    ;*   Regs Used         :                                                      *
      94                    ;*   Local Frame Size  : 0 Args + 0 Auto + 0 Save = 0 byte                    *
      95                    ;******************************************************************************
      96 00000000           _ISRextint4:
      97                    ;** --------------------------------------------------------------------------*
      98 00000000 001800E2             B       .S2     IRP               ; |11| 
      99 00000004 00008000             NOP             5
     100                               ; BRANCH OCCURS                   ; |11| 
     101                    
     102                    
     103 00000008                   .sect   ".text"
     104                            .global _ISRextint5
     105                    
     106                    ;******************************************************************************
     107                    ;* FUNCTION NAME: _ISRextint5                                                 *
     108                    ;*                                                                            *
     109                    ;*   Regs Modified     :                                                      *
     110                    ;*   Regs Used         :                                                      *
TMS320C6x COFF Assembler         Version 4.10     Fri Jun 07 17:50:58 2024
Copyright (c) 1996-2001 Texas Instruments Incorporated
temp\interrupt.asm                                                   PAGE    3

     111                    ;*   Local Frame Size  : 0 Args + 0 Auto + 0 Save = 0 byte                    *
     112                    ;******************************************************************************
     113 00000008           _ISRextint5:
     114                    ;** --------------------------------------------------------------------------*
     115 00000008 001800E2             B       .S2     IRP               ; |17| 
     116 0000000c 00008000             NOP             5
     117                               ; BRANCH OCCURS                   ; |17| 
     118                    
     119                    
     120 00000010                   .sect   ".text"
     121                            .global _c_int08
     122                    
     123                    ;******************************************************************************
     124                    ;* FUNCTION NAME: _c_int08                                                    *
     125                    ;*                                                                            *
     126                    ;*   Regs Modified     :                                                      *
     127                    ;*   Regs Used         :                                                      *
     128                    ;*   Local Frame Size  : 0 Args + 0 Auto + 0 Save = 0 byte                    *
     129                    ;******************************************************************************
     130 00000010           _c_int08:
     131                    ;** --------------------------------------------------------------------------*
     132 00000010 001800E2             B       .S2     IRP               ; |29| 
     133 00000014 00008000             NOP             5
     134                               ; BRANCH OCCURS                   ; |29| 
     135                    
     136                    
     137 00000018                   .sect   ".text"
     138                            .global _c_int09
     139                    
     140                    ;******************************************************************************
     141                    ;* FUNCTION NAME: _c_int09                                                    *
     142                    ;*                                                                            *
     143                    ;*   Regs Modified     :                                                      *
     144                    ;*   Regs Used         :                                                      *
     145                    ;*   Local Frame Size  : 0 Args + 0 Auto + 0 Save = 0 byte                    *
     146                    ;******************************************************************************
     147 00000018           _c_int09:
     148                    ;** --------------------------------------------------------------------------*
     149 00000018 001800E2             B       .S2     IRP               ; |35| 
     150 0000001c 00008000             NOP             5
     151                               ; BRANCH OCCURS                   ; |35| 
     152                    
     153                    
     154 00000020                   .sect   ".text"
     155                            .global _ISRNMI
     156                    
     157                    ;******************************************************************************
     158                    ;* FUNCTION NAME: _ISRNMI                                                     *
     159                    ;*                                                                            *
     160                    ;*   Regs Modified     :                                                      *
     161                    ;*   Regs Used         :                                                      *
     162                    ;*   Local Frame Size  : 0 Args + 0 Auto + 0 Save = 0 byte                    *
     163                    ;******************************************************************************
     164 00000020           _ISRNMI:
     165                    ;** --------------------------------------------------------------------------*
TMS320C6x COFF Assembler         Version 4.10     Fri Jun 07 17:50:58 2024
Copyright (c) 1996-2001 Texas Instruments Incorporated
temp\interrupt.asm                                                   PAGE    4

     166 00000020 001800E2             B       .S2     IRP               ; |19| 
     167 00000024 00008000             NOP             5
     168                               ; BRANCH OCCURS                   ; |19| 
     169                    
     170                    
     171 00000028                   .sect   ".text"
     172                            .global _ISRextint6
     173                    
     174                    ;******************************************************************************
     175                    ;* FUNCTION NAME: _ISRextint6                                                 *
     176                    ;*                                                                            *
     177                    ;*   Regs Modified     : A0,A1,A2,A3,A4,A5,A6,A7,A8,A9,B0,B1,B2,B3,B4,B5,B6,  *
     178                    ;*                           B7,B8,B9,SP                                      *
     179                    ;*   Regs Used         : A0,A1,A2,A3,A4,A5,A6,A7,A8,A9,B0,B1,B2,B3,B4,B5,B6,  *
     180                    ;*                           B7,B8,B9,SP                                      *
     181                    ;*   Local Frame Size  : 0 Args + 4 Auto + 84 Save = 88 byte                  *
     182                    ;******************************************************************************
     183 00000028           _ISRextint6:
     184                    ;** --------------------------------------------------------------------------*
     185 00000028 04BED4F6             STW     .D2T2   B9,*SP--(88)      ; |22| 
     186 0000002c 003C62F4             STW     .D2T1   A0,*+SP(12)       ; |22| 
     187 00000030 03BE82F6             STW     .D2T2   B7,*+SP(80)       ; |22| 
     188 00000034 033E62F6             STW     .D2T2   B6,*+SP(76)       ; |22| 
     189 00000038 02BE42F6             STW     .D2T2   B5,*+SP(72)       ; |22| 
     190 0000003c 023E22F6             STW     .D2T2   B4,*+SP(68)       ; |22| 
     191 00000040 01BE02F6             STW     .D2T2   B3,*+SP(64)       ; |22| 
     192 00000044 013DE2F6             STW     .D2T2   B2,*+SP(60)       ; |22| 
     193 00000048 00BDC2F6             STW     .D2T2   B1,*+SP(56)       ; |22| 
     194 0000004c 003DA2F6             STW     .D2T2   B0,*+SP(52)       ; |22| 
     195 00000050 04BD82F4             STW     .D2T1   A9,*+SP(48)       ; |22| 
     196 00000054 043D62F4             STW     .D2T1   A8,*+SP(44)       ; |22| 
     197 00000058 03BD42F4             STW     .D2T1   A7,*+SP(40)       ; |22| 
     198 0000005c 033D22F4             STW     .D2T1   A6,*+SP(36)       ; |22| 
     199 00000060 02BD02F4             STW     .D2T1   A5,*+SP(32)       ; |22| 
     200 00000064 023CE2F4             STW     .D2T1   A4,*+SP(28)       ; |22| 
     201 00000068 01BCC2F4             STW     .D2T1   A3,*+SP(24)       ; |22| 
     202 0000006c 013CA2F4             STW     .D2T1   A2,*+SP(20)       ; |22| 
     203                    
     204 00000070 00BC82F5             STW     .D2T1   A1,*+SP(16)       ; |22| 
     205 00000074 00000428  ||         MVKL    .S1     0x2000008,A0      ; |25| 
     206                    
     207 00000078 00010069             MVKH    .S1     0x2000008,A0      ; |25| 
     208 0000007c 043EA2F6  ||         STW     .D2T2   B8,*+SP(84)       ; |22| 
     209                    
     210 00000080 00000264             LDW     .D1T1   *A0,A0            ; |25| 
     211 00000084 00006000             NOP             4
     212 00000088 0001E7A0             AND     .S1     15,A0,A0          ; |25| 
     213 0000008c 00802A58             CMPEQ   .L1     A0,1,A1           ; |25| 
     214 00000090 80005710     [ A1]   B       .S1     L8                ; |25| 
     215 00000094 003C22F4             STW     .D2T1   A0,*+SP(4)        ; |25| 
     216 00000098 83BE82E6     [ A1]   LDW     .D2T2   *+SP(80),B7       ; |59| 
     217 0000009c 833E62E6     [ A1]   LDW     .D2T2   *+SP(76),B6       ; |59| 
     218 000000a0 82BE42E6     [ A1]   LDW     .D2T2   *+SP(72),B5       ; |59| 
     219 000000a4 823E22E6     [ A1]   LDW     .D2T2   *+SP(68),B4       ; |59| 
     220                               ; BRANCH OCCURS                   ; |25| 
TMS320C6x COFF Assembler         Version 4.10     Fri Jun 07 17:50:58 2024
Copyright (c) 1996-2001 Texas Instruments Incorporated
temp\interrupt.asm                                                   PAGE    5

     221                    ;** --------------------------------------------------------------------------*
     222 000000a8 023C22E6             LDW     .D2T2   *+SP(4),B4        ; |26| 
     223 000000ac 00004000             NOP             3
     224                    ;** --------------------------------------------------------------------------*
     225                    ;**   BEGIN LOOP L1
     226                    ;** --------------------------------------------------------------------------*
     227 000000b0           L1:    
     228 000000b0 00000000             NOP             1
     229 000000b4 00108A5A             CMPEQ   .L2     B4,4,B0           ; |26| 
     230 000000b8 30002510     [!B0]   B       .S1     L3                ; |26| 
     231                    
     232 000000c0 323C22E7     [!B0]   LDW     .D2T2   *+SP(4),B4        ; |38| 
     233 000000c4 20000A28  || [ B0]   MVKL    .S1     0x2000014,A0      ; |27| 
     234                    
     235 000000c8 20010068     [ B0]   MVKH    .S1     0x2000014,A0      ; |27| 
     236 000000cc 20000264     [ B0]   LDW     .D1T1   *A0,A0            ; |27| 
     237 000000d0 00002000             NOP             2
     238                               ; BRANCH OCCURS                   ; |26| 
     239                    ;** --------------------------------------------------------------------------*
     240 000000d4 00002000             NOP             2
     241 000000d8 008027A0             AND     .S1     1,A0,A1           ; |27| 
     242 000000dc 90004A10     [!A1]   B       .S1     L7                ; |27| 
     243 000000e0 90000428     [!A1]   MVKL    .S1     0x2000008,A0      ; |58| 
     244 000000e4 90010068     [!A1]   MVKH    .S1     0x2000008,A0      ; |58| 
     245                    
     246 000000e8 820428C3     [ A1]   ZERO    .D2     B4                ; |28| 
     247 000000ec 82803E2B! || [ A1]   MVKL    .S2     _compacket+124,B5 ; |28| 
     248 000000f0 90000264  || [!A1]   LDW     .D1T1   *A0,A0            ; |58| 
     249                    
     250 000000f4 8201006A     [ A1]   MVKH    .S2     0x2000000,B4      ; |28| 
     251                    
     252 000000f8 8280006B!    [ A1]   MVKH    .S2     _compacket+124,B5 ; |28| 
     253 000000fc 821002E6  || [ A1]   LDW     .D2T2   *B4,B4            ; |28| 
     254                    
     255                               ; BRANCH OCCURS                   ; |27| 
     256                    ;** --------------------------------------------------------------------------*
     257 00000100 029402E6             LDW     .D2T2   *B5,B5            ; |28| 
     258 00000104 00000000             NOP             1
     259                    ;*----------------------------------------------------------------------------*
     260                    ;*   SOFTWARE PIPELINE INFORMATION
     261                    ;*      Disqualified loop: software pipelining disabled
     262                    ;*----------------------------------------------------------------------------*
     263 00000108           L2:    
     264 00000108 00003E28!            MVKL    .S1     _compacket+124,A0 ; |29| 
     265 0000010c 00000068!            MVKH    .S1     _compacket+124,A0 ; |29| 
     266 00000110 0213180A             EXTU    .S2     B4,24,24,B4       ; |28| 
     267 00000114 021402B6             STB     .D2T2   B4,*B5            ; |28| 
     268 00000118 01800264             LDW     .D1T1   *A0,A3            ; |29| 
     269 0000011c 00000028!            MVKL    .S1     _SendByte,A0      ; |29| 
     270 00000120 00000068!            MVKH    .S1     _SendByte,A0      ; |29| 
     271 00000124 01809C2A'            MVKL    .S2     RL0,B3            ; |29| 
     272 00000128 00001362             B       .S2X    A0                ; |29| 
     273 0000012c 020C0224             LDB     .D1T1   *A3,A4            ; |29| 
     274 00000130 0180006A'            MVKH    .S2     RL0,B3            ; |29| 
     275 00000134 00004000             NOP             3
TMS320C6x COFF Assembler         Version 4.10     Fri Jun 07 17:50:58 2024
Copyright (c) 1996-2001 Texas Instruments Incorporated
temp\interrupt.asm                                                   PAGE    6

     276 00000138           RL0:       ; CALL OCCURS                     ; |29| 
     277 00000138 02003E2A!            MVKL    .S2     _compacket+124,B4 ; |30| 
     278 0000013c 0200006A!            MVKH    .S2     _compacket+124,B4 ; |30| 
     279 00000140 021002E6             LDW     .D2T2   *B4,B4            ; |30| 
     280 00000144 000031A8!            MVKL    .S1     _compacket+99,A0  ; |30| 
     281 00000148 00000068!            MVKH    .S1     _compacket+99,A0  ; |30| 
     282 0000014c 00002000             NOP             2
     283 00000150 00901A78             CMPEQ   .L1X    B4,A0,A1          ; |30| 
     284 00000154 92003E2A!    [!A1]   MVKL    .S2     _compacket+124,B4 ; |34| 
     285 00000158 9200006A!    [!A1]   MVKH    .S2     _compacket+124,B4 ; |34| 
     286 0000015c 929002E6     [!A1]   LDW     .D2T2   *B4,B5            ; |34| 
     287 00000160 82003E2A!    [ A1]   MVKL    .S2     _compacket+124,B4 ; |31| 
     288 00000164 80000028!    [ A1]   MVKL    .S1     _compacket,A0     ; |31| 
     289 00000168 8200006A!    [ A1]   MVKH    .S2     _compacket+124,B4 ; |31| 
     290 0000016c 80000068!    [ A1]   MVKH    .S1     _compacket,A0     ; |31| 
     291                    
     292 00000170 02800A2B             MVKL    .S2     0x2000014,B5      ; |36| 
     293 00000174 93142942  || [!A1]   ADD     .D2     1,B5,B6           ; |34| 
     294                    
     295 00000178 931002F6     [!A1]   STW     .D2T2   B6,*B4            ; |34| 
     296                    
     297 00000180 801002F5     [ A1]   STW     .D2T1   A0,*B4            ; |31| 
     298 00000184 0281006A  ||         MVKH    .S2     0x2000014,B5      ; |36| 
     299                    
     300 00000188 021402E6             LDW     .D2T2   *B5,B4            ; |36| 
     301 0000018c 00006000             NOP             4
     302 00000190 001027A2             AND     .S2     1,B4,B0           ; |36| 
     303 00000194 2FFFF110     [ B0]   B       .S1     L2                ; |36| 
     304                    
     305 00000198 220428C3     [ B0]   ZERO    .D2     B4                ; |28| 
     306 0000019c 22803E2A! || [ B0]   MVKL    .S2     _compacket+124,B5 ; |28| 
     307                    
     308 000001a0 2201006A     [ B0]   MVKH    .S2     0x2000000,B4      ; |28| 
     309                    
     310 000001a4 2280006B!    [ B0]   MVKH    .S2     _compacket+124,B5 ; |28| 
     311 000001a8 221002E6  || [ B0]   LDW     .D2T2   *B4,B4            ; |28| 
     312                    
     313 000001ac 229402E6     [ B0]   LDW     .D2T2   *B5,B5            ; |28| 
     314 000001b0 00000000             NOP             1
     315                               ; BRANCH OCCURS                   ; |36| 
     316                    ;** --------------------------------------------------------------------------*
     317 000001b4 00002E10             B       .S1     L7                ; |37| 
     318 000001b8 00000428             MVKL    .S1     0x2000008,A0      ; |58| 
     319 000001bc 00010068             MVKH    .S1     0x2000008,A0      ; |58| 
     320 000001c0 00000264             LDW     .D1T1   *A0,A0            ; |58| 
     321 000001c4 00002000             NOP             2
     322                               ; BRANCH OCCURS                   ; |37| 
     323                    ;** --------------------------------------------------------------------------*
     324 000001c8           L3:    
     325 000001c8 00104A5A             CMPEQ   .L2     B4,2,B0           ; |38| 
     326 000001cc 30001090     [!B0]   B       .S1     L4                ; |38| 
     327 000001d0 2200642A!    [ B0]   MVKL    .S2     _respacket+200,B4 ; |39| 
     328 000001d4 00004000             NOP             3
     329 000001d8 323C22E6     [!B0]   LDW     .D2T2   *+SP(4),B4        ; |47| 
     330                               ; BRANCH OCCURS                   ; |38| 
TMS320C6x COFF Assembler         Version 4.10     Fri Jun 07 17:50:58 2024
Copyright (c) 1996-2001 Texas Instruments Incorporated
temp\interrupt.asm                                                   PAGE    7

     331                    ;** --------------------------------------------------------------------------*
     332 000001dc 0200006A!            MVKH    .S2     _respacket+200,B4 ; |39| 
     333 000001e0 029002E6             LDW     .D2T2   *B4,B5            ; |39| 
     334 000001e4 00006000             NOP             4
     335 000001e8 00140ADA             CMPGT   .L2     B5,0,B0           ; |39| 
     336                    
     337 000001ec 20006629!    [ B0]   MVKL    .S1     _respacket+204,A0 ; |40| 
     338 000001f0 029429C2  ||         SUB     .D2     B5,1,B5           ; |39| 
     339                    
     340 000001f4 20000069!    [ B0]   MVKH    .S1     _respacket+204,A0 ; |40| 
     341 000001f8 029002F6  ||         STW     .D2T2   B5,*B4            ; |39| 
     342                    
     343 000001fc 21800264     [ B0]   LDW     .D1T1   *A0,A3            ; |40| 
     344 00000200 22000028!    [ B0]   MVKL    .S1     _respacket,A4     ; |40| 
     345 00000204 22000068!    [ B0]   MVKH    .S1     _respacket,A4     ; |40| 
     346 00000208 30000228     [!B0]   MVKL    .S1     0x2000004,A0      ; |43| 
     347 0000020c 3200682A!    [!B0]   MVKL    .S2     _respacket+208,B4 ; |44| 
     348 00000210 228C2940     [ B0]   ADD     .D1     1,A3,A5           ; |40| 
     349 00000214 22800274     [ B0]   STW     .D1T1   A5,*A0            ; |40| 
     350                    
     351 00000218 00002011             B       .S1     L6                ; |46| 
     352 0000021c 200C8A24  || [ B0]   LDB     .D1T1   *+A3[A4],A0       ; |40| 
     353                    
     354 00000220 30010068     [!B0]   MVKH    .S1     0x2000004,A0      ; |43| 
     355 00000224 328000AA     [!B0]   MVK     .S2     1,B5              ; |43| 
     356                    
     357 00000228 328428C3     [!B0]   ZERO    .D2     B5                ; |44| 
     358 0000022c 220840FB  || [ B0]   ZERO    .L2     B4                ; |40| 
     359 00000230 3200006B! || [!B0]   MVKH    .S2     _respacket+208,B4 ; |44| 
     360 00000234 32800276  || [!B0]   STW     .D1T2   B5,*A0            ; |43| 
     361                    
     362 00000238 2201006B     [ B0]   MVKH    .S2     0x2000000,B4      ; |40| 
     363 0000023c 329002F6  || [!B0]   STW     .D2T2   B5,*B4            ; |44| 
     364                    
     365 00000240 201002F4     [ B0]   STW     .D2T1   A0,*B4            ; |40| 
     366                               ; BRANCH OCCURS                   ; |46| 
     367                    ;** --------------------------------------------------------------------------*
     368 00000244           L4:    
     369 00000244 00006000             NOP             4
     370 00000248 00118A5A             CMPEQ   .L2     B4,12,B0          ; |47| 
     371 0000024c 30001810     [!B0]   B       .S1     L6                ; |47| 
     372 00000250 00002000             NOP             2
     373 00000254 20000A28     [ B0]   MVKL    .S1     0x2000014,A0      ; |48| 
     374 00000258 20010068     [ B0]   MVKH    .S1     0x2000014,A0      ; |48| 
     375 0000025c 20000264     [ B0]   LDW     .D1T1   *A0,A0            ; |48| 
     376                               ; BRANCH OCCURS                   ; |47| 
     377                    ;** --------------------------------------------------------------------------*
     378 00000260 00006000             NOP             4
     379 00000264 008027A0             AND     .S1     1,A0,A1           ; |48| 
     380 00000268 90001410     [!A1]   B       .S1     L6                ; |48| 
     381 0000026c 00006000             NOP             4
     382 00000270 820008C2     [ A1]   ZERO    .D2     B4                ; |49| 
     383                               ; BRANCH OCCURS                   ; |48| 
     384                    ;*----------------------------------------------------------------------------*
     385                    ;*   SOFTWARE PIPELINE INFORMATION
TMS320C6x COFF Assembler         Version 4.10     Fri Jun 07 17:50:58 2024
Copyright (c) 1996-2001 Texas Instruments Incorporated
temp\interrupt.asm                                                   PAGE    8

     386                    ;*      Disqualified loop: software pipelining disabled
     387                    ;*----------------------------------------------------------------------------*
     388 00000274           L5:    
     389                    
     390 00000274 0201006B             MVKH    .S2     0x2000000,B4      ; |49| 
     391 00000278 00003E28! ||         MVKL    .S1     _compacket+124,A0 ; |49| 
     392                    
     393 00000280 021002E7             LDW     .D2T2   *B4,B4            ; |49| 
     394 00000284 00000068! ||         MVKH    .S1     _compacket+124,A0 ; |49| 
     395                    
     396 00000288 01800264             LDW     .D1T1   *A0,A3            ; |49| 
     397 0000028c 00003E28!            MVKL    .S1     _compacket+124,A0 ; |50| 
     398 00000290 00000068!            MVKH    .S1     _compacket+124,A0 ; |50| 
     399 00000294 00000000             NOP             1
     400 00000298 0213180A             EXTU    .S2     B4,24,24,B4       ; |49| 
     401 0000029c 020C0236             STB     .D1T2   B4,*A3            ; |49| 
     402 000002a0 00000264             LDW     .D1T1   *A0,A0            ; |50| 
     403 000002a4 020031AA!            MVKL    .S2     _compacket+99,B4  ; |50| 
     404 000002a8 0200006A!            MVKH    .S2     _compacket+99,B4  ; |50| 
     405 000002ac 00002000             NOP             2
     406 000002b0 00009A7A             CMPEQ   .L2X    A0,B4,B0          ; |50| 
     407 000002b4 30003E28!    [!B0]   MVKL    .S1     _compacket+124,A0 ; |54| 
     408 000002b8 30000068!    [!B0]   MVKH    .S1     _compacket+124,A0 ; |54| 
     409 000002bc 32000940     [!B0]   MV      .D1     A0,A4             ; |54| 
     410 000002c0 30100264     [!B0]   LDW     .D1T1   *A4,A0            ; |54| 
     411 000002c4 20003E28!    [ B0]   MVKL    .S1     _compacket+124,A0 ; |51| 
     412 000002c8 2200002A!    [ B0]   MVKL    .S2     _compacket,B4     ; |51| 
     413 000002cc 20000068!    [ B0]   MVKH    .S1     _compacket+124,A0 ; |51| 
     414 000002d0 2200006A!    [ B0]   MVKH    .S2     _compacket,B4     ; |51| 
     415                    
     416 000002d4 00000A29             MVKL    .S1     0x2000014,A0      ; |56| 
     417 000002d8 31802059  || [!B0]   ADD     .L1     1,A0,A3           ; |54| 
     418 000002dc 22000276  || [ B0]   STW     .D1T2   B4,*A0            ; |51| 
     419                    
     420 000002e0 00010069             MVKH    .S1     0x2000014,A0      ; |56| 
     421 000002e4 31900274  || [!B0]   STW     .D1T1   A3,*A4            ; |54| 
     422                    
     423 000002e8 00000264             LDW     .D1T1   *A0,A0            ; |56| 
     424 000002ec 00006000             NOP             4
     425 000002f0 008027A0             AND     .S1     1,A0,A1           ; |56| 
     426 000002f4 8FFFF290     [ A1]   B       .S1     L5                ; |56| 
     427 000002f8 00006000             NOP             4
     428 000002fc 820008C2     [ A1]   ZERO    .D2     B4                ; |49| 
     429                               ; BRANCH OCCURS                   ; |56| 
     430                    ;** --------------------------------------------------------------------------*
     431 00000300           L6:    
     432 00000300 00000428             MVKL    .S1     0x2000008,A0      ; |58| 
     433 00000304 00010068             MVKH    .S1     0x2000008,A0      ; |58| 
     434 00000308 00000264             LDW     .D1T1   *A0,A0            ; |58| 
     435 0000030c 00002000             NOP             2
     436                    ;** --------------------------------------------------------------------------*
     437 00000310           L7:    
     438 00000310 00002000             NOP             2
     439 00000314 0001E7A0             AND     .S1     15,A0,A0          ; |58| 
     440 00000318 00802A58             CMPEQ   .L1     A0,1,A1           ; |58| 
TMS320C6x COFF Assembler         Version 4.10     Fri Jun 07 17:50:58 2024
Copyright (c) 1996-2001 Texas Instruments Incorporated
temp\interrupt.asm                                                   PAGE    9

     441 0000031c 9FFFB610     [!A1]   B       .S1     L1                ; |58| 
     442 00000320 003C22F4             STW     .D2T1   A0,*+SP(4)        ; |58| 
     443 00000324 923C22E6     [!A1]   LDW     .D2T2   *+SP(4),B4        ; |26| 
     444 00000328 83BE82E6     [ A1]   LDW     .D2T2   *+SP(80),B7       ; |59| 
     445 0000032c 833E62E6     [ A1]   LDW     .D2T2   *+SP(76),B6       ; |59| 
     446 00000330 82BE42E6     [ A1]   LDW     .D2T2   *+SP(72),B5       ; |59| 
     447                               ; BRANCH OCCURS                   ; |58| 
     448                    ;** --------------------------------------------------------------------------*
     449 00000334 023E22E6             LDW     .D2T2   *+SP(68),B4       ; |59| 
     450                    ;** --------------------------------------------------------------------------*
     451 00000338           L8:    
     452 00000338 01BE02E6             LDW     .D2T2   *+SP(64),B3       ; |59| 
     453 0000033c 013DE2E6             LDW     .D2T2   *+SP(60),B2       ; |59| 
     454 00000340 00BDC2E6             LDW     .D2T2   *+SP(56),B1       ; |59| 
     455 00000344 003DA2E6             LDW     .D2T2   *+SP(52),B0       ; |59| 
     456 00000348 04BD82E4             LDW     .D2T1   *+SP(48),A9       ; |59| 
     457 0000034c 043D62E4             LDW     .D2T1   *+SP(44),A8       ; |59| 
     458 00000350 03BD42E4             LDW     .D2T1   *+SP(40),A7       ; |59| 
     459 00000354 033D22E4             LDW     .D2T1   *+SP(36),A6       ; |59| 
     460 00000358 02BD02E4             LDW     .D2T1   *+SP(32),A5       ; |59| 
     461 0000035c 023CE2E4             LDW     .D2T1   *+SP(28),A4       ; |59| 
     462 00000360 01BCC2E4             LDW     .D2T1   *+SP(24),A3       ; |59| 
     463 00000364 013CA2E4             LDW     .D2T1   *+SP(20),A2       ; |59| 
     464 00000368 00BC82E4             LDW     .D2T1   *+SP(16),A1       ; |59| 
     465 0000036c 003C62E4             LDW     .D2T1   *+SP(12),A0       ; |59| 
     466                    
     467 00000370 001800E3             B       .S2     IRP               ; |59| 
     468 00000374 043EA2E6  ||         LDW     .D2T2   *+SP(84),B8       ; |59| 
     469                    
     470 00000378 04BED2E6             LDW     .D2T2   *++SP(88),B9      ; |59| 
     471 0000037c 00006000             NOP             4
     472                               ; BRANCH OCCURS                   ; |59| 
     473                    
     474                    
     475 00000380                   .sect   ".text"
     476                            .global _ISRtimer0
     477                    
     478                    ;******************************************************************************
     479                    ;* FUNCTION NAME: _ISRtimer0                                                  *
     480                    ;*                                                                            *
     481                    ;*   Regs Modified     : A0,A1,A2,A3,A4,A5,A6,A7,A8,A9,A10,A11,A12,A13,A14,   *
     482                    ;*                           A15,B0,B1,B2,B3,B4,B5,B6,B7,B8,B9,B10,B11,B12,   *
     483                    ;*                           B13,SP                                           *
     484                    ;*   Regs Used         : A0,A1,A2,A3,A4,A5,A6,A7,A8,A9,A10,A11,A12,A13,A14,   *
     485                    ;*                           A15,B0,B1,B2,B3,B4,B5,B6,B7,B8,B9,B10,B11,B12,   *
     486                    ;*                           B13,SP                                           *
     487                    ;*   Local Frame Size  : 0 Args + 16 Auto + 124 Save = 140 byte               *
     488                    ;******************************************************************************
     489 00000380           _ISRtimer0:
     490                    ;** --------------------------------------------------------------------------*
     491 00000380 07FFB852             ADDK    .S2     -144,SP           ; |82| 
     492 00000384 023F62F6             STW     .D2T2   B4,*+SP(108)      ; |82| 
     493 00000388 01BF42F6             STW     .D2T2   B3,*+SP(104)      ; |82| 
     494 0000038c 058022FE             STW     .D2T2   B11,*+SP(136)     ; |82| 
     495 00000390 050021FE             STW     .D2T2   B10,*+SP(132)     ; |82| 
TMS320C6x COFF Assembler         Version 4.10     Fri Jun 07 17:50:58 2024
Copyright (c) 1996-2001 Texas Instruments Incorporated
temp\interrupt.asm                                                   PAGE   10

     496 00000394 048020FE             STW     .D2T2   B9,*+SP(128)      ; |82| 
     497 00000398 043FE2F6             STW     .D2T2   B8,*+SP(124)      ; |82| 
     498 0000039c 03BFC2F6             STW     .D2T2   B7,*+SP(120)      ; |82| 
     499 000003a0 033FA2F6             STW     .D2T2   B6,*+SP(116)      ; |82| 
     500 000003a4 02BF82F6             STW     .D2T2   B5,*+SP(112)      ; |82| 
     501 000003a8 013F22F6             STW     .D2T2   B2,*+SP(100)      ; |82| 
     502 000003ac 00BF02F6             STW     .D2T2   B1,*+SP(96)       ; |82| 
     503 000003b0 003EE2F6             STW     .D2T2   B0,*+SP(92)       ; |82| 
     504 000003b4 07BEC2F4             STW     .D2T1   A15,*+SP(88)      ; |82| 
     505 000003b8 073EA2F4             STW     .D2T1   A14,*+SP(84)      ; |82| 
     506 000003bc 06BE82F4             STW     .D2T1   A13,*+SP(80)      ; |82| 
     507 000003c0 063E62F4             STW     .D2T1   A12,*+SP(76)      ; |82| 
     508 000003c4 05BE42F4             STW     .D2T1   A11,*+SP(72)      ; |82| 
     509 000003c8 053E22F4             STW     .D2T1   A10,*+SP(68)      ; |82| 
     510 000003cc 04BE02F4             STW     .D2T1   A9,*+SP(64)       ; |82| 
     511 000003d0 043DE2F4             STW     .D2T1   A8,*+SP(60)       ; |82| 
     512 000003d4 03BDC2F4             STW     .D2T1   A7,*+SP(56)       ; |82| 
     513 000003d8 033DA2F4             STW     .D2T1   A6,*+SP(52)       ; |82| 
     514                    
     515 000003e0 02BD82F5             STW     .D2T1   A5,*+SP(48)       ; |82| 
     516 000003e4 0200002A! ||         MVKL    .S2     _GetPendulumAngle,B4 ; |86| 
     517                    
     518 000003e8 023D62F5             STW     .D2T1   A4,*+SP(44)       ; |82| 
     519 000003ec 0200006A! ||         MVKH    .S2     _GetPendulumAngle,B4 ; |86| 
     520                    
     521 000003f0 00100363             B       .S2     B4                ; |86| 
     522 000003f4 060023FE  ||         STW     .D2T2   B12,*+SP(140)     ; |82| 
     523                    
     524 000003f8 01BD42F4             STW     .D2T1   A3,*+SP(40)       ; |82| 
     525 000003fc 013D22F4             STW     .D2T1   A2,*+SP(36)       ; |82| 
     526 00000400 00BD02F4             STW     .D2T1   A1,*+SP(32)       ; |82| 
     527                    
     528 00000404 003CE2F5             STW     .D2T1   A0,*+SP(28)       ; |82| 
     529 00000408 01820A2A' ||         MVKL    .S2     RL2,B3            ; |86| 
     530                    
     531 0000040c 0180006B'            MVKH    .S2     RL2,B3            ; |86| 
     532 00000410 068024FE  ||         STW     .D2T2   B13,*+SP(144)     ; |82| 
     533                    
     534 00000414           RL2:       ; CALL OCCURS                     ; |86| 
     535 00000414 00000028!            MVKL    .S1     _GetCartPos,A0    ; |87| 
     536 00000418 00000068!            MVKH    .S1     _GetCartPos,A0    ; |87| 
     537 0000041c 00001362             B       .S2X    A0                ; |87| 
     538 00000420 0200022A-            MVKL    .S2     _y_pend,B4        ; |86| 
     539 00000424 0200006A-            MVKH    .S2     _y_pend,B4        ; |86| 
     540 00000428 01821A2A'            MVKL    .S2     RL4,B3            ; |87| 
     541 0000042c 021002F4             STW     .D2T1   A4,*B4            ; |86| 
     542 00000430 0180006A'            MVKH    .S2     RL4,B3            ; |87| 
     543 00000434           RL4:       ; CALL OCCURS                     ; |87| 
     544 00000434 02000C2A-            MVKL    .S2     _y_cart,B4        ; |87| 
     545 00000438 0280002A!            MVKL    .S2     _R_pend,B5        ; |90| 
     546                    
     547 00000440 0310105B             MV      .L2X    A4,B6             ; |87| 
     548 00000444 0200006B- ||         MVKH    .S2     _y_cart,B4        ; |87| 
     549 00000448 00000228- ||         MVKL    .S1     _y_pend,A0        ; |90| 
     550                    
TMS320C6x COFF Assembler         Version 4.10     Fri Jun 07 17:50:58 2024
Copyright (c) 1996-2001 Texas Instruments Incorporated
temp\interrupt.asm                                                   PAGE   11

     551 0000044c 031002F7             STW     .D2T2   B6,*B4            ; |87| 
     552 00000450 00000069- ||         MVKH    .S1     _y_pend,A0        ; |90| 
     553 00000454 0280006A! ||         MVKH    .S2     _R_pend,B5        ; |90| 
     554                    
     555 00000458 00000265             LDW     .D1T1   *A0,A0            ; |90| 
     556 0000045c 021402E6  ||         LDW     .D2T2   *B5,B4            ; |90| 
     557                    
     558 00000460 028008C0             ZERO    .D1     A5                ; |95| 
     559 00000464 02A09068             MVKH    .S1     0x41200000,A5     ; |95| 
     560 00000468 00002000             NOP             2
     561 0000046c 0280923A             SUBSP   .L2X    B4,A0,B5          ; |90| 
     562 00000470 01800C28-            MVKL    .S1     _y_cart,A3        ; |91| 
     563 00000474 00000428-            MVKL    .S1     _err_pend,A0      ; |90| 
     564                    
     565 00000478 0200002B!            MVKL    .S2     _R_cart,B4        ; |91| 
     566 0000047c 00000068- ||         MVKH    .S1     _err_pend,A0      ; |90| 
     567                    
     568 00000480 01800069-            MVKH    .S1     _y_cart,A3        ; |91| 
     569 00000484 0200006B! ||         MVKH    .S2     _R_cart,B4        ; |91| 
     570 00000488 02800276  ||         STW     .D1T2   B5,*A0            ; |90| 
     571                    
     572 0000048c 000C0265             LDW     .D1T1   *A3,A0            ; |91| 
     573 00000490 021002E6  ||         LDW     .D2T2   *B4,B4            ; |91| 
     574                    
     575 00000494 00006000             NOP             4
     576 00000498 018092B8             SUBSP   .L1X    B4,A0,A3          ; |91| 
     577 0000049c 02000E2A-            MVKL    .S2     _err_cart,B4      ; |91| 
     578 000004a0 00000028!            MVKL    .S1     _mode,A0          ; |94| 
     579 000004a4 0200006A-            MVKH    .S2     _err_cart,B4      ; |91| 
     580                    
     581 000004a8 019002F5             STW     .D2T1   A3,*B4            ; |91| 
     582 000004ac 00000068! ||         MVKH    .S1     _mode,A0          ; |94| 
     583                    
     584 000004b0 00000264             LDW     .D1T1   *A0,A0            ; |94| 
     585 000004b4 00006000             NOP             4
     586 000004b8 00802A58             CMPEQ   .L1     A0,1,A1           ; |94| 
     587 000004bc 90005010     [!A1]   B       .S1     L10               ; |94| 
     588 000004c0 03000428-            MVKL    .S1     _err_pend,A6      ; |95| 
     589 000004c4 03000068-            MVKH    .S1     _err_pend,A6      ; |95| 
     590 000004c8 826666AA     [ A1]   MVKL    .S2     0xbd4ccccd,B4     ; |103| 
     591                    
     592 000004cc 8200122B-    [ A1]   MVKL    .S2     _prevErr_cart,B4  ; |103| 
     593 000004d0 90000029! || [!A1]   MVKL    .S1     _mode,A0          ; |113| 
     594 000004d4 823C62F6  || [ A1]   STW     .D2T2   B4,*+SP(12)       ; |103| 
     595                    
     596 000004e0 8200142B-    [ A1]   MVKL    .S2     _sumErr_cart,B4   ; |103| 
     597 000004e4 90000069! || [!A1]   MVKH    .S1     _mode,A0          ; |113| 
     598 000004e8 823C82F6  || [ A1]   STW     .D2T2   B4,*+SP(16)       ; |103| 
     599                    
     600                               ; BRANCH OCCURS                   ; |94| 
     601                    ;** --------------------------------------------------------------------------*
     602                    
     603 000004ec 025B8BAB             MVKL    .S2     0xb951b717,B4     ; |103| 
     604 000004f0 001011A0  ||         MV      .S1X    B4,A0             ; |103| 
     605                    
TMS320C6x COFF Assembler         Version 4.10     Fri Jun 07 17:50:58 2024
Copyright (c) 1996-2001 Texas Instruments Incorporated
temp\interrupt.asm                                                   PAGE   12

     606 000004f4 023C62E7             LDW     .D2T2   *+SP(12),B4       ; |103| 
     607 000004f8 031001A2  ||         MV      .S2     B4,B6
     608                    
     609 000004fc 07000428-            MVKL    .S1     _err_pend,A14     ; |95| 
     610 00000500 0400042A-            MVKL    .S2     _err_pend,B8      ; |98| 
     611 00000504 03800828-            MVKL    .S1     _prevErr_pend,A7  ; |99| 
     612 00000508 0280082A-            MVKL    .S2     _prevErr_pend,B5  ; |98| 
     613 0000050c 025EA66A             MVKH    .S2     0xbd4ccccd,B4     ; |103| 
     614 00000510 023C62F6             STW     .D2T2   B4,*+SP(12)       ; |103| 
     615 00000514 023C82E6             LDW     .D2T2   *+SP(16),B4       ; |98| 
     616 00000518 05E666A8             MVKL    .S1     0xbe4ccccd,A11    ; |103| 
     617                    
     618 00000520 0580062B-            MVKL    .S2     _u_pend,B11       ; |98| 
     619 00000524 02000A28- ||         MVKL    .S1     _sumErr_pend,A4   ; |97| 
     620                    
     621 00000528 01838A2B'            MVKL    .S2     RL6,B3            ; |108| 
     622 0000052c 01000E28- ||         MVKL    .S1     _err_cart,A2      ; |103| 
     623                    
     624 00000530 04000429-            MVKL    .S1     _err_pend,A8      ; |99| 
     625 00000534 00800E2A- ||         MVKL    .S2     _err_cart,B1      ; |102| 
     626                    
     627 00000538 0200006B-            MVKH    .S2     _prevErr_cart,B4  ; |103| 
     628 0000053c 00800E28- ||         MVKL    .S1     _err_cart,A1      ; |103| 
     629                    
     630 00000540 023C82F7             STW     .D2T2   B4,*+SP(16)       ; |97| 
     631 00000544 05000429- ||         MVKL    .S1     _err_pend,A10     ; |98| 
     632 00000548 0380002A! ||         MVKL    .S2     _PWMOut,B7        ; |108| 
     633                    
     634 0000054c 07980265             LDW     .D1T1   *A6,A15           ; |95| 
     635 00000550 04801029- ||         MVKL    .S1     _u_cart,A9        ; |103| 
     636 00000554 0100122A- ||         MVKL    .S2     _prevErr_cart,B2  ; |104| 
     637                    
     638 00000558 0500102B-            MVKL    .S2     _u_cart,B10       ; |107| 
     639 0000055c 06000E28- ||         MVKL    .S1     _err_cart,A12     ; |104| 
     640                    
     641 00000560 0680042B-            MVKL    .S2     _err_pend,B13     ; |97| 
     642 00000564 06800629- ||         MVKL    .S1     _u_pend,A13       ; |107| 
     643 00000568 060428C2  ||         ZERO    .D2     B12               ; |95| 
     644                    
     645 0000056c 0660906B             MVKH    .S2     0xc1200000,B12    ; |95| 
     646 00000570 07000069- ||         MVKH    .S1     _err_pend,A14     ; |95| 
     647 00000574 048428C2  ||         ZERO    .D2     B9                ; |98| 
     648                    
     649 00000578 03800069-            MVKH    .S1     _prevErr_pend,A7  ; |99| 
     650 0000057c 04A0D06A  ||         MVKH    .S2     0x41a00000,B9     ; |98| 
     651                    
     652 00000580 0295EE61             CMPGTSP .S1     A15,A5,A5         ; |95| 
     653 00000584 0400006A- ||         MVKH    .S2     _err_pend,B8      ; |98| 
     654                    
     655 00000588 00143DDB             XOR     .L2X    1,A5,B0           ; |95| 
     656 0000058c 0280006B- ||         MVKH    .S2     _prevErr_pend,B5  ; |98| 
     657 00000590 05DF2668  ||         MVKH    .S1     0xbe4ccccd,A11    ; |103| 
     658                    
     659 00000594 22B80265     [ B0]   LDW     .D1T1   *A14,A5           ; |95| 
     660 00000598 0580006B- ||         MVKH    .S2     _u_pend,B11       ; |98| 
TMS320C6x COFF Assembler         Version 4.10     Fri Jun 07 17:50:58 2024
Copyright (c) 1996-2001 Texas Instruments Incorporated
temp\interrupt.asm                                                   PAGE   13

     661 0000059c 02000068- ||         MVKH    .S1     _sumErr_pend,A4   ; |97| 
     662                    
     663 000005a0 0180006B'            MVKH    .S2     RL6,B3            ; |108| 
     664 000005a4 01000068- ||         MVKH    .S1     _err_cart,A2      ; |103| 
     665                    
     666 000005a8 04000069-            MVKH    .S1     _err_pend,A8      ; |99| 
     667 000005ac 0080006A- ||         MVKH    .S2     _err_cart,B1      ; |102| 
     668                    
     669 000005b0 0380006B!            MVKH    .S2     _PWMOut,B7        ; |108| 
     670 000005b4 00800068- ||         MVKH    .S1     _err_cart,A1      ; |103| 
     671                    
     672 000005b8 05000069-            MVKH    .S1     _err_pend,A10     ; |98| 
     673 000005bc 0100006A- ||         MVKH    .S2     _prevErr_cart,B2  ; |104| 
     674                    
     675 000005c0 26159E63     [ B0]   CMPLTSP .S2X    A5,B12,B12        ; |95| 
     676 000005c4 04800068- ||         MVKH    .S1     _u_cart,A9        ; |103| 
     677                    
     678 000005c8 20302DDB     [ B0]   XOR     .L2     1,B12,B0          ; |95| 
     679 000005cc 0500006B- ||         MVKH    .S2     _u_cart,B10       ; |107| 
     680 000005d0 06000068- ||         MVKH    .S1     _err_cart,A12     ; |104| 
     681                    
     682 000005d4 30002B11     [!B0]   B       .S1     L9                ; |95| 
     683 000005d8 0200105B  ||         MV      .L2X    A0,B4             ; |98| 
     684 000005dc 035CA8EA  ||         MVKH    .S2     0xb951b717,B6     ; |103| 
     685                    
     686 000005e0 0200006B-            MVKH    .S2     _sumErr_cart,B4   ; |103| 
     687 000005e4 06800068- ||         MVKH    .S1     _u_pend,A13       ; |107| 
     688                    
     689 000005e8 0200142B-            MVKL    .S2     _sumErr_cart,B4   ; |102| 
     690 000005ec 00101059  ||         MV      .L1X    B4,A0             ; |103| 
     691 000005f0 03000A28- ||         MVKL    .S1     _sumErr_pend,A6   ; |98| 
     692                    
     693 00000600 03000069-            MVKH    .S1     _sumErr_pend,A6   ; |98| 
     694 00000604 0200006B- ||         MVKH    .S2     _sumErr_cart,B4   ; |102| 
     695 00000608 030428C3  ||         ZERO    .D2     B6                ; |98| 
     696 0000060c 01981058  ||         MV      .L1X    B6,A3             ; |99| 
     697                    
     698 00000610 02340943             MV      .D2     B13,B4            ; |102| 
     699 00000614 02901059  ||         MV      .L1X    B4,A5             ; |102| 
     700 00000618 07AE14A9  ||         MVKL    .S1     0x3e0f5c29,A15    ; |98| 
     701 0000061c 0320906A  ||         MVKH    .S2     0x41200000,B6     ; |98| 
     702                    
     703 00000620 0200006B-            MVKH    .S2     _err_pend,B4      ; |97| 
     704 00000624 079F07E8  ||         MVKH    .S1     0x3e0f5c29,A15    ; |98| 
     705                    
     706                               ; BRANCH OCCURS                   ; |95| 
     707                    ;** --------------------------------------------------------------------------*
     708                    
     709 00000628 021002E7             LDW     .D2T2   *B4,B4            ; |97| 
     710 0000062c 07100264  ||         LDW     .D1T1   *A4,A14           ; |97| 
     711                    
     712 00000630 00006000             NOP             4
     713 00000634 0711D218             ADDSP   .L1X    B4,A14,A14        ; |97| 
     714 00000638 00004000             NOP             3
     715 0000063c 07100274             STW     .D1T1   A14,*A4           ; |97| 
TMS320C6x COFF Assembler         Version 4.10     Fri Jun 07 17:50:58 2024
Copyright (c) 1996-2001 Texas Instruments Incorporated
temp\interrupt.asm                                                   PAGE   14

     716                    
     717 00000640 03180265             LDW     .D1T1   *A6,A6            ; |98| 
     718 00000644 029402E6  ||         LDW     .D2T2   *B5,B5            ; |98| 
     719                    
     720 00000648 02280265             LDW     .D1T1   *A10,A4           ; |98| 
     721 0000064c 022002E6  ||         LDW     .D2T2   *B8,B4            ; |98| 
     722                    
     723 00000650 00006000             NOP             4
     724                    
     725 00000654 023CCE01             MPYSP   .M1     A6,A15,A4         ; |98| 
     726 00000658 02248E03  ||         MPYSP   .M2     B4,B9,B4          ; |98| 
     727 0000065c 029492BA  ||         SUBSP   .L2X    A4,B5,B5          ; |98| 
     728                    
     729 00000660 00004000             NOP             3
     730                    
     731 00000664 0210921B             ADDSP   .L2X    A4,B4,B4          ; |98| 
     732 00000668 0298AE02  ||         MPYSP   .M2     B5,B6,B5          ; |98| 
     733                    
     734 0000066c 00004000             NOP             3
     735 00000670 0210A21A             ADDSP   .L2     B5,B4,B4          ; |98| 
     736 00000674 00004000             NOP             3
     737 00000678 022C02F6             STW     .D2T2   B4,*B11           ; |98| 
     738 0000067c 02200264             LDW     .D1T1   *A8,A4            ; |99| 
     739 00000680 00006000             NOP             4
     740 00000684 021C0274             STW     .D1T1   A4,*A7            ; |99| 
     741                    
     742 00000688 020402E7             LDW     .D2T2   *B1,B4            ; |102| 
     743 0000068c 02140264  ||         LDW     .D1T1   *A5,A4            ; |102| 
     744                    
     745 00000690 00006000             NOP             4
     746 00000694 02109218             ADDSP   .L1X    B4,A4,A4          ; |102| 
     747 00000698 020011A2             MV      .S2X    A0,B4             ; |102| 
     748 0000069c 00002000             NOP             2
     749 000006a0 02140274             STW     .D1T1   A4,*A5            ; |102| 
     750 000006a4 02BC82E6             LDW     .D2T2   *+SP(16),B5       ; |103| 
     751 000006a8 00040264             LDW     .D1T1   *A1,A0            ; |103| 
     752 000006ac 021002E6             LDW     .D2T2   *B4,B4            ; |103| 
     753 000006b0 02080264             LDW     .D1T1   *A2,A4            ; |103| 
     754 000006b4 033C62E6             LDW     .D2T2   *+SP(12),B6
     755 000006b8 029402E6             LDW     .D2T2   *B5,B5            ; |103| 
     756 000006bc 00006000             NOP             4
     757 000006c0 029412BA             SUBSP   .L2X    A0,B5,B5          ; |103| 
     758                    
     759 000006c4 002C8E01             MPYSP   .M1     A4,A11,A0         ; |103| 
     760 000006c8 020C9E02  ||         MPYSP   .M2X    B4,A3,B4
     761                    
     762 000006cc 00004000             NOP             3
     763                    
     764 000006d0 0218AE03             MPYSP   .M2     B5,B6,B4          ; |103| 
     765 000006d4 00101218  ||         ADDSP   .L1X    B4,A0,A0          ; |103| 
     766                    
     767 000006d8 00004000             NOP             3
     768 000006dc 00101218             ADDSP   .L1X    B4,A0,A0          ; |103| 
     769 000006e0 00004000             NOP             3
     770 000006e4 00240274             STW     .D1T1   A0,*A9            ; |103| 
TMS320C6x COFF Assembler         Version 4.10     Fri Jun 07 17:50:58 2024
Copyright (c) 1996-2001 Texas Instruments Incorporated
temp\interrupt.asm                                                   PAGE   15

     771 000006e8 02300266             LDW     .D1T2   *A12,B4           ; |104| 
     772 000006ec 00006000             NOP             4
     773 000006f0 020802F6             STW     .D2T2   B4,*B2            ; |104| 
     774                    
     775 000006f4 00340265             LDW     .D1T1   *A13,A0           ; |107| 
     776 000006f8 022802E6  ||         LDW     .D2T2   *B10,B4           ; |107| 
     777                    
     778 000006fc 00004000             NOP             3
     779 00000700 001C0362             B       .S2     B7                ; |108| 
     780 00000704 0200921A             ADDSP   .L2X    B4,A0,B4          ; |107| 
     781 00000708 00004000             NOP             3
     782                    
     783 0000070c 023C22F7             STW     .D2T2   B4,*+SP(4)        ; |107| 
     784 00000710 021011A0  ||         MV      .S1X    B4,A4             ; |107| 
     785                    
     786 00000714           RL6:       ; CALL OCCURS                     ; |108| 
     787 00000714 023C42F4             STW     .D2T1   A4,*+SP(8)        ; |108| 
     788                    ;** --------------------------------------------------------------------------*
     789 00000718           L9:    
     790 00000718 00000028!            MVKL    .S1     _mode,A0          ; |113| 
     791 0000071c 00000068!            MVKH    .S1     _mode,A0          ; |113| 
     792                    ;** --------------------------------------------------------------------------*
     793 00000720           L10:    
     794 00000720 00800264             LDW     .D1T1   *A0,A1            ; |113| 
     795 00000724 00006000             NOP             4
     796 00000728 80000590     [ A1]   B       .S1     L11               ; |113| 
     797 0000072c 0183A42A'            MVKL    .S2     RL8,B3            ; |114| 
     798 00000730 0200002A!            MVKL    .S2     _SwingUpControl,B4 ; |114| 
     799 00000734 0180006A'            MVKH    .S2     RL8,B3            ; |114| 
     800 00000738 0200006A!            MVKH    .S2     _SwingUpControl,B4 ; |114| 
     801 0000073c 8200042A-    [ A1]   MVKL    .S2     _err_pend,B4      ; |118| 
     802                               ; BRANCH OCCURS                   ; |113| 
     803                    ;** --------------------------------------------------------------------------*
     804 00000740 00100362             B       .S2     B4                ; |114| 
     805 00000744 00008000             NOP             5
     806 00000748           RL8:       ; CALL OCCURS                     ; |114| 
     807 00000748 0200042A-            MVKL    .S2     _err_pend,B4      ; |118| 
     808                    ;** --------------------------------------------------------------------------*
     809 0000074c           L11:    
     810 0000074c 0280002A!            MVKL    .S2     _UMAddData,B5     ; |118| 
     811 00000750 0380002A!            MVKL    .S2     _R_pend,B7        ; |118| 
     812 00000754 0200006A-            MVKH    .S2     _err_pend,B4      ; |118| 
     813 00000758 0280006A!            MVKH    .S2     _UMAddData,B5     ; |118| 
     814                    
     815 00000760 033C42E7             LDW     .D2T2   *+SP(8),B6        ; |118| 
     816 00000764 0380006B! ||         MVKH    .S2     _R_pend,B7        ; |118| 
     817 00000768 00000E28- ||         MVKL    .S1     _err_cart,A0      ; |118| 
     818                    
     819 0000076c 00140363             B       .S2     B5                ; |118| 
     820 00000770 031002E5  ||         LDW     .D2T1   *B4,A6            ; |118| 
     821 00000774 00000068- ||         MVKH    .S1     _err_cart,A0      ; |118| 
     822                    
     823 00000778 02000267             LDW     .D1T2   *A0,B4            ; |118| 
     824 0000077c 021C02E4  ||         LDW     .D2T1   *B7,A4            ; |118| 
     825                    
TMS320C6x COFF Assembler         Version 4.10     Fri Jun 07 17:50:58 2024
Copyright (c) 1996-2001 Texas Instruments Incorporated
temp\interrupt.asm                                                   PAGE   16

     826 00000780 0183C62A'            MVKL    .S2     RL10,B3           ; |118| 
     827 00000784 0180006A'            MVKH    .S2     RL10,B3           ; |118| 
     828 00000788 00002000             NOP             2
     829 0000078c           RL10:      ; CALL OCCURS                     ; |118| 
     830 0000078c 00000028!            MVKL    .S1     _TINTCnt,A0       ; |121| 
     831 00000790 00000068!            MVKH    .S1     _TINTCnt,A0       ; |121| 
     832 00000794 01800264             LDW     .D1T1   *A0,A3            ; |121| 
     833 00000798 020000AA             MVK     .S2     1,B4              ; |122| 
     834 0000079c 00004000             NOP             3
     835                    
     836 000007a0 01800029-            MVKL    .S1     _TFlag,A3         ; |122| 
     837 000007a4 020C2940  ||         ADD     .D1     1,A3,A4           ; |121| 
     838                    
     839 000007a8 02000275             STW     .D1T1   A4,*A0            ; |121| 
     840 000007ac 01800068- ||         MVKH    .S1     _TFlag,A3         ; |122| 
     841                    
     842 000007b0 020C0276             STW     .D1T2   B4,*A3            ; |122| 
     843 000007b4 068024EE             LDW     .D2T2   *+SP(144),B13     ; |123| 
     844 000007b8 060023EE             LDW     .D2T2   *+SP(140),B12     ; |123| 
     845 000007bc 058022EE             LDW     .D2T2   *+SP(136),B11     ; |123| 
     846 000007c0 050021EE             LDW     .D2T2   *+SP(132),B10     ; |123| 
     847 000007c4 048020EE             LDW     .D2T2   *+SP(128),B9      ; |123| 
     848 000007c8 043FE2E6             LDW     .D2T2   *+SP(124),B8      ; |123| 
     849 000007cc 013F22E6             LDW     .D2T2   *+SP(100),B2      ; |123| 
     850 000007d0 00BF02E6             LDW     .D2T2   *+SP(96),B1       ; |123| 
     851 000007d4 003EE2E6             LDW     .D2T2   *+SP(92),B0       ; |123| 
     852 000007d8 07BEC2E4             LDW     .D2T1   *+SP(88),A15      ; |123| 
     853 000007dc 073EA2E4             LDW     .D2T1   *+SP(84),A14      ; |123| 
     854 000007e0 06BE82E4             LDW     .D2T1   *+SP(80),A13      ; |123| 
     855 000007e4 063E62E4             LDW     .D2T1   *+SP(76),A12      ; |123| 
     856 000007e8 05BE42E4             LDW     .D2T1   *+SP(72),A11      ; |123| 
     857 000007ec 053E22E4             LDW     .D2T1   *+SP(68),A10      ; |123| 
     858 000007f0 04BE02E4             LDW     .D2T1   *+SP(64),A9       ; |123| 
     859 000007f4 043DE2E4             LDW     .D2T1   *+SP(60),A8       ; |123| 
     860 000007f8 03BDC2E4             LDW     .D2T1   *+SP(56),A7       ; |123| 
     861 000007fc 02BD82E4             LDW     .D2T1   *+SP(48),A5       ; |123| 
     862 00000800 013D22E4             LDW     .D2T1   *+SP(36),A2       ; |123| 
     863 00000804 00BD02E4             LDW     .D2T1   *+SP(32),A1       ; |123| 
     864 00000808 03BFC2E6             LDW     .D2T2   *+SP(120),B7      ; |123| 
     865 0000080c 02BF82E6             LDW     .D2T2   *+SP(112),B5      ; |123| 
     866 00000810 01BF42E6             LDW     .D2T2   *+SP(104),B3      ; |123| 
     867 00000814 033FA2E6             LDW     .D2T2   *+SP(116),B6      ; |123| 
     868 00000818 033DA2E4             LDW     .D2T1   *+SP(52),A6       ; |123| 
     869 0000081c 003CE2E4             LDW     .D2T1   *+SP(28),A0       ; |123| 
     870 00000820 023D62E4             LDW     .D2T1   *+SP(44),A4       ; |123| 
     871                    
     872 00000824 001800E3             B       .S2     IRP               ; |123| 
     873 00000828 023F62E6  ||         LDW     .D2T2   *+SP(108),B4      ; |123| 
     874                    
     875 0000082c 01BD42E4             LDW     .D2T1   *+SP(40),A3       ; |123| 
     876 00000830 07804852             ADDK    .S2     144,SP            ; |123| 
     877 00000834 00004000             NOP             3
     878                               ; BRANCH OCCURS                   ; |123| 
     879                    
     880                    
TMS320C6x COFF Assembler         Version 4.10     Fri Jun 07 17:50:58 2024
Copyright (c) 1996-2001 Texas Instruments Incorporated
temp\interrupt.asm                                                   PAGE   17

     881                    ;******************************************************************************
     882                    ;* UNDEFINED EXTERNAL REFERENCES                                              *
     883                    ;******************************************************************************
     884                            .global _SendByte
     885                            .global _PWMOut
     886                            .global _GetPendulumAngle
     887                            .global _GetCartPos
     888                            .global _SwingUpControl
     889                            .global _UMAddData
     890                            .global _compacket
     891                            .global _respacket
     892                            .global _TINTCnt
     893                            .global _R_pend
     894                            .global _R_cart
     895                            .global _mode

No Assembly Errors, No Assembly Warnings
