TMS320C6x COFF Assembler         Version 4.10     Thu Jun 06 13:48:57 2024
Copyright (c) 1996-2001 Texas Instruments Incorporated
temp\interrupt.asm                                                   PAGE    1

       1                    ;******************************************************************************
       2                    ;* TMS320C6x ANSI C Codegen                                      Version 4.10 *
       3                    ;* Date/Time created: Thu Jun 06 13:48:57 2024                                *
       4                    ;******************************************************************************
       5                    
       6                    ;******************************************************************************
       7                    ;* GLOBAL FILE PARAMETERS                                                     *
       8                    ;*                                                                            *
       9                    ;*   Architecture      : TMS320C670x                                          *
      10                    ;*   Optimization      : Disabled                                             *
      11                    ;*   Optimizing for    : Compile time, Ease of Development                    *
      12                    ;*                       Based on options: no -o, no -ms                      *
      13                    ;*   Endian            : Little                                               *
      14                    ;*   Interrupt Thrshld : Disabled                                             *
      15                    ;*   Memory Model      : Large                                                *
      16                    ;*   Calls to RTS      : Far                                                  *
      17                    ;*   Pipelining        : Disabled                                             *
      18                    ;*   Memory Aliases    : Presume are aliases (pessimistic)                    *
      19                    ;*   Debug Info        : No Debug Info                                        *
      20                    ;*                                                                            *
      21                    ;******************************************************************************
      22                    
      23                            .asg    A15, FP
      24                            .asg    B14, DP
      25                            .asg    B15, SP
      26                            .global $bss
      27                    
      28                    
      29 00000000                   .sect   ".cinit"
      30                            .align  8
      31 00000000 00000004          .field          4,32
      32 00000004 00000000-         .field          _TFlag+0,32
      33 00000008 00000000          .field          0,32                    ; _TFlag @ 0
      34 00000000                   .sect   ".text"
      35                            .global _TFlag
      36 00000000           _TFlag: .usect  .far,4,4
      37                    
      38 0000000c                   .sect   ".cinit"
      39                            .align  8
      40 00000010 00000004          .field          4,32
      41 00000014 00000004-         .field          _cnt1K$1+0,32
      42 00000018 00000000          .field          0,32                    ; _cnt1K$1 @ 0
      43 00000000                   .sect   ".text"
      44 00000004           _cnt1K$1:       .usect  .far,4,4
      45 00000008           _cnt$2: .usect  .far,4,4
      46 0000000c           _mmag$3:        .usect  .far,4,4
      47                    ;       acp6x -q -D_FAR_RTS=1 --large_model=3 --version=6701 -m --i_output_file C:\Users\opqrs\AppData
      48 00000000                   .sect   ".text"
      49                            .global _ISRextint4
      50                    
      51                    ;******************************************************************************
      52                    ;* FUNCTION NAME: _ISRextint4                                                 *
      53                    ;*                                                                            *
      54                    ;*   Regs Modified     :                                                      *
      55                    ;*   Regs Used         :                                                      *
TMS320C6x COFF Assembler         Version 4.10     Thu Jun 06 13:48:57 2024
Copyright (c) 1996-2001 Texas Instruments Incorporated
temp\interrupt.asm                                                   PAGE    2

      56                    ;*   Local Frame Size  : 0 Args + 0 Auto + 0 Save = 0 byte                    *
      57                    ;******************************************************************************
      58 00000000           _ISRextint4:
      59                    ;** --------------------------------------------------------------------------*
      60 00000000 001800E2             B       .S2     IRP               ; |11| 
      61 00000004 00008000             NOP             5
      62                               ; BRANCH OCCURS                   ; |11| 
      63                    
      64                    
      65 00000008                   .sect   ".text"
      66                            .global _ISRextint5
      67                    
      68                    ;******************************************************************************
      69                    ;* FUNCTION NAME: _ISRextint5                                                 *
      70                    ;*                                                                            *
      71                    ;*   Regs Modified     :                                                      *
      72                    ;*   Regs Used         :                                                      *
      73                    ;*   Local Frame Size  : 0 Args + 0 Auto + 0 Save = 0 byte                    *
      74                    ;******************************************************************************
      75 00000008           _ISRextint5:
      76                    ;** --------------------------------------------------------------------------*
      77 00000008 001800E2             B       .S2     IRP               ; |17| 
      78 0000000c 00008000             NOP             5
      79                               ; BRANCH OCCURS                   ; |17| 
      80                    
      81                    
      82 00000010                   .sect   ".text"
      83                            .global _c_int08
      84                    
      85                    ;******************************************************************************
      86                    ;* FUNCTION NAME: _c_int08                                                    *
      87                    ;*                                                                            *
      88                    ;*   Regs Modified     :                                                      *
      89                    ;*   Regs Used         :                                                      *
      90                    ;*   Local Frame Size  : 0 Args + 0 Auto + 0 Save = 0 byte                    *
      91                    ;******************************************************************************
      92 00000010           _c_int08:
      93                    ;** --------------------------------------------------------------------------*
      94 00000010 001800E2             B       .S2     IRP               ; |29| 
      95 00000014 00008000             NOP             5
      96                               ; BRANCH OCCURS                   ; |29| 
      97                    
      98                    
      99 00000018                   .sect   ".text"
     100                            .global _c_int09
     101                    
     102                    ;******************************************************************************
     103                    ;* FUNCTION NAME: _c_int09                                                    *
     104                    ;*                                                                            *
     105                    ;*   Regs Modified     :                                                      *
     106                    ;*   Regs Used         :                                                      *
     107                    ;*   Local Frame Size  : 0 Args + 0 Auto + 0 Save = 0 byte                    *
     108                    ;******************************************************************************
     109 00000018           _c_int09:
     110                    ;** --------------------------------------------------------------------------*
TMS320C6x COFF Assembler         Version 4.10     Thu Jun 06 13:48:57 2024
Copyright (c) 1996-2001 Texas Instruments Incorporated
temp\interrupt.asm                                                   PAGE    3

     111 00000018 001800E2             B       .S2     IRP               ; |35| 
     112 0000001c 00008000             NOP             5
     113                               ; BRANCH OCCURS                   ; |35| 
     114                    
     115                    
     116 00000020                   .sect   ".text"
     117                            .global _ISRNMI
     118                    
     119                    ;******************************************************************************
     120                    ;* FUNCTION NAME: _ISRNMI                                                     *
     121                    ;*                                                                            *
     122                    ;*   Regs Modified     :                                                      *
     123                    ;*   Regs Used         :                                                      *
     124                    ;*   Local Frame Size  : 0 Args + 0 Auto + 0 Save = 0 byte                    *
     125                    ;******************************************************************************
     126 00000020           _ISRNMI:
     127                    ;** --------------------------------------------------------------------------*
     128 00000020 001800E2             B       .S2     IRP               ; |19| 
     129 00000024 00008000             NOP             5
     130                               ; BRANCH OCCURS                   ; |19| 
     131                    
     132                    
     133 00000028                   .sect   ".text"
     134                            .global _ISRextint6
     135                    
     136                    ;******************************************************************************
     137                    ;* FUNCTION NAME: _ISRextint6                                                 *
     138                    ;*                                                                            *
     139                    ;*   Regs Modified     : A0,A1,A2,A3,A4,A5,A6,A7,A8,A9,B0,B1,B2,B3,B4,B5,B6,  *
     140                    ;*                           B7,B8,B9,SP                                      *
     141                    ;*   Regs Used         : A0,A1,A2,A3,A4,A5,A6,A7,A8,A9,B0,B1,B2,B3,B4,B5,B6,  *
     142                    ;*                           B7,B8,B9,SP                                      *
     143                    ;*   Local Frame Size  : 0 Args + 4 Auto + 84 Save = 88 byte                  *
     144                    ;******************************************************************************
     145 00000028           _ISRextint6:
     146                    ;** --------------------------------------------------------------------------*
     147 00000028 04BED4F6             STW     .D2T2   B9,*SP--(88)      ; |22| 
     148 0000002c 003C62F4             STW     .D2T1   A0,*+SP(12)       ; |22| 
     149 00000030 03BE82F6             STW     .D2T2   B7,*+SP(80)       ; |22| 
     150 00000034 033E62F6             STW     .D2T2   B6,*+SP(76)       ; |22| 
     151 00000038 02BE42F6             STW     .D2T2   B5,*+SP(72)       ; |22| 
     152 0000003c 023E22F6             STW     .D2T2   B4,*+SP(68)       ; |22| 
     153 00000040 01BE02F6             STW     .D2T2   B3,*+SP(64)       ; |22| 
     154 00000044 013DE2F6             STW     .D2T2   B2,*+SP(60)       ; |22| 
     155 00000048 00BDC2F6             STW     .D2T2   B1,*+SP(56)       ; |22| 
     156 0000004c 003DA2F6             STW     .D2T2   B0,*+SP(52)       ; |22| 
     157 00000050 04BD82F4             STW     .D2T1   A9,*+SP(48)       ; |22| 
     158 00000054 043D62F4             STW     .D2T1   A8,*+SP(44)       ; |22| 
     159 00000058 03BD42F4             STW     .D2T1   A7,*+SP(40)       ; |22| 
     160 0000005c 033D22F4             STW     .D2T1   A6,*+SP(36)       ; |22| 
     161 00000060 02BD02F4             STW     .D2T1   A5,*+SP(32)       ; |22| 
     162 00000064 023CE2F4             STW     .D2T1   A4,*+SP(28)       ; |22| 
     163 00000068 01BCC2F4             STW     .D2T1   A3,*+SP(24)       ; |22| 
     164 0000006c 013CA2F4             STW     .D2T1   A2,*+SP(20)       ; |22| 
     165                    
TMS320C6x COFF Assembler         Version 4.10     Thu Jun 06 13:48:57 2024
Copyright (c) 1996-2001 Texas Instruments Incorporated
temp\interrupt.asm                                                   PAGE    4

     166 00000070 00BC82F5             STW     .D2T1   A1,*+SP(16)       ; |22| 
     167 00000074 00000428  ||         MVKL    .S1     0x2000008,A0      ; |25| 
     168                    
     169 00000078 00010069             MVKH    .S1     0x2000008,A0      ; |25| 
     170 0000007c 043EA2F6  ||         STW     .D2T2   B8,*+SP(84)       ; |22| 
     171                    
     172 00000080 00000264             LDW     .D1T1   *A0,A0            ; |25| 
     173 00000084 00006000             NOP             4
     174 00000088 0001E7A0             AND     .S1     15,A0,A0          ; |25| 
     175 0000008c 00802A58             CMPEQ   .L1     A0,1,A1           ; |25| 
     176 00000090 80005710     [ A1]   B       .S1     L8                ; |25| 
     177 00000094 003C22F4             STW     .D2T1   A0,*+SP(4)        ; |25| 
     178 00000098 83BE82E6     [ A1]   LDW     .D2T2   *+SP(80),B7       ; |59| 
     179 0000009c 833E62E6     [ A1]   LDW     .D2T2   *+SP(76),B6       ; |59| 
     180 000000a0 82BE42E6     [ A1]   LDW     .D2T2   *+SP(72),B5       ; |59| 
     181 000000a4 823E22E6     [ A1]   LDW     .D2T2   *+SP(68),B4       ; |59| 
     182                               ; BRANCH OCCURS                   ; |25| 
     183                    ;** --------------------------------------------------------------------------*
     184 000000a8 023C22E6             LDW     .D2T2   *+SP(4),B4        ; |26| 
     185 000000ac 00004000             NOP             3
     186                    ;** --------------------------------------------------------------------------*
     187                    ;**   BEGIN LOOP L1
     188                    ;** --------------------------------------------------------------------------*
     189 000000b0           L1:    
     190 000000b0 00000000             NOP             1
     191 000000b4 00108A5A             CMPEQ   .L2     B4,4,B0           ; |26| 
     192 000000b8 30002510     [!B0]   B       .S1     L3                ; |26| 
     193                    
     194 000000c0 323C22E7     [!B0]   LDW     .D2T2   *+SP(4),B4        ; |38| 
     195 000000c4 20000A28  || [ B0]   MVKL    .S1     0x2000014,A0      ; |27| 
     196                    
     197 000000c8 20010068     [ B0]   MVKH    .S1     0x2000014,A0      ; |27| 
     198 000000cc 20000264     [ B0]   LDW     .D1T1   *A0,A0            ; |27| 
     199 000000d0 00002000             NOP             2
     200                               ; BRANCH OCCURS                   ; |26| 
     201                    ;** --------------------------------------------------------------------------*
     202 000000d4 00002000             NOP             2
     203 000000d8 008027A0             AND     .S1     1,A0,A1           ; |27| 
     204 000000dc 90004A10     [!A1]   B       .S1     L7                ; |27| 
     205 000000e0 90000428     [!A1]   MVKL    .S1     0x2000008,A0      ; |58| 
     206 000000e4 90010068     [!A1]   MVKH    .S1     0x2000008,A0      ; |58| 
     207                    
     208 000000e8 820428C3     [ A1]   ZERO    .D2     B4                ; |28| 
     209 000000ec 82803E2B! || [ A1]   MVKL    .S2     _compacket+124,B5 ; |28| 
     210 000000f0 90000264  || [!A1]   LDW     .D1T1   *A0,A0            ; |58| 
     211                    
     212 000000f4 8201006A     [ A1]   MVKH    .S2     0x2000000,B4      ; |28| 
     213                    
     214 000000f8 8280006B!    [ A1]   MVKH    .S2     _compacket+124,B5 ; |28| 
     215 000000fc 821002E6  || [ A1]   LDW     .D2T2   *B4,B4            ; |28| 
     216                    
     217                               ; BRANCH OCCURS                   ; |27| 
     218                    ;** --------------------------------------------------------------------------*
     219 00000100 029402E6             LDW     .D2T2   *B5,B5            ; |28| 
     220 00000104 00000000             NOP             1
TMS320C6x COFF Assembler         Version 4.10     Thu Jun 06 13:48:57 2024
Copyright (c) 1996-2001 Texas Instruments Incorporated
temp\interrupt.asm                                                   PAGE    5

     221                    ;*----------------------------------------------------------------------------*
     222                    ;*   SOFTWARE PIPELINE INFORMATION
     223                    ;*      Disqualified loop: software pipelining disabled
     224                    ;*----------------------------------------------------------------------------*
     225 00000108           L2:    
     226 00000108 00003E28!            MVKL    .S1     _compacket+124,A0 ; |29| 
     227 0000010c 00000068!            MVKH    .S1     _compacket+124,A0 ; |29| 
     228 00000110 0213180A             EXTU    .S2     B4,24,24,B4       ; |28| 
     229 00000114 021402B6             STB     .D2T2   B4,*B5            ; |28| 
     230 00000118 01800264             LDW     .D1T1   *A0,A3            ; |29| 
     231 0000011c 00000028!            MVKL    .S1     _SendByte,A0      ; |29| 
     232 00000120 00000068!            MVKH    .S1     _SendByte,A0      ; |29| 
     233 00000124 01809C2A'            MVKL    .S2     RL0,B3            ; |29| 
     234 00000128 00001362             B       .S2X    A0                ; |29| 
     235 0000012c 020C0224             LDB     .D1T1   *A3,A4            ; |29| 
     236 00000130 0180006A'            MVKH    .S2     RL0,B3            ; |29| 
     237 00000134 00004000             NOP             3
     238 00000138           RL0:       ; CALL OCCURS                     ; |29| 
     239 00000138 02003E2A!            MVKL    .S2     _compacket+124,B4 ; |30| 
     240 0000013c 0200006A!            MVKH    .S2     _compacket+124,B4 ; |30| 
     241 00000140 021002E6             LDW     .D2T2   *B4,B4            ; |30| 
     242 00000144 000031A8!            MVKL    .S1     _compacket+99,A0  ; |30| 
     243 00000148 00000068!            MVKH    .S1     _compacket+99,A0  ; |30| 
     244 0000014c 00002000             NOP             2
     245 00000150 00901A78             CMPEQ   .L1X    B4,A0,A1          ; |30| 
     246 00000154 92003E2A!    [!A1]   MVKL    .S2     _compacket+124,B4 ; |34| 
     247 00000158 9200006A!    [!A1]   MVKH    .S2     _compacket+124,B4 ; |34| 
     248 0000015c 929002E6     [!A1]   LDW     .D2T2   *B4,B5            ; |34| 
     249 00000160 82003E2A!    [ A1]   MVKL    .S2     _compacket+124,B4 ; |31| 
     250 00000164 80000028!    [ A1]   MVKL    .S1     _compacket,A0     ; |31| 
     251 00000168 8200006A!    [ A1]   MVKH    .S2     _compacket+124,B4 ; |31| 
     252 0000016c 80000068!    [ A1]   MVKH    .S1     _compacket,A0     ; |31| 
     253                    
     254 00000170 02800A2B             MVKL    .S2     0x2000014,B5      ; |36| 
     255 00000174 93142942  || [!A1]   ADD     .D2     1,B5,B6           ; |34| 
     256                    
     257 00000178 931002F6     [!A1]   STW     .D2T2   B6,*B4            ; |34| 
     258                    
     259 00000180 801002F5     [ A1]   STW     .D2T1   A0,*B4            ; |31| 
     260 00000184 0281006A  ||         MVKH    .S2     0x2000014,B5      ; |36| 
     261                    
     262 00000188 021402E6             LDW     .D2T2   *B5,B4            ; |36| 
     263 0000018c 00006000             NOP             4
     264 00000190 001027A2             AND     .S2     1,B4,B0           ; |36| 
     265 00000194 2FFFF110     [ B0]   B       .S1     L2                ; |36| 
     266                    
     267 00000198 220428C3     [ B0]   ZERO    .D2     B4                ; |28| 
     268 0000019c 22803E2A! || [ B0]   MVKL    .S2     _compacket+124,B5 ; |28| 
     269                    
     270 000001a0 2201006A     [ B0]   MVKH    .S2     0x2000000,B4      ; |28| 
     271                    
     272 000001a4 2280006B!    [ B0]   MVKH    .S2     _compacket+124,B5 ; |28| 
     273 000001a8 221002E6  || [ B0]   LDW     .D2T2   *B4,B4            ; |28| 
     274                    
     275 000001ac 229402E6     [ B0]   LDW     .D2T2   *B5,B5            ; |28| 
TMS320C6x COFF Assembler         Version 4.10     Thu Jun 06 13:48:57 2024
Copyright (c) 1996-2001 Texas Instruments Incorporated
temp\interrupt.asm                                                   PAGE    6

     276 000001b0 00000000             NOP             1
     277                               ; BRANCH OCCURS                   ; |36| 
     278                    ;** --------------------------------------------------------------------------*
     279 000001b4 00002E10             B       .S1     L7                ; |37| 
     280 000001b8 00000428             MVKL    .S1     0x2000008,A0      ; |58| 
     281 000001bc 00010068             MVKH    .S1     0x2000008,A0      ; |58| 
     282 000001c0 00000264             LDW     .D1T1   *A0,A0            ; |58| 
     283 000001c4 00002000             NOP             2
     284                               ; BRANCH OCCURS                   ; |37| 
     285                    ;** --------------------------------------------------------------------------*
     286 000001c8           L3:    
     287 000001c8 00104A5A             CMPEQ   .L2     B4,2,B0           ; |38| 
     288 000001cc 30001090     [!B0]   B       .S1     L4                ; |38| 
     289 000001d0 2200642A!    [ B0]   MVKL    .S2     _respacket+200,B4 ; |39| 
     290 000001d4 00004000             NOP             3
     291 000001d8 323C22E6     [!B0]   LDW     .D2T2   *+SP(4),B4        ; |47| 
     292                               ; BRANCH OCCURS                   ; |38| 
     293                    ;** --------------------------------------------------------------------------*
     294 000001dc 0200006A!            MVKH    .S2     _respacket+200,B4 ; |39| 
     295 000001e0 029002E6             LDW     .D2T2   *B4,B5            ; |39| 
     296 000001e4 00006000             NOP             4
     297 000001e8 00140ADA             CMPGT   .L2     B5,0,B0           ; |39| 
     298                    
     299 000001ec 20006629!    [ B0]   MVKL    .S1     _respacket+204,A0 ; |40| 
     300 000001f0 029429C2  ||         SUB     .D2     B5,1,B5           ; |39| 
     301                    
     302 000001f4 20000069!    [ B0]   MVKH    .S1     _respacket+204,A0 ; |40| 
     303 000001f8 029002F6  ||         STW     .D2T2   B5,*B4            ; |39| 
     304                    
     305 000001fc 21800264     [ B0]   LDW     .D1T1   *A0,A3            ; |40| 
     306 00000200 22000028!    [ B0]   MVKL    .S1     _respacket,A4     ; |40| 
     307 00000204 22000068!    [ B0]   MVKH    .S1     _respacket,A4     ; |40| 
     308 00000208 30000228     [!B0]   MVKL    .S1     0x2000004,A0      ; |43| 
     309 0000020c 3200682A!    [!B0]   MVKL    .S2     _respacket+208,B4 ; |44| 
     310 00000210 228C2940     [ B0]   ADD     .D1     1,A3,A5           ; |40| 
     311 00000214 22800274     [ B0]   STW     .D1T1   A5,*A0            ; |40| 
     312                    
     313 00000218 00002011             B       .S1     L6                ; |46| 
     314 0000021c 200C8A24  || [ B0]   LDB     .D1T1   *+A3[A4],A0       ; |40| 
     315                    
     316 00000220 30010068     [!B0]   MVKH    .S1     0x2000004,A0      ; |43| 
     317 00000224 328000AA     [!B0]   MVK     .S2     1,B5              ; |43| 
     318                    
     319 00000228 328428C3     [!B0]   ZERO    .D2     B5                ; |44| 
     320 0000022c 220840FB  || [ B0]   ZERO    .L2     B4                ; |40| 
     321 00000230 3200006B! || [!B0]   MVKH    .S2     _respacket+208,B4 ; |44| 
     322 00000234 32800276  || [!B0]   STW     .D1T2   B5,*A0            ; |43| 
     323                    
     324 00000238 2201006B     [ B0]   MVKH    .S2     0x2000000,B4      ; |40| 
     325 0000023c 329002F6  || [!B0]   STW     .D2T2   B5,*B4            ; |44| 
     326                    
     327 00000240 201002F4     [ B0]   STW     .D2T1   A0,*B4            ; |40| 
     328                               ; BRANCH OCCURS                   ; |46| 
     329                    ;** --------------------------------------------------------------------------*
     330 00000244           L4:    
TMS320C6x COFF Assembler         Version 4.10     Thu Jun 06 13:48:57 2024
Copyright (c) 1996-2001 Texas Instruments Incorporated
temp\interrupt.asm                                                   PAGE    7

     331 00000244 00006000             NOP             4
     332 00000248 00118A5A             CMPEQ   .L2     B4,12,B0          ; |47| 
     333 0000024c 30001810     [!B0]   B       .S1     L6                ; |47| 
     334 00000250 00002000             NOP             2
     335 00000254 20000A28     [ B0]   MVKL    .S1     0x2000014,A0      ; |48| 
     336 00000258 20010068     [ B0]   MVKH    .S1     0x2000014,A0      ; |48| 
     337 0000025c 20000264     [ B0]   LDW     .D1T1   *A0,A0            ; |48| 
     338                               ; BRANCH OCCURS                   ; |47| 
     339                    ;** --------------------------------------------------------------------------*
     340 00000260 00006000             NOP             4
     341 00000264 008027A0             AND     .S1     1,A0,A1           ; |48| 
     342 00000268 90001410     [!A1]   B       .S1     L6                ; |48| 
     343 0000026c 00006000             NOP             4
     344 00000270 820008C2     [ A1]   ZERO    .D2     B4                ; |49| 
     345                               ; BRANCH OCCURS                   ; |48| 
     346                    ;*----------------------------------------------------------------------------*
     347                    ;*   SOFTWARE PIPELINE INFORMATION
     348                    ;*      Disqualified loop: software pipelining disabled
     349                    ;*----------------------------------------------------------------------------*
     350 00000274           L5:    
     351                    
     352 00000274 0201006B             MVKH    .S2     0x2000000,B4      ; |49| 
     353 00000278 00003E28! ||         MVKL    .S1     _compacket+124,A0 ; |49| 
     354                    
     355 00000280 021002E7             LDW     .D2T2   *B4,B4            ; |49| 
     356 00000284 00000068! ||         MVKH    .S1     _compacket+124,A0 ; |49| 
     357                    
     358 00000288 01800264             LDW     .D1T1   *A0,A3            ; |49| 
     359 0000028c 00003E28!            MVKL    .S1     _compacket+124,A0 ; |50| 
     360 00000290 00000068!            MVKH    .S1     _compacket+124,A0 ; |50| 
     361 00000294 00000000             NOP             1
     362 00000298 0213180A             EXTU    .S2     B4,24,24,B4       ; |49| 
     363 0000029c 020C0236             STB     .D1T2   B4,*A3            ; |49| 
     364 000002a0 00000264             LDW     .D1T1   *A0,A0            ; |50| 
     365 000002a4 020031AA!            MVKL    .S2     _compacket+99,B4  ; |50| 
     366 000002a8 0200006A!            MVKH    .S2     _compacket+99,B4  ; |50| 
     367 000002ac 00002000             NOP             2
     368 000002b0 00009A7A             CMPEQ   .L2X    A0,B4,B0          ; |50| 
     369 000002b4 30003E28!    [!B0]   MVKL    .S1     _compacket+124,A0 ; |54| 
     370 000002b8 30000068!    [!B0]   MVKH    .S1     _compacket+124,A0 ; |54| 
     371 000002bc 32000940     [!B0]   MV      .D1     A0,A4             ; |54| 
     372 000002c0 30100264     [!B0]   LDW     .D1T1   *A4,A0            ; |54| 
     373 000002c4 20003E28!    [ B0]   MVKL    .S1     _compacket+124,A0 ; |51| 
     374 000002c8 2200002A!    [ B0]   MVKL    .S2     _compacket,B4     ; |51| 
     375 000002cc 20000068!    [ B0]   MVKH    .S1     _compacket+124,A0 ; |51| 
     376 000002d0 2200006A!    [ B0]   MVKH    .S2     _compacket,B4     ; |51| 
     377                    
     378 000002d4 00000A29             MVKL    .S1     0x2000014,A0      ; |56| 
     379 000002d8 31802059  || [!B0]   ADD     .L1     1,A0,A3           ; |54| 
     380 000002dc 22000276  || [ B0]   STW     .D1T2   B4,*A0            ; |51| 
     381                    
     382 000002e0 00010069             MVKH    .S1     0x2000014,A0      ; |56| 
     383 000002e4 31900274  || [!B0]   STW     .D1T1   A3,*A4            ; |54| 
     384                    
     385 000002e8 00000264             LDW     .D1T1   *A0,A0            ; |56| 
TMS320C6x COFF Assembler         Version 4.10     Thu Jun 06 13:48:57 2024
Copyright (c) 1996-2001 Texas Instruments Incorporated
temp\interrupt.asm                                                   PAGE    8

     386 000002ec 00006000             NOP             4
     387 000002f0 008027A0             AND     .S1     1,A0,A1           ; |56| 
     388 000002f4 8FFFF290     [ A1]   B       .S1     L5                ; |56| 
     389 000002f8 00006000             NOP             4
     390 000002fc 820008C2     [ A1]   ZERO    .D2     B4                ; |49| 
     391                               ; BRANCH OCCURS                   ; |56| 
     392                    ;** --------------------------------------------------------------------------*
     393 00000300           L6:    
     394 00000300 00000428             MVKL    .S1     0x2000008,A0      ; |58| 
     395 00000304 00010068             MVKH    .S1     0x2000008,A0      ; |58| 
     396 00000308 00000264             LDW     .D1T1   *A0,A0            ; |58| 
     397 0000030c 00002000             NOP             2
     398                    ;** --------------------------------------------------------------------------*
     399 00000310           L7:    
     400 00000310 00002000             NOP             2
     401 00000314 0001E7A0             AND     .S1     15,A0,A0          ; |58| 
     402 00000318 00802A58             CMPEQ   .L1     A0,1,A1           ; |58| 
     403 0000031c 9FFFB610     [!A1]   B       .S1     L1                ; |58| 
     404 00000320 003C22F4             STW     .D2T1   A0,*+SP(4)        ; |58| 
     405 00000324 923C22E6     [!A1]   LDW     .D2T2   *+SP(4),B4        ; |26| 
     406 00000328 83BE82E6     [ A1]   LDW     .D2T2   *+SP(80),B7       ; |59| 
     407 0000032c 833E62E6     [ A1]   LDW     .D2T2   *+SP(76),B6       ; |59| 
     408 00000330 82BE42E6     [ A1]   LDW     .D2T2   *+SP(72),B5       ; |59| 
     409                               ; BRANCH OCCURS                   ; |58| 
     410                    ;** --------------------------------------------------------------------------*
     411 00000334 023E22E6             LDW     .D2T2   *+SP(68),B4       ; |59| 
     412                    ;** --------------------------------------------------------------------------*
     413 00000338           L8:    
     414 00000338 01BE02E6             LDW     .D2T2   *+SP(64),B3       ; |59| 
     415 0000033c 013DE2E6             LDW     .D2T2   *+SP(60),B2       ; |59| 
     416 00000340 00BDC2E6             LDW     .D2T2   *+SP(56),B1       ; |59| 
     417 00000344 003DA2E6             LDW     .D2T2   *+SP(52),B0       ; |59| 
     418 00000348 04BD82E4             LDW     .D2T1   *+SP(48),A9       ; |59| 
     419 0000034c 043D62E4             LDW     .D2T1   *+SP(44),A8       ; |59| 
     420 00000350 03BD42E4             LDW     .D2T1   *+SP(40),A7       ; |59| 
     421 00000354 033D22E4             LDW     .D2T1   *+SP(36),A6       ; |59| 
     422 00000358 02BD02E4             LDW     .D2T1   *+SP(32),A5       ; |59| 
     423 0000035c 023CE2E4             LDW     .D2T1   *+SP(28),A4       ; |59| 
     424 00000360 01BCC2E4             LDW     .D2T1   *+SP(24),A3       ; |59| 
     425 00000364 013CA2E4             LDW     .D2T1   *+SP(20),A2       ; |59| 
     426 00000368 00BC82E4             LDW     .D2T1   *+SP(16),A1       ; |59| 
     427 0000036c 003C62E4             LDW     .D2T1   *+SP(12),A0       ; |59| 
     428                    
     429 00000370 001800E3             B       .S2     IRP               ; |59| 
     430 00000374 043EA2E6  ||         LDW     .D2T2   *+SP(84),B8       ; |59| 
     431                    
     432 00000378 04BED2E6             LDW     .D2T2   *++SP(88),B9      ; |59| 
     433 0000037c 00006000             NOP             4
     434                               ; BRANCH OCCURS                   ; |59| 
     435                    
     436                    
     437 00000380                   .sect   ".text"
     438                            .global _ISRtimer0
     439                    
     440                    ;******************************************************************************
TMS320C6x COFF Assembler         Version 4.10     Thu Jun 06 13:48:57 2024
Copyright (c) 1996-2001 Texas Instruments Incorporated
temp\interrupt.asm                                                   PAGE    9

     441                    ;* FUNCTION NAME: _ISRtimer0                                                  *
     442                    ;*                                                                            *
     443                    ;*   Regs Modified     : A0,A1,A2,A3,A4,A5,A6,A7,A8,A9,B0,B1,B2,B3,B4,B5,B6,  *
     444                    ;*                           B7,B8,B9,SP                                      *
     445                    ;*   Regs Used         : A0,A1,A2,A3,A4,A5,A6,A7,A8,A9,B0,B1,B2,B3,B4,B5,B6,  *
     446                    ;*                           B7,B8,B9,SP                                      *
     447                    ;*   Local Frame Size  : 0 Args + 0 Auto + 84 Save = 84 byte                  *
     448                    ;******************************************************************************
     449 00000380           _ISRtimer0:
     450                    ;** --------------------------------------------------------------------------*
     451 00000380 04BED4F6             STW     .D2T2   B9,*SP--(88)      ; |64| 
     452 00000384 02BE42F6             STW     .D2T2   B5,*+SP(72)       ; |64| 
     453 00000388 003C62F4             STW     .D2T1   A0,*+SP(12)       ; |64| 
     454 0000038c 023E22F6             STW     .D2T2   B4,*+SP(68)       ; |64| 
     455 00000390 01BCC2F4             STW     .D2T1   A3,*+SP(24)       ; |64| 
     456 00000394 023CE2F4             STW     .D2T1   A4,*+SP(28)       ; |64| 
     457 00000398 02BD02F4             STW     .D2T1   A5,*+SP(32)       ; |64| 
     458 0000039c 033D22F4             STW     .D2T1   A6,*+SP(36)       ; |64| 
     459 000003a0 03BD42F4             STW     .D2T1   A7,*+SP(40)       ; |64| 
     460 000003a4 043D62F4             STW     .D2T1   A8,*+SP(44)       ; |64| 
     461 000003a8 04BD82F4             STW     .D2T1   A9,*+SP(48)       ; |64| 
     462 000003ac 003DA2F6             STW     .D2T2   B0,*+SP(52)       ; |64| 
     463 000003b0 00BDC2F6             STW     .D2T2   B1,*+SP(56)       ; |64| 
     464 000003b4 013DE2F6             STW     .D2T2   B2,*+SP(60)       ; |64| 
     465 000003b8 01BE02F6             STW     .D2T2   B3,*+SP(64)       ; |64| 
     466 000003bc 033E62F6             STW     .D2T2   B6,*+SP(76)       ; |64| 
     467 000003c0 03BE82F6             STW     .D2T2   B7,*+SP(80)       ; |64| 
     468 000003c4 043EA2F6             STW     .D2T2   B8,*+SP(84)       ; |64| 
     469                    
     470 000003c8 028000AB             MVK     .S2     1,B5              ; |71| 
     471 000003cc 00000029- ||         MVKL    .S1     _TFlag,A0         ; |71| 
     472 000003d0 013CA2F4  ||         STW     .D2T1   A2,*+SP(20)       ; |64| 
     473                    
     474 000003d4 00000069-            MVKH    .S1     _TFlag,A0         ; |71| 
     475 000003d8 0200202B  ||         MVKL    .S2     0x2000040,B4      ; |73| 
     476 000003dc 00BC82F4  ||         STW     .D2T1   A1,*+SP(16)       ; |64| 
     477                    
     478 000003e0 02800277             STW     .D1T2   B5,*A0            ; |71| 
     479 000003e4 0201006A  ||         MVKH    .S2     0x2000040,B4      ; |73| 
     480                    
     481 000003e8 029002E6             LDW     .D2T2   *B4,B5            ; |73| 
     482 000003ec 0200202A             MVKL    .S2     0x2000040,B4      ; |73| 
     483 000003f0 0201006A             MVKH    .S2     0x2000040,B4      ; |73| 
     484 000003f4 00000228-            MVKL    .S1     _cnt1K$1,A0       ; |76| 
     485 000003f8 00000068-            MVKH    .S1     _cnt1K$1,A0       ; |76| 
     486 000003fc 0297EDDA             NOT     .L2     B5,B5             ; |73| 
     487 00000400 029002F6             STW     .D2T2   B5,*B4            ; |73| 
     488 00000404 01800264             LDW     .D1T1   *A0,A3            ; |76| 
     489 00000408 02000228-            MVKL    .S1     _cnt1K$1,A4       ; |77| 
     490 0000040c 02000068-            MVKH    .S1     _cnt1K$1,A4       ; |77| 
     491 00000410 01824C2A'            MVKL    .S2     RL2,B3            ; |81| 
     492 00000414 0300002A!            MVKL    .S2     _USB_vel,B6       ; |81| 
     493 00000418 028C2940             ADD     .D1     1,A3,A5           ; |76| 
     494 0000041c 02800274             STW     .D1T1   A5,*A0            ; |76| 
     495 00000420 03100264             LDW     .D1T1   *A4,A6            ; |77| 
TMS320C6x COFF Assembler         Version 4.10     Thu Jun 06 13:48:57 2024
Copyright (c) 1996-2001 Texas Instruments Incorporated
temp\interrupt.asm                                                   PAGE   10

     496 00000424 02803228             MVK     .S1     100,A5            ; |77| 
     497 00000428 0180006A'            MVKH    .S2     RL2,B3            ; |81| 
     498 0000042c 01800028!            MVKL    .S1     _USB_acc,A3       ; |81| 
     499 00000430 02000028!            MVKL    .S1     _USB_delayCnt,A4  ; |81| 
     500 00000434 0094CBF8             CMPLTU  .L1     A6,A5,A1          ; |77| 
     501 00000438 80000F92     [ A1]   B       .S2     L9                ; |77| 
     502 0000043c 0300006A!            MVKH    .S2     _USB_vel,B6       ; |81| 
     503                    
     504 00000440 01800069!            MVKH    .S1     _USB_acc,A3       ; |81| 
     505 00000444 0280002A! ||         MVKL    .S2     _UMAddData,B5     ; |81| 
     506                    
     507 00000448 00000029!            MVKL    .S1     _USB_pos,A0       ; |81| 
     508 0000044c 0280006A! ||         MVKH    .S2     _UMAddData,B5     ; |81| 
     509                    
     510 00000450 02000069!            MVKH    .S1     _USB_delayCnt,A4  ; |81| 
     511 00000454 0200022A- ||         MVKL    .S2     _cnt1K$1,B4       ; |79| 
     512                    
     513 00000460 00000069!            MVKH    .S1     _USB_pos,A0       ; |81| 
     514 00000464 0200006B- ||         MVKH    .S2     _cnt1K$1,B4       ; |79| 
     515 00000468 038420FB  ||         ZERO    .L2     B7                ; |79| 
     516 0000046c 83BE82E6  || [ A1]   LDW     .D2T2   *+SP(80),B7       ; |83| 
     517                    
     518                               ; BRANCH OCCURS                   ; |77| 
     519                    ;** --------------------------------------------------------------------------*
     520 00000470 039002F6             STW     .D2T2   B7,*B4            ; |79| 
     521 00000474 02100264             LDW     .D1T1   *A4,A4            ; |81| 
     522 00000478 030C0264             LDW     .D1T1   *A3,A6            ; |81| 
     523 0000047c 021802E6             LDW     .D2T2   *B6,B4            ; |81| 
     524 00000480 00000000             NOP             1
     525 00000484 00140362             B       .S2     B5                ; |81| 
     526                    
     527 00000488 02000265             LDW     .D1T1   *A0,A4            ; |81| 
     528 0000048c 02900938  ||         INTSPU  .L1     A4,A5             ; |81| 
     529                    
     530 00000490 00004000             NOP             3
     531 00000494 031411A2             MV      .S2X    A5,B6             ; |81| 
     532 00000498           RL2:       ; CALL OCCURS                     ; |81| 
     533 00000498 03BE82E6             LDW     .D2T2   *+SP(80),B7       ; |83| 
     534                    ;** --------------------------------------------------------------------------*
     535 0000049c           L9:    
     536 0000049c 033E62E6             LDW     .D2T2   *+SP(76),B6       ; |83| 
     537 000004a0 02BE42E6             LDW     .D2T2   *+SP(72),B5       ; |83| 
     538 000004a4 023E22E6             LDW     .D2T2   *+SP(68),B4       ; |83| 
     539 000004a8 01BE02E6             LDW     .D2T2   *+SP(64),B3       ; |83| 
     540 000004ac 013DE2E6             LDW     .D2T2   *+SP(60),B2       ; |83| 
     541 000004b0 00BDC2E6             LDW     .D2T2   *+SP(56),B1       ; |83| 
     542 000004b4 003DA2E6             LDW     .D2T2   *+SP(52),B0       ; |83| 
     543 000004b8 04BD82E4             LDW     .D2T1   *+SP(48),A9       ; |83| 
     544 000004bc 043D62E4             LDW     .D2T1   *+SP(44),A8       ; |83| 
     545 000004c0 03BD42E4             LDW     .D2T1   *+SP(40),A7       ; |83| 
     546 000004c4 033D22E4             LDW     .D2T1   *+SP(36),A6       ; |83| 
     547 000004c8 02BD02E4             LDW     .D2T1   *+SP(32),A5       ; |83| 
     548 000004cc 023CE2E4             LDW     .D2T1   *+SP(28),A4       ; |83| 
     549 000004d0 01BCC2E4             LDW     .D2T1   *+SP(24),A3       ; |83| 
     550 000004d4 013CA2E4             LDW     .D2T1   *+SP(20),A2       ; |83| 
TMS320C6x COFF Assembler         Version 4.10     Thu Jun 06 13:48:57 2024
Copyright (c) 1996-2001 Texas Instruments Incorporated
temp\interrupt.asm                                                   PAGE   11

     551 000004d8 00BC82E4             LDW     .D2T1   *+SP(16),A1       ; |83| 
     552 000004dc 003C62E4             LDW     .D2T1   *+SP(12),A0       ; |83| 
     553                    
     554 000004e0 001800E3             B       .S2     IRP               ; |83| 
     555 000004e4 043EA2E6  ||         LDW     .D2T2   *+SP(84),B8       ; |83| 
     556                    
     557 000004e8 04BED2E6             LDW     .D2T2   *++SP(88),B9      ; |83| 
     558 000004ec 00006000             NOP             4
     559                               ; BRANCH OCCURS                   ; |83| 
     560                    
     561                    
     562                    ;******************************************************************************
     563                    ;* UNDEFINED EXTERNAL REFERENCES                                              *
     564                    ;******************************************************************************
     565                            .global _SendByte
     566                            .global _UMAddData
     567                            .global _compacket
     568                            .global _respacket
     569                            .global _USB_pos
     570                            .global _USB_vel
     571                            .global _USB_acc
     572                            .global _USB_delayCnt

No Assembly Errors, No Assembly Warnings
