TMS320C6x COFF Assembler         Version 4.10     Thu Jun 06 14:09:01 2024
Copyright (c) 1996-2001 Texas Instruments Incorporated
temp\main.asm                                                        PAGE    1

       1                    ;******************************************************************************
       2                    ;* TMS320C6x ANSI C Codegen                                      Version 4.10 *
       3                    ;* Date/Time created: Thu Jun 06 14:09:01 2024                                *
       4                    ;******************************************************************************
       5                    
       6                    ;******************************************************************************
       7                    ;* GLOBAL FILE PARAMETERS                                                     *
       8                    ;*                                                                            *
       9                    ;*   Architecture      : TMS320C670x                                          *
      10                    ;*   Optimization      : Disabled                                             *
      11                    ;*   Optimizing for    : Compile time, Ease of Development                    *
      12                    ;*                       Based on options: no -o, no -ms                      *
      13                    ;*   Endian            : Little                                               *
      14                    ;*   Interrupt Thrshld : Disabled                                             *
      15                    ;*   Memory Model      : Large                                                *
      16                    ;*   Calls to RTS      : Far                                                  *
      17                    ;*   Pipelining        : Disabled                                             *
      18                    ;*   Memory Aliases    : Presume are aliases (pessimistic)                    *
      19                    ;*   Debug Info        : No Debug Info                                        *
      20                    ;*                                                                            *
      21                    ;******************************************************************************
      22                    
      23                            .asg    A15, FP
      24                            .asg    B14, DP
      25                            .asg    B15, SP
      26                            .global $bss
      27                    
      28                            .global _PWMD
      29 00000000           _PWMD:  .usect  .far,4,4
      30                            .global _PWMH
      31 00000004           _PWMH:  .usect  .far,4,4
      32                            .global _PWML
      33 00000008           _PWML:  .usect  .far,4,4
      34                            .global _uSat
      35 0000000c           _uSat:  .usect  .far,4,4
      36                    
      37 00000000                   .sect   ".cinit"
      38                            .align  8
      39 00000000 00000004          .field          4,32
      40 00000004 00000010-         .field          _hallCount+0,32
      41 00000008 00000000          .field          0,32                    ; _hallCount @ 0
      42 00000000                   .sect   ".text"
      43                            .global _hallCount
      44 00000010           _hallCount:     .usect  .far,4,4
      45                    
      46 0000000c                   .sect   ".cinit"
      47                            .align  8
      48 00000010 00000004          .field          4,32
      49 00000014 00000014-         .field          _prevHall+0,32
      50 00000018 00000000          .field          0,32                    ; _prevHall @ 0
      51 00000000                   .sect   ".text"
      52                            .global _prevHall
      53 00000014           _prevHall:      .usect  .far,4,4
      54                            .global _currHall
      55 00000018           _currHall:      .usect  .far,4,4
TMS320C6x COFF Assembler         Version 4.10     Thu Jun 06 14:09:01 2024
Copyright (c) 1996-2001 Texas Instruments Incorporated
temp\main.asm                                                        PAGE    2

      56                            .global _currAngle
      57 0000001c           _currAngle:     .usect  .far,4,4
      58                            .global _refAngle
      59 00000020           _refAngle:      .usect  .far,4,4
      60                    ;       acp6x -q -D_FAR_RTS=1 --large_model=3 --version=6701 -m --i_output_file C:\Users\opqrs\AppData
      61 00000000                   .sect   ".text"
      62                            .global _InitEXINTF
      63                    
      64                    ;******************************************************************************
      65                    ;* FUNCTION NAME: _InitEXINTF                                                 *
      66                    ;*                                                                            *
      67                    ;*   Regs Modified     : A0,A3,A4,B4,B5,B6                                    *
      68                    ;*   Regs Used         : A0,A3,A4,B3,B4,B5,B6                                 *
      69                    ;*   Local Frame Size  : 0 Args + 0 Auto + 0 Save = 0 byte                    *
      70                    ;******************************************************************************
      71 00000000           _InitEXINTF:
      72                    ;** --------------------------------------------------------------------------*
      73 00000000 000008C0             ZERO    .D1     A0                ; |18| 
      74 00000004 0000C068             MVKH    .S1     0x1800000,A0      ; |18| 
      75 00000008 02000264             LDW     .D1T1   *A0,A4            ; |18| 
      76 0000000c 0280042A             MVKL    .S2     0x1800008,B5      ; |21| 
      77 00000010 030290AA             MVKL    .S2     0x21520521,B6     ; |33| 
      78 00000014 000C0362             B       .S2     B3                ; |43| 
      79                    
      80 00000018 0200082B             MVKL    .S2     0x1800010,B4      ; |33| 
      81 0000001c 018190A8  ||         MVKL    .S1     0xd00321,A3       ; |21| 
      82                    
      83 00000020 021065C9             CLR     .S1     A4,3,5,A4         ; |18| 
      84 00000024 0280C06A  ||         MVKH    .S2     0x1800008,B5      ; |21| 
      85                    
      86 00000028 02000275             STW     .D1T1   A4,*A0            ; |18| 
      87 0000002c 0310A96B  ||         MVKH    .S2     0x21520521,B6     ; |33| 
      88 00000030 01806868  ||         MVKH    .S1     0xd00321,A3       ; |21| 
      89                    
      90 00000034 019402F5             STW     .D2T1   A3,*B5            ; |21| 
      91 00000038 0200C06A  ||         MVKH    .S2     0x1800010,B4      ; |33| 
      92                    
      93 0000003c 031002F6             STW     .D2T2   B6,*B4            ; |33| 
      94                               ; BRANCH OCCURS                   ; |43| 
      95                    
      96                    
      97 00000040                   .sect   ".text"
      98                            .global _InitTimer
      99                    
     100                    ;******************************************************************************
     101                    ;* FUNCTION NAME: _InitTimer                                                  *
     102                    ;*                                                                            *
     103                    ;*   Regs Modified     : A0,A3,B4,B5                                          *
     104                    ;*   Regs Used         : A0,A3,B3,B4,B5                                       *
     105                    ;*   Local Frame Size  : 0 Args + 0 Auto + 0 Save = 0 byte                    *
     106                    ;******************************************************************************
     107 00000040           _InitTimer:
     108                    ;** --------------------------------------------------------------------------*
     109 00000040 020008C2             ZERO    .D2     B4                ; |48| 
     110 00000044 0200CA6A             MVKH    .S2     0x1940000,B4      ; |48| 
TMS320C6x COFF Assembler         Version 4.10     Thu Jun 06 14:09:01 2024
Copyright (c) 1996-2001 Texas Instruments Incorporated
temp\main.asm                                                        PAGE    3

     111 00000048 029002E6             LDW     .D2T2   *B4,B5            ; |48| 
     112 0000004c 00000228             MVKL    .S1     0x1940004,A0      ; |51| 
     113 00000050 0000CA68             MVKH    .S1     0x1940004,A0      ; |51| 
     114 00000054 018008C0             ZERO    .D1     A3                ; |54| 
     115 00000058 0180CA68             MVKH    .S1     0x1940000,A3      ; |54| 
     116 0000005c 0295098A             SET     .S2     B5,8,9,B5         ; |48| 
     117                    
     118 00000060 0227102B             MVK     .S2     20000,B4          ; |51| 
     119 00000064 029002F6  ||         STW     .D2T2   B5,*B4            ; |48| 
     120                    
     121 00000068 02000276             STW     .D1T2   B4,*A0            ; |51| 
     122 0000006c 000C0264             LDW     .D1T1   *A3,A0            ; |54| 
     123 00000070 000C0362             B       .S2     B3                ; |55| 
     124 00000074 00004000             NOP             3
     125 00000078 0000C788             SET     .S1     A0,6,7,A0         ; |54| 
     126 0000007c 000C0274             STW     .D1T1   A0,*A3            ; |54| 
     127                               ; BRANCH OCCURS                   ; |55| 
     128                    
     129                    
     130 00000080                   .sect   ".text"
     131                            .global _InitINT
     132                    
     133                    ;******************************************************************************
     134                    ;* FUNCTION NAME: _InitINT                                                    *
     135                    ;*                                                                            *
     136                    ;*   Regs Modified     : A0,B4                                                *
     137                    ;*   Regs Used         : A0,B3,B4                                             *
     138                    ;*   Local Frame Size  : 0 Args + 0 Auto + 0 Save = 0 byte                    *
     139                    ;******************************************************************************
     140 00000080           _InitINT:
     141                    ;** --------------------------------------------------------------------------*
     142 00000080 021003E2             MVC     .S2     IER,B4            ; |60| 
     143 00000084 00202128             MVK     .S1     16450,A0          ; |60| 
     144 00000088 020096E2             OR      .S2X    A0,B4,B4          ; |60| 
     145 0000008c 021003A2             MVC     .S2     B4,IER            ; |60| 
     146 00000090 000C0362             B       .S2     B3                ; |61| 
     147 00000094 00008000             NOP             5
     148                               ; BRANCH OCCURS                   ; |61| 
     149                    
     150                    
     151 00000098                   .sect   ".text"
     152                            .global _GIE
     153                    
     154                    ;******************************************************************************
     155                    ;* FUNCTION NAME: _GIE                                                        *
     156                    ;*                                                                            *
     157                    ;*   Regs Modified     : B4                                                   *
     158                    ;*   Regs Used         : B3,B4                                                *
     159                    ;*   Local Frame Size  : 0 Args + 0 Auto + 0 Save = 0 byte                    *
     160                    ;******************************************************************************
     161 00000098           _GIE:
     162                    ;** --------------------------------------------------------------------------*
     163 00000098 020403E2             MVC     .S2     CSR,B4            ; |66| 
     164 0000009c 021026A2             OR      .S2     1,B4,B4           ; |66| 
     165 000000a0 009003A2             MVC     .S2     B4,CSR            ; |66| 
TMS320C6x COFF Assembler         Version 4.10     Thu Jun 06 14:09:01 2024
Copyright (c) 1996-2001 Texas Instruments Incorporated
temp\main.asm                                                        PAGE    4

     166 000000a4 000C0362             B       .S2     B3                ; |67| 
     167 000000a8 00008000             NOP             5
     168                               ; BRANCH OCCURS                   ; |67| 
     169                    
     170                    
     171 000000ac                   .sect   ".text"
     172                            .global _delay_us
     173                    
     174                    ;******************************************************************************
     175                    ;* FUNCTION NAME: _delay_us                                                   *
     176                    ;*                                                                            *
     177                    ;*   Regs Modified     : B0,B4,B5,B6,SP                                       *
     178                    ;*   Regs Used         : A4,B0,B3,B4,B5,B6,SP                                 *
     179                    ;*   Local Frame Size  : 0 Args + 4 Auto + 0 Save = 4 byte                    *
     180                    ;******************************************************************************
     181 000000ac           _delay_us:
     182                    ;** --------------------------------------------------------------------------*
     183 000000ac 021011A2             MV      .S2X    A4,B4             ; |71| 
     184 000000b0 02908CA2             SHL     .S2     B4,4,B5           ; |74| 
     185                    
     186 000000b4 020425E3             ZERO    .S2     B4                ; |74| 
     187 000000b8 02949AC2  ||         SUBAH   .D2     B5,B4,B5          ; |74| 
     188                    
     189 000000bc 00148BFA             CMPLTU  .L2     B4,B5,B0          ; |74| 
     190 000000c0 30000710     [!B0]   B       .S1     L2                ; |74| 
     191 000000c4 07BD09C2             SUB     .D2     SP,8,SP           ; |71| 
     192 000000c8 023C22F4             STW     .D2T1   A4,*+SP(4)        ; |71| 
     193 000000cc 22BC22E6     [ B0]   LDW     .D2T2   *+SP(4),B5        ; |74| 
     194 000000d0 00002000             NOP             2
     195                               ; BRANCH OCCURS                   ; |74| 
     196                    ;** --------------------------------------------------------------------------*
     197 000000d4 00002000             NOP             2
     198                    ;*----------------------------------------------------------------------------*
     199                    ;*   SOFTWARE PIPELINE INFORMATION
     200                    ;*      Disqualified loop: software pipelining disabled
     201                    ;*----------------------------------------------------------------------------*
     202 000000d8           L1:    
     203 000000d8 03148CA2             SHL     .S2     B5,4,B6           ; |74| 
     204                    
     205 000000e0 0298BAC3             SUBAH   .D2     B6,B5,B5          ; |74| 
     206 000000e4 021021A2  ||         ADD     .S2     1,B4,B4           ; |74| 
     207                    
     208 000000e8 00148BFA             CMPLTU  .L2     B4,B5,B0          ; |74| 
     209 000000ec 2FFFFF10     [ B0]   B       .S1     L1                ; |74| 
     210 000000f0 22BC22E6     [ B0]   LDW     .D2T2   *+SP(4),B5        ; |74| 
     211 000000f4 00006000             NOP             4
     212                               ; BRANCH OCCURS                   ; |74| 
     213                    ;** --------------------------------------------------------------------------*
     214 000000f8           L2:    
     215 000000f8 000C0362             B       .S2     B3                ; |75| 
     216 000000fc 07BD0942             ADD     .D2     8,SP,SP           ; |75| 
     217 00000100 00006000             NOP             4
     218                               ; BRANCH OCCURS                   ; |75| 
     219                    
     220                    
TMS320C6x COFF Assembler         Version 4.10     Thu Jun 06 14:09:01 2024
Copyright (c) 1996-2001 Texas Instruments Incorporated
temp\main.asm                                                        PAGE    5

     221 00000104                   .sect   ".text"
     222                            .global _delay_ms
     223                    
     224                    ;******************************************************************************
     225                    ;* FUNCTION NAME: _delay_ms                                                   *
     226                    ;*                                                                            *
     227                    ;*   Regs Modified     : A4,B0,B3,B4,B5,B6,B7,B9,SP                           *
     228                    ;*   Regs Used         : A4,B0,B3,B4,B5,B6,B7,B9,SP                           *
     229                    ;*   Local Frame Size  : 0 Args + 4 Auto + 0 Save = 4 byte                    *
     230                    ;******************************************************************************
     231 00000104           _delay_ms:
     232                    ;** --------------------------------------------------------------------------*
     233 00000104 038008C2             ZERO    .D2     B7                ; |82| 
     234 00000108 0010FBFA             CMPLTU  .L2X    B7,A4,B0
     235 0000010c 30000B10     [!B0]   B       .S1     L4                ; |82| 
     236 00000110 07BD09C2             SUB     .D2     SP,8,SP           ; |79| 
     237 00000114 023C22F4             STW     .D2T1   A4,*+SP(4)        ; |79| 
     238 00000118 048C005A             MV      .L2     B3,B9             ; |79| 
     239 0000011c 2200562A'    [ B0]   MVKL    .S2     _delay_us,B4      ; |83| 
     240 00000120 2200006A'    [ B0]   MVKH    .S2     _delay_us,B4      ; |83| 
     241                               ; BRANCH OCCURS                   ; |82| 
     242                    ;*----------------------------------------------------------------------------*
     243                    ;*   SOFTWARE PIPELINE INFORMATION
     244                    ;*      Disqualified loop: software pipelining disabled
     245                    ;*----------------------------------------------------------------------------*
     246 00000124           L3:    
     247 00000124 00100362             B       .S2     B4                ; |83| 
     248 00000128 01809C2A'            MVKL    .S2     RL0,B3            ; |83| 
     249 0000012c 0180006A'            MVKH    .S2     RL0,B3            ; |83| 
     250 00000130 0201F428             MVK     .S1     0x3e8,A4          ; |83| 
     251 00000134 00002000             NOP             2
     252 00000138           RL0:       ; CALL OCCURS                     ; |83| 
     253 00000138 023C22E6             LDW     .D2T2   *+SP(4),B4        ; |84| 
     254 0000013c 039C2942             ADD     .D2     1,B7,B7           ; |84| 
     255 00000140 00004000             NOP             3
     256 00000144 0010EBFA             CMPLTU  .L2     B7,B4,B0          ; |84| 
     257 00000148 2FFFFC90     [ B0]   B       .S1     L3                ; |84| 
     258 0000014c 2200562A'    [ B0]   MVKL    .S2     _delay_us,B4      ; |83| 
     259 00000150 2200006A'    [ B0]   MVKH    .S2     _delay_us,B4      ; |83| 
     260 00000154 00004000             NOP             3
     261                               ; BRANCH OCCURS                   ; |84| 
     262                    ;** --------------------------------------------------------------------------*
     263 00000158           L4:    
     264 00000158 00240362             B       .S2     B9                ; |85| 
     265 0000015c 07BD0942             ADD     .D2     8,SP,SP           ; |85| 
     266 00000160 00006000             NOP             4
     267                               ; BRANCH OCCURS                   ; |85| 
     268                    
     269                    
     270 00000164                   .sect   ".text"
     271                            .global _WaitTFlag
     272                    
     273                    ;******************************************************************************
     274                    ;* FUNCTION NAME: _WaitTFlag                                                  *
     275                    ;*                                                                            *
TMS320C6x COFF Assembler         Version 4.10     Thu Jun 06 14:09:01 2024
Copyright (c) 1996-2001 Texas Instruments Incorporated
temp\main.asm                                                        PAGE    6

     276                    ;*   Regs Modified     : A0,A1,A3                                             *
     277                    ;*   Regs Used         : A0,A1,A3,B3                                          *
     278                    ;*   Local Frame Size  : 0 Args + 0 Auto + 0 Save = 0 byte                    *
     279                    ;******************************************************************************
     280 00000164           _WaitTFlag:
     281                    ;** --------------------------------------------------------------------------*
     282 00000164 00000028!            MVKL    .S1     _TFlag,A0         ; |90| 
     283 00000168 00000068!            MVKH    .S1     _TFlag,A0         ; |90| 
     284 0000016c 00800264             LDW     .D1T1   *A0,A1            ; |90| 
     285 00000170 00006000             NOP             4
     286 00000174 80000810     [ A1]   B       .S1     L6                ; |90| 
     287 00000178 90000028!    [!A1]   MVKL    .S1     _TFlag,A0         ; |90| 
     288 0000017c 90000068!    [!A1]   MVKH    .S1     _TFlag,A0         ; |90| 
     289 00000180 90800264     [!A1]   LDW     .D1T1   *A0,A1            ; |90| 
     290 00000184 00002000             NOP             2
     291                               ; BRANCH OCCURS                   ; |90| 
     292                    ;*----------------------------------------------------------------------------*
     293                    ;*   SOFTWARE PIPELINE INFORMATION
     294                    ;*      Disqualified loop: software pipelining disabled
     295                    ;*----------------------------------------------------------------------------*
     296 00000188           L5:    
     297 00000188 00002000             NOP             2
     298 0000018c 90000110     [!A1]   B       .S1     L5                ; |90| 
     299 00000190 90000028!    [!A1]   MVKL    .S1     _TFlag,A0         ; |90| 
     300 00000194 90000068!    [!A1]   MVKH    .S1     _TFlag,A0         ; |90| 
     301 00000198 90800264     [!A1]   LDW     .D1T1   *A0,A1            ; |90| 
     302 0000019c 00002000             NOP             2
     303                               ; BRANCH OCCURS                   ; |90| 
     304                    ;** --------------------------------------------------------------------------*
     305 000001a0           L6:    
     306 000001a0 000C0362             B       .S2     B3                ; |92| 
     307 000001a4 00000028!            MVKL    .S1     _TFlag,A0         ; |91| 
     308 000001a8 00000068!            MVKH    .S1     _TFlag,A0         ; |91| 
     309 000001ac 018008C0             ZERO    .D1     A3                ; |91| 
     310 000001b0 01800274             STW     .D1T1   A3,*A0            ; |91| 
     311 000001b4 00000000             NOP             1
     312                               ; BRANCH OCCURS                   ; |92| 
     313                    
     314                    
     315 000001b8                   .sect   ".text"
     316                            .global _WaitTFlagCnt
     317                    
     318                    ;******************************************************************************
     319                    ;* FUNCTION NAME: _WaitTFlagCnt                                               *
     320                    ;*                                                                            *
     321                    ;*   Regs Modified     : A0,A1,A3,B0,B3,B4,B5,B9,SP                           *
     322                    ;*   Regs Used         : A0,A1,A3,A4,B0,B3,B4,B5,B9,SP                        *
     323                    ;*   Local Frame Size  : 0 Args + 8 Auto + 0 Save = 8 byte                    *
     324                    ;******************************************************************************
     325 000001b8           _WaitTFlagCnt:
     326                    ;** --------------------------------------------------------------------------*
     327                    
     328 000001b8 07BD09C3             SUB     .D2     SP,8,SP           ; |96| 
     329 000001bc 00000028! ||         MVKL    .S1     _TFlag,A0         ; |99| 
     330                    
TMS320C6x COFF Assembler         Version 4.10     Thu Jun 06 14:09:01 2024
Copyright (c) 1996-2001 Texas Instruments Incorporated
temp\main.asm                                                        PAGE    7

     331 000001c0 023C22F5             STW     .D2T1   A4,*+SP(4)        ; |96| 
     332 000001c4 00000069! ||         MVKH    .S1     _TFlag,A0         ; |99| 
     333 000001c8 018428C0  ||         ZERO    .D1     A3                ; |99| 
     334                    
     335 000001cc 01800274             STW     .D1T1   A3,*A0            ; |99| 
     336 000001d0 02BC22E6             LDW     .D2T2   *+SP(4),B5        ; |101| 
     337 000001d4 020008C2             ZERO    .D2     B4                ; |101| 
     338 000001d8 023C42F6             STW     .D2T2   B4,*+SP(8)        ; |101| 
     339 000001dc 048C01A2             MV      .S2     B3,B9             ; |96| 
     340 000001e0 00000000             NOP             1
     341 000001e4 00148BFA             CMPLTU  .L2     B4,B5,B0          ; |101| 
     342 000001e8 30000A10     [!B0]   B       .S1     L8                ; |101| 
     343 000001ec 2000B228'    [ B0]   MVKL    .S1     _WaitTFlag,A0     ; |102| 
     344 000001f0 20000068'    [ B0]   MVKH    .S1     _WaitTFlag,A0     ; |102| 
     345 000001f4 00004000             NOP             3
     346                               ; BRANCH OCCURS                   ; |101| 
     347                    ;*----------------------------------------------------------------------------*
     348                    ;*   SOFTWARE PIPELINE INFORMATION
     349                    ;*      Disqualified loop: software pipelining disabled
     350                    ;*----------------------------------------------------------------------------*
     351 000001f8           L7:    
     352 000001f8 00001362             B       .S2X    A0                ; |102| 
     353 000001fc 0181042A'            MVKL    .S2     RL2,B3            ; |102| 
     354 00000200 0180006A'            MVKH    .S2     RL2,B3            ; |102| 
     355 00000204 00004000             NOP             3
     356 00000208           RL2:       ; CALL OCCURS                     ; |102| 
     357 00000208 023C42E6             LDW     .D2T2   *+SP(8),B4        ; |103| 
     358 0000020c 02BC22E6             LDW     .D2T2   *+SP(4),B5        ; |103| 
     359 00000210 00004000             NOP             3
     360 00000214 02102942             ADD     .D2     1,B4,B4           ; |103| 
     361 00000218 00148BFA             CMPLTU  .L2     B4,B5,B0          ; |103| 
     362 0000021c 2FFFFF10     [ B0]   B       .S1     L7                ; |103| 
     363 00000220 023C42F6             STW     .D2T2   B4,*+SP(8)        ; |103| 
     364 00000224 2000B228'    [ B0]   MVKL    .S1     _WaitTFlag,A0     ; |102| 
     365 00000228 20000068'    [ B0]   MVKH    .S1     _WaitTFlag,A0     ; |102| 
     366 0000022c 00002000             NOP             2
     367                               ; BRANCH OCCURS                   ; |103| 
     368                    ;** --------------------------------------------------------------------------*
     369 00000230           L8:    
     370 00000230 00240362             B       .S2     B9                ; |104| 
     371 00000234 07BD0942             ADD     .D2     8,SP,SP           ; |104| 
     372 00000238 00006000             NOP             4
     373                               ; BRANCH OCCURS                   ; |104| 
     374                    
     375                    
     376 0000023c                   .sect   ".text"
     377                            .global _PWMOut
     378                    
     379                    ;******************************************************************************
     380                    ;* FUNCTION NAME: _PWMOut                                                     *
     381                    ;*                                                                            *
     382                    ;*   Regs Modified     : A0,A1,A2,A3,A4,A5,A6,A7,A8,A9,B0,B1,B2,B3,B4,B5,B6,  *
     383                    ;*                           B7,B8,B9,SP                                      *
     384                    ;*   Regs Used         : A0,A1,A2,A3,A4,A5,A6,A7,A8,A9,B0,B1,B2,B3,B4,B5,B6,  *
     385                    ;*                           B7,B8,B9,SP                                      *
TMS320C6x COFF Assembler         Version 4.10     Thu Jun 06 14:09:01 2024
Copyright (c) 1996-2001 Texas Instruments Incorporated
temp\main.asm                                                        PAGE    8

     386                    ;*   Local Frame Size  : 0 Args + 8 Auto + 4 Save = 12 byte                   *
     387                    ;******************************************************************************
     388 0000023c           _PWMOut:
     389                    ;** --------------------------------------------------------------------------*
     390 0000023c 00100940             MV      .D1     A4,A0             ; |121| 
     391 00000240 000000A0             SPDP    .S1     A0,A1:A0          ; |125| 
     392 00000244 01BC94F6             STW     .D2T2   B3,*SP--(16)      ; |121| 
     393 00000248 02F00028             MVKL    .S1     0x4058e000,A5     ; |125| 
     394                    
     395 0000024c 020428C1             ZERO    .D1     A4                ; |125| 
     396 00000250 023C22F5  ||         STW     .D2T1   A4,*+SP(4)        ; |121| 
     397 00000254 02A02C68  ||         MVKH    .S1     0x4058e000,A5     ; |125| 
     398                    
     399 00000258 00900A61             CMPGTDP .S1     A1:A0,A5:A4,A1    ; |125| 
     400 0000025c 020428C2  ||         ZERO    .D2     B4                ; |125| 
     401                    
     402 00000260 022163EA             MVKH    .S2     0x42c70000,B4     ; |125| 
     403 00000264 823C22F6     [ A1]   STW     .D2T2   B4,*+SP(4)        ; |125| 
     404 00000268 023C22E6             LDW     .D2T2   *+SP(4),B4        ; |126| 
     405 0000026c 03F0002A             MVKL    .S2     0xc058e000,B7     ; |126| 
     406 00000270 03E02C6A             MVKH    .S2     0xc058e000,B7     ; |126| 
     407 00000274 030008C2             ZERO    .D2     B6                ; |126| 
     408 00000278 000008C0             ZERO    .D1     A0                ; |126| 
     409 0000027c 021000A2             SPDP    .S2     B4,B5:B4          ; |126| 
     410 00000280 006163E8             MVKH    .S1     0xc2c70000,A0     ; |126| 
     411 00000284 00188AA2             CMPLTDP .S2     B5:B4,B7:B6,B0    ; |126| 
     412 00000288 00000000             NOP             1
     413 0000028c 203C22F4     [ B0]   STW     .D2T1   A0,*+SP(4)        ; |126| 
     414 00000290 023C22E6             LDW     .D2T2   *+SP(4),B4        ; |129| 
     415 00000294 00700028             MVKL    .S1     0x44ffe000,A0     ; |129| 
     416 00000298 00227FE8             MVKH    .S1     0x44ffe000,A0     ; |129| 
     417 0000029c 0181662A'            MVKL    .S2     RL4,B3            ; |129| 
     418 000002a0 0180006A'            MVKH    .S2     RL4,B3            ; |129| 
     419 000002a4 02009E02             MPYSP   .M2X    A0,B4,B4          ; |129| 
     420 000002a8 0400002A!            MVKL    .S2     __divd,B8         ; |129| 
     421 000002ac 0400006A!            MVKH    .S2     __divd,B8         ; |129| 
     422 000002b0 00200362             B       .S2     B8                ; |129| 
     423 000002b4 031000A2             SPDP    .S2     B4,B7:B6          ; |129| 
     424 000002b8 028008C2             ZERO    .D2     B5                ; |129| 
     425 000002bc 029C11A0             MV      .S1X    B7,A5             ; |129| 
     426 000002c0 02A02CEA             MVKH    .S2     0x40590000,B5     ; |129| 
     427                    
     428 000002c4 021811A1             MV      .S1X    B6,A4             ; |129| 
     429 000002c8 020428C2  ||         ZERO    .D2     B4                ; |129| 
     430                    
     431 000002cc           RL4:       ; CALL OCCURS                     ; |129| 
     432 000002cc 00148138             DPSP    .L1     A5:A4,A0          ; |129| 
     433 000002d0 02000028-            MVKL    .S1     _PWMD,A4          ; |134| 
     434 000002d4 02000068-            MVKH    .S1     _PWMD,A4          ; |134| 
     435 000002d8 0284002A             MVK     .S2     2048,B5           ; |134| 
     436 000002dc 020011A2             MV      .S2X    A0,B4             ; |129| 
     437 000002e0 0210017A             SPTRUNC .L2     B4,B4             ; |132| 
     438 000002e4 01800028-            MVKL    .S1     _PWMD,A3          ; |133| 
     439                    
     440 000002e8 00000029-            MVKL    .S1     _PWMD,A0          ; |132| 
TMS320C6x COFF Assembler         Version 4.10     Thu Jun 06 14:09:01 2024
Copyright (c) 1996-2001 Texas Instruments Incorporated
temp\main.asm                                                        PAGE    9

     441 000002ec 003C42F4  ||         STW     .D2T1   A0,*+SP(8)        ; |129| 
     442                    
     443 000002f0 00000068-            MVKH    .S1     _PWMD,A0          ; |132| 
     444                    
     445 000002f4 02000277             STW     .D1T2   B4,*A0            ; |132| 
     446 000002f8 01800068- ||         MVKH    .S1     _PWMD,A3          ; |133| 
     447                    
     448 000002fc 000C0264             LDW     .D1T1   *A3,A0            ; |133| 
     449 00000300 01800228-            MVKL    .S1     _PWMH,A3          ; |133| 
     450 00000304 01800068-            MVKH    .S1     _PWMH,A3          ; |133| 
     451 00000308 0200042A-            MVKL    .S2     _PWML,B4          ; |134| 
     452 0000030c 0200006A-            MVKH    .S2     _PWML,B4          ; |134| 
     453 00000310 00040050             ADDK    .S1     2048,A0           ; |133| 
     454 00000314 000C0274             STW     .D1T1   A0,*A3            ; |133| 
     455 00000318 00100264             LDW     .D1T1   *A4,A0            ; |134| 
     456 0000031c 00006000             NOP             4
     457 00000320 0280B0FA             SUB     .L2X    B5,A0,B5          ; |134| 
     458 00000324 029002F6             STW     .D2T2   B5,*B4            ; |134| 
     459 00000328 023C22E6             LDW     .D2T2   *+SP(4),B4        ; |136| 
     460 0000032c 0280062A-            MVKL    .S2     _uSat,B5          ; |136| 
     461 00000330 0280006A-            MVKH    .S2     _uSat,B5          ; |136| 
     462 00000334 00002000             NOP             2
     463 00000338 021402F6             STW     .D2T2   B4,*B5            ; |136| 
     464 0000033c 01BC92E6             LDW     .D2T2   *++SP(16),B3      ; |137| 
     465 00000340 00006000             NOP             4
     466 00000344 000C0362             B       .S2     B3                ; |137| 
     467 00000348 00008000             NOP             5
     468                               ; BRANCH OCCURS                   ; |137| 
     469                    
     470                    
     471 0000034c                   .sect   ".text"
     472                            .global _angleFromHallCount
     473                    
     474                    ;******************************************************************************
     475                    ;* FUNCTION NAME: _angleFromHallCount                                         *
     476                    ;*                                                                            *
     477                    ;*   Regs Modified     : A0,A1,A2,A3,A4,A5,A6,A7,A8,A9,B0,B1,B2,B3,B4,B5,B6,  *
     478                    ;*                           B7,B8,B9,SP                                      *
     479                    ;*   Regs Used         : A0,A1,A2,A3,A4,A5,A6,A7,A8,A9,B0,B1,B2,B3,B4,B5,B6,  *
     480                    ;*                           B7,B8,B9,SP                                      *
     481                    ;*   Local Frame Size  : 0 Args + 4 Auto + 4 Save = 8 byte                    *
     482                    ;******************************************************************************
     483 0000034c           _angleFromHallCount:
     484                    ;** --------------------------------------------------------------------------*
     485 0000034c 021011A2             MV      .S2X    A4,B4             ; |148| 
     486 00000350 0210073A             INTDP   .L2     B4,B5:B4          ; |149| 
     487 00000354 00002000             NOP             2
     488 00000358 00C00028             MVKL    .S1     0x40768000,A1     ; |149| 
     489                    
     490 00000360 00A03B69             MVKH    .S1     0x40768000,A1     ; |149| 
     491 00000364 01BC54F7  ||         STW     .D2T2   B3,*SP--(8)       ; |148| 
     492 00000368 000848C0  ||         ZERO    .D1     A0                ; |149| 
     493                    
     494 0000036c 02101701             MPYDP   .M1X    A1:A0,B5:B4,A5:A4 ; |149| 
     495 00000370 023C22F4  ||         STW     .D2T1   A4,*+SP(4)        ; |148| 
TMS320C6x COFF Assembler         Version 4.10     Thu Jun 06 14:09:01 2024
Copyright (c) 1996-2001 Texas Instruments Incorporated
temp\main.asm                                                        PAGE   10

     496                    
     497 00000374 00000000             NOP             1
     498 00000378 0300002A!            MVKL    .S2     __divd,B6         ; |149| 
     499 0000037c 0300006A!            MVKH    .S2     __divd,B6         ; |149| 
     500 00000380 00180362             B       .S2     B6                ; |149| 
     501 00000384 00000000             NOP             1
     502 00000388 0181CE2A'            MVKL    .S2     RL6,B3            ; |149| 
     503 0000038c 0180006A'            MVKH    .S2     RL6,B3            ; |149| 
     504 00000390 02A0002A             MVKL    .S2     0x40744000,B5     ; |149| 
     505                    
     506 00000394 02A03A6B             MVKH    .S2     0x40744000,B5     ; |149| 
     507 00000398 020428C2  ||         ZERO    .D2     B4                ; |149| 
     508                    
     509 0000039c           RL6:       ; CALL OCCURS                     ; |149| 
     510 0000039c 01BC52E6             LDW     .D2T2   *++SP(8),B3       ; |150| 
     511 000003a0 00006000             NOP             4
     512 000003a4 000C0362             B       .S2     B3                ; |150| 
     513 000003a8 00000000             NOP             1
     514 000003ac 02148138             DPSP    .L1     A5:A4,A4          ; |149| 
     515 000003b0 00004000             NOP             3
     516                               ; BRANCH OCCURS                   ; |150| 
     517                    
     518                    
     519 000003b4                   .sect   ".text"
     520                            .global _BLDCDrive
     521                    
     522                    ;******************************************************************************
     523                    ;* FUNCTION NAME: _BLDCDrive                                                  *
     524                    ;*                                                                            *
     525                    ;*   Regs Modified     : A0,A1,A2,A3,A4,A5,A6,A7,A8,A9,A10,A11,A12,B0,B1,B2,  *
     526                    ;*                           B3,B4,B5,B6,B7,B8,B9,B10,B11,SP                  *
     527                    ;*   Regs Used         : A0,A1,A2,A3,A4,A5,A6,A7,A8,A9,A10,A11,A12,B0,B1,B2,  *
     528                    ;*                           B3,B4,B5,B6,B7,B8,B9,B10,B11,SP                  *
     529                    ;*   Local Frame Size  : 0 Args + 4 Auto + 24 Save = 28 byte                  *
     530                    ;******************************************************************************
     531 000003b4           _BLDCDrive:
     532                    ;** --------------------------------------------------------------------------*
     533 000003b4 02011E2A'            MVKL    .S2     _PWMOut,B4        ; |166| 
     534                    
     535 000003b8 0200006B'            MVKH    .S2     _PWMOut,B4        ; |166| 
     536 000003bc 05BD14F6  ||         STW     .D2T2   B11,*SP--(32)     ; |164| 
     537                    
     538 000003c0 00100363             B       .S2     B4                ; |166| 
     539 000003c4 01BCC2F6  ||         STW     .D2T2   B3,*+SP(24)       ; |164| 
     540                    
     541 000003c8 063CA2F4             STW     .D2T1   A12,*+SP(20)      ; |164| 
     542 000003cc 05BC82F4             STW     .D2T1   A11,*+SP(16)      ; |164| 
     543 000003d0 053C62F4             STW     .D2T1   A10,*+SP(12)      ; |164| 
     544                    
     545 000003d4 023C22F5             STW     .D2T1   A4,*+SP(4)        ; |164| 
     546 000003d8 0181F42A' ||         MVKL    .S2     RL8,B3            ; |166| 
     547                    
     548 000003e0 0180006B'            MVKH    .S2     RL8,B3            ; |166| 
     549 000003e4 053CE2F6  ||         STW     .D2T2   B10,*+SP(28)      ; |164| 
     550                    
TMS320C6x COFF Assembler         Version 4.10     Thu Jun 06 14:09:01 2024
Copyright (c) 1996-2001 Texas Instruments Incorporated
temp\main.asm                                                        PAGE   11

     551 000003e8           RL8:       ; CALL OCCURS                     ; |166| 
     552 000003e8 00010428             MVKL    .S1     0x2000208,A0      ; |169| 
     553 000003ec 00010068             MVKH    .S1     0x2000208,A0      ; |169| 
     554 000003f0 00000264             LDW     .D1T1   *A0,A0            ; |169| 
     555 000003f4 00004E90             B       .S1     L16               ; |172| 
     556 000003f8 02000C2A-            MVKL    .S2     _currHall,B4      ; |169| 
     557 000003fc 0200006A-            MVKH    .S2     _currHall,B4      ; |169| 
     558 00000400 03000C28-            MVKL    .S1     _currHall,A6      ; |213| 
     559 00000404 0000E7A0             AND     .S1     7,A0,A0           ; |169| 
     560 00000408 001002F4             STW     .D2T1   A0,*B4            ; |169| 
     561                               ; BRANCH OCCURS                   ; |172| 
     562                    ;** --------------------------------------------------------------------------*
     563 0000040c           L9:    
     564 0000040c 021002E6             LDW     .D2T2   *B4,B4            ; |175| 
     565 00000410 00006000             NOP             4
     566 00000414 021402F6             STW     .D2T2   B4,*B5            ; |175| 
     567 00000418 000C0264             LDW     .D1T1   *A3,A0            ; |176| 
     568 0000041c 0280082A-            MVKL    .S2     _hallCount,B5     ; |177| 
     569 00000420 0280006A-            MVKH    .S2     _hallCount,B5     ; |177| 
     570 00000424 00002000             NOP             2
     571 00000428 00100274             STW     .D1T1   A0,*A4            ; |176| 
     572 0000042c 021802E6             LDW     .D2T2   *B6,B4            ; |177| 
     573 00000430 00000A28-            MVKL    .S1     _prevHall,A0      ; |178| 
     574 00000434 00000068-            MVKH    .S1     _prevHall,A0      ; |178| 
     575 00000438 00002000             NOP             2
     576 0000043c 0010CA5A             CMPEQ   .L2     B4,6,B0           ; |177| 
     577 00000440 221402E6     [ B0]   LDW     .D2T2   *B5,B4            ; |177| 
     578 00000444 00006000             NOP             4
     579 00000448 22102942     [ B0]   ADD     .D2     1,B4,B4           ; |177| 
     580 0000044c 221402F6     [ B0]   STW     .D2T2   B4,*B5            ; |177| 
     581 00000450 01800264             LDW     .D1T1   *A0,A3            ; |178| 
     582 00000454 00006000             NOP             4
     583 00000458 008C6A58             CMPEQ   .L1     A3,3,A1           ; |178| 
     584 0000045c 00000828-            MVKL    .S1     _hallCount,A0     ; |178| 
     585                    ;** --------------------------------------------------------------------------*
     586 00000460           L10:    
     587 00000460 00000068-            MVKH    .S1     _hallCount,A0     ; |178| 
     588 00000464 81800264     [ A1]   LDW     .D1T1   *A0,A3            ; |178| 
     589 00000468 00007910             B       .S1     L18               ; |178| 
     590 0000046c 02000C2A-            MVKL    .S2     _currHall,B4      ; |218| 
     591 00000470 00002000             NOP             2
     592 00000474 818C29C0     [ A1]   SUB     .D1     A3,1,A3           ; |178| 
     593 00000478 81800274     [ A1]   STW     .D1T1   A3,*A0            ; |178| 
     594                               ; BRANCH OCCURS                   ; |178| 
     595                    ;** --------------------------------------------------------------------------*
     596 0000047c           L11:    
     597 0000047c 021C02F6             STW     .D2T2   B4,*B7            ; |181| 
     598 00000480 001C0264             LDW     .D1T1   *A7,A0            ; |182| 
     599 00000484 0200082A-            MVKL    .S2     _hallCount,B4     ; |184| 
     600 00000488 0200006A-            MVKH    .S2     _hallCount,B4     ; |184| 
     601 0000048c 02900942             MV      .D2     B4,B5             ; |184| 
     602 00000490 00000000             NOP             1
     603 00000494 00180274             STW     .D1T1   A0,*A6            ; |182| 
     604 00000498 04A00274             STW     .D1T1   A9,*A8            ; |183| 
     605 0000049c 032402E6             LDW     .D2T2   *B9,B6            ; |184| 
TMS320C6x COFF Assembler         Version 4.10     Thu Jun 06 14:09:01 2024
Copyright (c) 1996-2001 Texas Instruments Incorporated
temp\main.asm                                                        PAGE   12

     606 000004a0 00000A28-            MVKL    .S1     _prevHall,A0      ; |185| 
     607 000004a4 00000068-            MVKH    .S1     _prevHall,A0      ; |185| 
     608 000004a8 00002000             NOP             2
     609 000004ac 00184A5A             CMPEQ   .L2     B6,2,B0           ; |184| 
     610 000004b0 221402E6     [ B0]   LDW     .D2T2   *B5,B4            ; |184| 
     611 000004b4 00006000             NOP             4
     612 000004b8 22102942     [ B0]   ADD     .D2     1,B4,B4           ; |184| 
     613 000004bc 221402F6     [ B0]   STW     .D2T2   B4,*B5            ; |184| 
     614                    
     615 000004c0 01800265             LDW     .D1T1   *A0,A3            ; |185| 
     616 000004c4 0FFFF410  ||         B       .S1     L10               ; |185| 
     617                    
     618 000004c8 00000828-            MVKL    .S1     _hallCount,A0     ; |178| 
     619 000004cc 00004000             NOP             3
     620 000004d0 008C2A58             CMPEQ   .L1     A3,1,A1           ; |185| 
     621                               ; BRANCH OCCURS                   ; |185| 
     622                    ;** --------------------------------------------------------------------------*
     623 000004d4           L12:    
     624 000004d4 00006000             NOP             4
     625 000004d8 022002F6             STW     .D2T2   B4,*B8            ; |188| 
     626 000004dc 04A00274             STW     .D1T1   A9,*A8            ; |189| 
     627 000004e0 001C0264             LDW     .D1T1   *A7,A0            ; |190| 
     628 000004e4 0200082A-            MVKL    .S2     _hallCount,B4     ; |191| 
     629 000004e8 0200006A-            MVKH    .S2     _hallCount,B4     ; |191| 
     630 000004ec 02900942             MV      .D2     B4,B5             ; |191| 
     631 000004f0 00000000             NOP             1
     632 000004f4 00180274             STW     .D1T1   A0,*A6            ; |190| 
     633 000004f8 032402E6             LDW     .D2T2   *B9,B6            ; |191| 
     634 000004fc 00000A28-            MVKL    .S1     _prevHall,A0      ; |192| 
     635 00000500 00000068-            MVKH    .S1     _prevHall,A0      ; |192| 
     636 00000504 00002000             NOP             2
     637 00000508 00186A5A             CMPEQ   .L2     B6,3,B0           ; |191| 
     638 0000050c 221402E6     [ B0]   LDW     .D2T2   *B5,B4            ; |191| 
     639 00000510 00006000             NOP             4
     640 00000514 22102942     [ B0]   ADD     .D2     1,B4,B4           ; |191| 
     641 00000518 221402F6     [ B0]   STW     .D2T2   B4,*B5            ; |191| 
     642                    
     643 00000520 0FFFE811             B       .S1     L10               ; |192| 
     644 00000524 01800264  ||         LDW     .D1T1   *A0,A3            ; |192| 
     645                    
     646 00000528 00000828-            MVKL    .S1     _hallCount,A0     ; |178| 
     647 0000052c 00004000             NOP             3
     648 00000530 008CAA58             CMPEQ   .L1     A3,5,A1           ; |192| 
     649                               ; BRANCH OCCURS                   ; |192| 
     650                    ;** --------------------------------------------------------------------------*
     651 00000534           L13:    
     652 00000534 021002E6             LDW     .D2T2   *B4,B4            ; |196| 
     653 00000538 00006000             NOP             4
     654 0000053c 021802F6             STW     .D2T2   B4,*B6            ; |196| 
     655 00000540 000C0264             LDW     .D1T1   *A3,A0            ; |197| 
     656 00000544 0200082A-            MVKL    .S2     _hallCount,B4     ; |198| 
     657 00000548 0200006A-            MVKH    .S2     _hallCount,B4     ; |198| 
     658 0000054c 00002000             NOP             2
     659 00000550 00100274             STW     .D1T1   A0,*A4            ; |197| 
     660 00000554 031402E6             LDW     .D2T2   *B5,B6            ; |198| 
TMS320C6x COFF Assembler         Version 4.10     Thu Jun 06 14:09:01 2024
Copyright (c) 1996-2001 Texas Instruments Incorporated
temp\main.asm                                                        PAGE   13

     661 00000558 02900942             MV      .D2     B4,B5             ; |198| 
     662 0000055c 00000A28-            MVKL    .S1     _prevHall,A0      ; |199| 
     663 00000560 00000068-            MVKH    .S1     _prevHall,A0      ; |199| 
     664 00000564 00000000             NOP             1
     665 00000568 00182A5A             CMPEQ   .L2     B6,1,B0           ; |198| 
     666 0000056c 221402E6     [ B0]   LDW     .D2T2   *B5,B4            ; |198| 
     667 00000570 00006000             NOP             4
     668 00000574 22102942     [ B0]   ADD     .D2     1,B4,B4           ; |198| 
     669 00000578 221402F6     [ B0]   STW     .D2T2   B4,*B5            ; |198| 
     670                    
     671 00000580 0FFFDC11             B       .S1     L10               ; |199| 
     672 00000584 01800264  ||         LDW     .D1T1   *A0,A3            ; |199| 
     673                    
     674 00000588 00000828-            MVKL    .S1     _hallCount,A0     ; |178| 
     675 0000058c 00004000             NOP             3
     676 00000590 008C8A58             CMPEQ   .L1     A3,4,A1           ; |199| 
     677                               ; BRANCH OCCURS                   ; |199| 
     678                    ;** --------------------------------------------------------------------------*
     679 00000594           L14:    
     680 00000594 00006000             NOP             4
     681 00000598 020C02F6             STW     .D2T2   B4,*B3            ; |202| 
     682 0000059c 00280264             LDW     .D1T1   *A10,A0           ; |203| 
     683 000005a0 0200082A-            MVKL    .S2     _hallCount,B4     ; |205| 
     684 000005a4 0200006A-            MVKH    .S2     _hallCount,B4     ; |205| 
     685 000005a8 02900942             MV      .D2     B4,B5             ; |205| 
     686 000005ac 00000000             NOP             1
     687 000005b0 00080274             STW     .D1T1   A0,*A2            ; |203| 
     688 000005b4 062C0274             STW     .D1T1   A12,*A11          ; |204| 
     689 000005b8 032C02E6             LDW     .D2T2   *B11,B6           ; |205| 
     690 000005bc 00000A28-            MVKL    .S1     _prevHall,A0      ; |206| 
     691 000005c0 00000068-            MVKH    .S1     _prevHall,A0      ; |206| 
     692 000005c4 00002000             NOP             2
     693 000005c8 0018AA5A             CMPEQ   .L2     B6,5,B0           ; |205| 
     694 000005cc 221402E6     [ B0]   LDW     .D2T2   *B5,B4            ; |205| 
     695 000005d0 00006000             NOP             4
     696 000005d4 22102942     [ B0]   ADD     .D2     1,B4,B4           ; |205| 
     697 000005d8 221402F6     [ B0]   STW     .D2T2   B4,*B5            ; |205| 
     698                    
     699 000005e0 0FFFD011             B       .S1     L10               ; |206| 
     700 000005e4 01800264  ||         LDW     .D1T1   *A0,A3            ; |206| 
     701                    
     702 000005e8 00000828-            MVKL    .S1     _hallCount,A0     ; |178| 
     703 000005ec 00004000             NOP             3
     704 000005f0 008CCA58             CMPEQ   .L1     A3,6,A1           ; |206| 
     705                               ; BRANCH OCCURS                   ; |206| 
     706                    ;** --------------------------------------------------------------------------*
     707 000005f4           L15:    
     708 000005f4 00006000             NOP             4
     709 000005f8 022002F6             STW     .D2T2   B4,*B8            ; |209| 
     710 000005fc 04A00274             STW     .D1T1   A9,*A8            ; |210| 
     711 00000600 001C0264             LDW     .D1T1   *A7,A0            ; |211| 
     712 00000604 0200082A-            MVKL    .S2     _hallCount,B4     ; |212| 
     713 00000608 0200006A-            MVKH    .S2     _hallCount,B4     ; |212| 
     714 0000060c 02900942             MV      .D2     B4,B5             ; |212| 
     715 00000610 00000000             NOP             1
TMS320C6x COFF Assembler         Version 4.10     Thu Jun 06 14:09:01 2024
Copyright (c) 1996-2001 Texas Instruments Incorporated
temp\main.asm                                                        PAGE   14

     716 00000614 00180274             STW     .D1T1   A0,*A6            ; |211| 
     717 00000618 032402E6             LDW     .D2T2   *B9,B6            ; |212| 
     718 0000061c 00000A28-            MVKL    .S1     _prevHall,A0      ; |213| 
     719 00000620 00000068-            MVKH    .S1     _prevHall,A0      ; |213| 
     720 00000624 00002000             NOP             2
     721 00000628 00188A5A             CMPEQ   .L2     B6,4,B0           ; |212| 
     722 0000062c 221402E6     [ B0]   LDW     .D2T2   *B5,B4            ; |212| 
     723 00000630 00006000             NOP             4
     724 00000634 22102942     [ B0]   ADD     .D2     1,B4,B4           ; |212| 
     725 00000638 221402F6     [ B0]   STW     .D2T2   B4,*B5            ; |212| 
     726                    
     727 00000640 0FFFC411             B       .S1     L10               ; |213| 
     728 00000644 01800264  ||         LDW     .D1T1   *A0,A3            ; |213| 
     729                    
     730 00000648 00000828-            MVKL    .S1     _hallCount,A0     ; |178| 
     731 0000064c 00004000             NOP             3
     732 00000650 008C4A58             CMPEQ   .L1     A3,2,A1           ; |213| 
     733                               ; BRANCH OCCURS                   ; |213| 
     734                    ;** --------------------------------------------------------------------------*
     735 00000654           L16:    
     736 00000654 03000068-            MVKH    .S1     _currHall,A6      ; |213| 
     737 00000658 02004C28             MVKL    .S1     0x2000098,A4      ; |197| 
     738                    
     739 00000660 01800429-            MVKL    .S1     _PWML,A3          ; |197| 
     740 00000664 0180502A  ||         MVKL    .S2     0x20000a0,B3      ; |202| 
     741                    
     742 00000668 01180267             LDW     .D1T2   *A6,B2            ; |213| 
     743 0000066c 01004E29  ||         MVKL    .S1     0x200009c,A2      ; |203| 
     744 00000670 02800A2A- ||         MVKL    .S2     _prevHall,B5      ; |198| 
     745                    
     746 00000674 05804C29             MVKL    .S1     0x2000098,A11     ; |204| 
     747 00000678 05800A2A- ||         MVKL    .S2     _prevHall,B11     ; |205| 
     748                    
     749 00000680 05000229-            MVKL    .S1     _PWMH,A10         ; |203| 
     750 00000684 0500042A- ||         MVKL    .S2     _PWML,B10         ; |202| 
     751                    
     752 00000688 00005029             MVKL    .S1     0x20000a0,A0      ; |195| 
     753 0000068c 03004E2A  ||         MVKL    .S2     0x200009c,B6      ; |196| 
     754                    
     755 00000690 06040029             MVK     .S1     2048,A12          ; |204| 
     756 00000694 0200022A- ||         MVKL    .S2     _PWMH,B4          ; |196| 
     757                    
     758 000006a0 0181006B             MVKH    .S2     0x20000a0,B3      ; |202| 
     759 000006a4 00888ADB  ||         CMPGT   .L2     B2,4,B1           ; |213| 
     760 000006a8 02840028  ||         MVK     .S1     2048,A5           ; |195| 
     761                    
     762 000006ac 40002693     [ B1]   B       .S2     L17               ; |213| 
     763 000006b0 02010068  ||         MVKH    .S1     0x2000098,A4      ; |197| 
     764                    
     765 000006b4 0280006B-            MVKH    .S2     _prevHall,B5      ; |198| 
     766 000006b8 01800068- ||         MVKH    .S1     _PWML,A3          ; |197| 
     767                    
     768 000006c0 01010069             MVKH    .S1     0x200009c,A2      ; |203| 
     769 000006c4 0580006A- ||         MVKH    .S2     _prevHall,B11     ; |205| 
     770                    
TMS320C6x COFF Assembler         Version 4.10     Thu Jun 06 14:09:01 2024
Copyright (c) 1996-2001 Texas Instruments Incorporated
temp\main.asm                                                        PAGE   15

     771 000006c8 0500006B-            MVKH    .S2     _PWML,B10         ; |202| 
     772 000006cc 05810068  ||         MVKH    .S1     0x2000098,A11     ; |204| 
     773                    
     774 000006d0 05000069-            MVKH    .S1     _PWMH,A10         ; |203| 
     775 000006d4 0301006A  ||         MVKH    .S2     0x200009c,B6      ; |196| 
     776                    
     777 000006e0 00889A59             CMPEQ   .L1X    B2,4,A1           ; |213| 
     778 000006e4 0008AA5B  ||         CMPEQ   .L2     B2,5,B0           ; |213| 
     779 000006e8 0200006B- ||         MVKH    .S2     _PWMH,B4          ; |196| 
     780 000006ec 00010068  ||         MVKH    .S1     0x20000a0,A0      ; |195| 
     781                    
     782                               ; BRANCH OCCURS                   ; |213| 
     783                    ;** --------------------------------------------------------------------------*
     784                    
     785 000006f0 0380022B-            MVKL    .S2     _PWMH,B7          ; |188| 
     786 000006f4 03004C28  ||         MVKL    .S1     0x2000098,A6      ; |190| 
     787                    
     788 000006f8 8FFFD693     [ A1]   B       .S2     L14               ; |213| 
     789 000006fc 03800428- ||         MVKL    .S1     _PWML,A7          ; |190| 
     790                    
     791 00000700 04004E29             MVKL    .S1     0x200009c,A8      ; |189| 
     792 00000704 04800A2A- ||         MVKL    .S2     _prevHall,B9      ; |191| 
     793                    
     794 00000708 04840029             MVK     .S1     2048,A9           ; |189| 
     795 0000070c 0400502A  ||         MVKL    .S2     0x20000a0,B8      ; |188| 
     796                    
     797 00000710 0380006B-            MVKH    .S2     _PWMH,B7          ; |188| 
     798 00000714 03010068  ||         MVKH    .S1     0x2000098,A6      ; |190| 
     799                    
     800 00000718 0480006B-            MVKH    .S2     _prevHall,B9      ; |191| 
     801 0000071c 03800068- ||         MVKH    .S1     _PWML,A7          ; |190| 
     802                    
     803 00000720 04010069             MVKH    .S1     0x200009c,A8      ; |189| 
     804 00000724 0401006B  ||         MVKH    .S2     0x20000a0,B8      ; |188| 
     805 00000728 00082A5B  ||         CMPEQ   .L2     B2,1,B0           ; |213| 
     806 0000072c 822802E6  || [ A1]   LDW     .D2T2   *B10,B4           ; |202| 
     807                    
     808                               ; BRANCH OCCURS                   ; |213| 
     809                    ;** --------------------------------------------------------------------------*
     810 00000730 0200042A-            MVKL    .S2     _PWML,B4          ; |175| 
     811                    
     812 00000734 2FFFB693     [ B0]   B       .S2     L12               ; |213| 
     813 00000738 02004C28  ||         MVKL    .S1     0x2000098,A4      ; |176| 
     814                    
     815 00000740 03000A2B-            MVKL    .S2     _prevHall,B6      ; |177| 
     816 00000744 01800228- ||         MVKL    .S1     _PWMH,A3          ; |176| 
     817                    
     818 00000748 00005029             MVKL    .S1     0x20000a0,A0      ; |174| 
     819 0000074c 02804E2A  ||         MVKL    .S2     0x200009c,B5      ; |175| 
     820                    
     821 00000750 0200006B-            MVKH    .S2     _PWML,B4          ; |175| 
     822 00000754 02010068  ||         MVKH    .S1     0x2000098,A4      ; |176| 
     823                    
     824 00000758 0300006B-            MVKH    .S2     _prevHall,B6      ; |177| 
     825 0000075c 01800068- ||         MVKH    .S1     _PWMH,A3          ; |176| 
TMS320C6x COFF Assembler         Version 4.10     Thu Jun 06 14:09:01 2024
Copyright (c) 1996-2001 Texas Instruments Incorporated
temp\main.asm                                                        PAGE   16

     826                    
     827 00000760 00010069             MVKH    .S1     0x20000a0,A0      ; |174| 
     828 00000764 0281006B  ||         MVKH    .S2     0x200009c,B5      ; |175| 
     829 00000768 00884A5B  ||         CMPEQ   .L2     B2,2,B1           ; |213| 
     830 0000076c 221C02E6  || [ B0]   LDW     .D2T2   *B7,B4            ; |188| 
     831                    
     832                               ; BRANCH OCCURS                   ; |213| 
     833                    ;** --------------------------------------------------------------------------*
     834 00000770 0400022A-            MVKL    .S2     _PWMH,B8          ; |181| 
     835                    
     836 00000774 4FFF9593     [ B1]   B       .S2     L9                ; |213| 
     837 00000778 04004C28  ||         MVKL    .S1     0x2000098,A8      ; |183| 
     838                    
     839 00000780 04800A2B-            MVKL    .S2     _prevHall,B9      ; |184| 
     840 00000784 03004E28  ||         MVKL    .S1     0x200009c,A6      ; |182| 
     841                    
     842 00000788 03800429-            MVKL    .S1     _PWML,A7          ; |182| 
     843 0000078c 0380502A  ||         MVKL    .S2     0x20000a0,B7      ; |181| 
     844                    
     845 00000790 0400006B-            MVKH    .S2     _PWMH,B8          ; |181| 
     846 00000794 04010068  ||         MVKH    .S1     0x2000098,A8      ; |183| 
     847                    
     848 00000798 0480006B-            MVKH    .S2     _prevHall,B9      ; |184| 
     849 0000079c 03010068  ||         MVKH    .S1     0x200009c,A6      ; |182| 
     850                    
     851 000007a0 03800069-            MVKH    .S1     _PWML,A7          ; |182| 
     852 000007a4 0381006B  ||         MVKH    .S2     0x20000a0,B7      ; |181| 
     853 000007a8 00086A5B  ||         CMPEQ   .L2     B2,3,B0           ; |213| 
     854 000007ac 42800274  || [ B1]   STW     .D1T1   A5,*A0            ; |174| 
     855                    
     856                               ; BRANCH OCCURS                   ; |213| 
     857                    ;** --------------------------------------------------------------------------*
     858 000007b0 2FFF9B90     [ B0]   B       .S1     L11               ; |213| 
     859 000007b4 222002E6     [ B0]   LDW     .D2T2   *B8,B4            ; |181| 
     860 000007b8 00006000             NOP             4
     861                               ; BRANCH OCCURS                   ; |213| 
     862                    ;** --------------------------------------------------------------------------*
     863 000007bc 00001310             B       .S1     L19               ; |213| 
     864 000007c0 02000C2A-            MVKL    .S2     _currHall,B4      ; |218| 
     865 000007c4 0200006A-            MVKH    .S2     _currHall,B4      ; |218| 
     866 000007c8 029002E6             LDW     .D2T2   *B4,B5            ; |218| 
     867 000007cc 01800A28-            MVKL    .S1     _prevHall,A3      ; |218| 
     868 000007d0 00000000             NOP             1
     869                               ; BRANCH OCCURS                   ; |213| 
     870                    ;** --------------------------------------------------------------------------*
     871 000007d4           L17:    
     872                    
     873 000007d4 0380042B-            MVKL    .S2     _PWML,B7          ; |209| 
     874 000007d8 03004C28  ||         MVKL    .S1     0x2000098,A6      ; |211| 
     875                    
     876 000007e0 2FFFAA93     [ B0]   B       .S2     L13               ; |213| 
     877 000007e4 03800228- ||         MVKL    .S1     _PWMH,A7          ; |211| 
     878                    
     879 000007e8 04004E29             MVKL    .S1     0x200009c,A8      ; |210| 
     880 000007ec 04800A2A- ||         MVKL    .S2     _prevHall,B9      ; |212| 
TMS320C6x COFF Assembler         Version 4.10     Thu Jun 06 14:09:01 2024
Copyright (c) 1996-2001 Texas Instruments Incorporated
temp\main.asm                                                        PAGE   17

     881                    
     882 000007f0 04840029             MVK     .S1     2048,A9           ; |210| 
     883 000007f4 0400502A  ||         MVKL    .S2     0x20000a0,B8      ; |209| 
     884                    
     885 000007f8 0380006B-            MVKH    .S2     _PWML,B7          ; |209| 
     886 000007fc 03010068  ||         MVKH    .S1     0x2000098,A6      ; |211| 
     887                    
     888 00000800 0480006B-            MVKH    .S2     _prevHall,B9      ; |212| 
     889 00000804 03800068- ||         MVKH    .S1     _PWMH,A7          ; |211| 
     890                    
     891 00000808 04010069             MVKH    .S1     0x200009c,A8      ; |210| 
     892 0000080c 0401006B  ||         MVKH    .S2     0x20000a0,B8      ; |209| 
     893 00000810 0088CA5B  ||         CMPEQ   .L2     B2,6,B1           ; |213| 
     894 00000814 22800274  || [ B0]   STW     .D1T1   A5,*A0            ; |195| 
     895                    
     896                               ; BRANCH OCCURS                   ; |213| 
     897                    ;** --------------------------------------------------------------------------*
     898 00000818 4FFFBE90     [ B1]   B       .S1     L15               ; |213| 
     899 0000081c 52000C2A-    [!B1]   MVKL    .S2     _currHall,B4      ; |218| 
     900 00000820 00004000             NOP             3
     901 00000824 421C02E6     [ B1]   LDW     .D2T2   *B7,B4            ; |209| 
     902                               ; BRANCH OCCURS                   ; |213| 
     903                    ;** --------------------------------------------------------------------------*
     904 00000828           L18:    
     905 00000828 0200006A-            MVKH    .S2     _currHall,B4      ; |218| 
     906 0000082c 029002E6             LDW     .D2T2   *B4,B5            ; |218| 
     907 00000830 01800A28-            MVKL    .S1     _prevHall,A3      ; |218| 
     908 00000834 00000000             NOP             1
     909                    ;** --------------------------------------------------------------------------*
     910 00000838           L19:    
     911                    
     912 00000838 0201A62B'            MVKL    .S2     _angleFromHallCount,B4 ; |221| 
     913 0000083c 00000828- ||         MVKL    .S1     _hallCount,A0     ; |221| 
     914                    
     915 00000840 0200006B'            MVKH    .S2     _angleFromHallCount,B4 ; |221| 
     916 00000844 01800068- ||         MVKH    .S1     _prevHall,A3      ; |218| 
     917                    
     918 00000848 00100363             B       .S2     B4                ; |221| 
     919 0000084c 028C0277  ||         STW     .D1T2   B5,*A3            ; |218| 
     920 00000850 00000068- ||         MVKH    .S1     _hallCount,A0     ; |221| 
     921                    
     922 00000854 02000264             LDW     .D1T1   *A0,A4            ; |221| 
     923 00000858 0184322A'            MVKL    .S2     RL10,B3           ; |221| 
     924 0000085c 0180006A'            MVKH    .S2     RL10,B3           ; |221| 
     925 00000860 00002000             NOP             2
     926 00000864           RL10:      ; CALL OCCURS                     ; |221| 
     927 00000864 02000E2A-            MVKL    .S2     _currAngle,B4     ; |221| 
     928 00000868 0200006A-            MVKH    .S2     _currAngle,B4     ; |221| 
     929 0000086c 021002F4             STW     .D2T1   A4,*B4            ; |221| 
     930 00000870 01BCC2E6             LDW     .D2T2   *+SP(24),B3       ; |222| 
     931 00000874 063CA2E4             LDW     .D2T1   *+SP(20),A12      ; |222| 
     932 00000878 05BC82E4             LDW     .D2T1   *+SP(16),A11      ; |222| 
     933 0000087c 053C62E4             LDW     .D2T1   *+SP(12),A10      ; |222| 
     934 00000880 053CE2E6             LDW     .D2T2   *+SP(28),B10      ; |222| 
     935 00000884 000C0362             B       .S2     B3                ; |222| 
TMS320C6x COFF Assembler         Version 4.10     Thu Jun 06 14:09:01 2024
Copyright (c) 1996-2001 Texas Instruments Incorporated
temp\main.asm                                                        PAGE   18

     936 00000888 05BD12E6             LDW     .D2T2   *++SP(32),B11     ; |222| 
     937 0000088c 00006000             NOP             4
     938                               ; BRANCH OCCURS                   ; |222| 
     939                    
     940                    
     941 00000890                   .sect   ".text"
     942                            .global _main
     943                    
     944                    ;******************************************************************************
     945                    ;* FUNCTION NAME: _main                                                       *
     946                    ;*                                                                            *
     947                    ;*   Regs Modified     : A0,A1,A2,A3,A4,A5,A6,A7,A8,A9,B0,B1,B2,B3,B4,B5,B6,  *
     948                    ;*                           B7,B8,B9,B10,SP                                  *
     949                    ;*   Regs Used         : A0,A1,A2,A3,A4,A5,A6,A7,A8,A9,B0,B1,B2,B3,B4,B5,B6,  *
     950                    ;*                           B7,B8,B9,B10,SP                                  *
     951                    ;*   Local Frame Size  : 16 Args + 4 Auto + 8 Save = 28 byte                  *
     952                    ;******************************************************************************
     953 00000890           _main:
     954                    ;** --------------------------------------------------------------------------*
     955 00000890 00000028'            MVKL    .S1     _InitEXINTF,A0    ; |235| 
     956 00000894 00000068'            MVKH    .S1     _InitEXINTF,A0    ; |235| 
     957 00000898 00001362             B       .S2X    A0                ; |235| 
     958 0000089c 00002000             NOP             2
     959 000008a0 053D14F6             STW     .D2T2   B10,*SP--(32)     ; |233| 
     960                    
     961 000008a4 0184582B'            MVKL    .S2     RL12,B3           ; |235| 
     962 000008a8 01BCE2F6  ||         STW     .D2T2   B3,*+SP(28)       ; |233| 
     963                    
     964 000008ac 0180006A'            MVKH    .S2     RL12,B3           ; |235| 
     965 000008b0           RL12:      ; CALL OCCURS                     ; |235| 
     966 000008b0 00002028'            MVKL    .S1     _InitTimer,A0     ; |236| 
     967 000008b4 00000068'            MVKH    .S1     _InitTimer,A0     ; |236| 
     968 000008b8 00001362             B       .S2X    A0                ; |236| 
     969 000008bc 0184642A'            MVKL    .S2     RL14,B3           ; |236| 
     970 000008c0 0180006A'            MVKH    .S2     RL14,B3           ; |236| 
     971 000008c4 00004000             NOP             3
     972 000008c8           RL14:      ; CALL OCCURS                     ; |236| 
     973 000008c8 0200002A!            MVKL    .S2     _InitUART,B4      ; |237| 
     974 000008cc 0200006A!            MVKH    .S2     _InitUART,B4      ; |237| 
     975 000008d0 00100362             B       .S2     B4                ; |237| 
     976 000008d4 0184702A'            MVKL    .S2     RL16,B3           ; |237| 
     977 000008d8 0180006A'            MVKH    .S2     RL16,B3           ; |237| 
     978 000008dc 00004000             NOP             3
     979 000008e0           RL16:      ; CALL OCCURS                     ; |237| 
     980 000008e0 00004028'            MVKL    .S1     _InitINT,A0       ; |238| 
     981 000008e4 00000068'            MVKH    .S1     _InitINT,A0       ; |238| 
     982 000008e8 00001362             B       .S2X    A0                ; |238| 
     983 000008ec 01847C2A'            MVKL    .S2     RL18,B3           ; |238| 
     984 000008f0 0180006A'            MVKH    .S2     RL18,B3           ; |238| 
     985 000008f4 00004000             NOP             3
     986 000008f8           RL18:      ; CALL OCCURS                     ; |238| 
     987 000008f8 00000028!            MVKL    .S1     _InitUSBMon,A0    ; |239| 
     988 000008fc 00000068!            MVKH    .S1     _InitUSBMon,A0    ; |239| 
     989 00000900 00001362             B       .S2X    A0                ; |239| 
     990 00000904 0184882A'            MVKL    .S2     RL20,B3           ; |239| 
TMS320C6x COFF Assembler         Version 4.10     Thu Jun 06 14:09:01 2024
Copyright (c) 1996-2001 Texas Instruments Incorporated
temp\main.asm                                                        PAGE   19

     991 00000908 0180006A'            MVKH    .S2     RL20,B3           ; |239| 
     992 0000090c 00004000             NOP             3
     993 00000910           RL20:      ; CALL OCCURS                     ; |239| 
     994 00000910 00000028!            MVKL    .S1     _sprintf,A0       ; |241| 
     995                    
     996 00000914 00000069!            MVKH    .S1     _sprintf,A0       ; |241| 
     997 00000918 0200002A+ ||         MVKL    .S2     SL1+0,B4          ; |241| 
     998                    
     999 0000091c 00001362             B       .S2X    A0                ; |241| 
    1000 00000920 0200006A+            MVKH    .S2     SL1+0,B4          ; |241| 
    1001 00000924 0280002A!            MVKL    .S2     _tmp_string,B5    ; |241| 
    1002 00000928 01849E2A'            MVKL    .S2     RL22,B3           ; |241| 
    1003 0000092c 0280006A!            MVKH    .S2     _tmp_string,B5    ; |241| 
    1004                    
    1005 00000930 023C22F7             STW     .D2T2   B4,*+SP(4)        ; |241| 
    1006 00000934 0180006B' ||         MVKH    .S2     RL22,B3           ; |241| 
    1007 00000938 021411A0  ||         MV      .S1X    B5,A4             ; |241| 
    1008                    
    1009 0000093c           RL22:      ; CALL OCCURS                     ; |241| 
    1010 0000093c 00000028!            MVKL    .S1     _Report,A0        ; |241| 
    1011 00000940 00000068!            MVKH    .S1     _Report,A0        ; |241| 
    1012 00000944 00001362             B       .S2X    A0                ; |241| 
    1013 00000948 0184AA2A'            MVKL    .S2     RL24,B3           ; |241| 
    1014 0000094c 0180006A'            MVKH    .S2     RL24,B3           ; |241| 
    1015 00000950 00004000             NOP             3
    1016 00000954           RL24:      ; CALL OCCURS                     ; |241| 
    1017 00000954 0003F428             MVK     .S1     2024,A0           ; |242| 
    1018                    
    1019 00000958 00000029!            MVKL    .S1     _sprintf,A0       ; |242| 
    1020 0000095c 003C42F4  ||         STW     .D2T1   A0,*+SP(8)        ; |242| 
    1021                    
    1022 00000960 00000069!            MVKH    .S1     _sprintf,A0       ; |242| 
    1023 00000964 0280002A! ||         MVKL    .S2     _tmp_string,B5    ; |242| 
    1024                    
    1025 00000968 00001362             B       .S2X    A0                ; |242| 
    1026 0000096c 0280006A!            MVKH    .S2     _tmp_string,B5    ; |242| 
    1027 00000970 020002AA+            MVKL    .S2     SL2+0,B4          ; |242| 
    1028 00000974 0184C62A'            MVKL    .S2     RL26,B3           ; |242| 
    1029 00000978 0200006A+            MVKH    .S2     SL2+0,B4          ; |242| 
    1030                    
    1031 00000980 0180006B'            MVKH    .S2     RL26,B3           ; |242| 
    1032 00000984 023C22F7  ||         STW     .D2T2   B4,*+SP(4)        ; |242| 
    1033 00000988 021411A0  ||         MV      .S1X    B5,A4             ; |242| 
    1034                    
    1035 0000098c           RL26:      ; CALL OCCURS                     ; |242| 
    1036 0000098c 00000028!            MVKL    .S1     _Report,A0        ; |242| 
    1037 00000990 00000068!            MVKH    .S1     _Report,A0        ; |242| 
    1038 00000994 00001362             B       .S2X    A0                ; |242| 
    1039 00000998 0184D22A'            MVKL    .S2     RL28,B3           ; |242| 
    1040 0000099c 0180006A'            MVKH    .S2     RL28,B3           ; |242| 
    1041 000009a0 00004000             NOP             3
    1042 000009a4           RL28:      ; CALL OCCURS                     ; |242| 
    1043 000009a4 02000F2A+            MVKL    .S2     SL3+0,B4          ; |243| 
    1044 000009a8 0281FE2A             MVKL    .S2     0x20003fc,B5      ; |243| 
    1045 000009ac 0200006A+            MVKH    .S2     SL3+0,B4          ; |243| 
TMS320C6x COFF Assembler         Version 4.10     Thu Jun 06 14:09:01 2024
Copyright (c) 1996-2001 Texas Instruments Incorporated
temp\main.asm                                                        PAGE   20

    1046                    
    1047 000009b0 0281006B             MVKH    .S2     0x20003fc,B5      ; |243| 
    1048 000009b4 023C22F6  ||         STW     .D2T2   B4,*+SP(4)        ; |243| 
    1049                    
    1050 000009b8 021402E6             LDW     .D2T2   *B5,B4            ; |243| 
    1051 000009bc 0001FE28             MVKL    .S1     0x20003fc,A0      ; |243| 
    1052 000009c0 00010068             MVKH    .S1     0x20003fc,A0      ; |243| 
    1053 000009c4 02000028!            MVKL    .S1     _tmp_string,A4    ; |243| 
    1054 000009c8 0184FC2A'            MVKL    .S2     RL30,B3           ; |243| 
    1055 000009cc 0212180A             EXTU    .S2     B4,16,24,B4       ; |243| 
    1056 000009d0 023C42F6             STW     .D2T2   B4,*+SP(8)        ; |243| 
    1057                    
    1058 000009d4 00000029!            MVKL    .S1     _sprintf,A0       ; |243| 
    1059 000009d8 01800264  ||         LDW     .D1T1   *A0,A3            ; |243| 
    1060                    
    1061 000009dc 00000068!            MVKH    .S1     _sprintf,A0       ; |243| 
    1062 000009e0 00001362             B       .S2X    A0                ; |243| 
    1063 000009e4 02000068!            MVKH    .S1     _tmp_string,A4    ; |243| 
    1064 000009e8 0180006A'            MVKH    .S2     RL30,B3           ; |243| 
    1065 000009ec 00000000             NOP             1
    1066 000009f0 018F1808             EXTU    .S1     A3,24,24,A3       ; |243| 
    1067 000009f4 01BC62F4             STW     .D2T1   A3,*+SP(12)       ; |243| 
    1068 000009f8           RL30:      ; CALL OCCURS                     ; |243| 
    1069 000009f8 00000028!            MVKL    .S1     _Report,A0        ; |243| 
    1070 000009fc 00000068!            MVKH    .S1     _Report,A0        ; |243| 
    1071 00000a00 00001362             B       .S2X    A0                ; |243| 
    1072 00000a04 0185082A'            MVKL    .S2     RL32,B3           ; |243| 
    1073 00000a08 0180006A'            MVKH    .S2     RL32,B3           ; |243| 
    1074 00000a0c 00004000             NOP             3
    1075 00000a10           RL32:      ; CALL OCCURS                     ; |243| 
    1076                    ;** --------------------------------------------------------------------------*
    1077 00000a10 00004C28'            MVKL    .S1     _GIE,A0           ; |247| 
    1078 00000a14 00000068'            MVKH    .S1     _GIE,A0           ; |247| 
    1079 00000a18 00001362             B       .S2X    A0                ; |247| 
    1080 00000a1c 0200002A!            MVKL    .S2     _TFlag,B4         ; |245| 
    1081 00000a20 01851A2A'            MVKL    .S2     RL34,B3           ; |247| 
    1082 00000a24 0200006A!            MVKH    .S2     _TFlag,B4         ; |245| 
    1083 00000a28 028008C2             ZERO    .D2     B5                ; |245| 
    1084                    
    1085 00000a2c 029002F7             STW     .D2T2   B5,*B4            ; |245| 
    1086 00000a30 0180006A' ||         MVKH    .S2     RL34,B3           ; |247| 
    1087                    
    1088 00000a34           RL34:      ; CALL OCCURS                     ; |247| 
    1089 00000a34 00004C28'            MVKL    .S1     _GIE,A0           ; |247| 
    1090 00000a38 00000068'            MVKH    .S1     _GIE,A0           ; |247| 
    1091 00000a3c 00001362             B       .S2X    A0                ; |247| 
    1092 00000a40 0185262A'            MVKL    .S2     RL36,B3           ; |247| 
    1093 00000a44 0180006A'            MVKH    .S2     RL36,B3           ; |247| 
    1094 00000a48 00004000             NOP             3
    1095 00000a4c           RL36:      ; CALL OCCURS                     ; |247| 
    1096 00000a4c 0280DC2A'            MVKL    .S2     _WaitTFlagCnt,B5  ; |251| 
    1097 00000a50 0280006A'            MVKH    .S2     _WaitTFlagCnt,B5  ; |251| 
    1098 00000a54 00140362             B       .S2     B5                ; |251| 
    1099 00000a58 02004A2A             MVKL    .S2     0x2000094,B4      ; |249| 
    1100 00000a5c 01853A2A'            MVKL    .S2     RL38,B3           ; |251| 
TMS320C6x COFF Assembler         Version 4.10     Thu Jun 06 14:09:01 2024
Copyright (c) 1996-2001 Texas Instruments Incorporated
temp\main.asm                                                        PAGE   21

    1101 00000a60 000000A8             MVK     .S1     1,A0              ; |249| 
    1102 00000a64 0201006A             MVKH    .S2     0x2000094,B4      ; |249| 
    1103                    
    1104 00000a68 02003229             MVK     .S1     0x64,A4           ; |251| 
    1105 00000a6c 0180006B' ||         MVKH    .S2     RL38,B3           ; |251| 
    1106 00000a70 001002F4  ||         STW     .D2T1   A0,*B4            ; |249| 
    1107                    
    1108 00000a74           RL38:      ; CALL OCCURS                     ; |251| 
    1109                    
    1110 00000a74 00001029-            MVKL    .S1     _refAngle,A0      ; |252| 
    1111 00000a78 020428C2  ||         ZERO    .D2     B4                ; |252| 
    1112                    
    1113 00000a80 00000069-            MVKH    .S1     _refAngle,A0      ; |252| 
    1114 00000a84 0221DA6A  ||         MVKH    .S2     0x43b40000,B4     ; |252| 
    1115                    
    1116 00000a88 02000276             STW     .D1T2   B4,*A0            ; |252| 
    1117                    ;** --------------------------------------------------------------------------*
    1118                    ;**   BEGIN LOOP L20
    1119                    ;** --------------------------------------------------------------------------*
    1120 00000a8c           L20:    
    1121                    
    1122 00000a8c 020428C3             ZERO    .D2     B4                ; |256| 
    1123 00000a90 0293882A  ||         MVK     .S2     10000,B5          ; |256| 
    1124                    
    1125 00000a94 00148AFA             CMPLT   .L2     B4,B5,B0          ; |256| 
    1126 00000a98 30001310     [!B0]   B       .S1     L22               ; |256| 
    1127                    
    1128 00000aa0 023CA2F7             STW     .D2T2   B4,*+SP(20)       ; |256| 
    1129 00000aa4 0513882A  ||         MVK     .S2     10000,B10         ; |258| 
    1130                    
    1131 00000aa8 320018AA+    [!B0]   MVKL    .S2     SL4+0,B4          ; |259| 
    1132                    
    1133 00000aac 3200006B+    [!B0]   MVKH    .S2     SL4+0,B4          ; |259| 
    1134 00000ab0 30000E28- || [!B0]   MVKL    .S1     _currAngle,A0     ; |259| 
    1135                    
    1136 00000ab4 323C22F7     [!B0]   STW     .D2T2   B4,*+SP(4)        ; |259| 
    1137 00000ab8 30000068- || [!B0]   MVKH    .S1     _currAngle,A0     ; |259| 
    1138                    
    1139 00000abc 30000264     [!B0]   LDW     .D1T1   *A0,A0            ; |259| 
    1140                               ; BRANCH OCCURS                   ; |256| 
    1141                    ;*----------------------------------------------------------------------------*
    1142                    ;*   SOFTWARE PIPELINE INFORMATION
    1143                    ;*      Disqualified loop: software pipelining disabled
    1144                    ;*----------------------------------------------------------------------------*
    1145 00000ac0           L21:    
    1146 00000ac0 0201DA2A'            MVKL    .S2     _BLDCDrive,B4     ; |257| 
    1147                    
    1148 00000ac4 0200006B'            MVKH    .S2     _BLDCDrive,B4     ; |257| 
    1149 00000ac8 00000028! ||         MVKL    .S1     _uControlInput,A0 ; |257| 
    1150                    
    1151 00000acc 00100363             B       .S2     B4                ; |257| 
    1152 00000ad0 00000068! ||         MVKH    .S1     _uControlInput,A0 ; |257| 
    1153                    
    1154 00000ad4 02000264             LDW     .D1T1   *A0,A4            ; |257| 
    1155 00000ad8 0185722A'            MVKL    .S2     RL40,B3           ; |257| 
TMS320C6x COFF Assembler         Version 4.10     Thu Jun 06 14:09:01 2024
Copyright (c) 1996-2001 Texas Instruments Incorporated
temp\main.asm                                                        PAGE   22

    1156 00000adc 0180006A'            MVKH    .S2     RL40,B3           ; |257| 
    1157 00000ae0 00002000             NOP             2
    1158 00000ae4           RL40:      ; CALL OCCURS                     ; |257| 
    1159 00000ae4 023CA2E6             LDW     .D2T2   *+SP(20),B4       ; |258| 
    1160 00000ae8 00006000             NOP             4
    1161 00000aec 02102942             ADD     .D2     1,B4,B4           ; |258| 
    1162 00000af0 00288AFA             CMPLT   .L2     B4,B10,B0         ; |258| 
    1163 00000af4 2FFFFC10     [ B0]   B       .S1     L21               ; |258| 
    1164 00000af8 00006000             NOP             4
    1165 00000afc 023CA2F6             STW     .D2T2   B4,*+SP(20)       ; |258| 
    1166                               ; BRANCH OCCURS                   ; |258| 
    1167                    ;** --------------------------------------------------------------------------*
    1168 00000b00 020018AA+            MVKL    .S2     SL4+0,B4          ; |259| 
    1169                    
    1170 00000b04 0200006B+            MVKH    .S2     SL4+0,B4          ; |259| 
    1171 00000b08 00000E28- ||         MVKL    .S1     _currAngle,A0     ; |259| 
    1172                    
    1173 00000b0c 023C22F7             STW     .D2T2   B4,*+SP(4)        ; |259| 
    1174 00000b10 00000068- ||         MVKH    .S1     _currAngle,A0     ; |259| 
    1175                    
    1176 00000b14 00000264             LDW     .D1T1   *A0,A0            ; |259| 
    1177                    ;** --------------------------------------------------------------------------*
    1178 00000b18           L22:    
    1179 00000b18 0185A42A'            MVKL    .S2     RL42,B3           ; |259| 
    1180 00000b1c 0200002A!            MVKL    .S2     _tmp_string,B4    ; |259| 
    1181 00000b20 0200006A!            MVKH    .S2     _tmp_string,B4    ; |259| 
    1182 00000b24 021011A0             MV      .S1X    B4,A4             ; |259| 
    1183 00000b28 000000A0             SPDP    .S1     A0,A1:A0          ; |259| 
    1184 00000b2c 0180006A'            MVKH    .S2     RL42,B3           ; |259| 
    1185                    
    1186 00000b30 00000029!            MVKL    .S1     _sprintf,A0       ; |259| 
    1187 00000b34 003C42F4  ||         STW     .D2T1   A0,*+SP(8)        ; |259| 
    1188                    
    1189 00000b38 00000068!            MVKH    .S1     _sprintf,A0       ; |259| 
    1190 00000b3c 00001362             B       .S2X    A0                ; |259| 
    1191 00000b40 00BC62F4             STW     .D2T1   A1,*+SP(12)       ; |259| 
    1192 00000b44 00006000             NOP             4
    1193 00000b48           RL42:      ; CALL OCCURS                     ; |259| 
    1194 00000b48 0200002A!            MVKL    .S2     _Report,B4        ; |259| 
    1195 00000b4c 0200006A!            MVKH    .S2     _Report,B4        ; |259| 
    1196 00000b50 00100362             B       .S2     B4                ; |259| 
    1197 00000b54 0185B02A'            MVKL    .S2     RL44,B3           ; |259| 
    1198 00000b58 0180006A'            MVKH    .S2     RL44,B3           ; |259| 
    1199 00000b5c 00004000             NOP             3
    1200 00000b60           RL44:      ; CALL OCCURS                     ; |259| 
    1201 00000b60 0FFFE590             B       .S1     L20               ; |260| 
    1202 00000b64 00008000             NOP             5
    1203                               ; BRANCH OCCURS                   ; |260| 
    1204                    
    1205                    
    1206                    ;******************************************************************************
    1207                    ;* STRINGS                                                                    *
    1208                    ;******************************************************************************
    1209 00000000                   .sect   ".const"
    1210 00000000 0000000D  SL1:    .string 13,10,13,10,0
TMS320C6x COFF Assembler         Version 4.10     Thu Jun 06 14:09:01 2024
Copyright (c) 1996-2001 Texas Instruments Incorporated
temp\main.asm                                                        PAGE   23

         00000001 0000000A 
         00000002 0000000D 
         00000003 0000000A 
         00000004 00000000 
    1211 00000005 0000004D  SL2:    .string "Mechatronics Course %d",13,10,0
         00000006 00000065 
         00000007 00000063 
         00000008 00000068 
         00000009 00000061 
         0000000a 00000074 
         0000000b 00000072 
         0000000c 0000006F 
         0000000d 0000006E 
         0000000e 00000069 
         0000000f 00000063 
         00000010 00000073 
         00000011 00000020 
         00000012 00000043 
         00000013 0000006F 
         00000014 00000075 
         00000015 00000072 
         00000016 00000073 
         00000017 00000065 
         00000018 00000020 
         00000019 00000025 
         0000001a 00000064 
         0000001b 0000000D 
         0000001c 0000000A 
         0000001d 00000000 
    1212 0000001e 00000046  SL3:    .string "FPGA Ver%2x.%02x",13,10,0
         0000001f 00000050 
         00000020 00000047 
         00000021 00000041 
         00000022 00000020 
         00000023 00000056 
         00000024 00000065 
         00000025 00000072 
         00000026 00000025 
         00000027 00000032 
         00000028 00000078 
         00000029 0000002E 
         0000002a 00000025 
         0000002b 00000030 
         0000002c 00000032 
         0000002d 00000078 
         0000002e 0000000D 
         0000002f 0000000A 
         00000030 00000000 
    1213 00000031 00000063  SL4:    .string "currAngle: %.2f",13,10,13,10,0
         00000032 00000075 
         00000033 00000072 
         00000034 00000072 
         00000035 00000041 
         00000036 0000006E 
         00000037 00000067 
TMS320C6x COFF Assembler         Version 4.10     Thu Jun 06 14:09:01 2024
Copyright (c) 1996-2001 Texas Instruments Incorporated
temp\main.asm                                                        PAGE   24

         00000038 0000006C 
         00000039 00000065 
         0000003a 0000003A 
         0000003b 00000020 
         0000003c 00000025 
         0000003d 0000002E 
         0000003e 00000032 
         0000003f 00000066 
         00000040 0000000D 
         00000041 0000000A 
         00000042 0000000D 
         00000043 0000000A 
         00000044 00000000 
    1214                    ;******************************************************************************
    1215                    ;* UNDEFINED EXTERNAL REFERENCES                                              *
    1216                    ;******************************************************************************
    1217                            .global _sprintf
    1218                            .global _InitUART
    1219                            .global _Report
    1220                            .global _InitUSBMon
    1221                            .global _tmp_string
    1222                            .global _TFlag
    1223                            .global _uControlInput
    1224                            .global __divd

No Assembly Errors, No Assembly Warnings
