TMS320C6x COFF Assembler         Version 4.10     Fri Jun 07 15:49:39 2024
Copyright (c) 1996-2001 Texas Instruments Incorporated
temp\interrupt.asm                                                   PAGE    1

       1                    ;******************************************************************************
       2                    ;* TMS320C6x ANSI C Codegen                                      Version 4.10 *
       3                    ;* Date/Time created: Fri Jun 07 15:49:39 2024                                *
       4                    ;******************************************************************************
       5                    
       6                    ;******************************************************************************
       7                    ;* GLOBAL FILE PARAMETERS                                                     *
       8                    ;*                                                                            *
       9                    ;*   Architecture      : TMS320C670x                                          *
      10                    ;*   Optimization      : Disabled                                             *
      11                    ;*   Optimizing for    : Compile time, Ease of Development                    *
      12                    ;*                       Based on options: no -o, no -ms                      *
      13                    ;*   Endian            : Little                                               *
      14                    ;*   Interrupt Thrshld : Disabled                                             *
      15                    ;*   Memory Model      : Large                                                *
      16                    ;*   Calls to RTS      : Far                                                  *
      17                    ;*   Pipelining        : Disabled                                             *
      18                    ;*   Memory Aliases    : Presume are aliases (pessimistic)                    *
      19                    ;*   Debug Info        : No Debug Info                                        *
      20                    ;*                                                                            *
      21                    ;******************************************************************************
      22                    
      23                            .asg    A15, FP
      24                            .asg    B14, DP
      25                            .asg    B15, SP
      26                            .global $bss
      27                    
      28                    
      29 00000000                   .sect   ".cinit"
      30                            .align  8
      31 00000000 00000004          .field          4,32
      32 00000004 00000000-         .field          _prevErr_pend+0,32
      33 00000008 00000000          .word   000000000h              ; _prevErr_pend @ 0
      34 00000000                   .sect   ".text"
      35                            .global _prevErr_pend
      36 00000000           _prevErr_pend:  .usect  .far,4,4
      37                    
      38 0000000c                   .sect   ".cinit"
      39                            .align  8
      40 00000010 00000004          .field          4,32
      41 00000014 00000004-         .field          _sumErr_pend+0,32
      42 00000018 C3480000          .word   0c3480000h              ; _sumErr_pend @ 0
      43 00000000                   .sect   ".text"
      44                            .global _sumErr_pend
      45 00000004           _sumErr_pend:   .usect  .far,4,4
      46                    
      47 0000001c                   .sect   ".cinit"
      48                            .align  8
      49 00000020 00000004          .field          4,32
      50 00000024 00000008-         .field          _prevErr_cart+0,32
      51 00000028 00000000          .word   000000000h              ; _prevErr_cart @ 0
      52 00000000                   .sect   ".text"
      53                            .global _prevErr_cart
      54 00000008           _prevErr_cart:  .usect  .far,4,4
      55                    
TMS320C6x COFF Assembler         Version 4.10     Fri Jun 07 15:49:39 2024
Copyright (c) 1996-2001 Texas Instruments Incorporated
temp\interrupt.asm                                                   PAGE    2

      56 0000002c                   .sect   ".cinit"
      57                            .align  8
      58 00000030 00000004          .field          4,32
      59 00000034 0000000C-         .field          _sumErr_cart+0,32
      60 00000038 00000000          .word   000000000h              ; _sumErr_cart @ 0
      61 00000000                   .sect   ".text"
      62                            .global _sumErr_cart
      63 0000000c           _sumErr_cart:   .usect  .far,4,4
      64                    
      65 0000003c                   .sect   ".cinit"
      66                            .align  8
      67 00000040 00000004          .field          4,32
      68 00000044 00000010-         .field          _TFlag+0,32
      69 00000048 00000000          .field          0,32                    ; _TFlag @ 0
      70 00000000                   .sect   ".text"
      71                            .global _TFlag
      72 00000010           _TFlag: .usect  .far,4,4
      73                            .global _y_pend
      74 00000014           _y_pend:        .usect  .far,4,4
      75                            .global _err_pend
      76 00000018           _err_pend:      .usect  .far,4,4
      77                            .global _u_pend
      78 0000001c           _u_pend:        .usect  .far,4,4
      79                            .global _y_cart
      80 00000020           _y_cart:        .usect  .far,4,4
      81                            .global _err_cart
      82 00000024           _err_cart:      .usect  .far,4,4
      83                            .global _u_cart
      84 00000028           _u_cart:        .usect  .far,4,4
      85                    ;       acp6x -q -D_FAR_RTS=1 --large_model=3 --version=6701 -m --i_output_file C:\Users\user\AppData\
      86 00000000                   .sect   ".text"
      87                            .global _ISRextint4
      88                    
      89                    ;******************************************************************************
      90                    ;* FUNCTION NAME: _ISRextint4                                                 *
      91                    ;*                                                                            *
      92                    ;*   Regs Modified     :                                                      *
      93                    ;*   Regs Used         :                                                      *
      94                    ;*   Local Frame Size  : 0 Args + 0 Auto + 0 Save = 0 byte                    *
      95                    ;******************************************************************************
      96 00000000           _ISRextint4:
      97                    ;** --------------------------------------------------------------------------*
      98 00000000 001800E2             B       .S2     IRP               ; |11| 
      99 00000004 00008000             NOP             5
     100                               ; BRANCH OCCURS                   ; |11| 
     101                    
     102                    
     103 00000008                   .sect   ".text"
     104                            .global _ISRextint5
     105                    
     106                    ;******************************************************************************
     107                    ;* FUNCTION NAME: _ISRextint5                                                 *
     108                    ;*                                                                            *
     109                    ;*   Regs Modified     :                                                      *
     110                    ;*   Regs Used         :                                                      *
TMS320C6x COFF Assembler         Version 4.10     Fri Jun 07 15:49:39 2024
Copyright (c) 1996-2001 Texas Instruments Incorporated
temp\interrupt.asm                                                   PAGE    3

     111                    ;*   Local Frame Size  : 0 Args + 0 Auto + 0 Save = 0 byte                    *
     112                    ;******************************************************************************
     113 00000008           _ISRextint5:
     114                    ;** --------------------------------------------------------------------------*
     115 00000008 001800E2             B       .S2     IRP               ; |17| 
     116 0000000c 00008000             NOP             5
     117                               ; BRANCH OCCURS                   ; |17| 
     118                    
     119                    
     120 00000010                   .sect   ".text"
     121                            .global _c_int08
     122                    
     123                    ;******************************************************************************
     124                    ;* FUNCTION NAME: _c_int08                                                    *
     125                    ;*                                                                            *
     126                    ;*   Regs Modified     :                                                      *
     127                    ;*   Regs Used         :                                                      *
     128                    ;*   Local Frame Size  : 0 Args + 0 Auto + 0 Save = 0 byte                    *
     129                    ;******************************************************************************
     130 00000010           _c_int08:
     131                    ;** --------------------------------------------------------------------------*
     132 00000010 001800E2             B       .S2     IRP               ; |29| 
     133 00000014 00008000             NOP             5
     134                               ; BRANCH OCCURS                   ; |29| 
     135                    
     136                    
     137 00000018                   .sect   ".text"
     138                            .global _c_int09
     139                    
     140                    ;******************************************************************************
     141                    ;* FUNCTION NAME: _c_int09                                                    *
     142                    ;*                                                                            *
     143                    ;*   Regs Modified     :                                                      *
     144                    ;*   Regs Used         :                                                      *
     145                    ;*   Local Frame Size  : 0 Args + 0 Auto + 0 Save = 0 byte                    *
     146                    ;******************************************************************************
     147 00000018           _c_int09:
     148                    ;** --------------------------------------------------------------------------*
     149 00000018 001800E2             B       .S2     IRP               ; |35| 
     150 0000001c 00008000             NOP             5
     151                               ; BRANCH OCCURS                   ; |35| 
     152                    
     153                    
     154 00000020                   .sect   ".text"
     155                            .global _ISRNMI
     156                    
     157                    ;******************************************************************************
     158                    ;* FUNCTION NAME: _ISRNMI                                                     *
     159                    ;*                                                                            *
     160                    ;*   Regs Modified     :                                                      *
     161                    ;*   Regs Used         :                                                      *
     162                    ;*   Local Frame Size  : 0 Args + 0 Auto + 0 Save = 0 byte                    *
     163                    ;******************************************************************************
     164 00000020           _ISRNMI:
     165                    ;** --------------------------------------------------------------------------*
TMS320C6x COFF Assembler         Version 4.10     Fri Jun 07 15:49:39 2024
Copyright (c) 1996-2001 Texas Instruments Incorporated
temp\interrupt.asm                                                   PAGE    4

     166 00000020 001800E2             B       .S2     IRP               ; |19| 
     167 00000024 00008000             NOP             5
     168                               ; BRANCH OCCURS                   ; |19| 
     169                    
     170                    
     171 00000028                   .sect   ".text"
     172                            .global _ISRextint6
     173                    
     174                    ;******************************************************************************
     175                    ;* FUNCTION NAME: _ISRextint6                                                 *
     176                    ;*                                                                            *
     177                    ;*   Regs Modified     : A0,A1,A2,A3,A4,A5,A6,A7,A8,A9,B0,B1,B2,B3,B4,B5,B6,  *
     178                    ;*                           B7,B8,B9,SP                                      *
     179                    ;*   Regs Used         : A0,A1,A2,A3,A4,A5,A6,A7,A8,A9,B0,B1,B2,B3,B4,B5,B6,  *
     180                    ;*                           B7,B8,B9,SP                                      *
     181                    ;*   Local Frame Size  : 0 Args + 4 Auto + 84 Save = 88 byte                  *
     182                    ;******************************************************************************
     183 00000028           _ISRextint6:
     184                    ;** --------------------------------------------------------------------------*
     185 00000028 04BED4F6             STW     .D2T2   B9,*SP--(88)      ; |22| 
     186 0000002c 003C62F4             STW     .D2T1   A0,*+SP(12)       ; |22| 
     187 00000030 03BE82F6             STW     .D2T2   B7,*+SP(80)       ; |22| 
     188 00000034 033E62F6             STW     .D2T2   B6,*+SP(76)       ; |22| 
     189 00000038 02BE42F6             STW     .D2T2   B5,*+SP(72)       ; |22| 
     190 0000003c 023E22F6             STW     .D2T2   B4,*+SP(68)       ; |22| 
     191 00000040 01BE02F6             STW     .D2T2   B3,*+SP(64)       ; |22| 
     192 00000044 013DE2F6             STW     .D2T2   B2,*+SP(60)       ; |22| 
     193 00000048 00BDC2F6             STW     .D2T2   B1,*+SP(56)       ; |22| 
     194 0000004c 003DA2F6             STW     .D2T2   B0,*+SP(52)       ; |22| 
     195 00000050 04BD82F4             STW     .D2T1   A9,*+SP(48)       ; |22| 
     196 00000054 043D62F4             STW     .D2T1   A8,*+SP(44)       ; |22| 
     197 00000058 03BD42F4             STW     .D2T1   A7,*+SP(40)       ; |22| 
     198 0000005c 033D22F4             STW     .D2T1   A6,*+SP(36)       ; |22| 
     199 00000060 02BD02F4             STW     .D2T1   A5,*+SP(32)       ; |22| 
     200 00000064 023CE2F4             STW     .D2T1   A4,*+SP(28)       ; |22| 
     201 00000068 01BCC2F4             STW     .D2T1   A3,*+SP(24)       ; |22| 
     202 0000006c 013CA2F4             STW     .D2T1   A2,*+SP(20)       ; |22| 
     203                    
     204 00000070 00BC82F5             STW     .D2T1   A1,*+SP(16)       ; |22| 
     205 00000074 00000428  ||         MVKL    .S1     0x2000008,A0      ; |25| 
     206                    
     207 00000078 00010069             MVKH    .S1     0x2000008,A0      ; |25| 
     208 0000007c 043EA2F6  ||         STW     .D2T2   B8,*+SP(84)       ; |22| 
     209                    
     210 00000080 00000264             LDW     .D1T1   *A0,A0            ; |25| 
     211 00000084 00006000             NOP             4
     212 00000088 0001E7A0             AND     .S1     15,A0,A0          ; |25| 
     213 0000008c 00802A58             CMPEQ   .L1     A0,1,A1           ; |25| 
     214 00000090 80005710     [ A1]   B       .S1     L8                ; |25| 
     215 00000094 003C22F4             STW     .D2T1   A0,*+SP(4)        ; |25| 
     216 00000098 83BE82E6     [ A1]   LDW     .D2T2   *+SP(80),B7       ; |59| 
     217 0000009c 833E62E6     [ A1]   LDW     .D2T2   *+SP(76),B6       ; |59| 
     218 000000a0 82BE42E6     [ A1]   LDW     .D2T2   *+SP(72),B5       ; |59| 
     219 000000a4 823E22E6     [ A1]   LDW     .D2T2   *+SP(68),B4       ; |59| 
     220                               ; BRANCH OCCURS                   ; |25| 
TMS320C6x COFF Assembler         Version 4.10     Fri Jun 07 15:49:39 2024
Copyright (c) 1996-2001 Texas Instruments Incorporated
temp\interrupt.asm                                                   PAGE    5

     221                    ;** --------------------------------------------------------------------------*
     222 000000a8 023C22E6             LDW     .D2T2   *+SP(4),B4        ; |26| 
     223 000000ac 00004000             NOP             3
     224                    ;** --------------------------------------------------------------------------*
     225                    ;**   BEGIN LOOP L1
     226                    ;** --------------------------------------------------------------------------*
     227 000000b0           L1:    
     228 000000b0 00000000             NOP             1
     229 000000b4 00108A5A             CMPEQ   .L2     B4,4,B0           ; |26| 
     230 000000b8 30002510     [!B0]   B       .S1     L3                ; |26| 
     231                    
     232 000000c0 323C22E7     [!B0]   LDW     .D2T2   *+SP(4),B4        ; |38| 
     233 000000c4 20000A28  || [ B0]   MVKL    .S1     0x2000014,A0      ; |27| 
     234                    
     235 000000c8 20010068     [ B0]   MVKH    .S1     0x2000014,A0      ; |27| 
     236 000000cc 20000264     [ B0]   LDW     .D1T1   *A0,A0            ; |27| 
     237 000000d0 00002000             NOP             2
     238                               ; BRANCH OCCURS                   ; |26| 
     239                    ;** --------------------------------------------------------------------------*
     240 000000d4 00002000             NOP             2
     241 000000d8 008027A0             AND     .S1     1,A0,A1           ; |27| 
     242 000000dc 90004A10     [!A1]   B       .S1     L7                ; |27| 
     243 000000e0 90000428     [!A1]   MVKL    .S1     0x2000008,A0      ; |58| 
     244 000000e4 90010068     [!A1]   MVKH    .S1     0x2000008,A0      ; |58| 
     245                    
     246 000000e8 820428C3     [ A1]   ZERO    .D2     B4                ; |28| 
     247 000000ec 82803E2B! || [ A1]   MVKL    .S2     _compacket+124,B5 ; |28| 
     248 000000f0 90000264  || [!A1]   LDW     .D1T1   *A0,A0            ; |58| 
     249                    
     250 000000f4 8201006A     [ A1]   MVKH    .S2     0x2000000,B4      ; |28| 
     251                    
     252 000000f8 8280006B!    [ A1]   MVKH    .S2     _compacket+124,B5 ; |28| 
     253 000000fc 821002E6  || [ A1]   LDW     .D2T2   *B4,B4            ; |28| 
     254                    
     255                               ; BRANCH OCCURS                   ; |27| 
     256                    ;** --------------------------------------------------------------------------*
     257 00000100 029402E6             LDW     .D2T2   *B5,B5            ; |28| 
     258 00000104 00000000             NOP             1
     259                    ;*----------------------------------------------------------------------------*
     260                    ;*   SOFTWARE PIPELINE INFORMATION
     261                    ;*      Disqualified loop: software pipelining disabled
     262                    ;*----------------------------------------------------------------------------*
     263 00000108           L2:    
     264 00000108 00003E28!            MVKL    .S1     _compacket+124,A0 ; |29| 
     265 0000010c 00000068!            MVKH    .S1     _compacket+124,A0 ; |29| 
     266 00000110 0213180A             EXTU    .S2     B4,24,24,B4       ; |28| 
     267 00000114 021402B6             STB     .D2T2   B4,*B5            ; |28| 
     268 00000118 01800264             LDW     .D1T1   *A0,A3            ; |29| 
     269 0000011c 00000028!            MVKL    .S1     _SendByte,A0      ; |29| 
     270 00000120 00000068!            MVKH    .S1     _SendByte,A0      ; |29| 
     271 00000124 01809C2A'            MVKL    .S2     RL0,B3            ; |29| 
     272 00000128 00001362             B       .S2X    A0                ; |29| 
     273 0000012c 020C0224             LDB     .D1T1   *A3,A4            ; |29| 
     274 00000130 0180006A'            MVKH    .S2     RL0,B3            ; |29| 
     275 00000134 00004000             NOP             3
TMS320C6x COFF Assembler         Version 4.10     Fri Jun 07 15:49:39 2024
Copyright (c) 1996-2001 Texas Instruments Incorporated
temp\interrupt.asm                                                   PAGE    6

     276 00000138           RL0:       ; CALL OCCURS                     ; |29| 
     277 00000138 02003E2A!            MVKL    .S2     _compacket+124,B4 ; |30| 
     278 0000013c 0200006A!            MVKH    .S2     _compacket+124,B4 ; |30| 
     279 00000140 021002E6             LDW     .D2T2   *B4,B4            ; |30| 
     280 00000144 000031A8!            MVKL    .S1     _compacket+99,A0  ; |30| 
     281 00000148 00000068!            MVKH    .S1     _compacket+99,A0  ; |30| 
     282 0000014c 00002000             NOP             2
     283 00000150 00901A78             CMPEQ   .L1X    B4,A0,A1          ; |30| 
     284 00000154 92003E2A!    [!A1]   MVKL    .S2     _compacket+124,B4 ; |34| 
     285 00000158 9200006A!    [!A1]   MVKH    .S2     _compacket+124,B4 ; |34| 
     286 0000015c 929002E6     [!A1]   LDW     .D2T2   *B4,B5            ; |34| 
     287 00000160 82003E2A!    [ A1]   MVKL    .S2     _compacket+124,B4 ; |31| 
     288 00000164 80000028!    [ A1]   MVKL    .S1     _compacket,A0     ; |31| 
     289 00000168 8200006A!    [ A1]   MVKH    .S2     _compacket+124,B4 ; |31| 
     290 0000016c 80000068!    [ A1]   MVKH    .S1     _compacket,A0     ; |31| 
     291                    
     292 00000170 02800A2B             MVKL    .S2     0x2000014,B5      ; |36| 
     293 00000174 93142942  || [!A1]   ADD     .D2     1,B5,B6           ; |34| 
     294                    
     295 00000178 931002F6     [!A1]   STW     .D2T2   B6,*B4            ; |34| 
     296                    
     297 00000180 801002F5     [ A1]   STW     .D2T1   A0,*B4            ; |31| 
     298 00000184 0281006A  ||         MVKH    .S2     0x2000014,B5      ; |36| 
     299                    
     300 00000188 021402E6             LDW     .D2T2   *B5,B4            ; |36| 
     301 0000018c 00006000             NOP             4
     302 00000190 001027A2             AND     .S2     1,B4,B0           ; |36| 
     303 00000194 2FFFF110     [ B0]   B       .S1     L2                ; |36| 
     304                    
     305 00000198 220428C3     [ B0]   ZERO    .D2     B4                ; |28| 
     306 0000019c 22803E2A! || [ B0]   MVKL    .S2     _compacket+124,B5 ; |28| 
     307                    
     308 000001a0 2201006A     [ B0]   MVKH    .S2     0x2000000,B4      ; |28| 
     309                    
     310 000001a4 2280006B!    [ B0]   MVKH    .S2     _compacket+124,B5 ; |28| 
     311 000001a8 221002E6  || [ B0]   LDW     .D2T2   *B4,B4            ; |28| 
     312                    
     313 000001ac 229402E6     [ B0]   LDW     .D2T2   *B5,B5            ; |28| 
     314 000001b0 00000000             NOP             1
     315                               ; BRANCH OCCURS                   ; |36| 
     316                    ;** --------------------------------------------------------------------------*
     317 000001b4 00002E10             B       .S1     L7                ; |37| 
     318 000001b8 00000428             MVKL    .S1     0x2000008,A0      ; |58| 
     319 000001bc 00010068             MVKH    .S1     0x2000008,A0      ; |58| 
     320 000001c0 00000264             LDW     .D1T1   *A0,A0            ; |58| 
     321 000001c4 00002000             NOP             2
     322                               ; BRANCH OCCURS                   ; |37| 
     323                    ;** --------------------------------------------------------------------------*
     324 000001c8           L3:    
     325 000001c8 00104A5A             CMPEQ   .L2     B4,2,B0           ; |38| 
     326 000001cc 30001090     [!B0]   B       .S1     L4                ; |38| 
     327 000001d0 2200642A!    [ B0]   MVKL    .S2     _respacket+200,B4 ; |39| 
     328 000001d4 00004000             NOP             3
     329 000001d8 323C22E6     [!B0]   LDW     .D2T2   *+SP(4),B4        ; |47| 
     330                               ; BRANCH OCCURS                   ; |38| 
TMS320C6x COFF Assembler         Version 4.10     Fri Jun 07 15:49:39 2024
Copyright (c) 1996-2001 Texas Instruments Incorporated
temp\interrupt.asm                                                   PAGE    7

     331                    ;** --------------------------------------------------------------------------*
     332 000001dc 0200006A!            MVKH    .S2     _respacket+200,B4 ; |39| 
     333 000001e0 029002E6             LDW     .D2T2   *B4,B5            ; |39| 
     334 000001e4 00006000             NOP             4
     335 000001e8 00140ADA             CMPGT   .L2     B5,0,B0           ; |39| 
     336                    
     337 000001ec 20006629!    [ B0]   MVKL    .S1     _respacket+204,A0 ; |40| 
     338 000001f0 029429C2  ||         SUB     .D2     B5,1,B5           ; |39| 
     339                    
     340 000001f4 20000069!    [ B0]   MVKH    .S1     _respacket+204,A0 ; |40| 
     341 000001f8 029002F6  ||         STW     .D2T2   B5,*B4            ; |39| 
     342                    
     343 000001fc 21800264     [ B0]   LDW     .D1T1   *A0,A3            ; |40| 
     344 00000200 22000028!    [ B0]   MVKL    .S1     _respacket,A4     ; |40| 
     345 00000204 22000068!    [ B0]   MVKH    .S1     _respacket,A4     ; |40| 
     346 00000208 30000228     [!B0]   MVKL    .S1     0x2000004,A0      ; |43| 
     347 0000020c 3200682A!    [!B0]   MVKL    .S2     _respacket+208,B4 ; |44| 
     348 00000210 228C2940     [ B0]   ADD     .D1     1,A3,A5           ; |40| 
     349 00000214 22800274     [ B0]   STW     .D1T1   A5,*A0            ; |40| 
     350                    
     351 00000218 00002011             B       .S1     L6                ; |46| 
     352 0000021c 200C8A24  || [ B0]   LDB     .D1T1   *+A3[A4],A0       ; |40| 
     353                    
     354 00000220 30010068     [!B0]   MVKH    .S1     0x2000004,A0      ; |43| 
     355 00000224 328000AA     [!B0]   MVK     .S2     1,B5              ; |43| 
     356                    
     357 00000228 328428C3     [!B0]   ZERO    .D2     B5                ; |44| 
     358 0000022c 220840FB  || [ B0]   ZERO    .L2     B4                ; |40| 
     359 00000230 3200006B! || [!B0]   MVKH    .S2     _respacket+208,B4 ; |44| 
     360 00000234 32800276  || [!B0]   STW     .D1T2   B5,*A0            ; |43| 
     361                    
     362 00000238 2201006B     [ B0]   MVKH    .S2     0x2000000,B4      ; |40| 
     363 0000023c 329002F6  || [!B0]   STW     .D2T2   B5,*B4            ; |44| 
     364                    
     365 00000240 201002F4     [ B0]   STW     .D2T1   A0,*B4            ; |40| 
     366                               ; BRANCH OCCURS                   ; |46| 
     367                    ;** --------------------------------------------------------------------------*
     368 00000244           L4:    
     369 00000244 00006000             NOP             4
     370 00000248 00118A5A             CMPEQ   .L2     B4,12,B0          ; |47| 
     371 0000024c 30001810     [!B0]   B       .S1     L6                ; |47| 
     372 00000250 00002000             NOP             2
     373 00000254 20000A28     [ B0]   MVKL    .S1     0x2000014,A0      ; |48| 
     374 00000258 20010068     [ B0]   MVKH    .S1     0x2000014,A0      ; |48| 
     375 0000025c 20000264     [ B0]   LDW     .D1T1   *A0,A0            ; |48| 
     376                               ; BRANCH OCCURS                   ; |47| 
     377                    ;** --------------------------------------------------------------------------*
     378 00000260 00006000             NOP             4
     379 00000264 008027A0             AND     .S1     1,A0,A1           ; |48| 
     380 00000268 90001410     [!A1]   B       .S1     L6                ; |48| 
     381 0000026c 00006000             NOP             4
     382 00000270 820008C2     [ A1]   ZERO    .D2     B4                ; |49| 
     383                               ; BRANCH OCCURS                   ; |48| 
     384                    ;*----------------------------------------------------------------------------*
     385                    ;*   SOFTWARE PIPELINE INFORMATION
TMS320C6x COFF Assembler         Version 4.10     Fri Jun 07 15:49:39 2024
Copyright (c) 1996-2001 Texas Instruments Incorporated
temp\interrupt.asm                                                   PAGE    8

     386                    ;*      Disqualified loop: software pipelining disabled
     387                    ;*----------------------------------------------------------------------------*
     388 00000274           L5:    
     389                    
     390 00000274 0201006B             MVKH    .S2     0x2000000,B4      ; |49| 
     391 00000278 00003E28! ||         MVKL    .S1     _compacket+124,A0 ; |49| 
     392                    
     393 00000280 021002E7             LDW     .D2T2   *B4,B4            ; |49| 
     394 00000284 00000068! ||         MVKH    .S1     _compacket+124,A0 ; |49| 
     395                    
     396 00000288 01800264             LDW     .D1T1   *A0,A3            ; |49| 
     397 0000028c 00003E28!            MVKL    .S1     _compacket+124,A0 ; |50| 
     398 00000290 00000068!            MVKH    .S1     _compacket+124,A0 ; |50| 
     399 00000294 00000000             NOP             1
     400 00000298 0213180A             EXTU    .S2     B4,24,24,B4       ; |49| 
     401 0000029c 020C0236             STB     .D1T2   B4,*A3            ; |49| 
     402 000002a0 00000264             LDW     .D1T1   *A0,A0            ; |50| 
     403 000002a4 020031AA!            MVKL    .S2     _compacket+99,B4  ; |50| 
     404 000002a8 0200006A!            MVKH    .S2     _compacket+99,B4  ; |50| 
     405 000002ac 00002000             NOP             2
     406 000002b0 00009A7A             CMPEQ   .L2X    A0,B4,B0          ; |50| 
     407 000002b4 30003E28!    [!B0]   MVKL    .S1     _compacket+124,A0 ; |54| 
     408 000002b8 30000068!    [!B0]   MVKH    .S1     _compacket+124,A0 ; |54| 
     409 000002bc 32000940     [!B0]   MV      .D1     A0,A4             ; |54| 
     410 000002c0 30100264     [!B0]   LDW     .D1T1   *A4,A0            ; |54| 
     411 000002c4 20003E28!    [ B0]   MVKL    .S1     _compacket+124,A0 ; |51| 
     412 000002c8 2200002A!    [ B0]   MVKL    .S2     _compacket,B4     ; |51| 
     413 000002cc 20000068!    [ B0]   MVKH    .S1     _compacket+124,A0 ; |51| 
     414 000002d0 2200006A!    [ B0]   MVKH    .S2     _compacket,B4     ; |51| 
     415                    
     416 000002d4 00000A29             MVKL    .S1     0x2000014,A0      ; |56| 
     417 000002d8 31802059  || [!B0]   ADD     .L1     1,A0,A3           ; |54| 
     418 000002dc 22000276  || [ B0]   STW     .D1T2   B4,*A0            ; |51| 
     419                    
     420 000002e0 00010069             MVKH    .S1     0x2000014,A0      ; |56| 
     421 000002e4 31900274  || [!B0]   STW     .D1T1   A3,*A4            ; |54| 
     422                    
     423 000002e8 00000264             LDW     .D1T1   *A0,A0            ; |56| 
     424 000002ec 00006000             NOP             4
     425 000002f0 008027A0             AND     .S1     1,A0,A1           ; |56| 
     426 000002f4 8FFFF290     [ A1]   B       .S1     L5                ; |56| 
     427 000002f8 00006000             NOP             4
     428 000002fc 820008C2     [ A1]   ZERO    .D2     B4                ; |49| 
     429                               ; BRANCH OCCURS                   ; |56| 
     430                    ;** --------------------------------------------------------------------------*
     431 00000300           L6:    
     432 00000300 00000428             MVKL    .S1     0x2000008,A0      ; |58| 
     433 00000304 00010068             MVKH    .S1     0x2000008,A0      ; |58| 
     434 00000308 00000264             LDW     .D1T1   *A0,A0            ; |58| 
     435 0000030c 00002000             NOP             2
     436                    ;** --------------------------------------------------------------------------*
     437 00000310           L7:    
     438 00000310 00002000             NOP             2
     439 00000314 0001E7A0             AND     .S1     15,A0,A0          ; |58| 
     440 00000318 00802A58             CMPEQ   .L1     A0,1,A1           ; |58| 
TMS320C6x COFF Assembler         Version 4.10     Fri Jun 07 15:49:39 2024
Copyright (c) 1996-2001 Texas Instruments Incorporated
temp\interrupt.asm                                                   PAGE    9

     441 0000031c 9FFFB610     [!A1]   B       .S1     L1                ; |58| 
     442 00000320 003C22F4             STW     .D2T1   A0,*+SP(4)        ; |58| 
     443 00000324 923C22E6     [!A1]   LDW     .D2T2   *+SP(4),B4        ; |26| 
     444 00000328 83BE82E6     [ A1]   LDW     .D2T2   *+SP(80),B7       ; |59| 
     445 0000032c 833E62E6     [ A1]   LDW     .D2T2   *+SP(76),B6       ; |59| 
     446 00000330 82BE42E6     [ A1]   LDW     .D2T2   *+SP(72),B5       ; |59| 
     447                               ; BRANCH OCCURS                   ; |58| 
     448                    ;** --------------------------------------------------------------------------*
     449 00000334 023E22E6             LDW     .D2T2   *+SP(68),B4       ; |59| 
     450                    ;** --------------------------------------------------------------------------*
     451 00000338           L8:    
     452 00000338 01BE02E6             LDW     .D2T2   *+SP(64),B3       ; |59| 
     453 0000033c 013DE2E6             LDW     .D2T2   *+SP(60),B2       ; |59| 
     454 00000340 00BDC2E6             LDW     .D2T2   *+SP(56),B1       ; |59| 
     455 00000344 003DA2E6             LDW     .D2T2   *+SP(52),B0       ; |59| 
     456 00000348 04BD82E4             LDW     .D2T1   *+SP(48),A9       ; |59| 
     457 0000034c 043D62E4             LDW     .D2T1   *+SP(44),A8       ; |59| 
     458 00000350 03BD42E4             LDW     .D2T1   *+SP(40),A7       ; |59| 
     459 00000354 033D22E4             LDW     .D2T1   *+SP(36),A6       ; |59| 
     460 00000358 02BD02E4             LDW     .D2T1   *+SP(32),A5       ; |59| 
     461 0000035c 023CE2E4             LDW     .D2T1   *+SP(28),A4       ; |59| 
     462 00000360 01BCC2E4             LDW     .D2T1   *+SP(24),A3       ; |59| 
     463 00000364 013CA2E4             LDW     .D2T1   *+SP(20),A2       ; |59| 
     464 00000368 00BC82E4             LDW     .D2T1   *+SP(16),A1       ; |59| 
     465 0000036c 003C62E4             LDW     .D2T1   *+SP(12),A0       ; |59| 
     466                    
     467 00000370 001800E3             B       .S2     IRP               ; |59| 
     468 00000374 043EA2E6  ||         LDW     .D2T2   *+SP(84),B8       ; |59| 
     469                    
     470 00000378 04BED2E6             LDW     .D2T2   *++SP(88),B9      ; |59| 
     471 0000037c 00006000             NOP             4
     472                               ; BRANCH OCCURS                   ; |59| 
     473                    
     474                    
     475 00000380                   .sect   ".text"
     476                            .global _ISRtimer0
     477                    
     478                    ;******************************************************************************
     479                    ;* FUNCTION NAME: _ISRtimer0                                                  *
     480                    ;*                                                                            *
     481                    ;*   Regs Modified     : A0,A1,A2,A3,A4,A5,A6,A7,A8,A9,A10,A11,A12,A13,A14,   *
     482                    ;*                           A15,B0,B1,B2,B3,B4,B5,B6,B7,B8,B9,B10,B11,B12,   *
     483                    ;*                           B13,SP                                           *
     484                    ;*   Regs Used         : A0,A1,A2,A3,A4,A5,A6,A7,A8,A9,A10,A11,A12,A13,A14,   *
     485                    ;*                           A15,B0,B1,B2,B3,B4,B5,B6,B7,B8,B9,B10,B11,B12,   *
     486                    ;*                           B13,SP                                           *
     487                    ;*   Local Frame Size  : 0 Args + 16 Auto + 124 Save = 140 byte               *
     488                    ;******************************************************************************
     489 00000380           _ISRtimer0:
     490                    ;** --------------------------------------------------------------------------*
     491 00000380 07FFB852             ADDK    .S2     -144,SP           ; |83| 
     492 00000384 023F62F6             STW     .D2T2   B4,*+SP(108)      ; |83| 
     493 00000388 01BF42F6             STW     .D2T2   B3,*+SP(104)      ; |83| 
     494 0000038c 058022FE             STW     .D2T2   B11,*+SP(136)     ; |83| 
     495 00000390 050021FE             STW     .D2T2   B10,*+SP(132)     ; |83| 
TMS320C6x COFF Assembler         Version 4.10     Fri Jun 07 15:49:39 2024
Copyright (c) 1996-2001 Texas Instruments Incorporated
temp\interrupt.asm                                                   PAGE   10

     496 00000394 048020FE             STW     .D2T2   B9,*+SP(128)      ; |83| 
     497 00000398 043FE2F6             STW     .D2T2   B8,*+SP(124)      ; |83| 
     498 0000039c 03BFC2F6             STW     .D2T2   B7,*+SP(120)      ; |83| 
     499 000003a0 033FA2F6             STW     .D2T2   B6,*+SP(116)      ; |83| 
     500 000003a4 02BF82F6             STW     .D2T2   B5,*+SP(112)      ; |83| 
     501 000003a8 013F22F6             STW     .D2T2   B2,*+SP(100)      ; |83| 
     502 000003ac 00BF02F6             STW     .D2T2   B1,*+SP(96)       ; |83| 
     503 000003b0 003EE2F6             STW     .D2T2   B0,*+SP(92)       ; |83| 
     504 000003b4 07BEC2F4             STW     .D2T1   A15,*+SP(88)      ; |83| 
     505 000003b8 073EA2F4             STW     .D2T1   A14,*+SP(84)      ; |83| 
     506 000003bc 06BE82F4             STW     .D2T1   A13,*+SP(80)      ; |83| 
     507 000003c0 063E62F4             STW     .D2T1   A12,*+SP(76)      ; |83| 
     508 000003c4 05BE42F4             STW     .D2T1   A11,*+SP(72)      ; |83| 
     509 000003c8 053E22F4             STW     .D2T1   A10,*+SP(68)      ; |83| 
     510 000003cc 04BE02F4             STW     .D2T1   A9,*+SP(64)       ; |83| 
     511 000003d0 043DE2F4             STW     .D2T1   A8,*+SP(60)       ; |83| 
     512 000003d4 03BDC2F4             STW     .D2T1   A7,*+SP(56)       ; |83| 
     513 000003d8 033DA2F4             STW     .D2T1   A6,*+SP(52)       ; |83| 
     514                    
     515 000003e0 02BD82F5             STW     .D2T1   A5,*+SP(48)       ; |83| 
     516 000003e4 0200002A! ||         MVKL    .S2     _GetPendulumAngle,B4 ; |88| 
     517                    
     518 000003e8 023D62F5             STW     .D2T1   A4,*+SP(44)       ; |83| 
     519 000003ec 0200006A! ||         MVKH    .S2     _GetPendulumAngle,B4 ; |88| 
     520                    
     521 000003f0 00100363             B       .S2     B4                ; |88| 
     522 000003f4 060023FE  ||         STW     .D2T2   B12,*+SP(140)     ; |83| 
     523                    
     524 000003f8 01BD42F4             STW     .D2T1   A3,*+SP(40)       ; |83| 
     525 000003fc 013D22F4             STW     .D2T1   A2,*+SP(36)       ; |83| 
     526 00000400 00BD02F4             STW     .D2T1   A1,*+SP(32)       ; |83| 
     527                    
     528 00000404 003CE2F5             STW     .D2T1   A0,*+SP(28)       ; |83| 
     529 00000408 01820A2A' ||         MVKL    .S2     RL2,B3            ; |88| 
     530                    
     531 0000040c 0180006B'            MVKH    .S2     RL2,B3            ; |88| 
     532 00000410 068024FE  ||         STW     .D2T2   B13,*+SP(144)     ; |83| 
     533                    
     534 00000414           RL2:       ; CALL OCCURS                     ; |88| 
     535 00000414 00000028!            MVKL    .S1     _GetCartPos,A0    ; |89| 
     536 00000418 00000068!            MVKH    .S1     _GetCartPos,A0    ; |89| 
     537 0000041c 00001362             B       .S2X    A0                ; |89| 
     538 00000420 02000A2A-            MVKL    .S2     _y_pend,B4        ; |88| 
     539 00000424 0200006A-            MVKH    .S2     _y_pend,B4        ; |88| 
     540 00000428 01821A2A'            MVKL    .S2     RL4,B3            ; |89| 
     541 0000042c 021002F4             STW     .D2T1   A4,*B4            ; |88| 
     542 00000430 0180006A'            MVKH    .S2     RL4,B3            ; |89| 
     543 00000434           RL4:       ; CALL OCCURS                     ; |89| 
     544 00000434 0280102A-            MVKL    .S2     _y_cart,B5        ; |89| 
     545 00000438 0280006A-            MVKH    .S2     _y_cart,B5        ; |89| 
     546                    
     547 00000440 0310105B             MV      .L2X    A4,B6             ; |89| 
     548 00000444 0200002B! ||         MVKL    .S2     _R_pend,B4        ; |92| 
     549 00000448 00000A28- ||         MVKL    .S1     _y_pend,A0        ; |92| 
     550                    
TMS320C6x COFF Assembler         Version 4.10     Fri Jun 07 15:49:39 2024
Copyright (c) 1996-2001 Texas Instruments Incorporated
temp\interrupt.asm                                                   PAGE   11

     551 0000044c 031402F7             STW     .D2T2   B6,*B5            ; |89| 
     552 00000450 0200006B! ||         MVKH    .S2     _R_pend,B4        ; |92| 
     553 00000454 00000068- ||         MVKH    .S1     _y_pend,A0        ; |92| 
     554                    
     555 00000458 021002E7             LDW     .D2T2   *B4,B4            ; |92| 
     556 0000045c 00000264  ||         LDW     .D1T1   *A0,A0            ; |92| 
     557                    
     558 00000460 01801028-            MVKL    .S1     _y_cart,A3        ; |93| 
     559 00000464 01800068-            MVKH    .S1     _y_cart,A3        ; |93| 
     560 00000468 028008C0             ZERO    .D1     A5                ; |98| 
     561 0000046c 02A0D068             MVKH    .S1     0x41a00000,A5     ; |98| 
     562 00000470 0280923A             SUBSP   .L2X    B4,A0,B5          ; |92| 
     563 00000474 00000C28-            MVKL    .S1     _err_pend,A0      ; |92| 
     564 00000478 00000068-            MVKH    .S1     _err_pend,A0      ; |92| 
     565 0000047c 0200002A!            MVKL    .S2     _R_cart,B4        ; |93| 
     566                    
     567 00000480 0200006B!            MVKH    .S2     _R_cart,B4        ; |93| 
     568 00000484 02800276  ||         STW     .D1T2   B5,*A0            ; |92| 
     569                    
     570 00000488 000C0265             LDW     .D1T1   *A3,A0            ; |93| 
     571 0000048c 021002E6  ||         LDW     .D2T2   *B4,B4            ; |93| 
     572                    
     573 00000490 00006000             NOP             4
     574 00000494 018092B8             SUBSP   .L1X    B4,A0,A3          ; |93| 
     575 00000498 0200122A-            MVKL    .S2     _err_cart,B4      ; |93| 
     576 0000049c 0200006A-            MVKH    .S2     _err_cart,B4      ; |93| 
     577 000004a0 00000028!            MVKL    .S1     _mode,A0          ; |97| 
     578                    
     579 000004a4 019002F5             STW     .D2T1   A3,*B4            ; |93| 
     580 000004a8 00000068! ||         MVKH    .S1     _mode,A0          ; |97| 
     581                    
     582 000004ac 00000264             LDW     .D1T1   *A0,A0            ; |97| 
     583 000004b0 00006000             NOP             4
     584 000004b4 00802A58             CMPEQ   .L1     A0,1,A1           ; |97| 
     585 000004b8 90005390     [!A1]   B       .S1     L10               ; |97| 
     586 000004bc 03000C28-            MVKL    .S1     _err_pend,A6      ; |98| 
     587 000004c0 03000068-            MVKH    .S1     _err_pend,A6      ; |98| 
     588 000004c4 8200142A-    [ A1]   MVKL    .S2     _u_cart,B4        ; |110| 
     589                    
     590 000004c8 8200006B-    [ A1]   MVKH    .S2     _u_cart,B4        ; |110| 
     591 000004cc 823C62F7  || [ A1]   STW     .D2T2   B4,*+SP(12)       ; |110| 
     592 000004d0 90000028! || [!A1]   MVKL    .S1     _mode,A0          ; |116| 
     593                    
     594 000004d4 826666AB     [ A1]   MVKL    .S2     0xbd4ccccd,B4     ; |106| 
     595 000004d8 823C62F7  || [ A1]   STW     .D2T2   B4,*+SP(12)       ; |110| 
     596 000004dc 90000068! || [!A1]   MVKH    .S1     _mode,A0          ; |116| 
     597                    
     598                               ; BRANCH OCCURS                   ; |97| 
     599                    ;** --------------------------------------------------------------------------*
     600                    
     601 000004e0 0200042B-            MVKL    .S2     _prevErr_cart,B4  ; |106| 
     602 000004e4 019011A0  ||         MV      .S1X    B4,A3             ; |106| 
     603                    
     604 000004e8 0200122B-            MVKL    .S2     _err_cart,B4      ; |105| 
     605 000004ec 001011A0  ||         MV      .S1X    B4,A0             ; |106| 
TMS320C6x COFF Assembler         Version 4.10     Fri Jun 07 15:49:39 2024
Copyright (c) 1996-2001 Texas Instruments Incorporated
temp\interrupt.asm                                                   PAGE   12

     606                    
     607 000004f0 023C82F7             STW     .D2T2   B4,*+SP(16)       ; |105| 
     608 000004f4 07000C28- ||         MVKL    .S1     _err_pend,A14     ; |98| 
     609                    
     610 00000500 033C82E7             LDW     .D2T2   *+SP(16),B6       ; |102| 
     611 00000504 03800029- ||         MVKL    .S1     _prevErr_pend,A7  ; |102| 
     612 00000508 0183982A' ||         MVKL    .S2     RL6,B3            ; |111| 
     613                    
     614 0000050c 04000C2B-            MVKL    .S2     _err_pend,B8      ; |101| 
     615 00000510 05E666A8  ||         MVKL    .S1     0xbe4ccccd,A11    ; |106| 
     616                    
     617 00000514 02000229-            MVKL    .S1     _sumErr_pend,A4   ; |100| 
     618 00000518 0280002A- ||         MVKL    .S2     _prevErr_pend,B5  ; |101| 
     619                    
     620 00000520 04000C29-            MVKL    .S1     _err_pend,A8      ; |102| 
     621 00000524 05800E2A- ||         MVKL    .S2     _u_pend,B11       ; |101| 
     622                    
     623 00000528 0380002B!            MVKL    .S2     _PWMOut,B7        ; |111| 
     624 0000052c 01001228- ||         MVKL    .S1     _err_cart,A2      ; |106| 
     625                    
     626 00000530 0300006B-            MVKH    .S2     _err_cart,B6      ; |105| 
     627 00000534 05000C28- ||         MVKL    .S1     _err_pend,A10     ; |101| 
     628                    
     629 00000540 033C82F7             STW     .D2T2   B6,*+SP(16)       ; |98| 
     630 00000544 00801229- ||         MVKL    .S1     _err_cart,A1      ; |106| 
     631 00000548 015B8BAA  ||         MVKL    .S2     0xb951b717,B2     ; |106| 
     632                    
     633 0000054c 07980265             LDW     .D1T1   *A6,A15           ; |98| 
     634 00000550 04801429- ||         MVKL    .S1     _u_cart,A9        ; |106| 
     635 00000554 0080062A- ||         MVKL    .S2     _sumErr_cart,B1   ; |106| 
     636                    
     637 00000558 0500042B-            MVKL    .S2     _prevErr_cart,B10 ; |107| 
     638 0000055c 06001228- ||         MVKL    .S1     _err_cart,A12     ; |107| 
     639                    
     640 00000560 06800C2B-            MVKL    .S2     _err_pend,B13     ; |100| 
     641 00000564 06800E29- ||         MVKL    .S1     _u_pend,A13       ; |110| 
     642 00000568 060428C2  ||         ZERO    .D2     B12               ; |98| 
     643                    
     644 0000056c 0660D06B             MVKH    .S2     0xc1a00000,B12    ; |98| 
     645 00000570 07000068- ||         MVKH    .S1     _err_pend,A14     ; |98| 
     646                    
     647 00000574 0180006B'            MVKH    .S2     RL6,B3            ; |111| 
     648 00000578 03800069- ||         MVKH    .S1     _prevErr_pend,A7  ; |102| 
     649 0000057c 048428C2  ||         ZERO    .D2     B9                ; |101| 
     650                    
     651 00000580 0295EE61             CMPGTSP .S1     A15,A5,A5         ; |98| 
     652 00000584 04A0D06A  ||         MVKH    .S2     0x41a00000,B9     ; |101| 
     653                    
     654 00000588 00143DDB             XOR     .L2X    1,A5,B0           ; |98| 
     655 0000058c 0400006B- ||         MVKH    .S2     _err_pend,B8      ; |101| 
     656 00000590 05DF2668  ||         MVKH    .S1     0xbe4ccccd,A11    ; |106| 
     657                    
     658 00000594 22B80265     [ B0]   LDW     .D1T1   *A14,A5           ; |98| 
     659 00000598 02000069- ||         MVKH    .S1     _sumErr_pend,A4   ; |100| 
     660 0000059c 0280006A- ||         MVKH    .S2     _prevErr_pend,B5  ; |101| 
TMS320C6x COFF Assembler         Version 4.10     Fri Jun 07 15:49:39 2024
Copyright (c) 1996-2001 Texas Instruments Incorporated
temp\interrupt.asm                                                   PAGE   13

     661                    
     662 000005a0 04000069-            MVKH    .S1     _err_pend,A8      ; |102| 
     663 000005a4 0580006A- ||         MVKH    .S2     _u_pend,B11       ; |101| 
     664                    
     665 000005a8 0380006B!            MVKH    .S2     _PWMOut,B7        ; |111| 
     666 000005ac 01000068- ||         MVKH    .S1     _err_cart,A2      ; |106| 
     667                    
     668 000005b0 05000069-            MVKH    .S1     _err_pend,A10     ; |101| 
     669 000005b4 015CA8EA  ||         MVKH    .S2     0xb951b717,B2     ; |106| 
     670                    
     671 000005c0 020C105B             MV      .L2X    A3,B4             ; |106| 
     672 000005c4 0080006B- ||         MVKH    .S2     _sumErr_cart,B1   ; |106| 
     673 000005c8 00800068- ||         MVKH    .S1     _err_cart,A1      ; |106| 
     674                    
     675 000005cc 26159E63     [ B0]   CMPLTSP .S2X    A5,B12,B12        ; |98| 
     676 000005d0 04800068- ||         MVKH    .S1     _u_cart,A9        ; |106| 
     677                    
     678 000005d4 20302DDB     [ B0]   XOR     .L2     1,B12,B0          ; |98| 
     679 000005d8 025EA66B  ||         MVKH    .S2     0xbd4ccccd,B4     ; |106| 
     680 000005dc 06000068- ||         MVKH    .S1     _err_cart,A12     ; |107| 
     681                    
     682 000005e0 30002A91     [!B0]   B       .S1     L9                ; |98| 
     683 000005e4 0200105B  ||         MV      .L2X    A0,B4             ; |101| 
     684 000005e8 01901059  ||         MV      .L1X    B4,A3             ; |106| 
     685 000005ec 0500006A- ||         MVKH    .S2     _prevErr_cart,B10 ; |107| 
     686                    
     687 000005f0 0200006B-            MVKH    .S2     _prevErr_cart,B4  ; |106| 
     688 000005f4 06800068- ||         MVKH    .S1     _u_pend,A13       ; |110| 
     689                    
     690 00000600 0200062B-            MVKL    .S2     _sumErr_cart,B4   ; |105| 
     691 00000604 00101059  ||         MV      .L1X    B4,A0             ; |100| 
     692 00000608 03000228- ||         MVKL    .S1     _sumErr_pend,A6   ; |101| 
     693                    
     694 0000060c 0200006B-            MVKH    .S2     _sumErr_cart,B4   ; |105| 
     695 00000610 03000069- ||         MVKH    .S1     _sumErr_pend,A6   ; |101| 
     696 00000614 030428C2  ||         ZERO    .D2     B6                ; |101| 
     697                    
     698 00000620 02340943             MV      .D2     B13,B4            ; |105| 
     699 00000624 02901059  ||         MV      .L1X    B4,A5             ; |105| 
     700 00000628 07AE14A9  ||         MVKL    .S1     0x3e0f5c29,A15    ; |101| 
     701 0000062c 0320906A  ||         MVKH    .S2     0x41200000,B6     ; |101| 
     702                    
     703 00000630 0200006B-            MVKH    .S2     _err_pend,B4      ; |100| 
     704 00000634 079F07E8  ||         MVKH    .S1     0x3e0f5c29,A15    ; |101| 
     705                    
     706                               ; BRANCH OCCURS                   ; |98| 
     707                    ;** --------------------------------------------------------------------------*
     708                    
     709 00000638 021002E7             LDW     .D2T2   *B4,B4            ; |100| 
     710 0000063c 07100264  ||         LDW     .D1T1   *A4,A14           ; |100| 
     711                    
     712 00000640 00006000             NOP             4
     713 00000644 0711D218             ADDSP   .L1X    B4,A14,A14        ; |100| 
     714 00000648 00004000             NOP             3
     715 0000064c 07100274             STW     .D1T1   A14,*A4           ; |100| 
TMS320C6x COFF Assembler         Version 4.10     Fri Jun 07 15:49:39 2024
Copyright (c) 1996-2001 Texas Instruments Incorporated
temp\interrupt.asm                                                   PAGE   14

     716                    
     717 00000650 03180265             LDW     .D1T1   *A6,A6            ; |101| 
     718 00000654 029402E6  ||         LDW     .D2T2   *B5,B5            ; |101| 
     719                    
     720 00000658 02280265             LDW     .D1T1   *A10,A4           ; |101| 
     721 0000065c 022002E6  ||         LDW     .D2T2   *B8,B4            ; |101| 
     722                    
     723 00000660 00006000             NOP             4
     724                    
     725 00000664 023CCE01             MPYSP   .M1     A6,A15,A4         ; |101| 
     726 00000668 02248E03  ||         MPYSP   .M2     B4,B9,B4          ; |101| 
     727 0000066c 029492BA  ||         SUBSP   .L2X    A4,B5,B5          ; |101| 
     728                    
     729 00000670 00004000             NOP             3
     730                    
     731 00000674 0210921B             ADDSP   .L2X    A4,B4,B4          ; |101| 
     732 00000678 0298AE02  ||         MPYSP   .M2     B5,B6,B5          ; |101| 
     733                    
     734 0000067c 00004000             NOP             3
     735 00000680 0210A21A             ADDSP   .L2     B5,B4,B4          ; |101| 
     736 00000684 00004000             NOP             3
     737 00000688 022C02F6             STW     .D2T2   B4,*B11           ; |101| 
     738 0000068c 02200264             LDW     .D1T1   *A8,A4            ; |102| 
     739 00000690 00006000             NOP             4
     740 00000694 021C0274             STW     .D1T1   A4,*A7            ; |102| 
     741 00000698 023C82E6             LDW     .D2T2   *+SP(16),B4       ; |102| 
     742 0000069c 02140264             LDW     .D1T1   *A5,A4            ; |105| 
     743 000006a0 00004000             NOP             3
     744 000006a4 021002E6             LDW     .D2T2   *B4,B4            ; |105| 
     745 000006a8 00006000             NOP             4
     746 000006ac 02109218             ADDSP   .L1X    B4,A4,A4          ; |105| 
     747 000006b0 020011A2             MV      .S2X    A0,B4             ; |106| 
     748 000006b4 00002000             NOP             2
     749 000006b8 02140274             STW     .D1T1   A4,*A5            ; |105| 
     750                    
     751 000006c0 028402E7             LDW     .D2T2   *B1,B5            ; |106| 
     752 000006c4 02040264  ||         LDW     .D1T1   *A1,A4            ; |106| 
     753                    
     754 000006c8 021002E7             LDW     .D2T2   *B4,B4            ; |106| 
     755 000006cc 00080264  ||         LDW     .D1T1   *A2,A0            ; |106| 
     756                    
     757 000006d0 00006000             NOP             4
     758                    
     759 000006d4 0308AE03             MPYSP   .M2     B5,B2,B6          ; |106| 
     760 000006d8 002C0E01  ||         MPYSP   .M1     A0,A11,A0         ; |106| 
     761 000006dc 021092BA  ||         SUBSP   .L2X    A4,B4,B4          ; |106| 
     762                    
     763 000006e0 00004000             NOP             3
     764                    
     765 000006e4 020C9E03             MPYSP   .M2X    B4,A3,B4
     766 000006e8 00181218  ||         ADDSP   .L1X    B6,A0,A0          ; |106| 
     767                    
     768 000006ec 00004000             NOP             3
     769 000006f0 00101218             ADDSP   .L1X    B4,A0,A0          ; |106| 
     770 000006f4 00004000             NOP             3
TMS320C6x COFF Assembler         Version 4.10     Fri Jun 07 15:49:39 2024
Copyright (c) 1996-2001 Texas Instruments Incorporated
temp\interrupt.asm                                                   PAGE   15

     771 000006f8 00240274             STW     .D1T1   A0,*A9            ; |106| 
     772 000006fc 02300266             LDW     .D1T2   *A12,B4           ; |107| 
     773 00000700 00006000             NOP             4
     774 00000704 022802F6             STW     .D2T2   B4,*B10           ; |107| 
     775 00000708 023C62E6             LDW     .D2T2   *+SP(12),B4       ; |107| 
     776 0000070c 00340264             LDW     .D1T1   *A13,A0           ; |110| 
     777 00000710 00004000             NOP             3
     778 00000714 021002E6             LDW     .D2T2   *B4,B4            ; |110| 
     779 00000718 00004000             NOP             3
     780 0000071c 001C0362             B       .S2     B7                ; |111| 
     781 00000720 0200921A             ADDSP   .L2X    B4,A0,B4          ; |110| 
     782 00000724 00004000             NOP             3
     783                    
     784 00000728 021011A1             MV      .S1X    B4,A4             ; |110| 
     785 0000072c 023C22F6  ||         STW     .D2T2   B4,*+SP(4)        ; |110| 
     786                    
     787 00000730           RL6:       ; CALL OCCURS                     ; |111| 
     788 00000730 023C42F4             STW     .D2T1   A4,*+SP(8)        ; |111| 
     789                    ;** --------------------------------------------------------------------------*
     790 00000734           L9:    
     791 00000734 00000028!            MVKL    .S1     _mode,A0          ; |116| 
     792 00000738 00000068!            MVKH    .S1     _mode,A0          ; |116| 
     793                    ;** --------------------------------------------------------------------------*
     794 0000073c           L10:    
     795 0000073c 00800264             LDW     .D1T1   *A0,A1            ; |116| 
     796 00000740 0200002A!            MVKL    .S2     _SwingUpControl,B4 ; |117| 
     797 00000744 0600122A-            MVKL    .S2     _err_cart,B12     ; |122| 
     798 00000748 0500002A-            MVKL    .S2     _prevErr_pend,B10 ; |120| 
     799                    
     800 0000074c 0580022B-            MVKL    .S2     _sumErr_pend,B11  ; |118| 
     801 00000750 06000C28- ||         MVKL    .S1     _err_pend,A12     ; |119| 
     802                    
     803 00000754 80001091     [ A1]   B       .S1     L11               ; |116| 
     804 00000758 0183D42A' ||         MVKL    .S2     RL8,B3            ; |117| 
     805                    
     806 00000760 0200006B!            MVKH    .S2     _SwingUpControl,B4 ; |117| 
     807 00000764 05800428- ||         MVKL    .S1     _prevErr_cart,A11 ; |123| 
     808                    
     809 00000768 0600006B-            MVKH    .S2     _err_cart,B12     ; |122| 
     810 0000076c 05000628- ||         MVKL    .S1     _sumErr_cart,A10  ; |121| 
     811                    
     812 00000770 06000069-            MVKH    .S1     _err_pend,A12     ; |119| 
     813 00000774 0500006A- ||         MVKH    .S2     _prevErr_pend,B10 ; |120| 
     814                    
     815 00000780 05800069-            MVKH    .S1     _prevErr_cart,A11 ; |123| 
     816 00000784 0580006B- ||         MVKH    .S2     _sumErr_pend,B11  ; |118| 
     817 00000788 068428C0  ||         ZERO    .D1     A13               ; |121| 
     818                    
     819 0000078c 0180006B'            MVKH    .S2     RL8,B3            ; |117| 
     820 00000790 05000069- ||         MVKH    .S1     _sumErr_cart,A10  ; |121| 
     821 00000794 068428C3  ||         ZERO    .D2     B13               ; |122| 
     822 00000798 070428C1  ||         ZERO    .D1     A14               ; |123| 
     823 0000079c 078840F8  ||         ZERO    .L1     A15               ; |119| 
     824                    
     825                               ; BRANCH OCCURS                   ; |116| 
TMS320C6x COFF Assembler         Version 4.10     Fri Jun 07 15:49:39 2024
Copyright (c) 1996-2001 Texas Instruments Incorporated
temp\interrupt.asm                                                   PAGE   16

     826                    ;** --------------------------------------------------------------------------*
     827 000007a0 00100362             B       .S2     B4                ; |117| 
     828 000007a4 00008000             NOP             5
     829 000007a8           RL8:       ; CALL OCCURS                     ; |117| 
     830 000007a8 020008C2             ZERO    .D2     B4                ; |118| 
     831 000007ac 022C02F6             STW     .D2T2   B4,*B11           ; |118| 
     832 000007b0 07B00274             STW     .D1T1   A15,*A12          ; |119| 
     833 000007b4 022802F6             STW     .D2T2   B4,*B10           ; |120| 
     834 000007b8 06A80274             STW     .D1T1   A13,*A10          ; |121| 
     835 000007bc 06B002F6             STW     .D2T2   B13,*B12          ; |122| 
     836 000007c0 072C0274             STW     .D1T1   A14,*A11          ; |123| 
     837                    ;** --------------------------------------------------------------------------*
     838 000007c4           L11:    
     839 000007c4 02000C2A-            MVKL    .S2     _err_pend,B4      ; |127| 
     840 000007c8 0280002A!            MVKL    .S2     _UMAddData,B5     ; |127| 
     841 000007cc 0380002A!            MVKL    .S2     _R_pend,B7        ; |127| 
     842 000007d0 0200006A-            MVKH    .S2     _err_pend,B4      ; |127| 
     843 000007d4 0280006A!            MVKH    .S2     _UMAddData,B5     ; |127| 
     844                    
     845 000007e0 033C42E7             LDW     .D2T2   *+SP(8),B6        ; |127| 
     846 000007e4 0380006B! ||         MVKH    .S2     _R_pend,B7        ; |127| 
     847 000007e8 00001228- ||         MVKL    .S1     _err_cart,A0      ; |127| 
     848                    
     849 000007ec 00140363             B       .S2     B5                ; |127| 
     850 000007f0 031002E5  ||         LDW     .D2T1   *B4,A6            ; |127| 
     851 000007f4 00000068- ||         MVKH    .S1     _err_cart,A0      ; |127| 
     852                    
     853 000007f8 02000267             LDW     .D1T2   *A0,B4            ; |127| 
     854 000007fc 021C02E4  ||         LDW     .D2T1   *B7,A4            ; |127| 
     855                    
     856 00000800 0184062A'            MVKL    .S2     RL10,B3           ; |127| 
     857 00000804 0180006A'            MVKH    .S2     RL10,B3           ; |127| 
     858 00000808 00002000             NOP             2
     859 0000080c           RL10:      ; CALL OCCURS                     ; |127| 
     860 0000080c 00000028!            MVKL    .S1     _TINTCnt,A0       ; |130| 
     861 00000810 00000068!            MVKH    .S1     _TINTCnt,A0       ; |130| 
     862 00000814 01800264             LDW     .D1T1   *A0,A3            ; |130| 
     863 00000818 020000AA             MVK     .S2     1,B4              ; |131| 
     864 0000081c 00004000             NOP             3
     865                    
     866 00000820 01800829-            MVKL    .S1     _TFlag,A3         ; |131| 
     867 00000824 020C2940  ||         ADD     .D1     1,A3,A4           ; |130| 
     868                    
     869 00000828 02000275             STW     .D1T1   A4,*A0            ; |130| 
     870 0000082c 01800068- ||         MVKH    .S1     _TFlag,A3         ; |131| 
     871                    
     872 00000830 020C0276             STW     .D1T2   B4,*A3            ; |131| 
     873 00000834 068024EE             LDW     .D2T2   *+SP(144),B13     ; |132| 
     874 00000838 060023EE             LDW     .D2T2   *+SP(140),B12     ; |132| 
     875 0000083c 058022EE             LDW     .D2T2   *+SP(136),B11     ; |132| 
     876 00000840 050021EE             LDW     .D2T2   *+SP(132),B10     ; |132| 
     877 00000844 048020EE             LDW     .D2T2   *+SP(128),B9      ; |132| 
     878 00000848 043FE2E6             LDW     .D2T2   *+SP(124),B8      ; |132| 
     879 0000084c 013F22E6             LDW     .D2T2   *+SP(100),B2      ; |132| 
     880 00000850 00BF02E6             LDW     .D2T2   *+SP(96),B1       ; |132| 
TMS320C6x COFF Assembler         Version 4.10     Fri Jun 07 15:49:39 2024
Copyright (c) 1996-2001 Texas Instruments Incorporated
temp\interrupt.asm                                                   PAGE   17

     881 00000854 003EE2E6             LDW     .D2T2   *+SP(92),B0       ; |132| 
     882 00000858 07BEC2E4             LDW     .D2T1   *+SP(88),A15      ; |132| 
     883 0000085c 073EA2E4             LDW     .D2T1   *+SP(84),A14      ; |132| 
     884 00000860 06BE82E4             LDW     .D2T1   *+SP(80),A13      ; |132| 
     885 00000864 063E62E4             LDW     .D2T1   *+SP(76),A12      ; |132| 
     886 00000868 05BE42E4             LDW     .D2T1   *+SP(72),A11      ; |132| 
     887 0000086c 053E22E4             LDW     .D2T1   *+SP(68),A10      ; |132| 
     888 00000870 04BE02E4             LDW     .D2T1   *+SP(64),A9       ; |132| 
     889 00000874 043DE2E4             LDW     .D2T1   *+SP(60),A8       ; |132| 
     890 00000878 03BDC2E4             LDW     .D2T1   *+SP(56),A7       ; |132| 
     891 0000087c 02BD82E4             LDW     .D2T1   *+SP(48),A5       ; |132| 
     892 00000880 013D22E4             LDW     .D2T1   *+SP(36),A2       ; |132| 
     893 00000884 00BD02E4             LDW     .D2T1   *+SP(32),A1       ; |132| 
     894 00000888 03BFC2E6             LDW     .D2T2   *+SP(120),B7      ; |132| 
     895 0000088c 02BF82E6             LDW     .D2T2   *+SP(112),B5      ; |132| 
     896 00000890 01BF42E6             LDW     .D2T2   *+SP(104),B3      ; |132| 
     897 00000894 033FA2E6             LDW     .D2T2   *+SP(116),B6      ; |132| 
     898 00000898 033DA2E4             LDW     .D2T1   *+SP(52),A6       ; |132| 
     899 0000089c 003CE2E4             LDW     .D2T1   *+SP(28),A0       ; |132| 
     900 000008a0 023D62E4             LDW     .D2T1   *+SP(44),A4       ; |132| 
     901                    
     902 000008a4 001800E3             B       .S2     IRP               ; |132| 
     903 000008a8 023F62E6  ||         LDW     .D2T2   *+SP(108),B4      ; |132| 
     904                    
     905 000008ac 01BD42E4             LDW     .D2T1   *+SP(40),A3       ; |132| 
     906 000008b0 07804852             ADDK    .S2     144,SP            ; |132| 
     907 000008b4 00004000             NOP             3
     908                               ; BRANCH OCCURS                   ; |132| 
     909                    
     910                    
     911                    ;******************************************************************************
     912                    ;* UNDEFINED EXTERNAL REFERENCES                                              *
     913                    ;******************************************************************************
     914                            .global _SendByte
     915                            .global _PWMOut
     916                            .global _GetPendulumAngle
     917                            .global _GetCartPos
     918                            .global _SwingUpControl
     919                            .global _UMAddData
     920                            .global _compacket
     921                            .global _respacket
     922                            .global _TINTCnt
     923                            .global _R_pend
     924                            .global _R_cart
     925                            .global _mode

No Assembly Errors, No Assembly Warnings
