TMS320C6x COFF Assembler         Version 4.10     Fri Jun 07 15:01:20 2024
Copyright (c) 1996-2001 Texas Instruments Incorporated
temp\interrupt.asm                                                   PAGE    1

       1                    ;******************************************************************************
       2                    ;* TMS320C6x ANSI C Codegen                                      Version 4.10 *
       3                    ;* Date/Time created: Fri Jun 07 15:01:20 2024                                *
       4                    ;******************************************************************************
       5                    
       6                    ;******************************************************************************
       7                    ;* GLOBAL FILE PARAMETERS                                                     *
       8                    ;*                                                                            *
       9                    ;*   Architecture      : TMS320C670x                                          *
      10                    ;*   Optimization      : Disabled                                             *
      11                    ;*   Optimizing for    : Compile time, Ease of Development                    *
      12                    ;*                       Based on options: no -o, no -ms                      *
      13                    ;*   Endian            : Little                                               *
      14                    ;*   Interrupt Thrshld : Disabled                                             *
      15                    ;*   Memory Model      : Large                                                *
      16                    ;*   Calls to RTS      : Far                                                  *
      17                    ;*   Pipelining        : Disabled                                             *
      18                    ;*   Memory Aliases    : Presume are aliases (pessimistic)                    *
      19                    ;*   Debug Info        : No Debug Info                                        *
      20                    ;*                                                                            *
      21                    ;******************************************************************************
      22                    
      23                            .asg    A15, FP
      24                            .asg    B14, DP
      25                            .asg    B15, SP
      26                            .global $bss
      27                    
      28                    
      29 00000000                   .sect   ".cinit"
      30                            .align  8
      31 00000000 00000004          .field          4,32
      32 00000004 00000000-         .field          _prevErr+0,32
      33 00000008 00000000          .word   000000000h              ; _prevErr @ 0
      34 00000000                   .sect   ".text"
      35                            .global _prevErr
      36 00000000           _prevErr:       .usect  .far,4,4
      37                    
      38 0000000c                   .sect   ".cinit"
      39                            .align  8
      40 00000010 00000004          .field          4,32
      41 00000014 00000004-         .field          _sumErr+0,32
      42 00000018 00000000          .word   000000000h              ; _sumErr @ 0
      43 00000000                   .sect   ".text"
      44                            .global _sumErr
      45 00000004           _sumErr:        .usect  .far,4,4
      46                    
      47 0000001c                   .sect   ".cinit"
      48                            .align  8
      49 00000020 00000004          .field          4,32
      50 00000024 00000008-         .field          _cart_prevErr+0,32
      51 00000028 00000000          .word   000000000h              ; _cart_prevErr @ 0
      52 00000000                   .sect   ".text"
      53                            .global _cart_prevErr
      54 00000008           _cart_prevErr:  .usect  .far,4,4
      55                    
TMS320C6x COFF Assembler         Version 4.10     Fri Jun 07 15:01:20 2024
Copyright (c) 1996-2001 Texas Instruments Incorporated
temp\interrupt.asm                                                   PAGE    2

      56 0000002c                   .sect   ".cinit"
      57                            .align  8
      58 00000030 00000004          .field          4,32
      59 00000034 0000000C-         .field          _cart_sumErr+0,32
      60 00000038 00000000          .word   000000000h              ; _cart_sumErr @ 0
      61 00000000                   .sect   ".text"
      62                            .global _cart_sumErr
      63 0000000c           _cart_sumErr:   .usect  .far,4,4
      64                    
      65 0000003c                   .sect   ".cinit"
      66                            .align  8
      67 00000040 00000004          .field          4,32
      68 00000044 00000010-         .field          _TFlag+0,32
      69 00000048 00000000          .field          0,32                    ; _TFlag @ 0
      70 00000000                   .sect   ".text"
      71                            .global _TFlag
      72 00000010           _TFlag: .usect  .far,4,4
      73                    ;       acp6x -q -D_FAR_RTS=1 --large_model=3 --version=6701 -m --i_output_file C:\Users\user\AppData\
      74 00000000                   .sect   ".text"
      75                            .global _ISRextint4
      76                    
      77                    ;******************************************************************************
      78                    ;* FUNCTION NAME: _ISRextint4                                                 *
      79                    ;*                                                                            *
      80                    ;*   Regs Modified     :                                                      *
      81                    ;*   Regs Used         :                                                      *
      82                    ;*   Local Frame Size  : 0 Args + 0 Auto + 0 Save = 0 byte                    *
      83                    ;******************************************************************************
      84 00000000           _ISRextint4:
      85                    ;** --------------------------------------------------------------------------*
      86 00000000 001800E2             B       .S2     IRP               ; |11| 
      87 00000004 00008000             NOP             5
      88                               ; BRANCH OCCURS                   ; |11| 
      89                    
      90                    
      91 00000008                   .sect   ".text"
      92                            .global _ISRextint5
      93                    
      94                    ;******************************************************************************
      95                    ;* FUNCTION NAME: _ISRextint5                                                 *
      96                    ;*                                                                            *
      97                    ;*   Regs Modified     :                                                      *
      98                    ;*   Regs Used         :                                                      *
      99                    ;*   Local Frame Size  : 0 Args + 0 Auto + 0 Save = 0 byte                    *
     100                    ;******************************************************************************
     101 00000008           _ISRextint5:
     102                    ;** --------------------------------------------------------------------------*
     103 00000008 001800E2             B       .S2     IRP               ; |17| 
     104 0000000c 00008000             NOP             5
     105                               ; BRANCH OCCURS                   ; |17| 
     106                    
     107                    
     108 00000010                   .sect   ".text"
     109                            .global _c_int08
     110                    
TMS320C6x COFF Assembler         Version 4.10     Fri Jun 07 15:01:20 2024
Copyright (c) 1996-2001 Texas Instruments Incorporated
temp\interrupt.asm                                                   PAGE    3

     111                    ;******************************************************************************
     112                    ;* FUNCTION NAME: _c_int08                                                    *
     113                    ;*                                                                            *
     114                    ;*   Regs Modified     :                                                      *
     115                    ;*   Regs Used         :                                                      *
     116                    ;*   Local Frame Size  : 0 Args + 0 Auto + 0 Save = 0 byte                    *
     117                    ;******************************************************************************
     118 00000010           _c_int08:
     119                    ;** --------------------------------------------------------------------------*
     120 00000010 001800E2             B       .S2     IRP               ; |29| 
     121 00000014 00008000             NOP             5
     122                               ; BRANCH OCCURS                   ; |29| 
     123                    
     124                    
     125 00000018                   .sect   ".text"
     126                            .global _c_int09
     127                    
     128                    ;******************************************************************************
     129                    ;* FUNCTION NAME: _c_int09                                                    *
     130                    ;*                                                                            *
     131                    ;*   Regs Modified     :                                                      *
     132                    ;*   Regs Used         :                                                      *
     133                    ;*   Local Frame Size  : 0 Args + 0 Auto + 0 Save = 0 byte                    *
     134                    ;******************************************************************************
     135 00000018           _c_int09:
     136                    ;** --------------------------------------------------------------------------*
     137 00000018 001800E2             B       .S2     IRP               ; |35| 
     138 0000001c 00008000             NOP             5
     139                               ; BRANCH OCCURS                   ; |35| 
     140                    
     141                    
     142 00000020                   .sect   ".text"
     143                            .global _ISRNMI
     144                    
     145                    ;******************************************************************************
     146                    ;* FUNCTION NAME: _ISRNMI                                                     *
     147                    ;*                                                                            *
     148                    ;*   Regs Modified     :                                                      *
     149                    ;*   Regs Used         :                                                      *
     150                    ;*   Local Frame Size  : 0 Args + 0 Auto + 0 Save = 0 byte                    *
     151                    ;******************************************************************************
     152 00000020           _ISRNMI:
     153                    ;** --------------------------------------------------------------------------*
     154 00000020 001800E2             B       .S2     IRP               ; |19| 
     155 00000024 00008000             NOP             5
     156                               ; BRANCH OCCURS                   ; |19| 
     157                    
     158                    
     159 00000028                   .sect   ".text"
     160                            .global _ISRextint6
     161                    
     162                    ;******************************************************************************
     163                    ;* FUNCTION NAME: _ISRextint6                                                 *
     164                    ;*                                                                            *
     165                    ;*   Regs Modified     : A0,A1,A2,A3,A4,A5,A6,A7,A8,A9,B0,B1,B2,B3,B4,B5,B6,  *
TMS320C6x COFF Assembler         Version 4.10     Fri Jun 07 15:01:20 2024
Copyright (c) 1996-2001 Texas Instruments Incorporated
temp\interrupt.asm                                                   PAGE    4

     166                    ;*                           B7,B8,B9,SP                                      *
     167                    ;*   Regs Used         : A0,A1,A2,A3,A4,A5,A6,A7,A8,A9,B0,B1,B2,B3,B4,B5,B6,  *
     168                    ;*                           B7,B8,B9,SP                                      *
     169                    ;*   Local Frame Size  : 0 Args + 4 Auto + 84 Save = 88 byte                  *
     170                    ;******************************************************************************
     171 00000028           _ISRextint6:
     172                    ;** --------------------------------------------------------------------------*
     173 00000028 04BED4F6             STW     .D2T2   B9,*SP--(88)      ; |22| 
     174 0000002c 003C62F4             STW     .D2T1   A0,*+SP(12)       ; |22| 
     175 00000030 03BE82F6             STW     .D2T2   B7,*+SP(80)       ; |22| 
     176 00000034 033E62F6             STW     .D2T2   B6,*+SP(76)       ; |22| 
     177 00000038 02BE42F6             STW     .D2T2   B5,*+SP(72)       ; |22| 
     178 0000003c 023E22F6             STW     .D2T2   B4,*+SP(68)       ; |22| 
     179 00000040 01BE02F6             STW     .D2T2   B3,*+SP(64)       ; |22| 
     180 00000044 013DE2F6             STW     .D2T2   B2,*+SP(60)       ; |22| 
     181 00000048 00BDC2F6             STW     .D2T2   B1,*+SP(56)       ; |22| 
     182 0000004c 003DA2F6             STW     .D2T2   B0,*+SP(52)       ; |22| 
     183 00000050 04BD82F4             STW     .D2T1   A9,*+SP(48)       ; |22| 
     184 00000054 043D62F4             STW     .D2T1   A8,*+SP(44)       ; |22| 
     185 00000058 03BD42F4             STW     .D2T1   A7,*+SP(40)       ; |22| 
     186 0000005c 033D22F4             STW     .D2T1   A6,*+SP(36)       ; |22| 
     187 00000060 02BD02F4             STW     .D2T1   A5,*+SP(32)       ; |22| 
     188 00000064 023CE2F4             STW     .D2T1   A4,*+SP(28)       ; |22| 
     189 00000068 01BCC2F4             STW     .D2T1   A3,*+SP(24)       ; |22| 
     190 0000006c 013CA2F4             STW     .D2T1   A2,*+SP(20)       ; |22| 
     191                    
     192 00000070 00BC82F5             STW     .D2T1   A1,*+SP(16)       ; |22| 
     193 00000074 00000428  ||         MVKL    .S1     0x2000008,A0      ; |25| 
     194                    
     195 00000078 00010069             MVKH    .S1     0x2000008,A0      ; |25| 
     196 0000007c 043EA2F6  ||         STW     .D2T2   B8,*+SP(84)       ; |22| 
     197                    
     198 00000080 00000264             LDW     .D1T1   *A0,A0            ; |25| 
     199 00000084 00006000             NOP             4
     200 00000088 0001E7A0             AND     .S1     15,A0,A0          ; |25| 
     201 0000008c 00802A58             CMPEQ   .L1     A0,1,A1           ; |25| 
     202 00000090 80005710     [ A1]   B       .S1     L8                ; |25| 
     203 00000094 003C22F4             STW     .D2T1   A0,*+SP(4)        ; |25| 
     204 00000098 83BE82E6     [ A1]   LDW     .D2T2   *+SP(80),B7       ; |59| 
     205 0000009c 833E62E6     [ A1]   LDW     .D2T2   *+SP(76),B6       ; |59| 
     206 000000a0 82BE42E6     [ A1]   LDW     .D2T2   *+SP(72),B5       ; |59| 
     207 000000a4 823E22E6     [ A1]   LDW     .D2T2   *+SP(68),B4       ; |59| 
     208                               ; BRANCH OCCURS                   ; |25| 
     209                    ;** --------------------------------------------------------------------------*
     210 000000a8 023C22E6             LDW     .D2T2   *+SP(4),B4        ; |26| 
     211 000000ac 00004000             NOP             3
     212                    ;** --------------------------------------------------------------------------*
     213                    ;**   BEGIN LOOP L1
     214                    ;** --------------------------------------------------------------------------*
     215 000000b0           L1:    
     216 000000b0 00000000             NOP             1
     217 000000b4 00108A5A             CMPEQ   .L2     B4,4,B0           ; |26| 
     218 000000b8 30002510     [!B0]   B       .S1     L3                ; |26| 
     219                    
     220 000000c0 323C22E7     [!B0]   LDW     .D2T2   *+SP(4),B4        ; |38| 
TMS320C6x COFF Assembler         Version 4.10     Fri Jun 07 15:01:20 2024
Copyright (c) 1996-2001 Texas Instruments Incorporated
temp\interrupt.asm                                                   PAGE    5

     221 000000c4 20000A28  || [ B0]   MVKL    .S1     0x2000014,A0      ; |27| 
     222                    
     223 000000c8 20010068     [ B0]   MVKH    .S1     0x2000014,A0      ; |27| 
     224 000000cc 20000264     [ B0]   LDW     .D1T1   *A0,A0            ; |27| 
     225 000000d0 00002000             NOP             2
     226                               ; BRANCH OCCURS                   ; |26| 
     227                    ;** --------------------------------------------------------------------------*
     228 000000d4 00002000             NOP             2
     229 000000d8 008027A0             AND     .S1     1,A0,A1           ; |27| 
     230 000000dc 90004A10     [!A1]   B       .S1     L7                ; |27| 
     231 000000e0 90000428     [!A1]   MVKL    .S1     0x2000008,A0      ; |58| 
     232 000000e4 90010068     [!A1]   MVKH    .S1     0x2000008,A0      ; |58| 
     233                    
     234 000000e8 820428C3     [ A1]   ZERO    .D2     B4                ; |28| 
     235 000000ec 82803E2B! || [ A1]   MVKL    .S2     _compacket+124,B5 ; |28| 
     236 000000f0 90000264  || [!A1]   LDW     .D1T1   *A0,A0            ; |58| 
     237                    
     238 000000f4 8201006A     [ A1]   MVKH    .S2     0x2000000,B4      ; |28| 
     239                    
     240 000000f8 8280006B!    [ A1]   MVKH    .S2     _compacket+124,B5 ; |28| 
     241 000000fc 821002E6  || [ A1]   LDW     .D2T2   *B4,B4            ; |28| 
     242                    
     243                               ; BRANCH OCCURS                   ; |27| 
     244                    ;** --------------------------------------------------------------------------*
     245 00000100 029402E6             LDW     .D2T2   *B5,B5            ; |28| 
     246 00000104 00000000             NOP             1
     247                    ;*----------------------------------------------------------------------------*
     248                    ;*   SOFTWARE PIPELINE INFORMATION
     249                    ;*      Disqualified loop: software pipelining disabled
     250                    ;*----------------------------------------------------------------------------*
     251 00000108           L2:    
     252 00000108 00003E28!            MVKL    .S1     _compacket+124,A0 ; |29| 
     253 0000010c 00000068!            MVKH    .S1     _compacket+124,A0 ; |29| 
     254 00000110 0213180A             EXTU    .S2     B4,24,24,B4       ; |28| 
     255 00000114 021402B6             STB     .D2T2   B4,*B5            ; |28| 
     256 00000118 01800264             LDW     .D1T1   *A0,A3            ; |29| 
     257 0000011c 00000028!            MVKL    .S1     _SendByte,A0      ; |29| 
     258 00000120 00000068!            MVKH    .S1     _SendByte,A0      ; |29| 
     259 00000124 01809C2A'            MVKL    .S2     RL0,B3            ; |29| 
     260 00000128 00001362             B       .S2X    A0                ; |29| 
     261 0000012c 020C0224             LDB     .D1T1   *A3,A4            ; |29| 
     262 00000130 0180006A'            MVKH    .S2     RL0,B3            ; |29| 
     263 00000134 00004000             NOP             3
     264 00000138           RL0:       ; CALL OCCURS                     ; |29| 
     265 00000138 02003E2A!            MVKL    .S2     _compacket+124,B4 ; |30| 
     266 0000013c 0200006A!            MVKH    .S2     _compacket+124,B4 ; |30| 
     267 00000140 021002E6             LDW     .D2T2   *B4,B4            ; |30| 
     268 00000144 000031A8!            MVKL    .S1     _compacket+99,A0  ; |30| 
     269 00000148 00000068!            MVKH    .S1     _compacket+99,A0  ; |30| 
     270 0000014c 00002000             NOP             2
     271 00000150 00901A78             CMPEQ   .L1X    B4,A0,A1          ; |30| 
     272 00000154 92003E2A!    [!A1]   MVKL    .S2     _compacket+124,B4 ; |34| 
     273 00000158 9200006A!    [!A1]   MVKH    .S2     _compacket+124,B4 ; |34| 
     274 0000015c 929002E6     [!A1]   LDW     .D2T2   *B4,B5            ; |34| 
     275 00000160 82003E2A!    [ A1]   MVKL    .S2     _compacket+124,B4 ; |31| 
TMS320C6x COFF Assembler         Version 4.10     Fri Jun 07 15:01:20 2024
Copyright (c) 1996-2001 Texas Instruments Incorporated
temp\interrupt.asm                                                   PAGE    6

     276 00000164 80000028!    [ A1]   MVKL    .S1     _compacket,A0     ; |31| 
     277 00000168 8200006A!    [ A1]   MVKH    .S2     _compacket+124,B4 ; |31| 
     278 0000016c 80000068!    [ A1]   MVKH    .S1     _compacket,A0     ; |31| 
     279                    
     280 00000170 02800A2B             MVKL    .S2     0x2000014,B5      ; |36| 
     281 00000174 93142942  || [!A1]   ADD     .D2     1,B5,B6           ; |34| 
     282                    
     283 00000178 931002F6     [!A1]   STW     .D2T2   B6,*B4            ; |34| 
     284                    
     285 00000180 801002F5     [ A1]   STW     .D2T1   A0,*B4            ; |31| 
     286 00000184 0281006A  ||         MVKH    .S2     0x2000014,B5      ; |36| 
     287                    
     288 00000188 021402E6             LDW     .D2T2   *B5,B4            ; |36| 
     289 0000018c 00006000             NOP             4
     290 00000190 001027A2             AND     .S2     1,B4,B0           ; |36| 
     291 00000194 2FFFF110     [ B0]   B       .S1     L2                ; |36| 
     292                    
     293 00000198 220428C3     [ B0]   ZERO    .D2     B4                ; |28| 
     294 0000019c 22803E2A! || [ B0]   MVKL    .S2     _compacket+124,B5 ; |28| 
     295                    
     296 000001a0 2201006A     [ B0]   MVKH    .S2     0x2000000,B4      ; |28| 
     297                    
     298 000001a4 2280006B!    [ B0]   MVKH    .S2     _compacket+124,B5 ; |28| 
     299 000001a8 221002E6  || [ B0]   LDW     .D2T2   *B4,B4            ; |28| 
     300                    
     301 000001ac 229402E6     [ B0]   LDW     .D2T2   *B5,B5            ; |28| 
     302 000001b0 00000000             NOP             1
     303                               ; BRANCH OCCURS                   ; |36| 
     304                    ;** --------------------------------------------------------------------------*
     305 000001b4 00002E10             B       .S1     L7                ; |37| 
     306 000001b8 00000428             MVKL    .S1     0x2000008,A0      ; |58| 
     307 000001bc 00010068             MVKH    .S1     0x2000008,A0      ; |58| 
     308 000001c0 00000264             LDW     .D1T1   *A0,A0            ; |58| 
     309 000001c4 00002000             NOP             2
     310                               ; BRANCH OCCURS                   ; |37| 
     311                    ;** --------------------------------------------------------------------------*
     312 000001c8           L3:    
     313 000001c8 00104A5A             CMPEQ   .L2     B4,2,B0           ; |38| 
     314 000001cc 30001090     [!B0]   B       .S1     L4                ; |38| 
     315 000001d0 2200642A!    [ B0]   MVKL    .S2     _respacket+200,B4 ; |39| 
     316 000001d4 00004000             NOP             3
     317 000001d8 323C22E6     [!B0]   LDW     .D2T2   *+SP(4),B4        ; |47| 
     318                               ; BRANCH OCCURS                   ; |38| 
     319                    ;** --------------------------------------------------------------------------*
     320 000001dc 0200006A!            MVKH    .S2     _respacket+200,B4 ; |39| 
     321 000001e0 029002E6             LDW     .D2T2   *B4,B5            ; |39| 
     322 000001e4 00006000             NOP             4
     323 000001e8 00140ADA             CMPGT   .L2     B5,0,B0           ; |39| 
     324                    
     325 000001ec 20006629!    [ B0]   MVKL    .S1     _respacket+204,A0 ; |40| 
     326 000001f0 029429C2  ||         SUB     .D2     B5,1,B5           ; |39| 
     327                    
     328 000001f4 20000069!    [ B0]   MVKH    .S1     _respacket+204,A0 ; |40| 
     329 000001f8 029002F6  ||         STW     .D2T2   B5,*B4            ; |39| 
     330                    
TMS320C6x COFF Assembler         Version 4.10     Fri Jun 07 15:01:20 2024
Copyright (c) 1996-2001 Texas Instruments Incorporated
temp\interrupt.asm                                                   PAGE    7

     331 000001fc 21800264     [ B0]   LDW     .D1T1   *A0,A3            ; |40| 
     332 00000200 22000028!    [ B0]   MVKL    .S1     _respacket,A4     ; |40| 
     333 00000204 22000068!    [ B0]   MVKH    .S1     _respacket,A4     ; |40| 
     334 00000208 30000228     [!B0]   MVKL    .S1     0x2000004,A0      ; |43| 
     335 0000020c 3200682A!    [!B0]   MVKL    .S2     _respacket+208,B4 ; |44| 
     336 00000210 228C2940     [ B0]   ADD     .D1     1,A3,A5           ; |40| 
     337 00000214 22800274     [ B0]   STW     .D1T1   A5,*A0            ; |40| 
     338                    
     339 00000218 00002011             B       .S1     L6                ; |46| 
     340 0000021c 200C8A24  || [ B0]   LDB     .D1T1   *+A3[A4],A0       ; |40| 
     341                    
     342 00000220 30010068     [!B0]   MVKH    .S1     0x2000004,A0      ; |43| 
     343 00000224 328000AA     [!B0]   MVK     .S2     1,B5              ; |43| 
     344                    
     345 00000228 328428C3     [!B0]   ZERO    .D2     B5                ; |44| 
     346 0000022c 220840FB  || [ B0]   ZERO    .L2     B4                ; |40| 
     347 00000230 3200006B! || [!B0]   MVKH    .S2     _respacket+208,B4 ; |44| 
     348 00000234 32800276  || [!B0]   STW     .D1T2   B5,*A0            ; |43| 
     349                    
     350 00000238 2201006B     [ B0]   MVKH    .S2     0x2000000,B4      ; |40| 
     351 0000023c 329002F6  || [!B0]   STW     .D2T2   B5,*B4            ; |44| 
     352                    
     353 00000240 201002F4     [ B0]   STW     .D2T1   A0,*B4            ; |40| 
     354                               ; BRANCH OCCURS                   ; |46| 
     355                    ;** --------------------------------------------------------------------------*
     356 00000244           L4:    
     357 00000244 00006000             NOP             4
     358 00000248 00118A5A             CMPEQ   .L2     B4,12,B0          ; |47| 
     359 0000024c 30001810     [!B0]   B       .S1     L6                ; |47| 
     360 00000250 00002000             NOP             2
     361 00000254 20000A28     [ B0]   MVKL    .S1     0x2000014,A0      ; |48| 
     362 00000258 20010068     [ B0]   MVKH    .S1     0x2000014,A0      ; |48| 
     363 0000025c 20000264     [ B0]   LDW     .D1T1   *A0,A0            ; |48| 
     364                               ; BRANCH OCCURS                   ; |47| 
     365                    ;** --------------------------------------------------------------------------*
     366 00000260 00006000             NOP             4
     367 00000264 008027A0             AND     .S1     1,A0,A1           ; |48| 
     368 00000268 90001410     [!A1]   B       .S1     L6                ; |48| 
     369 0000026c 00006000             NOP             4
     370 00000270 820008C2     [ A1]   ZERO    .D2     B4                ; |49| 
     371                               ; BRANCH OCCURS                   ; |48| 
     372                    ;*----------------------------------------------------------------------------*
     373                    ;*   SOFTWARE PIPELINE INFORMATION
     374                    ;*      Disqualified loop: software pipelining disabled
     375                    ;*----------------------------------------------------------------------------*
     376 00000274           L5:    
     377                    
     378 00000274 0201006B             MVKH    .S2     0x2000000,B4      ; |49| 
     379 00000278 00003E28! ||         MVKL    .S1     _compacket+124,A0 ; |49| 
     380                    
     381 00000280 021002E7             LDW     .D2T2   *B4,B4            ; |49| 
     382 00000284 00000068! ||         MVKH    .S1     _compacket+124,A0 ; |49| 
     383                    
     384 00000288 01800264             LDW     .D1T1   *A0,A3            ; |49| 
     385 0000028c 00003E28!            MVKL    .S1     _compacket+124,A0 ; |50| 
TMS320C6x COFF Assembler         Version 4.10     Fri Jun 07 15:01:20 2024
Copyright (c) 1996-2001 Texas Instruments Incorporated
temp\interrupt.asm                                                   PAGE    8

     386 00000290 00000068!            MVKH    .S1     _compacket+124,A0 ; |50| 
     387 00000294 00000000             NOP             1
     388 00000298 0213180A             EXTU    .S2     B4,24,24,B4       ; |49| 
     389 0000029c 020C0236             STB     .D1T2   B4,*A3            ; |49| 
     390 000002a0 00000264             LDW     .D1T1   *A0,A0            ; |50| 
     391 000002a4 020031AA!            MVKL    .S2     _compacket+99,B4  ; |50| 
     392 000002a8 0200006A!            MVKH    .S2     _compacket+99,B4  ; |50| 
     393 000002ac 00002000             NOP             2
     394 000002b0 00009A7A             CMPEQ   .L2X    A0,B4,B0          ; |50| 
     395 000002b4 30003E28!    [!B0]   MVKL    .S1     _compacket+124,A0 ; |54| 
     396 000002b8 30000068!    [!B0]   MVKH    .S1     _compacket+124,A0 ; |54| 
     397 000002bc 32000940     [!B0]   MV      .D1     A0,A4             ; |54| 
     398 000002c0 30100264     [!B0]   LDW     .D1T1   *A4,A0            ; |54| 
     399 000002c4 20003E28!    [ B0]   MVKL    .S1     _compacket+124,A0 ; |51| 
     400 000002c8 2200002A!    [ B0]   MVKL    .S2     _compacket,B4     ; |51| 
     401 000002cc 20000068!    [ B0]   MVKH    .S1     _compacket+124,A0 ; |51| 
     402 000002d0 2200006A!    [ B0]   MVKH    .S2     _compacket,B4     ; |51| 
     403                    
     404 000002d4 00000A29             MVKL    .S1     0x2000014,A0      ; |56| 
     405 000002d8 31802059  || [!B0]   ADD     .L1     1,A0,A3           ; |54| 
     406 000002dc 22000276  || [ B0]   STW     .D1T2   B4,*A0            ; |51| 
     407                    
     408 000002e0 00010069             MVKH    .S1     0x2000014,A0      ; |56| 
     409 000002e4 31900274  || [!B0]   STW     .D1T1   A3,*A4            ; |54| 
     410                    
     411 000002e8 00000264             LDW     .D1T1   *A0,A0            ; |56| 
     412 000002ec 00006000             NOP             4
     413 000002f0 008027A0             AND     .S1     1,A0,A1           ; |56| 
     414 000002f4 8FFFF290     [ A1]   B       .S1     L5                ; |56| 
     415 000002f8 00006000             NOP             4
     416 000002fc 820008C2     [ A1]   ZERO    .D2     B4                ; |49| 
     417                               ; BRANCH OCCURS                   ; |56| 
     418                    ;** --------------------------------------------------------------------------*
     419 00000300           L6:    
     420 00000300 00000428             MVKL    .S1     0x2000008,A0      ; |58| 
     421 00000304 00010068             MVKH    .S1     0x2000008,A0      ; |58| 
     422 00000308 00000264             LDW     .D1T1   *A0,A0            ; |58| 
     423 0000030c 00002000             NOP             2
     424                    ;** --------------------------------------------------------------------------*
     425 00000310           L7:    
     426 00000310 00002000             NOP             2
     427 00000314 0001E7A0             AND     .S1     15,A0,A0          ; |58| 
     428 00000318 00802A58             CMPEQ   .L1     A0,1,A1           ; |58| 
     429 0000031c 9FFFB610     [!A1]   B       .S1     L1                ; |58| 
     430 00000320 003C22F4             STW     .D2T1   A0,*+SP(4)        ; |58| 
     431 00000324 923C22E6     [!A1]   LDW     .D2T2   *+SP(4),B4        ; |26| 
     432 00000328 83BE82E6     [ A1]   LDW     .D2T2   *+SP(80),B7       ; |59| 
     433 0000032c 833E62E6     [ A1]   LDW     .D2T2   *+SP(76),B6       ; |59| 
     434 00000330 82BE42E6     [ A1]   LDW     .D2T2   *+SP(72),B5       ; |59| 
     435                               ; BRANCH OCCURS                   ; |58| 
     436                    ;** --------------------------------------------------------------------------*
     437 00000334 023E22E6             LDW     .D2T2   *+SP(68),B4       ; |59| 
     438                    ;** --------------------------------------------------------------------------*
     439 00000338           L8:    
     440 00000338 01BE02E6             LDW     .D2T2   *+SP(64),B3       ; |59| 
TMS320C6x COFF Assembler         Version 4.10     Fri Jun 07 15:01:20 2024
Copyright (c) 1996-2001 Texas Instruments Incorporated
temp\interrupt.asm                                                   PAGE    9

     441 0000033c 013DE2E6             LDW     .D2T2   *+SP(60),B2       ; |59| 
     442 00000340 00BDC2E6             LDW     .D2T2   *+SP(56),B1       ; |59| 
     443 00000344 003DA2E6             LDW     .D2T2   *+SP(52),B0       ; |59| 
     444 00000348 04BD82E4             LDW     .D2T1   *+SP(48),A9       ; |59| 
     445 0000034c 043D62E4             LDW     .D2T1   *+SP(44),A8       ; |59| 
     446 00000350 03BD42E4             LDW     .D2T1   *+SP(40),A7       ; |59| 
     447 00000354 033D22E4             LDW     .D2T1   *+SP(36),A6       ; |59| 
     448 00000358 02BD02E4             LDW     .D2T1   *+SP(32),A5       ; |59| 
     449 0000035c 023CE2E4             LDW     .D2T1   *+SP(28),A4       ; |59| 
     450 00000360 01BCC2E4             LDW     .D2T1   *+SP(24),A3       ; |59| 
     451 00000364 013CA2E4             LDW     .D2T1   *+SP(20),A2       ; |59| 
     452 00000368 00BC82E4             LDW     .D2T1   *+SP(16),A1       ; |59| 
     453 0000036c 003C62E4             LDW     .D2T1   *+SP(12),A0       ; |59| 
     454                    
     455 00000370 001800E3             B       .S2     IRP               ; |59| 
     456 00000374 043EA2E6  ||         LDW     .D2T2   *+SP(84),B8       ; |59| 
     457                    
     458 00000378 04BED2E6             LDW     .D2T2   *++SP(88),B9      ; |59| 
     459 0000037c 00006000             NOP             4
     460                               ; BRANCH OCCURS                   ; |59| 
     461                    
     462                    
     463 00000380                   .sect   ".text"
     464                            .global _ISRtimer0
     465                    
     466                    ;******************************************************************************
     467                    ;* FUNCTION NAME: _ISRtimer0                                                  *
     468                    ;*                                                                            *
     469                    ;*   Regs Modified     : A0,A1,A2,A3,A4,A5,A6,A7,A8,A9,A10,A11,A12,A13,A14,B0,*
     470                    ;*                           B1,B2,B3,B4,B5,B6,B7,B8,B9,B10,B11,B12,B13,SP    *
     471                    ;*   Regs Used         : A0,A1,A2,A3,A4,A5,A6,A7,A8,A9,A10,A11,A12,A13,A14,B0,*
     472                    ;*                           B1,B2,B3,B4,B5,B6,B7,B8,B9,B10,B11,B12,B13,SP    *
     473                    ;*   Local Frame Size  : 0 Args + 32 Auto + 120 Save = 152 byte               *
     474                    ;******************************************************************************
     475 00000380           _ISRtimer0:
     476                    ;** --------------------------------------------------------------------------*
     477 00000380 07FFB452             ADDK    .S2     -152,SP           ; |76| 
     478 00000384 023FA2F6             STW     .D2T2   B4,*+SP(116)      ; |76| 
     479 00000388 01BF82F6             STW     .D2T2   B3,*+SP(112)      ; |76| 
     480 0000038c 058024FE             STW     .D2T2   B11,*+SP(144)     ; |76| 
     481 00000390 050023FE             STW     .D2T2   B10,*+SP(140)     ; |76| 
     482 00000394 048022FE             STW     .D2T2   B9,*+SP(136)      ; |76| 
     483 00000398 040021FE             STW     .D2T2   B8,*+SP(132)      ; |76| 
     484 0000039c 038020FE             STW     .D2T2   B7,*+SP(128)      ; |76| 
     485 000003a0 033FE2F6             STW     .D2T2   B6,*+SP(124)      ; |76| 
     486 000003a4 02BFC2F6             STW     .D2T2   B5,*+SP(120)      ; |76| 
     487 000003a8 013F62F6             STW     .D2T2   B2,*+SP(108)      ; |76| 
     488 000003ac 00BF42F6             STW     .D2T2   B1,*+SP(104)      ; |76| 
     489 000003b0 003F22F6             STW     .D2T2   B0,*+SP(100)      ; |76| 
     490 000003b4 073F02F4             STW     .D2T1   A14,*+SP(96)      ; |76| 
     491 000003b8 06BEE2F4             STW     .D2T1   A13,*+SP(92)      ; |76| 
     492 000003bc 063EC2F4             STW     .D2T1   A12,*+SP(88)      ; |76| 
     493 000003c0 05BEA2F4             STW     .D2T1   A11,*+SP(84)      ; |76| 
     494 000003c4 053E82F4             STW     .D2T1   A10,*+SP(80)      ; |76| 
     495 000003c8 04BE62F4             STW     .D2T1   A9,*+SP(76)       ; |76| 
TMS320C6x COFF Assembler         Version 4.10     Fri Jun 07 15:01:20 2024
Copyright (c) 1996-2001 Texas Instruments Incorporated
temp\interrupt.asm                                                   PAGE   10

     496 000003cc 043E42F4             STW     .D2T1   A8,*+SP(72)       ; |76| 
     497 000003d0 03BE22F4             STW     .D2T1   A7,*+SP(68)       ; |76| 
     498 000003d4 033E02F4             STW     .D2T1   A6,*+SP(64)       ; |76| 
     499                    
     500 000003d8 02BDE2F5             STW     .D2T1   A5,*+SP(60)       ; |76| 
     501 000003dc 0200002A! ||         MVKL    .S2     _GetPendulumAngle,B4 ; |82| 
     502                    
     503 000003e0 023DC2F5             STW     .D2T1   A4,*+SP(56)       ; |76| 
     504 000003e4 0200006A! ||         MVKH    .S2     _GetPendulumAngle,B4 ; |82| 
     505                    
     506 000003e8 00100363             B       .S2     B4                ; |82| 
     507 000003ec 060025FE  ||         STW     .D2T2   B12,*+SP(148)     ; |76| 
     508                    
     509 000003f0 01BDA2F4             STW     .D2T1   A3,*+SP(52)       ; |76| 
     510 000003f4 013D82F4             STW     .D2T1   A2,*+SP(48)       ; |76| 
     511 000003f8 00BD62F4             STW     .D2T1   A1,*+SP(44)       ; |76| 
     512                    
     513 00000400 003D42F5             STW     .D2T1   A0,*+SP(40)       ; |76| 
     514 00000404 0182082A' ||         MVKL    .S2     RL2,B3            ; |82| 
     515                    
     516 00000408 0180006B'            MVKH    .S2     RL2,B3            ; |82| 
     517 0000040c 068026FE  ||         STW     .D2T2   B13,*+SP(152)     ; |76| 
     518                    
     519 00000410           RL2:       ; CALL OCCURS                     ; |82| 
     520 00000410 0200002A!            MVKL    .S2     _GetCartPos,B4    ; |83| 
     521 00000414 0200006A!            MVKH    .S2     _GetCartPos,B4    ; |83| 
     522 00000418 00100362             B       .S2     B4                ; |83| 
     523 0000041c 023C22F4             STW     .D2T1   A4,*+SP(4)        ; |82| 
     524 00000420 00002000             NOP             2
     525 00000424 0182162A'            MVKL    .S2     RL4,B3            ; |83| 
     526 00000428 0180006A'            MVKH    .S2     RL4,B3            ; |83| 
     527 0000042c           RL4:       ; CALL OCCURS                     ; |83| 
     528                    
     529 0000042c 0200002B!            MVKL    .S2     _R,B4             ; |86| 
     530 00000430 023C82F4  ||         STW     .D2T1   A4,*+SP(16)       ; |83| 
     531                    
     532 00000434 0200006B!            MVKH    .S2     _R,B4             ; |86| 
     533 00000438 003C22E4  ||         LDW     .D2T1   *+SP(4),A0        ; |86| 
     534                    
     535 0000043c 021002E6             LDW     .D2T2   *B4,B4            ; |86| 
     536 00000440 03000028!            MVKL    .S1     _cart_R,A6        ; |87| 
     537 00000444 03000068!            MVKH    .S1     _cart_R,A6        ; |87| 
     538 00000448 063C82E6             LDW     .D2T2   *+SP(16),B12      ; |87| 
     539 0000044c 038008C0             ZERO    .D1     A7                ; |90| 
     540 00000450 0200923A             SUBSP   .L2X    B4,A0,B4          ; |86| 
     541 00000454 03A01268             MVKH    .S1     0x40240000,A7     ; |90| 
     542 00000458 01800028-            MVKL    .S1     _prevErr,A3       ; |101| 
     543 0000045c 0580002A-            MVKL    .S2     _prevErr,B11      ; |96| 
     544 00000460 023C42F6             STW     .D2T2   B4,*+SP(8)        ; |86| 
     545 00000464 03180264             LDW     .D1T1   *A6,A6            ; |87| 
     546 00000468 04800228-            MVKL    .S1     _sumErr,A9        ; |100| 
     547 0000046c 021000A2             SPDP    .S2     B4,B5:B4          ; |90| 
     548 00000470 04000028-            MVKL    .S1     _prevErr,A8       ; |102| 
     549 00000474 03148B22             ABSDP   .S2     B5:B4,B7:B6       ; |90| 
     550                    
TMS320C6x COFF Assembler         Version 4.10     Fri Jun 07 15:01:20 2024
Copyright (c) 1996-2001 Texas Instruments Incorporated
temp\interrupt.asm                                                   PAGE   11

     551 00000478 030428C1             ZERO    .D1     A6                ; |90| 
     552 0000047c 06B0D2BA  ||         SUBSP   .L2X    A6,B12,B13        ; |87| 
     553                    
     554 00000480 0098DAA0             CMPGTDP .S1X    B7:B6,A7:A6,A1    ; |90| 
     555 00000484 0280002A!            MVKL    .S2     _SwingUpControl,B5 ; |91| 
     556 00000488 0000002A!            MVKL    .S2     _PWMOut,B0        ; |111| 
     557 0000048c 00E666AA             MVKL    .S2     0xbe4ccccd,B1     ; |106| 
     558                    
     559 00000490 02800229-            MVKL    .S1     _sumErr,A5        ; |101| 
     560 00000494 0500062A- ||         MVKL    .S2     _cart_sumErr,B10  ; |94| 
     561                    
     562 00000498 015B8BA9             MVKL    .S1     0xb951b717,A2     ; |106| 
     563 0000049c 0400042A- ||         MVKL    .S2     _cart_prevErr,B8  ; |106| 
     564                    
     565 000004a0 020428C3             ZERO    .D2     B4                ; |101| 
     566 000004a4 05800429- ||         MVKL    .S1     _cart_prevErr,A11 ; |95| 
     567 000004a8 016666AA  ||         MVKL    .S2     0xbd4ccccd,B2     ; |106| 
     568                    
     569 000004ac 07000429-            MVKL    .S1     _cart_prevErr,A14 ; |107| 
     570 000004b0 0220D06A  ||         MVKH    .S2     0x41a00000,B4     ; |101| 
     571                    
     572 000004b4 048428C3             ZERO    .D2     B9                ; |101| 
     573 000004b8 05000229- ||         MVKL    .S1     _sumErr,A10       ; |93| 
     574 000004bc 0280006A! ||         MVKH    .S2     _SwingUpControl,B5 ; |91| 
     575                    
     576 000004c0 04A0906B             MVKH    .S2     0x41200000,B9     ; |101| 
     577 000004c4 01800068- ||         MVKH    .S1     _prevErr,A3       ; |101| 
     578                    
     579 000004c8 04800069-            MVKH    .S1     _sumErr,A9        ; |100| 
     580 000004cc 0580006A- ||         MVKH    .S2     _prevErr,B11      ; |96| 
     581                    
     582 000004d0 04000069-            MVKH    .S1     _prevErr,A8       ; |102| 
     583 000004d4 0000006A! ||         MVKH    .S2     _PWMOut,B0        ; |111| 
     584                    
     585 000004d8 00DF266B             MVKH    .S2     0xbe4ccccd,B1     ; |106| 
     586 000004dc 02800068- ||         MVKH    .S1     _sumErr,A5        ; |101| 
     587                    
     588 000004e0 015CA8E9             MVKH    .S1     0xb951b717,A2     ; |106| 
     589 000004e4 0500006A- ||         MVKH    .S2     _cart_sumErr,B10  ; |94| 
     590                    
     591 000004e8 0400006B-            MVKH    .S2     _cart_prevErr,B8  ; |106| 
     592 000004ec 05800068- ||         MVKH    .S1     _cart_prevErr,A11 ; |95| 
     593                    
     594 000004f0 07000069-            MVKH    .S1     _cart_prevErr,A14 ; |107| 
     595 000004f4 90001592  || [!A1]   B       .S2     L9                ; |90| 
     596                    
     597 000004f8 015EA66B             MVKH    .S2     0xbd4ccccd,B2     ; |106| 
     598 000004fc 05000068- ||         MVKH    .S1     _sumErr,A10       ; |93| 
     599                    
     600 00000500 0180062B-            MVKL    .S2     _cart_sumErr,B3   ; |105| 
     601 00000504 022E14A8  ||         MVKL    .S1     0x3e0f5c29,A4     ; |101| 
     602                    
     603 00000508 0180006B-            MVKH    .S2     _cart_sumErr,B3   ; |105| 
     604 0000050c 06BCA2F7  ||         STW     .D2T2   B13,*+SP(20)      ; |87| 
     605 00000510 00000628- ||         MVKL    .S1     _cart_sumErr,A0   ; |106| 
TMS320C6x COFF Assembler         Version 4.10     Fri Jun 07 15:01:20 2024
Copyright (c) 1996-2001 Texas Instruments Incorporated
temp\interrupt.asm                                                   PAGE   12

     606                    
     607 00000520 0182B02B'            MVKL    .S2     RL6,B3            ; |91| 
     608 00000524 030C1059  ||         MV      .L1X    B3,A6             ; |105| 
     609 00000528 068428C3  ||         ZERO    .D2     B13               ; |94| 
     610 0000052c 021F07E8  ||         MVKH    .S1     0x3e0f5c29,A4     ; |101| 
     611                    
     612 00000540 060420F9             ZERO    .L1     A12               ; |95| 
     613 00000544 068848C1  ||         ZERO    .D1     A13               ; |93| 
     614 00000548 0180006B' ||         MVKH    .S2     RL6,B3            ; |91| 
     615 0000054c 03BC42E5  ||         LDW     .D2T1   *+SP(8),A7        ; |100| 
     616 00000550 060420FB  ||         ZERO    .L2     B12               ; |96| 
     617 00000554 00000068- ||         MVKH    .S1     _cart_sumErr,A0   ; |106| 
     618                    
     619                               ; BRANCH OCCURS                   ; |90| 
     620                    ;** --------------------------------------------------------------------------*
     621 00000558 00140362             B       .S2     B5                ; |91| 
     622 0000055c 00008000             NOP             5
     623 00000560           RL6:       ; CALL OCCURS                     ; |91| 
     624 00000560 00002590             B       .S1     L10               ; |97| 
     625 00000564 06A80274             STW     .D1T1   A13,*A10          ; |93| 
     626 00000568 06A802F6             STW     .D2T2   B13,*B10          ; |94| 
     627 0000056c 062C0274             STW     .D1T1   A12,*A11          ; |95| 
     628                    
     629 00000570 0280002B!            MVKL    .S2     _UMAddData,B5     ; |117| 
     630 00000574 062C02F6  ||         STW     .D2T2   B12,*B11          ; |96| 
     631                    
     632 00000580 00000029!            MVKL    .S1     _R,A0             ; |117| 
     633 00000584 0280006B! ||         MVKH    .S2     _UMAddData,B5     ; |117| 
     634 00000588 023CA2E6  ||         LDW     .D2T2   *+SP(20),B4       ; |117| 
     635                    
     636                               ; BRANCH OCCURS                   ; |97| 
     637                    ;** --------------------------------------------------------------------------*
     638 0000058c           L9:    
     639 0000058c 00A40264             LDW     .D1T1   *A9,A1            ; |100| 
     640 00000590 0183382A'            MVKL    .S2     RL8,B3            ; |111| 
     641 00000594 0180006A'            MVKH    .S2     RL8,B3            ; |111| 
     642 00000598 00002000             NOP             2
     643 0000059c 0384E218             ADDSP   .L1     A7,A1,A7          ; |100| 
     644 000005a0 00004000             NOP             3
     645 000005a4 03A40274             STW     .D1T1   A7,*A9            ; |100| 
     646 000005a8 018C0264             LDW     .D1T1   *A3,A3            ; |101| 
     647                    
     648 000005ac 02940265             LDW     .D1T1   *A5,A5            ; |101| 
     649 000005b0 033C42E6  ||         LDW     .D2T2   *+SP(8),B6        ; |101| 
     650                    
     651 000005b4 00006000             NOP             4
     652                    
     653 000005c0 0190AE01             MPYSP   .M1     A5,A4,A3          ; |101| 
     654 000005c4 0210CE03  ||         MPYSP   .M2     B6,B4,B4
     655 000005c8 028CD23A  ||         SUBSP   .L2X    B6,A3,B5          ; |101| 
     656                    
     657 000005cc 00004000             NOP             3
     658                    
     659 000005d0 0224AE03             MPYSP   .M2     B5,B9,B4          ; |101| 
     660 000005d4 01907218  ||         ADDSP   .L1X    A3,B4,A3          ; |101| 
TMS320C6x COFF Assembler         Version 4.10     Fri Jun 07 15:01:20 2024
Copyright (c) 1996-2001 Texas Instruments Incorporated
temp\interrupt.asm                                                   PAGE   13

     661                    
     662 000005d8 00004000             NOP             3
     663 000005dc 020C921A             ADDSP   .L2X    B4,A3,B4          ; |101| 
     664 000005e0 019811A0             MV      .S1X    B6,A3             ; |101| 
     665 000005e4 00002000             NOP             2
     666 000005e8 023C62F6             STW     .D2T2   B4,*+SP(12)       ; |101| 
     667 000005ec 01A00274             STW     .D1T1   A3,*A8            ; |102| 
     668                    
     669 000005f0 01980265             LDW     .D1T1   *A6,A3            ; |105| 
     670 000005f4 023CA2E6  ||         LDW     .D2T2   *+SP(20),B4       ; |105| 
     671                    
     672 000005f8 00006000             NOP             4
     673 000005fc 020C921A             ADDSP   .L2X    B4,A3,B4          ; |105| 
     674 00000600 00004000             NOP             3
     675 00000604 02180276             STW     .D1T2   B4,*A6            ; |105| 
     676 00000608 033CA2E6             LDW     .D2T2   *+SP(20),B6       ; |106| 
     677                    
     678 0000060c 02A002E7             LDW     .D2T2   *B8,B5            ; |106| 
     679 00000610 00000264  ||         LDW     .D1T1   *A0,A0            ; |106| 
     680                    
     681 00000614 00006000             NOP             4
     682                    
     683 00000620 0284CE03             MPYSP   .M2     B6,B1,B5          ; |106| 
     684 00000624 00080E01  ||         MPYSP   .M1     A0,A2,A0          ; |106| 
     685 00000628 0214C23A  ||         SUBSP   .L2     B6,B5,B4
     686                    
     687 0000062c 00004000             NOP             3
     688                    
     689 00000630 02088E03             MPYSP   .M2     B4,B2,B4          ; |106| 
     690 00000634 00141218  ||         ADDSP   .L1X    A0,B5,A0          ; |106| 
     691                    
     692 00000638 00004000             NOP             3
     693 0000063c 0200921A             ADDSP   .L2X    B4,A0,B4          ; |106| 
     694 00000640 001811A0             MV      .S1X    B6,A0             ; |106| 
     695 00000644 00002000             NOP             2
     696 00000648 023CC2F6             STW     .D2T2   B4,*+SP(24)       ; |106| 
     697 0000064c 00380274             STW     .D1T1   A0,*A14           ; |107| 
     698 00000650 023C62E6             LDW     .D2T2   *+SP(12),B4       ; |110| 
     699 00000654 02BCC2E6             LDW     .D2T2   *+SP(24),B5       ; |110| 
     700 00000658 00004000             NOP             3
     701 0000065c 00000362             B       .S2     B0                ; |111| 
     702 00000660 0210A21A             ADDSP   .L2     B5,B4,B4          ; |110| 
     703 00000664 00004000             NOP             3
     704                    
     705 00000668 021011A1             MV      .S1X    B4,A4             ; |111| 
     706 0000066c 023CE2F6  ||         STW     .D2T2   B4,*+SP(28)       ; |110| 
     707                    
     708 00000670           RL8:       ; CALL OCCURS                     ; |111| 
     709 00000670 023D02F4             STW     .D2T1   A4,*+SP(32)       ; |111| 
     710 00000674 0280002A!            MVKL    .S2     _UMAddData,B5     ; |117| 
     711                    
     712 00000680 023CA2E7             LDW     .D2T2   *+SP(20),B4       ; |117| 
     713 00000684 0280006B! ||         MVKH    .S2     _UMAddData,B5     ; |117| 
     714 00000688 00000028! ||         MVKL    .S1     _R,A0             ; |117| 
     715                    
TMS320C6x COFF Assembler         Version 4.10     Fri Jun 07 15:01:20 2024
Copyright (c) 1996-2001 Texas Instruments Incorporated
temp\interrupt.asm                                                   PAGE   14

     716                    ;** --------------------------------------------------------------------------*
     717 0000068c           L10:    
     718                    
     719 0000068c 00140363             B       .S2     B5                ; |117| 
     720 00000690 00000069! ||         MVKH    .S1     _R,A0             ; |117| 
     721 00000694 033C42E4  ||         LDW     .D2T1   *+SP(8),A6        ; |117| 
     722                    
     723 00000698 02000265             LDW     .D1T1   *A0,A4            ; |117| 
     724 0000069c 033D02E6  ||         LDW     .D2T2   *+SP(32),B6       ; |117| 
     725                    
     726 000006a0 0183562A'            MVKL    .S2     RL10,B3           ; |117| 
     727 000006a4 0180006A'            MVKH    .S2     RL10,B3           ; |117| 
     728 000006a8 00002000             NOP             2
     729 000006ac           RL10:      ; CALL OCCURS                     ; |117| 
     730 000006ac 0200002A!            MVKL    .S2     _TINTCnt,B4       ; |120| 
     731 000006b0 0200006A!            MVKH    .S2     _TINTCnt,B4       ; |120| 
     732 000006b4 029002E6             LDW     .D2T2   *B4,B5            ; |120| 
     733 000006b8 01800028!            MVKL    .S1     _INTRR_cnt,A3     ; |121| 
     734 000006bc 01800068!            MVKH    .S1     _INTRR_cnt,A3     ; |121| 
     735 000006c0 00002000             NOP             2
     736 000006c4 02942942             ADD     .D2     1,B5,B5           ; |120| 
     737 000006c8 029002F6             STW     .D2T2   B5,*B4            ; |120| 
     738 000006cc 000C0264             LDW     .D1T1   *A3,A0            ; |121| 
     739 000006d0 020000AA             MVK     .S2     1,B4              ; |122| 
     740 000006d4 00004000             NOP             3
     741                    
     742 000006d8 00000829-            MVKL    .S1     _TFlag,A0         ; |122| 
     743 000006dc 02002940  ||         ADD     .D1     1,A0,A4           ; |121| 
     744                    
     745 000006e0 00000069-            MVKH    .S1     _TFlag,A0         ; |122| 
     746 000006e4 020C0274  ||         STW     .D1T1   A4,*A3            ; |121| 
     747                    
     748 000006e8 02000276             STW     .D1T2   B4,*A0            ; |122| 
     749 000006ec 068026EE             LDW     .D2T2   *+SP(152),B13     ; |123| 
     750 000006f0 060025EE             LDW     .D2T2   *+SP(148),B12     ; |123| 
     751 000006f4 058024EE             LDW     .D2T2   *+SP(144),B11     ; |123| 
     752 000006f8 050023EE             LDW     .D2T2   *+SP(140),B10     ; |123| 
     753 000006fc 048022EE             LDW     .D2T2   *+SP(136),B9      ; |123| 
     754 00000700 040021EE             LDW     .D2T2   *+SP(132),B8      ; |123| 
     755 00000704 038020EE             LDW     .D2T2   *+SP(128),B7      ; |123| 
     756 00000708 013F62E6             LDW     .D2T2   *+SP(108),B2      ; |123| 
     757 0000070c 00BF42E6             LDW     .D2T2   *+SP(104),B1      ; |123| 
     758 00000710 003F22E6             LDW     .D2T2   *+SP(100),B0      ; |123| 
     759 00000714 073F02E4             LDW     .D2T1   *+SP(96),A14      ; |123| 
     760 00000718 06BEE2E4             LDW     .D2T1   *+SP(92),A13      ; |123| 
     761 0000071c 063EC2E4             LDW     .D2T1   *+SP(88),A12      ; |123| 
     762 00000720 05BEA2E4             LDW     .D2T1   *+SP(84),A11      ; |123| 
     763 00000724 053E82E4             LDW     .D2T1   *+SP(80),A10      ; |123| 
     764 00000728 04BE62E4             LDW     .D2T1   *+SP(76),A9       ; |123| 
     765 0000072c 043E42E4             LDW     .D2T1   *+SP(72),A8       ; |123| 
     766 00000730 03BE22E4             LDW     .D2T1   *+SP(68),A7       ; |123| 
     767 00000734 02BDE2E4             LDW     .D2T1   *+SP(60),A5       ; |123| 
     768 00000738 013D82E4             LDW     .D2T1   *+SP(48),A2       ; |123| 
     769 0000073c 00BD62E4             LDW     .D2T1   *+SP(44),A1       ; |123| 
     770 00000740 01BF82E6             LDW     .D2T2   *+SP(112),B3      ; |123| 
TMS320C6x COFF Assembler         Version 4.10     Fri Jun 07 15:01:20 2024
Copyright (c) 1996-2001 Texas Instruments Incorporated
temp\interrupt.asm                                                   PAGE   15

     771 00000744 033FE2E6             LDW     .D2T2   *+SP(124),B6      ; |123| 
     772 00000748 033E02E4             LDW     .D2T1   *+SP(64),A6       ; |123| 
     773 0000074c 02BFC2E6             LDW     .D2T2   *+SP(120),B5      ; |123| 
     774 00000750 01BDA2E4             LDW     .D2T1   *+SP(52),A3       ; |123| 
     775 00000754 023DC2E4             LDW     .D2T1   *+SP(56),A4       ; |123| 
     776                    
     777 00000758 023FA2E7             LDW     .D2T2   *+SP(116),B4      ; |123| 
     778 0000075c 001800E2  ||         B       .S2     IRP               ; |123| 
     779                    
     780 00000760 003D42E4             LDW     .D2T1   *+SP(40),A0       ; |123| 
     781 00000764 07804C52             ADDK    .S2     152,SP            ; |123| 
     782 00000768 00004000             NOP             3
     783                               ; BRANCH OCCURS                   ; |123| 
     784                    
     785                    
     786                    ;******************************************************************************
     787                    ;* UNDEFINED EXTERNAL REFERENCES                                              *
     788                    ;******************************************************************************
     789                            .global _SendByte
     790                            .global _PWMOut
     791                            .global _GetPendulumAngle
     792                            .global _GetCartPos
     793                            .global _SwingUpControl
     794                            .global _UMAddData
     795                            .global _compacket
     796                            .global _respacket
     797                            .global _TINTCnt
     798                            .global _INTRR_cnt
     799                            .global _R
     800                            .global _cart_R

No Assembly Errors, No Assembly Warnings
