TMS320C6x COFF Assembler         Version 4.10     Thu Jun 06 14:20:38 2024
Copyright (c) 1996-2001 Texas Instruments Incorporated
temp\interrupt.asm                                                   PAGE    1

       1                    ;******************************************************************************
       2                    ;* TMS320C6x ANSI C Codegen                                      Version 4.10 *
       3                    ;* Date/Time created: Thu Jun 06 14:20:38 2024                                *
       4                    ;******************************************************************************
       5                    
       6                    ;******************************************************************************
       7                    ;* GLOBAL FILE PARAMETERS                                                     *
       8                    ;*                                                                            *
       9                    ;*   Architecture      : TMS320C670x                                          *
      10                    ;*   Optimization      : Disabled                                             *
      11                    ;*   Optimizing for    : Compile time, Ease of Development                    *
      12                    ;*                       Based on options: no -o, no -ms                      *
      13                    ;*   Endian            : Little                                               *
      14                    ;*   Interrupt Thrshld : Disabled                                             *
      15                    ;*   Memory Model      : Large                                                *
      16                    ;*   Calls to RTS      : Far                                                  *
      17                    ;*   Pipelining        : Disabled                                             *
      18                    ;*   Memory Aliases    : Presume are aliases (pessimistic)                    *
      19                    ;*   Debug Info        : No Debug Info                                        *
      20                    ;*                                                                            *
      21                    ;******************************************************************************
      22                    
      23                            .asg    A15, FP
      24                            .asg    B14, DP
      25                            .asg    B15, SP
      26                            .global $bss
      27                    
      28                    
      29 00000000                   .sect   ".cinit"
      30                            .align  8
      31 00000000 00000004          .field          4,32
      32 00000004 00000000-         .field          _TFlag+0,32
      33 00000008 00000000          .field          0,32                    ; _TFlag @ 0
      34 00000000                   .sect   ".text"
      35                            .global _TFlag
      36 00000000           _TFlag: .usect  .far,4,4
      37                    
      38 0000000c                   .sect   ".cinit"
      39                            .align  8
      40 00000010 00000004          .field          4,32
      41 00000014 00000004-         .field          _pend_prevErr+0,32
      42 00000018 00000000          .word   000000000h              ; _pend_prevErr @ 0
      43 00000000                   .sect   ".text"
      44                            .global _pend_prevErr
      45 00000004           _pend_prevErr:  .usect  .far,4,4
      46                    
      47 0000001c                   .sect   ".cinit"
      48                            .align  8
      49 00000020 00000004          .field          4,32
      50 00000024 00000008-         .field          _pend_sumErr+0,32
      51 00000028 00000000          .word   000000000h              ; _pend_sumErr @ 0
      52 00000000                   .sect   ".text"
      53                            .global _pend_sumErr
      54 00000008           _pend_sumErr:   .usect  .far,4,4
      55                    
TMS320C6x COFF Assembler         Version 4.10     Thu Jun 06 14:20:38 2024
Copyright (c) 1996-2001 Texas Instruments Incorporated
temp\interrupt.asm                                                   PAGE    2

      56 0000002c                   .sect   ".cinit"
      57                            .align  8
      58 00000030 00000004          .field          4,32
      59 00000034 0000000C-         .field          _cart_prevErr+0,32
      60 00000038 00000000          .word   000000000h              ; _cart_prevErr @ 0
      61 00000000                   .sect   ".text"
      62                            .global _cart_prevErr
      63 0000000c           _cart_prevErr:  .usect  .far,4,4
      64                    
      65 0000003c                   .sect   ".cinit"
      66                            .align  8
      67 00000040 00000004          .field          4,32
      68 00000044 00000010-         .field          _cart_sumErr+0,32
      69 00000048 00000000          .word   000000000h              ; _cart_sumErr @ 0
      70 00000000                   .sect   ".text"
      71                            .global _cart_sumErr
      72 00000010           _cart_sumErr:   .usect  .far,4,4
      73                    ;       acp6x -q -D_FAR_RTS=1 --large_model=3 --version=6701 -m --i_output_file C:\Users\opqrs\AppData
      74 00000000                   .sect   ".text"
      75                            .global _ISRextint4
      76                    
      77                    ;******************************************************************************
      78                    ;* FUNCTION NAME: _ISRextint4                                                 *
      79                    ;*                                                                            *
      80                    ;*   Regs Modified     :                                                      *
      81                    ;*   Regs Used         :                                                      *
      82                    ;*   Local Frame Size  : 0 Args + 0 Auto + 0 Save = 0 byte                    *
      83                    ;******************************************************************************
      84 00000000           _ISRextint4:
      85                    ;** --------------------------------------------------------------------------*
      86 00000000 001800E2             B       .S2     IRP               ; |11| 
      87 00000004 00008000             NOP             5
      88                               ; BRANCH OCCURS                   ; |11| 
      89                    
      90                    
      91 00000008                   .sect   ".text"
      92                            .global _ISRextint5
      93                    
      94                    ;******************************************************************************
      95                    ;* FUNCTION NAME: _ISRextint5                                                 *
      96                    ;*                                                                            *
      97                    ;*   Regs Modified     :                                                      *
      98                    ;*   Regs Used         :                                                      *
      99                    ;*   Local Frame Size  : 0 Args + 0 Auto + 0 Save = 0 byte                    *
     100                    ;******************************************************************************
     101 00000008           _ISRextint5:
     102                    ;** --------------------------------------------------------------------------*
     103 00000008 001800E2             B       .S2     IRP               ; |17| 
     104 0000000c 00008000             NOP             5
     105                               ; BRANCH OCCURS                   ; |17| 
     106                    
     107                    
     108 00000010                   .sect   ".text"
     109                            .global _c_int08
     110                    
TMS320C6x COFF Assembler         Version 4.10     Thu Jun 06 14:20:38 2024
Copyright (c) 1996-2001 Texas Instruments Incorporated
temp\interrupt.asm                                                   PAGE    3

     111                    ;******************************************************************************
     112                    ;* FUNCTION NAME: _c_int08                                                    *
     113                    ;*                                                                            *
     114                    ;*   Regs Modified     :                                                      *
     115                    ;*   Regs Used         :                                                      *
     116                    ;*   Local Frame Size  : 0 Args + 0 Auto + 0 Save = 0 byte                    *
     117                    ;******************************************************************************
     118 00000010           _c_int08:
     119                    ;** --------------------------------------------------------------------------*
     120 00000010 001800E2             B       .S2     IRP               ; |29| 
     121 00000014 00008000             NOP             5
     122                               ; BRANCH OCCURS                   ; |29| 
     123                    
     124                    
     125 00000018                   .sect   ".text"
     126                            .global _c_int09
     127                    
     128                    ;******************************************************************************
     129                    ;* FUNCTION NAME: _c_int09                                                    *
     130                    ;*                                                                            *
     131                    ;*   Regs Modified     :                                                      *
     132                    ;*   Regs Used         :                                                      *
     133                    ;*   Local Frame Size  : 0 Args + 0 Auto + 0 Save = 0 byte                    *
     134                    ;******************************************************************************
     135 00000018           _c_int09:
     136                    ;** --------------------------------------------------------------------------*
     137 00000018 001800E2             B       .S2     IRP               ; |35| 
     138 0000001c 00008000             NOP             5
     139                               ; BRANCH OCCURS                   ; |35| 
     140                    
     141                    
     142 00000020                   .sect   ".text"
     143                            .global _ISRNMI
     144                    
     145                    ;******************************************************************************
     146                    ;* FUNCTION NAME: _ISRNMI                                                     *
     147                    ;*                                                                            *
     148                    ;*   Regs Modified     :                                                      *
     149                    ;*   Regs Used         :                                                      *
     150                    ;*   Local Frame Size  : 0 Args + 0 Auto + 0 Save = 0 byte                    *
     151                    ;******************************************************************************
     152 00000020           _ISRNMI:
     153                    ;** --------------------------------------------------------------------------*
     154 00000020 001800E2             B       .S2     IRP               ; |20| 
     155 00000024 00008000             NOP             5
     156                               ; BRANCH OCCURS                   ; |20| 
     157                    
     158                    
     159 00000028                   .sect   ".text"
     160                            .global _ISRextint6
     161                    
     162                    ;******************************************************************************
     163                    ;* FUNCTION NAME: _ISRextint6                                                 *
     164                    ;*                                                                            *
     165                    ;*   Regs Modified     : A0,A1,A2,A3,A4,A5,A6,A7,A8,A9,B0,B1,B2,B3,B4,B5,B6,  *
TMS320C6x COFF Assembler         Version 4.10     Thu Jun 06 14:20:38 2024
Copyright (c) 1996-2001 Texas Instruments Incorporated
temp\interrupt.asm                                                   PAGE    4

     166                    ;*                           B7,B8,B9,SP                                      *
     167                    ;*   Regs Used         : A0,A1,A2,A3,A4,A5,A6,A7,A8,A9,B0,B1,B2,B3,B4,B5,B6,  *
     168                    ;*                           B7,B8,B9,SP                                      *
     169                    ;*   Local Frame Size  : 0 Args + 4 Auto + 84 Save = 88 byte                  *
     170                    ;******************************************************************************
     171 00000028           _ISRextint6:
     172                    ;** --------------------------------------------------------------------------*
     173 00000028 04BED4F6             STW     .D2T2   B9,*SP--(88)      ; |23| 
     174 0000002c 003C62F4             STW     .D2T1   A0,*+SP(12)       ; |23| 
     175 00000030 03BE82F6             STW     .D2T2   B7,*+SP(80)       ; |23| 
     176 00000034 033E62F6             STW     .D2T2   B6,*+SP(76)       ; |23| 
     177 00000038 02BE42F6             STW     .D2T2   B5,*+SP(72)       ; |23| 
     178 0000003c 023E22F6             STW     .D2T2   B4,*+SP(68)       ; |23| 
     179 00000040 01BE02F6             STW     .D2T2   B3,*+SP(64)       ; |23| 
     180 00000044 013DE2F6             STW     .D2T2   B2,*+SP(60)       ; |23| 
     181 00000048 00BDC2F6             STW     .D2T2   B1,*+SP(56)       ; |23| 
     182 0000004c 003DA2F6             STW     .D2T2   B0,*+SP(52)       ; |23| 
     183 00000050 04BD82F4             STW     .D2T1   A9,*+SP(48)       ; |23| 
     184 00000054 043D62F4             STW     .D2T1   A8,*+SP(44)       ; |23| 
     185 00000058 03BD42F4             STW     .D2T1   A7,*+SP(40)       ; |23| 
     186 0000005c 033D22F4             STW     .D2T1   A6,*+SP(36)       ; |23| 
     187 00000060 02BD02F4             STW     .D2T1   A5,*+SP(32)       ; |23| 
     188 00000064 023CE2F4             STW     .D2T1   A4,*+SP(28)       ; |23| 
     189 00000068 01BCC2F4             STW     .D2T1   A3,*+SP(24)       ; |23| 
     190 0000006c 013CA2F4             STW     .D2T1   A2,*+SP(20)       ; |23| 
     191                    
     192 00000070 00BC82F5             STW     .D2T1   A1,*+SP(16)       ; |23| 
     193 00000074 00000428  ||         MVKL    .S1     0x2000008,A0      ; |26| 
     194                    
     195 00000078 00010069             MVKH    .S1     0x2000008,A0      ; |26| 
     196 0000007c 043EA2F6  ||         STW     .D2T2   B8,*+SP(84)       ; |23| 
     197                    
     198 00000080 00000264             LDW     .D1T1   *A0,A0            ; |26| 
     199 00000084 00006000             NOP             4
     200 00000088 0001E7A0             AND     .S1     15,A0,A0          ; |26| 
     201 0000008c 00802A58             CMPEQ   .L1     A0,1,A1           ; |26| 
     202 00000090 80005710     [ A1]   B       .S1     L8                ; |26| 
     203 00000094 003C22F4             STW     .D2T1   A0,*+SP(4)        ; |26| 
     204 00000098 83BE82E6     [ A1]   LDW     .D2T2   *+SP(80),B7       ; |60| 
     205 0000009c 833E62E6     [ A1]   LDW     .D2T2   *+SP(76),B6       ; |60| 
     206 000000a0 82BE42E6     [ A1]   LDW     .D2T2   *+SP(72),B5       ; |60| 
     207 000000a4 823E22E6     [ A1]   LDW     .D2T2   *+SP(68),B4       ; |60| 
     208                               ; BRANCH OCCURS                   ; |26| 
     209                    ;** --------------------------------------------------------------------------*
     210 000000a8 023C22E6             LDW     .D2T2   *+SP(4),B4        ; |27| 
     211 000000ac 00004000             NOP             3
     212                    ;** --------------------------------------------------------------------------*
     213                    ;**   BEGIN LOOP L1
     214                    ;** --------------------------------------------------------------------------*
     215 000000b0           L1:    
     216 000000b0 00000000             NOP             1
     217 000000b4 00108A5A             CMPEQ   .L2     B4,4,B0           ; |27| 
     218 000000b8 30002510     [!B0]   B       .S1     L3                ; |27| 
     219                    
     220 000000c0 323C22E7     [!B0]   LDW     .D2T2   *+SP(4),B4        ; |39| 
TMS320C6x COFF Assembler         Version 4.10     Thu Jun 06 14:20:38 2024
Copyright (c) 1996-2001 Texas Instruments Incorporated
temp\interrupt.asm                                                   PAGE    5

     221 000000c4 20000A28  || [ B0]   MVKL    .S1     0x2000014,A0      ; |28| 
     222                    
     223 000000c8 20010068     [ B0]   MVKH    .S1     0x2000014,A0      ; |28| 
     224 000000cc 20000264     [ B0]   LDW     .D1T1   *A0,A0            ; |28| 
     225 000000d0 00002000             NOP             2
     226                               ; BRANCH OCCURS                   ; |27| 
     227                    ;** --------------------------------------------------------------------------*
     228 000000d4 00002000             NOP             2
     229 000000d8 008027A0             AND     .S1     1,A0,A1           ; |28| 
     230 000000dc 90004A10     [!A1]   B       .S1     L7                ; |28| 
     231 000000e0 90000428     [!A1]   MVKL    .S1     0x2000008,A0      ; |59| 
     232 000000e4 90010068     [!A1]   MVKH    .S1     0x2000008,A0      ; |59| 
     233                    
     234 000000e8 820428C3     [ A1]   ZERO    .D2     B4                ; |29| 
     235 000000ec 82803E2B! || [ A1]   MVKL    .S2     _compacket+124,B5 ; |29| 
     236 000000f0 90000264  || [!A1]   LDW     .D1T1   *A0,A0            ; |59| 
     237                    
     238 000000f4 8201006A     [ A1]   MVKH    .S2     0x2000000,B4      ; |29| 
     239                    
     240 000000f8 8280006B!    [ A1]   MVKH    .S2     _compacket+124,B5 ; |29| 
     241 000000fc 821002E6  || [ A1]   LDW     .D2T2   *B4,B4            ; |29| 
     242                    
     243                               ; BRANCH OCCURS                   ; |28| 
     244                    ;** --------------------------------------------------------------------------*
     245 00000100 029402E6             LDW     .D2T2   *B5,B5            ; |29| 
     246 00000104 00000000             NOP             1
     247                    ;*----------------------------------------------------------------------------*
     248                    ;*   SOFTWARE PIPELINE INFORMATION
     249                    ;*      Disqualified loop: software pipelining disabled
     250                    ;*----------------------------------------------------------------------------*
     251 00000108           L2:    
     252 00000108 00003E28!            MVKL    .S1     _compacket+124,A0 ; |30| 
     253 0000010c 00000068!            MVKH    .S1     _compacket+124,A0 ; |30| 
     254 00000110 0213180A             EXTU    .S2     B4,24,24,B4       ; |29| 
     255 00000114 021402B6             STB     .D2T2   B4,*B5            ; |29| 
     256 00000118 01800264             LDW     .D1T1   *A0,A3            ; |30| 
     257 0000011c 00000028!            MVKL    .S1     _SendByte,A0      ; |30| 
     258 00000120 00000068!            MVKH    .S1     _SendByte,A0      ; |30| 
     259 00000124 01809C2A'            MVKL    .S2     RL0,B3            ; |30| 
     260 00000128 00001362             B       .S2X    A0                ; |30| 
     261 0000012c 020C0224             LDB     .D1T1   *A3,A4            ; |30| 
     262 00000130 0180006A'            MVKH    .S2     RL0,B3            ; |30| 
     263 00000134 00004000             NOP             3
     264 00000138           RL0:       ; CALL OCCURS                     ; |30| 
     265 00000138 02003E2A!            MVKL    .S2     _compacket+124,B4 ; |31| 
     266 0000013c 0200006A!            MVKH    .S2     _compacket+124,B4 ; |31| 
     267 00000140 021002E6             LDW     .D2T2   *B4,B4            ; |31| 
     268 00000144 000031A8!            MVKL    .S1     _compacket+99,A0  ; |31| 
     269 00000148 00000068!            MVKH    .S1     _compacket+99,A0  ; |31| 
     270 0000014c 00002000             NOP             2
     271 00000150 00901A78             CMPEQ   .L1X    B4,A0,A1          ; |31| 
     272 00000154 92003E2A!    [!A1]   MVKL    .S2     _compacket+124,B4 ; |35| 
     273 00000158 9200006A!    [!A1]   MVKH    .S2     _compacket+124,B4 ; |35| 
     274 0000015c 929002E6     [!A1]   LDW     .D2T2   *B4,B5            ; |35| 
     275 00000160 82003E2A!    [ A1]   MVKL    .S2     _compacket+124,B4 ; |32| 
TMS320C6x COFF Assembler         Version 4.10     Thu Jun 06 14:20:38 2024
Copyright (c) 1996-2001 Texas Instruments Incorporated
temp\interrupt.asm                                                   PAGE    6

     276 00000164 80000028!    [ A1]   MVKL    .S1     _compacket,A0     ; |32| 
     277 00000168 8200006A!    [ A1]   MVKH    .S2     _compacket+124,B4 ; |32| 
     278 0000016c 80000068!    [ A1]   MVKH    .S1     _compacket,A0     ; |32| 
     279                    
     280 00000170 02800A2B             MVKL    .S2     0x2000014,B5      ; |37| 
     281 00000174 93142942  || [!A1]   ADD     .D2     1,B5,B6           ; |35| 
     282                    
     283 00000178 931002F6     [!A1]   STW     .D2T2   B6,*B4            ; |35| 
     284                    
     285 00000180 801002F5     [ A1]   STW     .D2T1   A0,*B4            ; |32| 
     286 00000184 0281006A  ||         MVKH    .S2     0x2000014,B5      ; |37| 
     287                    
     288 00000188 021402E6             LDW     .D2T2   *B5,B4            ; |37| 
     289 0000018c 00006000             NOP             4
     290 00000190 001027A2             AND     .S2     1,B4,B0           ; |37| 
     291 00000194 2FFFF110     [ B0]   B       .S1     L2                ; |37| 
     292                    
     293 00000198 220428C3     [ B0]   ZERO    .D2     B4                ; |29| 
     294 0000019c 22803E2A! || [ B0]   MVKL    .S2     _compacket+124,B5 ; |29| 
     295                    
     296 000001a0 2201006A     [ B0]   MVKH    .S2     0x2000000,B4      ; |29| 
     297                    
     298 000001a4 2280006B!    [ B0]   MVKH    .S2     _compacket+124,B5 ; |29| 
     299 000001a8 221002E6  || [ B0]   LDW     .D2T2   *B4,B4            ; |29| 
     300                    
     301 000001ac 229402E6     [ B0]   LDW     .D2T2   *B5,B5            ; |29| 
     302 000001b0 00000000             NOP             1
     303                               ; BRANCH OCCURS                   ; |37| 
     304                    ;** --------------------------------------------------------------------------*
     305 000001b4 00002E10             B       .S1     L7                ; |38| 
     306 000001b8 00000428             MVKL    .S1     0x2000008,A0      ; |59| 
     307 000001bc 00010068             MVKH    .S1     0x2000008,A0      ; |59| 
     308 000001c0 00000264             LDW     .D1T1   *A0,A0            ; |59| 
     309 000001c4 00002000             NOP             2
     310                               ; BRANCH OCCURS                   ; |38| 
     311                    ;** --------------------------------------------------------------------------*
     312 000001c8           L3:    
     313 000001c8 00104A5A             CMPEQ   .L2     B4,2,B0           ; |39| 
     314 000001cc 30001090     [!B0]   B       .S1     L4                ; |39| 
     315 000001d0 2200642A!    [ B0]   MVKL    .S2     _respacket+200,B4 ; |40| 
     316 000001d4 00004000             NOP             3
     317 000001d8 323C22E6     [!B0]   LDW     .D2T2   *+SP(4),B4        ; |48| 
     318                               ; BRANCH OCCURS                   ; |39| 
     319                    ;** --------------------------------------------------------------------------*
     320 000001dc 0200006A!            MVKH    .S2     _respacket+200,B4 ; |40| 
     321 000001e0 029002E6             LDW     .D2T2   *B4,B5            ; |40| 
     322 000001e4 00006000             NOP             4
     323 000001e8 00140ADA             CMPGT   .L2     B5,0,B0           ; |40| 
     324                    
     325 000001ec 20006629!    [ B0]   MVKL    .S1     _respacket+204,A0 ; |41| 
     326 000001f0 029429C2  ||         SUB     .D2     B5,1,B5           ; |40| 
     327                    
     328 000001f4 20000069!    [ B0]   MVKH    .S1     _respacket+204,A0 ; |41| 
     329 000001f8 029002F6  ||         STW     .D2T2   B5,*B4            ; |40| 
     330                    
TMS320C6x COFF Assembler         Version 4.10     Thu Jun 06 14:20:38 2024
Copyright (c) 1996-2001 Texas Instruments Incorporated
temp\interrupt.asm                                                   PAGE    7

     331 000001fc 21800264     [ B0]   LDW     .D1T1   *A0,A3            ; |41| 
     332 00000200 22000028!    [ B0]   MVKL    .S1     _respacket,A4     ; |41| 
     333 00000204 22000068!    [ B0]   MVKH    .S1     _respacket,A4     ; |41| 
     334 00000208 30000228     [!B0]   MVKL    .S1     0x2000004,A0      ; |44| 
     335 0000020c 3200682A!    [!B0]   MVKL    .S2     _respacket+208,B4 ; |45| 
     336 00000210 228C2940     [ B0]   ADD     .D1     1,A3,A5           ; |41| 
     337 00000214 22800274     [ B0]   STW     .D1T1   A5,*A0            ; |41| 
     338                    
     339 00000218 00002011             B       .S1     L6                ; |47| 
     340 0000021c 200C8A24  || [ B0]   LDB     .D1T1   *+A3[A4],A0       ; |41| 
     341                    
     342 00000220 30010068     [!B0]   MVKH    .S1     0x2000004,A0      ; |44| 
     343 00000224 328000AA     [!B0]   MVK     .S2     1,B5              ; |44| 
     344                    
     345 00000228 328428C3     [!B0]   ZERO    .D2     B5                ; |45| 
     346 0000022c 220840FB  || [ B0]   ZERO    .L2     B4                ; |41| 
     347 00000230 3200006B! || [!B0]   MVKH    .S2     _respacket+208,B4 ; |45| 
     348 00000234 32800276  || [!B0]   STW     .D1T2   B5,*A0            ; |44| 
     349                    
     350 00000238 2201006B     [ B0]   MVKH    .S2     0x2000000,B4      ; |41| 
     351 0000023c 329002F6  || [!B0]   STW     .D2T2   B5,*B4            ; |45| 
     352                    
     353 00000240 201002F4     [ B0]   STW     .D2T1   A0,*B4            ; |41| 
     354                               ; BRANCH OCCURS                   ; |47| 
     355                    ;** --------------------------------------------------------------------------*
     356 00000244           L4:    
     357 00000244 00006000             NOP             4
     358 00000248 00118A5A             CMPEQ   .L2     B4,12,B0          ; |48| 
     359 0000024c 30001810     [!B0]   B       .S1     L6                ; |48| 
     360 00000250 00002000             NOP             2
     361 00000254 20000A28     [ B0]   MVKL    .S1     0x2000014,A0      ; |49| 
     362 00000258 20010068     [ B0]   MVKH    .S1     0x2000014,A0      ; |49| 
     363 0000025c 20000264     [ B0]   LDW     .D1T1   *A0,A0            ; |49| 
     364                               ; BRANCH OCCURS                   ; |48| 
     365                    ;** --------------------------------------------------------------------------*
     366 00000260 00006000             NOP             4
     367 00000264 008027A0             AND     .S1     1,A0,A1           ; |49| 
     368 00000268 90001410     [!A1]   B       .S1     L6                ; |49| 
     369 0000026c 00006000             NOP             4
     370 00000270 820008C2     [ A1]   ZERO    .D2     B4                ; |50| 
     371                               ; BRANCH OCCURS                   ; |49| 
     372                    ;*----------------------------------------------------------------------------*
     373                    ;*   SOFTWARE PIPELINE INFORMATION
     374                    ;*      Disqualified loop: software pipelining disabled
     375                    ;*----------------------------------------------------------------------------*
     376 00000274           L5:    
     377                    
     378 00000274 0201006B             MVKH    .S2     0x2000000,B4      ; |50| 
     379 00000278 00003E28! ||         MVKL    .S1     _compacket+124,A0 ; |50| 
     380                    
     381 00000280 021002E7             LDW     .D2T2   *B4,B4            ; |50| 
     382 00000284 00000068! ||         MVKH    .S1     _compacket+124,A0 ; |50| 
     383                    
     384 00000288 01800264             LDW     .D1T1   *A0,A3            ; |50| 
     385 0000028c 00003E28!            MVKL    .S1     _compacket+124,A0 ; |51| 
TMS320C6x COFF Assembler         Version 4.10     Thu Jun 06 14:20:38 2024
Copyright (c) 1996-2001 Texas Instruments Incorporated
temp\interrupt.asm                                                   PAGE    8

     386 00000290 00000068!            MVKH    .S1     _compacket+124,A0 ; |51| 
     387 00000294 00000000             NOP             1
     388 00000298 0213180A             EXTU    .S2     B4,24,24,B4       ; |50| 
     389 0000029c 020C0236             STB     .D1T2   B4,*A3            ; |50| 
     390 000002a0 00000264             LDW     .D1T1   *A0,A0            ; |51| 
     391 000002a4 020031AA!            MVKL    .S2     _compacket+99,B4  ; |51| 
     392 000002a8 0200006A!            MVKH    .S2     _compacket+99,B4  ; |51| 
     393 000002ac 00002000             NOP             2
     394 000002b0 00009A7A             CMPEQ   .L2X    A0,B4,B0          ; |51| 
     395 000002b4 30003E28!    [!B0]   MVKL    .S1     _compacket+124,A0 ; |55| 
     396 000002b8 30000068!    [!B0]   MVKH    .S1     _compacket+124,A0 ; |55| 
     397 000002bc 32000940     [!B0]   MV      .D1     A0,A4             ; |55| 
     398 000002c0 30100264     [!B0]   LDW     .D1T1   *A4,A0            ; |55| 
     399 000002c4 20003E28!    [ B0]   MVKL    .S1     _compacket+124,A0 ; |52| 
     400 000002c8 2200002A!    [ B0]   MVKL    .S2     _compacket,B4     ; |52| 
     401 000002cc 20000068!    [ B0]   MVKH    .S1     _compacket+124,A0 ; |52| 
     402 000002d0 2200006A!    [ B0]   MVKH    .S2     _compacket,B4     ; |52| 
     403                    
     404 000002d4 00000A29             MVKL    .S1     0x2000014,A0      ; |57| 
     405 000002d8 31802059  || [!B0]   ADD     .L1     1,A0,A3           ; |55| 
     406 000002dc 22000276  || [ B0]   STW     .D1T2   B4,*A0            ; |52| 
     407                    
     408 000002e0 00010069             MVKH    .S1     0x2000014,A0      ; |57| 
     409 000002e4 31900274  || [!B0]   STW     .D1T1   A3,*A4            ; |55| 
     410                    
     411 000002e8 00000264             LDW     .D1T1   *A0,A0            ; |57| 
     412 000002ec 00006000             NOP             4
     413 000002f0 008027A0             AND     .S1     1,A0,A1           ; |57| 
     414 000002f4 8FFFF290     [ A1]   B       .S1     L5                ; |57| 
     415 000002f8 00006000             NOP             4
     416 000002fc 820008C2     [ A1]   ZERO    .D2     B4                ; |50| 
     417                               ; BRANCH OCCURS                   ; |57| 
     418                    ;** --------------------------------------------------------------------------*
     419 00000300           L6:    
     420 00000300 00000428             MVKL    .S1     0x2000008,A0      ; |59| 
     421 00000304 00010068             MVKH    .S1     0x2000008,A0      ; |59| 
     422 00000308 00000264             LDW     .D1T1   *A0,A0            ; |59| 
     423 0000030c 00002000             NOP             2
     424                    ;** --------------------------------------------------------------------------*
     425 00000310           L7:    
     426 00000310 00002000             NOP             2
     427 00000314 0001E7A0             AND     .S1     15,A0,A0          ; |59| 
     428 00000318 00802A58             CMPEQ   .L1     A0,1,A1           ; |59| 
     429 0000031c 9FFFB610     [!A1]   B       .S1     L1                ; |59| 
     430 00000320 003C22F4             STW     .D2T1   A0,*+SP(4)        ; |59| 
     431 00000324 923C22E6     [!A1]   LDW     .D2T2   *+SP(4),B4        ; |27| 
     432 00000328 83BE82E6     [ A1]   LDW     .D2T2   *+SP(80),B7       ; |60| 
     433 0000032c 833E62E6     [ A1]   LDW     .D2T2   *+SP(76),B6       ; |60| 
     434 00000330 82BE42E6     [ A1]   LDW     .D2T2   *+SP(72),B5       ; |60| 
     435                               ; BRANCH OCCURS                   ; |59| 
     436                    ;** --------------------------------------------------------------------------*
     437 00000334 023E22E6             LDW     .D2T2   *+SP(68),B4       ; |60| 
     438                    ;** --------------------------------------------------------------------------*
     439 00000338           L8:    
     440 00000338 01BE02E6             LDW     .D2T2   *+SP(64),B3       ; |60| 
TMS320C6x COFF Assembler         Version 4.10     Thu Jun 06 14:20:38 2024
Copyright (c) 1996-2001 Texas Instruments Incorporated
temp\interrupt.asm                                                   PAGE    9

     441 0000033c 013DE2E6             LDW     .D2T2   *+SP(60),B2       ; |60| 
     442 00000340 00BDC2E6             LDW     .D2T2   *+SP(56),B1       ; |60| 
     443 00000344 003DA2E6             LDW     .D2T2   *+SP(52),B0       ; |60| 
     444 00000348 04BD82E4             LDW     .D2T1   *+SP(48),A9       ; |60| 
     445 0000034c 043D62E4             LDW     .D2T1   *+SP(44),A8       ; |60| 
     446 00000350 03BD42E4             LDW     .D2T1   *+SP(40),A7       ; |60| 
     447 00000354 033D22E4             LDW     .D2T1   *+SP(36),A6       ; |60| 
     448 00000358 02BD02E4             LDW     .D2T1   *+SP(32),A5       ; |60| 
     449 0000035c 023CE2E4             LDW     .D2T1   *+SP(28),A4       ; |60| 
     450 00000360 01BCC2E4             LDW     .D2T1   *+SP(24),A3       ; |60| 
     451 00000364 013CA2E4             LDW     .D2T1   *+SP(20),A2       ; |60| 
     452 00000368 00BC82E4             LDW     .D2T1   *+SP(16),A1       ; |60| 
     453 0000036c 003C62E4             LDW     .D2T1   *+SP(12),A0       ; |60| 
     454                    
     455 00000370 001800E3             B       .S2     IRP               ; |60| 
     456 00000374 043EA2E6  ||         LDW     .D2T2   *+SP(84),B8       ; |60| 
     457                    
     458 00000378 04BED2E6             LDW     .D2T2   *++SP(88),B9      ; |60| 
     459 0000037c 00006000             NOP             4
     460                               ; BRANCH OCCURS                   ; |60| 
     461                    
     462                    
     463 00000380                   .sect   ".text"
     464                            .global _ISRtimer0
     465                    
     466                    ;******************************************************************************
     467                    ;* FUNCTION NAME: _ISRtimer0                                                  *
     468                    ;*                                                                            *
     469                    ;*   Regs Modified     : A0,A1,A2,A3,A4,A5,A6,A7,A8,A9,A10,B0,B1,B2,B3,B4,B5, *
     470                    ;*                           B6,B7,B8,B9,B10,B11,B12,SP                       *
     471                    ;*   Regs Used         : A0,A1,A2,A3,A4,A5,A6,A7,A8,A9,A10,B0,B1,B2,B3,B4,B5, *
     472                    ;*                           B6,B7,B8,B9,B10,B11,B12,SP                       *
     473                    ;*   Local Frame Size  : 0 Args + 28 Auto + 100 Save = 128 byte               *
     474                    ;******************************************************************************
     475 00000380           _ISRtimer0:
     476                    ;** --------------------------------------------------------------------------*
     477 00000380 07FFC052             ADDK    .S2     -128,SP           ; |80| 
     478 00000384 023F02F6             STW     .D2T2   B4,*+SP(96)       ; |80| 
     479 00000388 01BEE2F6             STW     .D2T2   B3,*+SP(92)       ; |80| 
     480 0000038c 053FC2F6             STW     .D2T2   B10,*+SP(120)     ; |80| 
     481 00000390 04BFA2F6             STW     .D2T2   B9,*+SP(116)      ; |80| 
     482 00000394 043F82F6             STW     .D2T2   B8,*+SP(112)      ; |80| 
     483 00000398 03BF62F6             STW     .D2T2   B7,*+SP(108)      ; |80| 
     484 0000039c 033F42F6             STW     .D2T2   B6,*+SP(104)      ; |80| 
     485 000003a0 02BF22F6             STW     .D2T2   B5,*+SP(100)      ; |80| 
     486 000003a4 013EC2F6             STW     .D2T2   B2,*+SP(88)       ; |80| 
     487 000003a8 00BEA2F6             STW     .D2T2   B1,*+SP(84)       ; |80| 
     488 000003ac 003E82F6             STW     .D2T2   B0,*+SP(80)       ; |80| 
     489 000003b0 053E62F4             STW     .D2T1   A10,*+SP(76)      ; |80| 
     490 000003b4 04BE42F4             STW     .D2T1   A9,*+SP(72)       ; |80| 
     491 000003b8 043E22F4             STW     .D2T1   A8,*+SP(68)       ; |80| 
     492 000003bc 03BE02F4             STW     .D2T1   A7,*+SP(64)       ; |80| 
     493 000003c0 033DE2F4             STW     .D2T1   A6,*+SP(60)       ; |80| 
     494                    
     495 000003c4 02BDC2F5             STW     .D2T1   A5,*+SP(56)       ; |80| 
TMS320C6x COFF Assembler         Version 4.10     Thu Jun 06 14:20:38 2024
Copyright (c) 1996-2001 Texas Instruments Incorporated
temp\interrupt.asm                                                   PAGE   10

     496 000003c8 0200002A! ||         MVKL    .S2     _GetPendulumAngle,B4 ; |86| 
     497                    
     498 000003cc 023DA2F5             STW     .D2T1   A4,*+SP(52)       ; |80| 
     499 000003d0 0200006A! ||         MVKH    .S2     _GetPendulumAngle,B4 ; |86| 
     500                    
     501 000003d4 00100363             B       .S2     B4                ; |86| 
     502 000003d8 05BFE2F6  ||         STW     .D2T2   B11,*+SP(124)     ; |80| 
     503                    
     504 000003dc 01BD82F4             STW     .D2T1   A3,*+SP(48)       ; |80| 
     505 000003e0 013D62F4             STW     .D2T1   A2,*+SP(44)       ; |80| 
     506 000003e4 00BD42F4             STW     .D2T1   A1,*+SP(40)       ; |80| 
     507                    
     508 000003e8 003D22F5             STW     .D2T1   A0,*+SP(36)       ; |80| 
     509 000003ec 0181FC2A' ||         MVKL    .S2     RL2,B3            ; |86| 
     510                    
     511 000003f0 0180006B'            MVKH    .S2     RL2,B3            ; |86| 
     512 000003f4 060020FE  ||         STW     .D2T2   B12,*+SP(128)     ; |80| 
     513                    
     514 000003f8           RL2:       ; CALL OCCURS                     ; |86| 
     515 000003f8 0200002A!            MVKL    .S2     _GetCartPos,B4    ; |87| 
     516 000003fc 0200006A!            MVKH    .S2     _GetCartPos,B4    ; |87| 
     517 00000400 00100362             B       .S2     B4                ; |87| 
     518 00000404 023C22F4             STW     .D2T1   A4,*+SP(4)        ; |86| 
     519 00000408 00002000             NOP             2
     520 0000040c 01820A2A'            MVKL    .S2     RL4,B3            ; |87| 
     521 00000410 0180006A'            MVKH    .S2     RL4,B3            ; |87| 
     522 00000414           RL4:       ; CALL OCCURS                     ; |87| 
     523                    
     524 00000414 0200002B!            MVKL    .S2     _pend_R,B4        ; |90| 
     525 00000418 023C82F4  ||         STW     .D2T1   A4,*+SP(16)       ; |87| 
     526                    
     527 00000420 0200006B!            MVKH    .S2     _pend_R,B4        ; |90| 
     528 00000424 003C22E4  ||         LDW     .D2T1   *+SP(4),A0        ; |90| 
     529                    
     530 00000428 021002E6             LDW     .D2T2   *B4,B4            ; |90| 
     531 0000042c 030008C0             ZERO    .D1     A6                ; |94| 
     532 00000430 01800028!            MVKL    .S1     _cart_R,A3        ; |91| 
     533 00000434 0500002A!            MVKL    .S2     _PWMOut,B10       ; |110| 
     534 00000438 05000628-            MVKL    .S1     _cart_prevErr,A10 ; |106| 
     535 0000043c 0200923A             SUBSP   .L2X    B4,A0,B4          ; |90| 
     536 00000440 0100082A-            MVKL    .S2     _cart_sumErr,B2   ; |104| 
     537 00000444 015B8BA8             MVKL    .S1     0xb951b717,A2     ; |105| 
     538 00000448 0580062A-            MVKL    .S2     _cart_prevErr,B11 ; |105| 
     539                    
     540 0000044c 021000A3             SPDP    .S2     B4,B5:B4          ; |94| 
     541 00000450 023C42F6  ||         STW     .D2T2   B4,*+SP(8)        ; |90| 
     542                    
     543 00000454 038008C0             ZERO    .D1     A7                ; |94| 
     544 00000458 03148B22             ABSDP   .S2     B5:B4,B7:B6       ; |94| 
     545 0000045c 03A01768             MVKH    .S1     0x402e0000,A7     ; |94| 
     546 00000460 0280022A-            MVKL    .S2     _pend_prevErr,B5  ; |101| 
     547                    
     548 00000464 0200002B!            MVKL    .S2     _SwingUpControl,B4 ; |95| 
     549 00000468 0098DAA0  ||         CMPGTDP .S1X    B7:B6,A7:A6,A1    ; |94| 
     550                    
TMS320C6x COFF Assembler         Version 4.10     Thu Jun 06 14:20:38 2024
Copyright (c) 1996-2001 Texas Instruments Incorporated
temp\interrupt.asm                                                   PAGE   11

     551 0000046c 00E666AA             MVKL    .S2     0xbe4ccccd,B1     ; |105| 
     552                    
     553 00000470 04000229-            MVKL    .S1     _pend_prevErr,A8  ; |100| 
     554 00000474 0280006A- ||         MVKH    .S2     _pend_prevErr,B5  ; |101| 
     555                    
     556 00000478 04AE14A9             MVKL    .S1     0x3e0f5c29,A9     ; |100| 
     557 0000047c 066666AA  ||         MVKL    .S2     0xbd4ccccd,B12    ; |105| 
     558                    
     559 00000480 01800069!            MVKH    .S1     _cart_R,A3        ; |91| 
     560 00000484 0200006A! ||         MVKH    .S2     _SwingUpControl,B4 ; |95| 
     561                    
     562 00000488 028C0265             LDW     .D1T1   *A3,A5            ; |91| 
     563 0000048c 0100006B- ||         MVKH    .S2     _cart_sumErr,B2   ; |104| 
     564 00000490 05000069- ||         MVKH    .S1     _cart_prevErr,A10 ; |106| 
     565 00000494 003C82E6  ||         LDW     .D2T2   *+SP(16),B0       ; |91| 
     566                    
     567 000004a0 048428C3             ZERO    .D2     B9                ; |100| 
     568 000004a4 015CA8E9  ||         MVKH    .S1     0xb951b717,A2     ; |105| 
     569 000004a8 0500006A! ||         MVKH    .S2     _PWMOut,B10       ; |110| 
     570                    
     571 000004ac 040428C3             ZERO    .D2     B8                ; |100| 
     572 000004b0 04A0D06B  ||         MVKH    .S2     0x41a00000,B9     ; |100| 
     573 000004b4 04000068- ||         MVKH    .S1     _pend_prevErr,A8  ; |100| 
     574                    
     575 000004b8 0420906B             MVKH    .S2     0x41200000,B8     ; |100| 
     576 000004bc 049F07E8  ||         MVKH    .S1     0x3e0f5c29,A9     ; |100| 
     577                    
     578 000004c0 01800429-            MVKL    .S1     _pend_sumErr,A3   ; |100| 
     579 000004c4 90000E12  || [!A1]   B       .S2     L9                ; |94| 
     580                    
     581 000004c8 0300B2BB             SUBSP   .L2X    A5,B0,B6          ; |91| 
     582 000004cc 00DF266B  ||         MVKH    .S2     0xbe4ccccd,B1     ; |105| 
     583 000004d0 02000828- ||         MVKL    .S1     _cart_sumErr,A4   ; |105| 
     584                    
     585 000004d4 0580006B-            MVKH    .S2     _cart_prevErr,B11 ; |105| 
     586 000004d8 01800068- ||         MVKH    .S1     _pend_sumErr,A3   ; |100| 
     587                    
     588 000004e0 065EA66B             MVKH    .S2     0xbd4ccccd,B12    ; |105| 
     589 000004e4 00000428- ||         MVKL    .S1     _pend_sumErr,A0   ; |99| 
     590                    
     591 000004e8 033C42E5             LDW     .D2T1   *+SP(8),A6        ; |99| 
     592 000004ec 01828C2B' ||         MVKL    .S2     RL6,B3            ; |95| 
     593 000004f0 02000068- ||         MVKH    .S1     _cart_sumErr,A4   ; |105| 
     594                    
     595 00000500 033CA2F7             STW     .D2T2   B6,*+SP(20)       ; |91| 
     596 00000504 0180006B' ||         MVKH    .S2     RL6,B3            ; |95| 
     597 00000508 02881059  ||         MV      .L1X    B2,A5             ; |104| 
     598 0000050c 00000068- ||         MVKH    .S1     _pend_sumErr,A0   ; |99| 
     599                    
     600                               ; BRANCH OCCURS                   ; |94| 
     601                    ;** --------------------------------------------------------------------------*
     602 00000510 00100362             B       .S2     B4                ; |95| 
     603 00000514 00008000             NOP             5
     604 00000518           RL6:       ; CALL OCCURS                     ; |95| 
     605 00000518 00002410             B       .S1     L10               ; |96| 
TMS320C6x COFF Assembler         Version 4.10     Thu Jun 06 14:20:38 2024
Copyright (c) 1996-2001 Texas Instruments Incorporated
temp\interrupt.asm                                                   PAGE   12

     606 0000051c 0280002A!            MVKL    .S2     _UMAddData,B5     ; |114| 
     607 00000520 033C62E4             LDW     .D2T1   *+SP(12),A6       ; |114| 
     608 00000524 0280006A!            MVKH    .S2     _UMAddData,B5     ; |114| 
     609 00000528 033CC2E6             LDW     .D2T2   *+SP(24),B6       ; |114| 
     610 0000052c 00000000             NOP             1
     611                               ; BRANCH OCCURS                   ; |96| 
     612                    ;** --------------------------------------------------------------------------*
     613 00000530           L9:    
     614 00000530 03800264             LDW     .D1T1   *A0,A7            ; |99| 
     615 00000534 0183062A'            MVKL    .S2     RL8,B3            ; |110| 
     616 00000538 0180006A'            MVKH    .S2     RL8,B3            ; |110| 
     617 0000053c 00002000             NOP             2
     618 00000540 031CC218             ADDSP   .L1     A6,A7,A6          ; |99| 
     619 00000544 00004000             NOP             3
     620 00000548 03000274             STW     .D1T1   A6,*A0            ; |99| 
     621 0000054c 000C0264             LDW     .D1T1   *A3,A0            ; |100| 
     622                    
     623 00000550 01A00265             LDW     .D1T1   *A8,A3            ; |100| 
     624 00000554 033C42E6  ||         LDW     .D2T2   *+SP(8),B6        ; |100| 
     625                    
     626 00000558 00006000             NOP             4
     627                    
     628 00000560 030CD23B             SUBSP   .L2X    B6,A3,B6          ; |100| 
     629 00000564 0224CE03  ||         MPYSP   .M2     B6,B9,B4
     630 00000568 00240E00  ||         MPYSP   .M1     A0,A9,A0          ; |100| 
     631                    
     632 0000056c 00004000             NOP             3
     633                    
     634 00000570 0220CE03             MPYSP   .M2     B6,B8,B4          ; |100| 
     635 00000574 00101218  ||         ADDSP   .L1X    A0,B4,A0          ; |100| 
     636                    
     637 00000578 00004000             NOP             3
     638                    
     639 00000580 003C42E5             LDW     .D2T1   *+SP(8),A0        ; |101| 
     640 00000584 0200921A  ||         ADDSP   .L2X    B4,A0,B4          ; |100| 
     641                    
     642 00000588 00004000             NOP             3
     643 0000058c 023C62F6             STW     .D2T2   B4,*+SP(12)       ; |100| 
     644 00000590 001402F4             STW     .D2T1   A0,*B5            ; |101| 
     645                    
     646 00000594 00140265             LDW     .D1T1   *A5,A0            ; |104| 
     647 00000598 023CA2E6  ||         LDW     .D2T2   *+SP(20),B4       ; |104| 
     648                    
     649 0000059c 00006000             NOP             4
     650 000005a0 0200921A             ADDSP   .L2X    B4,A0,B4          ; |104| 
     651 000005a4 00004000             NOP             3
     652 000005a8 02140276             STW     .D1T2   B4,*A5            ; |104| 
     653 000005ac 033CA2E6             LDW     .D2T2   *+SP(20),B6       ; |105| 
     654 000005b0 02AC02E6             LDW     .D2T2   *B11,B5           ; |105| 
     655 000005b4 00100264             LDW     .D1T1   *A4,A0            ; |105| 
     656 000005b8 00004000             NOP             3
     657 000005bc 0214C23A             SUBSP   .L2     B6,B5,B4
     658                    
     659 000005c0 0284CE03             MPYSP   .M2     B6,B1,B5          ; |105| 
     660 000005c4 00080E00  ||         MPYSP   .M1     A0,A2,A0          ; |105| 
TMS320C6x COFF Assembler         Version 4.10     Thu Jun 06 14:20:38 2024
Copyright (c) 1996-2001 Texas Instruments Incorporated
temp\interrupt.asm                                                   PAGE   13

     661                    
     662 000005c8 00004000             NOP             3
     663                    
     664 000005cc 02308E03             MPYSP   .M2     B4,B12,B4         ; |105| 
     665 000005d0 00141218  ||         ADDSP   .L1X    A0,B5,A0          ; |105| 
     666                    
     667 000005d4 00004000             NOP             3
     668 000005d8 0200921A             ADDSP   .L2X    B4,A0,B4          ; |105| 
     669 000005dc 001811A0             MV      .S1X    B6,A0             ; |105| 
     670 000005e0 00002000             NOP             2
     671 000005e4 023CC2F6             STW     .D2T2   B4,*+SP(24)       ; |105| 
     672 000005e8 00280274             STW     .D1T1   A0,*A10           ; |106| 
     673 000005ec 023C62E6             LDW     .D2T2   *+SP(12),B4       ; |109| 
     674 000005f0 02BCC2E6             LDW     .D2T2   *+SP(24),B5       ; |109| 
     675 000005f4 00004000             NOP             3
     676 000005f8 00280362             B       .S2     B10               ; |110| 
     677 000005fc 0210A21A             ADDSP   .L2     B5,B4,B4          ; |109| 
     678 00000600 00004000             NOP             3
     679                    
     680 00000604 021011A1             MV      .S1X    B4,A4             ; |110| 
     681 00000608 023CE2F6  ||         STW     .D2T2   B4,*+SP(28)       ; |109| 
     682                    
     683 0000060c           RL8:       ; CALL OCCURS                     ; |110| 
     684                    
     685 0000060c 033C62E5             LDW     .D2T1   *+SP(12),A6       ; |114| 
     686 00000610 0280002A! ||         MVKL    .S2     _UMAddData,B5     ; |114| 
     687                    
     688 00000614 033CC2E7             LDW     .D2T2   *+SP(24),B6       ; |114| 
     689 00000618 0280006A! ||         MVKH    .S2     _UMAddData,B5     ; |114| 
     690                    
     691                    ;** --------------------------------------------------------------------------*
     692 00000620           L10:    
     693                    
     694 00000620 00140363             B       .S2     B5                ; |114| 
     695 00000624 023CA2E6  ||         LDW     .D2T2   *+SP(20),B4       ; |114| 
     696                    
     697 00000628 023C42E4             LDW     .D2T1   *+SP(8),A4        ; |114| 
     698 0000062c 01831C2A'            MVKL    .S2     RL10,B3           ; |114| 
     699 00000630 0180006A'            MVKH    .S2     RL10,B3           ; |114| 
     700 00000634 00002000             NOP             2
     701 00000638           RL10:      ; CALL OCCURS                     ; |114| 
     702 00000638 01800028!            MVKL    .S1     _TINTCnt,A3       ; |117| 
     703 0000063c 01800068!            MVKH    .S1     _TINTCnt,A3       ; |117| 
     704 00000640 000C0264             LDW     .D1T1   *A3,A0            ; |117| 
     705 00000644 020000AA             MVK     .S2     1,B4              ; |118| 
     706 00000648 00004000             NOP             3
     707                    
     708 0000064c 00000029-            MVKL    .S1     _TFlag,A0         ; |118| 
     709 00000650 02002940  ||         ADD     .D1     1,A0,A4           ; |117| 
     710                    
     711 00000654 020C0275             STW     .D1T1   A4,*A3            ; |117| 
     712 00000658 00000068- ||         MVKH    .S1     _TFlag,A0         ; |118| 
     713                    
     714 0000065c 02000276             STW     .D1T2   B4,*A0            ; |118| 
     715 00000660 060020EE             LDW     .D2T2   *+SP(128),B12     ; |119| 
TMS320C6x COFF Assembler         Version 4.10     Thu Jun 06 14:20:38 2024
Copyright (c) 1996-2001 Texas Instruments Incorporated
temp\interrupt.asm                                                   PAGE   14

     716 00000664 05BFE2E6             LDW     .D2T2   *+SP(124),B11     ; |119| 
     717 00000668 053FC2E6             LDW     .D2T2   *+SP(120),B10     ; |119| 
     718 0000066c 04BFA2E6             LDW     .D2T2   *+SP(116),B9      ; |119| 
     719 00000670 043F82E6             LDW     .D2T2   *+SP(112),B8      ; |119| 
     720 00000674 03BF62E6             LDW     .D2T2   *+SP(108),B7      ; |119| 
     721 00000678 013EC2E6             LDW     .D2T2   *+SP(88),B2       ; |119| 
     722 0000067c 00BEA2E6             LDW     .D2T2   *+SP(84),B1       ; |119| 
     723 00000680 003E82E6             LDW     .D2T2   *+SP(80),B0       ; |119| 
     724 00000684 053E62E4             LDW     .D2T1   *+SP(76),A10      ; |119| 
     725 00000688 04BE42E4             LDW     .D2T1   *+SP(72),A9       ; |119| 
     726 0000068c 043E22E4             LDW     .D2T1   *+SP(68),A8       ; |119| 
     727 00000690 03BE02E4             LDW     .D2T1   *+SP(64),A7       ; |119| 
     728 00000694 02BDC2E4             LDW     .D2T1   *+SP(56),A5       ; |119| 
     729 00000698 013D62E4             LDW     .D2T1   *+SP(44),A2       ; |119| 
     730 0000069c 00BD42E4             LDW     .D2T1   *+SP(40),A1       ; |119| 
     731 000006a0 02BF22E6             LDW     .D2T2   *+SP(100),B5      ; |119| 
     732 000006a4 01BEE2E6             LDW     .D2T2   *+SP(92),B3       ; |119| 
     733 000006a8 033F42E6             LDW     .D2T2   *+SP(104),B6      ; |119| 
     734 000006ac 033DE2E4             LDW     .D2T1   *+SP(60),A6       ; |119| 
     735 000006b0 01BD82E4             LDW     .D2T1   *+SP(48),A3       ; |119| 
     736 000006b4 023DA2E4             LDW     .D2T1   *+SP(52),A4       ; |119| 
     737                    
     738 000006b8 001800E3             B       .S2     IRP               ; |119| 
     739 000006bc 023F02E6  ||         LDW     .D2T2   *+SP(96),B4       ; |119| 
     740                    
     741 000006c0 003D22E4             LDW     .D2T1   *+SP(36),A0       ; |119| 
     742 000006c4 07804052             ADDK    .S2     128,SP            ; |119| 
     743 000006c8 00004000             NOP             3
     744                               ; BRANCH OCCURS                   ; |119| 
     745                    
     746                    
     747                    ;******************************************************************************
     748                    ;* UNDEFINED EXTERNAL REFERENCES                                              *
     749                    ;******************************************************************************
     750                            .global _SendByte
     751                            .global _PWMOut
     752                            .global _GetPendulumAngle
     753                            .global _GetCartPos
     754                            .global _UMAddData
     755                            .global _SwingUpControl
     756                            .global _compacket
     757                            .global _respacket
     758                            .global _TINTCnt
     759                            .global _pend_R
     760                            .global _cart_R

No Assembly Errors, No Assembly Warnings
